[2024-06-25 00:55:33,205] {taskinstance.py:877} INFO - Dependencies all met for <TaskInstance: my_dag.training_model_C 2024-06-24T00:00:00+00:00 [queued]>
[2024-06-25 00:55:33,282] {taskinstance.py:877} INFO - Dependencies all met for <TaskInstance: my_dag.training_model_C 2024-06-24T00:00:00+00:00 [queued]>
[2024-06-25 00:55:33,286] {taskinstance.py:1068} INFO - 
--------------------------------------------------------------------------------
[2024-06-25 00:55:33,287] {taskinstance.py:1069} INFO - Starting attempt 1 of 1
[2024-06-25 00:55:33,294] {taskinstance.py:1070} INFO - 
--------------------------------------------------------------------------------
[2024-06-25 00:55:33,441] {taskinstance.py:1089} INFO - Executing <Task(PythonOperator): training_model_C> on 2024-06-24T00:00:00+00:00
[2024-06-25 00:55:33,539] {standard_task_runner.py:76} INFO - Running: ['airflow', 'tasks', 'run', 'my_dag', 'training_model_C', '2024-06-24T00:00:00+00:00', '--job-id', '43', '--pool', 'default_pool', '--raw', '--subdir', 'DAGS_FOLDER/my_dag.py', '--cfg-path', '/tmp/tmpqi0h7gk0', '--error-file', '/tmp/tmp6m56l__o']
[2024-06-25 00:55:33,459] {standard_task_runner.py:52} INFO - Started process 48 to run task
[2024-06-25 00:55:33,542] {standard_task_runner.py:77} INFO - Job 43: Subtask training_model_C
[2024-06-25 00:55:33,929] {logging_mixin.py:104} INFO - Running <TaskInstance: my_dag.training_model_C 2024-06-24T00:00:00+00:00 [running]> on host 471e920996d3
[2024-06-25 00:55:34,333] {taskinstance.py:1283} INFO - Exporting the following env vars:
AIRFLOW_CTX_DAG_OWNER=airflow
AIRFLOW_CTX_DAG_ID=my_dag
AIRFLOW_CTX_TASK_ID=training_model_C
AIRFLOW_CTX_EXECUTION_DATE=2024-06-24T00:00:00+00:00
AIRFLOW_CTX_DAG_RUN_ID=scheduled__2024-06-24T00:00:00+00:00
[2024-06-25 00:55:34,361] {python.py:118} INFO - Done. Returned value was: 10
[2024-06-25 00:55:34,498] {taskinstance.py:1192} INFO - Marking task as SUCCESS. dag_id=my_dag, task_id=training_model_C, execution_date=20240624T000000, start_date=20240625T005533, end_date=20240625T005534
[2024-06-25 00:55:34,610] {taskinstance.py:1246} INFO - 1 downstream tasks scheduled from follow-on schedule check
[2024-06-25 00:55:34,631] {local_task_job.py:146} INFO - Task exited with return code 0
