[2024-06-24 22:09:56,289] {taskinstance.py:877} INFO - Dependencies all met for <TaskInstance: my_dag.training_model_B 2024-06-23T00:00:00+00:00 [queued]>
[2024-06-24 22:09:56,483] {taskinstance.py:877} INFO - Dependencies all met for <TaskInstance: my_dag.training_model_B 2024-06-23T00:00:00+00:00 [queued]>
[2024-06-24 22:09:56,485] {taskinstance.py:1068} INFO - 
--------------------------------------------------------------------------------
[2024-06-24 22:09:56,488] {taskinstance.py:1069} INFO - Starting attempt 1 of 1
[2024-06-24 22:09:56,489] {taskinstance.py:1070} INFO - 
--------------------------------------------------------------------------------
[2024-06-24 22:09:56,574] {taskinstance.py:1089} INFO - Executing <Task(PythonOperator): training_model_B> on 2024-06-23T00:00:00+00:00
[2024-06-24 22:09:56,596] {standard_task_runner.py:52} INFO - Started process 48 to run task
[2024-06-24 22:09:56,631] {standard_task_runner.py:76} INFO - Running: ['airflow', 'tasks', 'run', 'my_dag', 'training_model_B', '2024-06-23T00:00:00+00:00', '--job-id', '3', '--pool', 'default_pool', '--raw', '--subdir', 'DAGS_FOLDER/my_dag.py', '--cfg-path', '/tmp/tmp6z40hj8r', '--error-file', '/tmp/tmp2z15y2tp']
[2024-06-24 22:09:56,655] {standard_task_runner.py:77} INFO - Job 3: Subtask training_model_B
[2024-06-24 22:09:57,310] {logging_mixin.py:104} INFO - Running <TaskInstance: my_dag.training_model_B 2024-06-23T00:00:00+00:00 [running]> on host 471e920996d3
[2024-06-24 22:09:57,601] {taskinstance.py:1283} INFO - Exporting the following env vars:
AIRFLOW_CTX_DAG_OWNER=airflow
AIRFLOW_CTX_DAG_ID=my_dag
AIRFLOW_CTX_TASK_ID=training_model_B
AIRFLOW_CTX_EXECUTION_DATE=2024-06-23T00:00:00+00:00
AIRFLOW_CTX_DAG_RUN_ID=scheduled__2024-06-23T00:00:00+00:00
[2024-06-24 22:09:57,608] {python.py:118} INFO - Done. Returned value was: 7
[2024-06-24 22:09:57,693] {taskinstance.py:1192} INFO - Marking task as SUCCESS. dag_id=my_dag, task_id=training_model_B, execution_date=20240623T000000, start_date=20240624T220956, end_date=20240624T220957
[2024-06-24 22:09:57,751] {taskinstance.py:1246} INFO - 0 downstream tasks scheduled from follow-on schedule check
[2024-06-24 22:09:57,773] {local_task_job.py:146} INFO - Task exited with return code 0
