[2024-06-25 00:55:35,530] {taskinstance.py:877} INFO - Dependencies all met for <TaskInstance: my_dag.choose_best_model 2024-06-24T00:00:00+00:00 [queued]>
[2024-06-25 00:55:35,546] {taskinstance.py:877} INFO - Dependencies all met for <TaskInstance: my_dag.choose_best_model 2024-06-24T00:00:00+00:00 [queued]>
[2024-06-25 00:55:35,547] {taskinstance.py:1068} INFO - 
--------------------------------------------------------------------------------
[2024-06-25 00:55:35,548] {taskinstance.py:1069} INFO - Starting attempt 1 of 1
[2024-06-25 00:55:35,549] {taskinstance.py:1070} INFO - 
--------------------------------------------------------------------------------
[2024-06-25 00:55:35,575] {taskinstance.py:1089} INFO - Executing <Task(BranchPythonOperator): choose_best_model> on 2024-06-24T00:00:00+00:00
[2024-06-25 00:55:35,580] {standard_task_runner.py:52} INFO - Started process 50 to run task
[2024-06-25 00:55:35,587] {standard_task_runner.py:76} INFO - Running: ['airflow', 'tasks', 'run', 'my_dag', 'choose_best_model', '2024-06-24T00:00:00+00:00', '--job-id', '44', '--pool', 'default_pool', '--raw', '--subdir', 'DAGS_FOLDER/my_dag.py', '--cfg-path', '/tmp/tmp1ildryh1', '--error-file', '/tmp/tmpzso0n5lp']
[2024-06-25 00:55:35,588] {standard_task_runner.py:77} INFO - Job 44: Subtask choose_best_model
[2024-06-25 00:55:35,664] {logging_mixin.py:104} INFO - Running <TaskInstance: my_dag.choose_best_model 2024-06-24T00:00:00+00:00 [running]> on host 471e920996d3
[2024-06-25 00:55:35,729] {taskinstance.py:1283} INFO - Exporting the following env vars:
AIRFLOW_CTX_DAG_OWNER=airflow
AIRFLOW_CTX_DAG_ID=my_dag
AIRFLOW_CTX_TASK_ID=choose_best_model
AIRFLOW_CTX_EXECUTION_DATE=2024-06-24T00:00:00+00:00
AIRFLOW_CTX_DAG_RUN_ID=scheduled__2024-06-24T00:00:00+00:00
[2024-06-25 00:55:35,742] {python.py:118} INFO - Done. Returned value was: accurate
[2024-06-25 00:55:35,743] {skipmixin.py:124} INFO - Following branch accurate
[2024-06-25 00:55:35,755] {skipmixin.py:155} INFO - Skipping tasks ['inaccurate']
[2024-06-25 00:55:35,826] {taskinstance.py:1192} INFO - Marking task as SUCCESS. dag_id=my_dag, task_id=choose_best_model, execution_date=20240624T000000, start_date=20240625T005535, end_date=20240625T005535
[2024-06-25 00:55:35,873] {taskinstance.py:1246} INFO - 1 downstream tasks scheduled from follow-on schedule check
[2024-06-25 00:55:35,896] {local_task_job.py:146} INFO - Task exited with return code 0
