[2024-06-26 07:31:14,753] {taskinstance.py:877} INFO - Dependencies all met for <TaskInstance: etl_pipeline_smoking_cost.load_task_01 2024-06-26T07:30:58.804728+00:00 [queued]>
[2024-06-26 07:31:14,910] {taskinstance.py:877} INFO - Dependencies all met for <TaskInstance: etl_pipeline_smoking_cost.load_task_01 2024-06-26T07:30:58.804728+00:00 [queued]>
[2024-06-26 07:31:14,922] {taskinstance.py:1068} INFO - 
--------------------------------------------------------------------------------
[2024-06-26 07:31:14,936] {taskinstance.py:1069} INFO - Starting attempt 1 of 1
[2024-06-26 07:31:14,941] {taskinstance.py:1070} INFO - 
--------------------------------------------------------------------------------
[2024-06-26 07:31:15,047] {taskinstance.py:1089} INFO - Executing <Task(PythonOperator): load_task_01> on 2024-06-26T07:30:58.804728+00:00
[2024-06-26 07:31:15,071] {standard_task_runner.py:52} INFO - Started process 71 to run task
[2024-06-26 07:31:15,131] {standard_task_runner.py:76} INFO - Running: ['airflow', 'tasks', 'run', 'etl_pipeline_smoking_cost', 'load_task_01', '2024-06-26T07:30:58.804728+00:00', '--job-id', '99', '--pool', 'default_pool', '--raw', '--subdir', 'DAGS_FOLDER/etl_pipeline_smoking_cost.py', '--cfg-path', '/tmp/tmp82x95cg1', '--error-file', '/tmp/tmp76_298w4']
[2024-06-26 07:31:15,144] {standard_task_runner.py:77} INFO - Job 99: Subtask load_task_01
[2024-06-26 07:31:16,736] {logging_mixin.py:104} INFO - Running <TaskInstance: etl_pipeline_smoking_cost.load_task_01 2024-06-26T07:30:58.804728+00:00 [running]> on host 471e920996d3
[2024-06-26 07:31:17,249] {taskinstance.py:1283} INFO - Exporting the following env vars:
AIRFLOW_CTX_DAG_OWNER=airflow
AIRFLOW_CTX_DAG_ID=etl_pipeline_smoking_cost
AIRFLOW_CTX_TASK_ID=load_task_01
AIRFLOW_CTX_EXECUTION_DATE=2024-06-26T07:30:58.804728+00:00
AIRFLOW_CTX_DAG_RUN_ID=manual__2024-06-26T07:30:58.804728+00:00
[2024-06-26 07:31:17,265] {python.py:118} INFO - Done. Returned value was: None
[2024-06-26 07:31:17,364] {taskinstance.py:1192} INFO - Marking task as SUCCESS. dag_id=etl_pipeline_smoking_cost, task_id=load_task_01, execution_date=20240626T073058, start_date=20240626T073114, end_date=20240626T073117
[2024-06-26 07:31:17,629] {taskinstance.py:1246} INFO - 0 downstream tasks scheduled from follow-on schedule check
[2024-06-26 07:31:17,657] {local_task_job.py:146} INFO - Task exited with return code 0
