[2024-06-25 00:55:36,743] {taskinstance.py:877} INFO - Dependencies all met for <TaskInstance: my_dag.accurate 2024-06-24T00:00:00+00:00 [queued]>
[2024-06-25 00:55:36,791] {taskinstance.py:877} INFO - Dependencies all met for <TaskInstance: my_dag.accurate 2024-06-24T00:00:00+00:00 [queued]>
[2024-06-25 00:55:36,792] {taskinstance.py:1068} INFO - 
--------------------------------------------------------------------------------
[2024-06-25 00:55:36,793] {taskinstance.py:1069} INFO - Starting attempt 1 of 1
[2024-06-25 00:55:36,794] {taskinstance.py:1070} INFO - 
--------------------------------------------------------------------------------
[2024-06-25 00:55:36,845] {taskinstance.py:1089} INFO - Executing <Task(BashOperator): accurate> on 2024-06-24T00:00:00+00:00
[2024-06-25 00:55:36,857] {standard_task_runner.py:76} INFO - Running: ['airflow', 'tasks', 'run', 'my_dag', 'accurate', '2024-06-24T00:00:00+00:00', '--job-id', '45', '--pool', 'default_pool', '--raw', '--subdir', 'DAGS_FOLDER/my_dag.py', '--cfg-path', '/tmp/tmp8ip15cm8', '--error-file', '/tmp/tmp49wsvsci']
[2024-06-25 00:55:36,849] {standard_task_runner.py:52} INFO - Started process 52 to run task
[2024-06-25 00:55:36,859] {standard_task_runner.py:77} INFO - Job 45: Subtask accurate
[2024-06-25 00:55:36,944] {logging_mixin.py:104} INFO - Running <TaskInstance: my_dag.accurate 2024-06-24T00:00:00+00:00 [running]> on host 471e920996d3
[2024-06-25 00:55:37,105] {taskinstance.py:1283} INFO - Exporting the following env vars:
AIRFLOW_CTX_DAG_OWNER=airflow
AIRFLOW_CTX_DAG_ID=my_dag
AIRFLOW_CTX_TASK_ID=accurate
AIRFLOW_CTX_EXECUTION_DATE=2024-06-24T00:00:00+00:00
AIRFLOW_CTX_DAG_RUN_ID=scheduled__2024-06-24T00:00:00+00:00
[2024-06-25 00:55:37,106] {bash.py:135} INFO - Tmp dir root location: 
 /tmp
[2024-06-25 00:55:37,110] {bash.py:158} INFO - Running command: echo 'accurate'
[2024-06-25 00:55:37,126] {bash.py:169} INFO - Output:
[2024-06-25 00:55:37,132] {bash.py:173} INFO - accurate
[2024-06-25 00:55:37,134] {bash.py:177} INFO - Command exited with return code 0
[2024-06-25 00:55:37,261] {taskinstance.py:1192} INFO - Marking task as SUCCESS. dag_id=my_dag, task_id=accurate, execution_date=20240624T000000, start_date=20240625T005536, end_date=20240625T005537
[2024-06-25 00:55:37,316] {taskinstance.py:1246} INFO - 0 downstream tasks scheduled from follow-on schedule check
[2024-06-25 00:55:37,338] {local_task_job.py:146} INFO - Task exited with return code 0
