[2024-06-26 07:31:11,619] {taskinstance.py:877} INFO - Dependencies all met for <TaskInstance: etl_pipeline_smoking_cost.transform_task_01 2024-06-26T07:30:58.804728+00:00 [queued]>
[2024-06-26 07:31:11,666] {taskinstance.py:877} INFO - Dependencies all met for <TaskInstance: etl_pipeline_smoking_cost.transform_task_01 2024-06-26T07:30:58.804728+00:00 [queued]>
[2024-06-26 07:31:11,667] {taskinstance.py:1068} INFO - 
--------------------------------------------------------------------------------
[2024-06-26 07:31:11,668] {taskinstance.py:1069} INFO - Starting attempt 1 of 1
[2024-06-26 07:31:11,669] {taskinstance.py:1070} INFO - 
--------------------------------------------------------------------------------
[2024-06-26 07:31:11,684] {taskinstance.py:1089} INFO - Executing <Task(PythonOperator): transform_task_01> on 2024-06-26T07:30:58.804728+00:00
[2024-06-26 07:31:11,696] {standard_task_runner.py:52} INFO - Started process 69 to run task
[2024-06-26 07:31:11,706] {standard_task_runner.py:76} INFO - Running: ['airflow', 'tasks', 'run', 'etl_pipeline_smoking_cost', 'transform_task_01', '2024-06-26T07:30:58.804728+00:00', '--job-id', '98', '--pool', 'default_pool', '--raw', '--subdir', 'DAGS_FOLDER/etl_pipeline_smoking_cost.py', '--cfg-path', '/tmp/tmpmxssah3b', '--error-file', '/tmp/tmpp4z71eu9']
[2024-06-26 07:31:11,708] {standard_task_runner.py:77} INFO - Job 98: Subtask transform_task_01
[2024-06-26 07:31:11,794] {logging_mixin.py:104} INFO - Running <TaskInstance: etl_pipeline_smoking_cost.transform_task_01 2024-06-26T07:30:58.804728+00:00 [running]> on host 471e920996d3
[2024-06-26 07:31:12,027] {taskinstance.py:1283} INFO - Exporting the following env vars:
AIRFLOW_CTX_DAG_OWNER=airflow
AIRFLOW_CTX_DAG_ID=etl_pipeline_smoking_cost
AIRFLOW_CTX_TASK_ID=transform_task_01
AIRFLOW_CTX_EXECUTION_DATE=2024-06-26T07:30:58.804728+00:00
AIRFLOW_CTX_DAG_RUN_ID=manual__2024-06-26T07:30:58.804728+00:00
[2024-06-26 07:31:12,029] {etl_pipeline_smoking_cost.py:36} ERROR - Failed to transform data
[2024-06-26 07:31:12,031] {python.py:118} INFO - Done. Returned value was: None
[2024-06-26 07:31:12,057] {taskinstance.py:1192} INFO - Marking task as SUCCESS. dag_id=etl_pipeline_smoking_cost, task_id=transform_task_01, execution_date=20240626T073058, start_date=20240626T073111, end_date=20240626T073112
[2024-06-26 07:31:12,135] {taskinstance.py:1246} INFO - 1 downstream tasks scheduled from follow-on schedule check
[2024-06-26 07:31:12,180] {local_task_job.py:146} INFO - Task exited with return code 0
