[2024-06-25 00:55:33,047] {taskinstance.py:877} INFO - Dependencies all met for <TaskInstance: my_dag.training_model_A 2024-06-24T00:00:00+00:00 [queued]>
[2024-06-25 00:55:33,164] {taskinstance.py:877} INFO - Dependencies all met for <TaskInstance: my_dag.training_model_A 2024-06-24T00:00:00+00:00 [queued]>
[2024-06-25 00:55:33,181] {taskinstance.py:1068} INFO - 
--------------------------------------------------------------------------------
[2024-06-25 00:55:33,181] {taskinstance.py:1069} INFO - Starting attempt 1 of 1
[2024-06-25 00:55:33,183] {taskinstance.py:1070} INFO - 
--------------------------------------------------------------------------------
[2024-06-25 00:55:33,237] {taskinstance.py:1089} INFO - Executing <Task(PythonOperator): training_model_A> on 2024-06-24T00:00:00+00:00
[2024-06-25 00:55:33,273] {standard_task_runner.py:52} INFO - Started process 47 to run task
[2024-06-25 00:55:33,377] {standard_task_runner.py:76} INFO - Running: ['airflow', 'tasks', 'run', 'my_dag', 'training_model_A', '2024-06-24T00:00:00+00:00', '--job-id', '42', '--pool', 'default_pool', '--raw', '--subdir', 'DAGS_FOLDER/my_dag.py', '--cfg-path', '/tmp/tmpj6fvw0hk', '--error-file', '/tmp/tmp1jdubl6v']
[2024-06-25 00:55:33,378] {standard_task_runner.py:77} INFO - Job 42: Subtask training_model_A
[2024-06-25 00:55:34,037] {logging_mixin.py:104} INFO - Running <TaskInstance: my_dag.training_model_A 2024-06-24T00:00:00+00:00 [running]> on host 471e920996d3
[2024-06-25 00:55:34,378] {taskinstance.py:1283} INFO - Exporting the following env vars:
AIRFLOW_CTX_DAG_OWNER=airflow
AIRFLOW_CTX_DAG_ID=my_dag
AIRFLOW_CTX_TASK_ID=training_model_A
AIRFLOW_CTX_EXECUTION_DATE=2024-06-24T00:00:00+00:00
AIRFLOW_CTX_DAG_RUN_ID=scheduled__2024-06-24T00:00:00+00:00
[2024-06-25 00:55:34,381] {python.py:118} INFO - Done. Returned value was: 3
[2024-06-25 00:55:34,516] {taskinstance.py:1192} INFO - Marking task as SUCCESS. dag_id=my_dag, task_id=training_model_A, execution_date=20240624T000000, start_date=20240625T005533, end_date=20240625T005534
[2024-06-25 00:55:34,642] {taskinstance.py:1246} INFO - 0 downstream tasks scheduled from follow-on schedule check
[2024-06-25 00:55:34,667] {local_task_job.py:146} INFO - Task exited with return code 0
