[2024-06-26 00:19:59,454] {scheduler_job.py:182} INFO - Started process (PID=1419) to work on /opt/airflow/dags/etl_pipeline_smoking_cost.py
[2024-06-26 00:19:59,482] {scheduler_job.py:629} INFO - Processing file /opt/airflow/dags/etl_pipeline_smoking_cost.py for tasks to queue
[2024-06-26 00:19:59,490] {logging_mixin.py:104} INFO - [2024-06-26 00:19:59,489] {dagbag.py:451} INFO - Filling up the DagBag from /opt/airflow/dags/etl_pipeline_smoking_cost.py
[2024-06-26 00:19:59,516] {logging_mixin.py:104} INFO - [2024-06-26 00:19:59,511] {dagbag.py:308} ERROR - Failed to import: /opt/airflow/dags/etl_pipeline_smoking_cost.py
Traceback (most recent call last):
  File "/home/airflow/.local/lib/python3.6/site-packages/airflow/models/dagbag.py", line 305, in _load_modules_from_file
    loader.exec_module(new_module)
  File "<frozen importlib._bootstrap_external>", line 674, in exec_module
  File "<frozen importlib._bootstrap_external>", line 781, in get_code
  File "<frozen importlib._bootstrap_external>", line 741, in source_to_code
  File "<frozen importlib._bootstrap>", line 219, in _call_with_frames_removed
  File "/opt/airflow/dags/etl_pipeline_smoking_cost.py", line 31
    schedule_interval="@daily", catchup=False) as dag:
                    ^
SyntaxError: invalid syntax
[2024-06-26 00:19:59,520] {scheduler_job.py:641} WARNING - No viable dags retrieved from /opt/airflow/dags/etl_pipeline_smoking_cost.py
[2024-06-26 00:19:59,629] {scheduler_job.py:190} INFO - Processing /opt/airflow/dags/etl_pipeline_smoking_cost.py took 0.235 seconds
[2024-06-26 00:22:04,875] {scheduler_job.py:182} INFO - Started process (PID=1444) to work on /opt/airflow/dags/etl_pipeline_smoking_cost.py
[2024-06-26 00:22:04,881] {scheduler_job.py:629} INFO - Processing file /opt/airflow/dags/etl_pipeline_smoking_cost.py for tasks to queue
[2024-06-26 00:22:04,888] {logging_mixin.py:104} INFO - [2024-06-26 00:22:04,888] {dagbag.py:451} INFO - Filling up the DagBag from /opt/airflow/dags/etl_pipeline_smoking_cost.py
[2024-06-26 00:22:12,497] {scheduler_job.py:639} INFO - DAG(s) dict_keys(['etl_pipeline_smoking_cost']) retrieved from /opt/airflow/dags/etl_pipeline_smoking_cost.py
[2024-06-26 00:22:12,571] {logging_mixin.py:104} INFO - [2024-06-26 00:22:12,571] {dag.py:1824} INFO - Sync 1 DAGs
[2024-06-26 00:22:12,587] {logging_mixin.py:104} INFO - [2024-06-26 00:22:12,586] {dag.py:1843} INFO - Creating ORM DAG for etl_pipeline_smoking_cost
[2024-06-26 00:22:12,626] {logging_mixin.py:104} INFO - [2024-06-26 00:22:12,625] {dag.py:2280} INFO - Setting next_dagrun for etl_pipeline_smoking_cost to 2024-06-25 00:00:00+00:00
[2024-06-26 00:22:12,658] {scheduler_job.py:190} INFO - Processing /opt/airflow/dags/etl_pipeline_smoking_cost.py took 7.796 seconds
[2024-06-26 00:22:51,320] {scheduler_job.py:182} INFO - Started process (PID=1472) to work on /opt/airflow/dags/etl_pipeline_smoking_cost.py
[2024-06-26 00:22:51,337] {scheduler_job.py:629} INFO - Processing file /opt/airflow/dags/etl_pipeline_smoking_cost.py for tasks to queue
[2024-06-26 00:22:51,377] {logging_mixin.py:104} INFO - [2024-06-26 00:22:51,377] {dagbag.py:451} INFO - Filling up the DagBag from /opt/airflow/dags/etl_pipeline_smoking_cost.py
[2024-06-26 00:22:54,923] {scheduler_job.py:639} INFO - DAG(s) dict_keys(['etl_pipeline_smoking_cost']) retrieved from /opt/airflow/dags/etl_pipeline_smoking_cost.py
[2024-06-26 00:22:54,991] {logging_mixin.py:104} INFO - [2024-06-26 00:22:54,991] {dag.py:1824} INFO - Sync 1 DAGs
[2024-06-26 00:22:55,061] {logging_mixin.py:104} INFO - [2024-06-26 00:22:55,061] {dag.py:2280} INFO - Setting next_dagrun for etl_pipeline_smoking_cost to 2024-06-25 00:00:00+00:00
[2024-06-26 00:22:55,084] {scheduler_job.py:190} INFO - Processing /opt/airflow/dags/etl_pipeline_smoking_cost.py took 3.948 seconds
[2024-06-26 00:23:25,243] {scheduler_job.py:182} INFO - Started process (PID=1506) to work on /opt/airflow/dags/etl_pipeline_smoking_cost.py
[2024-06-26 00:23:25,250] {scheduler_job.py:629} INFO - Processing file /opt/airflow/dags/etl_pipeline_smoking_cost.py for tasks to queue
[2024-06-26 00:23:25,252] {logging_mixin.py:104} INFO - [2024-06-26 00:23:25,252] {dagbag.py:451} INFO - Filling up the DagBag from /opt/airflow/dags/etl_pipeline_smoking_cost.py
[2024-06-26 00:23:27,144] {scheduler_job.py:639} INFO - DAG(s) dict_keys(['etl_pipeline_smoking_cost']) retrieved from /opt/airflow/dags/etl_pipeline_smoking_cost.py
[2024-06-26 00:23:27,194] {logging_mixin.py:104} INFO - [2024-06-26 00:23:27,193] {dag.py:1824} INFO - Sync 1 DAGs
[2024-06-26 00:23:27,258] {logging_mixin.py:104} INFO - [2024-06-26 00:23:27,258] {dag.py:2280} INFO - Setting next_dagrun for etl_pipeline_smoking_cost to 2024-06-25 00:00:00+00:00
[2024-06-26 00:23:27,276] {scheduler_job.py:190} INFO - Processing /opt/airflow/dags/etl_pipeline_smoking_cost.py took 2.041 seconds
[2024-06-26 00:23:57,678] {scheduler_job.py:182} INFO - Started process (PID=1536) to work on /opt/airflow/dags/etl_pipeline_smoking_cost.py
[2024-06-26 00:23:57,696] {scheduler_job.py:629} INFO - Processing file /opt/airflow/dags/etl_pipeline_smoking_cost.py for tasks to queue
[2024-06-26 00:23:57,715] {logging_mixin.py:104} INFO - [2024-06-26 00:23:57,715] {dagbag.py:451} INFO - Filling up the DagBag from /opt/airflow/dags/etl_pipeline_smoking_cost.py
[2024-06-26 00:24:24,858] {scheduler_job.py:639} INFO - DAG(s) dict_keys(['etl_pipeline_smoking_cost']) retrieved from /opt/airflow/dags/etl_pipeline_smoking_cost.py
[2024-06-26 00:25:01,506] {logging_mixin.py:104} INFO - [2024-06-26 00:25:01,506] {dag.py:1824} INFO - Sync 1 DAGs
[2024-06-26 00:25:03,691] {scheduler_job.py:182} INFO - Started process (PID=1543) to work on /opt/airflow/dags/etl_pipeline_smoking_cost.py
[2024-06-26 00:25:03,695] {scheduler_job.py:629} INFO - Processing file /opt/airflow/dags/etl_pipeline_smoking_cost.py for tasks to queue
[2024-06-26 00:25:03,699] {logging_mixin.py:104} INFO - [2024-06-26 00:25:03,698] {dagbag.py:451} INFO - Filling up the DagBag from /opt/airflow/dags/etl_pipeline_smoking_cost.py
[2024-06-26 00:25:05,855] {scheduler_job.py:639} INFO - DAG(s) dict_keys(['etl_pipeline_smoking_cost']) retrieved from /opt/airflow/dags/etl_pipeline_smoking_cost.py
[2024-06-26 00:25:05,899] {logging_mixin.py:104} INFO - [2024-06-26 00:25:05,899] {dag.py:1824} INFO - Sync 1 DAGs
[2024-06-26 00:25:05,979] {logging_mixin.py:104} INFO - [2024-06-26 00:25:05,979] {dag.py:2280} INFO - Setting next_dagrun for etl_pipeline_smoking_cost to 2024-06-25 00:00:00+00:00
[2024-06-26 00:25:06,007] {scheduler_job.py:190} INFO - Processing /opt/airflow/dags/etl_pipeline_smoking_cost.py took 2.296 seconds
[2024-06-26 00:25:36,455] {scheduler_job.py:182} INFO - Started process (PID=1575) to work on /opt/airflow/dags/etl_pipeline_smoking_cost.py
[2024-06-26 00:25:36,463] {scheduler_job.py:629} INFO - Processing file /opt/airflow/dags/etl_pipeline_smoking_cost.py for tasks to queue
[2024-06-26 00:25:36,472] {logging_mixin.py:104} INFO - [2024-06-26 00:25:36,472] {dagbag.py:451} INFO - Filling up the DagBag from /opt/airflow/dags/etl_pipeline_smoking_cost.py
[2024-06-26 00:25:37,846] {scheduler_job.py:639} INFO - DAG(s) dict_keys(['etl_pipeline_smoking_cost']) retrieved from /opt/airflow/dags/etl_pipeline_smoking_cost.py
[2024-06-26 00:25:37,909] {logging_mixin.py:104} INFO - [2024-06-26 00:25:37,909] {dag.py:1824} INFO - Sync 1 DAGs
[2024-06-26 00:25:38,017] {logging_mixin.py:104} INFO - [2024-06-26 00:25:38,017] {dag.py:2280} INFO - Setting next_dagrun for etl_pipeline_smoking_cost to 2024-06-25 00:00:00+00:00
[2024-06-26 00:25:38,071] {scheduler_job.py:190} INFO - Processing /opt/airflow/dags/etl_pipeline_smoking_cost.py took 1.632 seconds
[2024-06-26 00:26:08,214] {scheduler_job.py:182} INFO - Started process (PID=1605) to work on /opt/airflow/dags/etl_pipeline_smoking_cost.py
[2024-06-26 00:26:08,222] {scheduler_job.py:629} INFO - Processing file /opt/airflow/dags/etl_pipeline_smoking_cost.py for tasks to queue
[2024-06-26 00:26:08,229] {logging_mixin.py:104} INFO - [2024-06-26 00:26:08,229] {dagbag.py:451} INFO - Filling up the DagBag from /opt/airflow/dags/etl_pipeline_smoking_cost.py
[2024-06-26 00:26:38,890] {logging_mixin.py:104} INFO - [2024-06-26 00:26:38,605] {timeout.py:36} ERROR - Process timed out, PID: 1605
[2024-06-26 00:26:49,505] {logging_mixin.py:104} INFO - [2024-06-26 00:26:39,839] {dagbag.py:308} ERROR - Failed to import: /opt/airflow/dags/etl_pipeline_smoking_cost.py
Traceback (most recent call last):
  File "/home/airflow/.local/lib/python3.6/site-packages/airflow/models/dagbag.py", line 305, in _load_modules_from_file
    loader.exec_module(new_module)
  File "<frozen importlib._bootstrap_external>", line 678, in exec_module
  File "<frozen importlib._bootstrap>", line 219, in _call_with_frames_removed
  File "/opt/airflow/dags/etl_pipeline_smoking_cost.py", line 9, in <module>
    import pandas as pd
  File "/home/airflow/.local/lib/python3.6/site-packages/pandas/__init__.py", line 52, in <module>
    from pandas.core.api import (
  File "/home/airflow/.local/lib/python3.6/site-packages/pandas/core/api.py", line 15, in <module>
    from pandas.core.arrays import Categorical
  File "/home/airflow/.local/lib/python3.6/site-packages/pandas/core/arrays/__init__.py", line 12, in <module>
    from pandas.core.arrays.period import PeriodArray, period_array
  File "/home/airflow/.local/lib/python3.6/site-packages/pandas/core/arrays/period.py", line 66, in <module>
    class PeriodArray(PeriodMixin, dtl.DatetimeLikeArrayMixin, dtl.DatelikeOps):
  File "/home/airflow/.local/lib/python3.6/site-packages/pandas/core/arrays/period.py", line 638, in PeriodArray
    self, other: np.ndarray, op: Callable[[Any, Any], Any],
  File "/usr/local/lib/python3.6/typing.py", line 1340, in __getitem__
    return self.__getitem_inner__(parameters)
  File "/usr/local/lib/python3.6/typing.py", line 679, in inner
    return cached(*args, **kwds)
  File "/usr/local/lib/python3.6/typing.py", line 1352, in __getitem_inner__
    return super().__getitem__(parameters)
  File "/usr/local/lib/python3.6/typing.py", line 679, in inner
    return cached(*args, **kwds)
  File "/usr/local/lib/python3.6/typing.py", line 1143, in __getitem__
    orig_bases=self.__orig_bases__)
  File "/usr/local/lib/python3.6/typing.py", line 1003, in __new__
    self._abc_registry = extra._abc_registry
  File "/usr/local/lib/python3.6/typing.py", line 1168, in __setattr__
    attr.startswith('_abc_') or
  File "/home/airflow/.local/lib/python3.6/site-packages/airflow/utils/timeout.py", line 37, in handle_timeout
    raise AirflowTaskTimeout(self.error_message)
airflow.exceptions.AirflowTaskTimeout: DagBag import timeout for /opt/airflow/dags/etl_pipeline_smoking_cost.py after 30.0s, PID: 1605
[2024-06-26 00:26:49,569] {scheduler_job.py:641} WARNING - No viable dags retrieved from /opt/airflow/dags/etl_pipeline_smoking_cost.py
[2024-06-26 00:26:49,826] {scheduler_job.py:190} INFO - Processing /opt/airflow/dags/etl_pipeline_smoking_cost.py took 41.635 seconds
[2024-06-26 00:27:40,404] {scheduler_job.py:182} INFO - Started process (PID=1634) to work on /opt/airflow/dags/etl_pipeline_smoking_cost.py
[2024-06-26 00:27:40,410] {scheduler_job.py:629} INFO - Processing file /opt/airflow/dags/etl_pipeline_smoking_cost.py for tasks to queue
[2024-06-26 00:27:40,418] {logging_mixin.py:104} INFO - [2024-06-26 00:27:40,418] {dagbag.py:451} INFO - Filling up the DagBag from /opt/airflow/dags/etl_pipeline_smoking_cost.py
[2024-06-26 00:27:43,867] {scheduler_job.py:639} INFO - DAG(s) dict_keys(['etl_pipeline_smoking_cost']) retrieved from /opt/airflow/dags/etl_pipeline_smoking_cost.py
[2024-06-26 00:27:44,419] {logging_mixin.py:104} INFO - [2024-06-26 00:27:44,416] {dag.py:1824} INFO - Sync 1 DAGs
[2024-06-26 00:27:44,645] {logging_mixin.py:104} INFO - [2024-06-26 00:27:44,637] {dag.py:2280} INFO - Setting next_dagrun for etl_pipeline_smoking_cost to 2024-06-25 00:00:00+00:00
[2024-06-26 00:27:44,756] {scheduler_job.py:190} INFO - Processing /opt/airflow/dags/etl_pipeline_smoking_cost.py took 4.413 seconds
[2024-06-26 00:29:08,630] {scheduler_job.py:182} INFO - Started process (PID=1665) to work on /opt/airflow/dags/etl_pipeline_smoking_cost.py
[2024-06-26 00:29:08,657] {scheduler_job.py:629} INFO - Processing file /opt/airflow/dags/etl_pipeline_smoking_cost.py for tasks to queue
[2024-06-26 00:29:08,664] {logging_mixin.py:104} INFO - [2024-06-26 00:29:08,664] {dagbag.py:451} INFO - Filling up the DagBag from /opt/airflow/dags/etl_pipeline_smoking_cost.py
[2024-06-26 00:29:13,992] {scheduler_job.py:639} INFO - DAG(s) dict_keys(['etl_pipeline_smoking_cost']) retrieved from /opt/airflow/dags/etl_pipeline_smoking_cost.py
[2024-06-26 00:29:14,217] {logging_mixin.py:104} INFO - [2024-06-26 00:29:14,216] {dag.py:1824} INFO - Sync 1 DAGs
[2024-06-26 00:29:14,419] {logging_mixin.py:104} INFO - [2024-06-26 00:29:14,418] {dag.py:2280} INFO - Setting next_dagrun for etl_pipeline_smoking_cost to 2024-06-25 00:00:00+00:00
[2024-06-26 00:29:14,705] {scheduler_job.py:190} INFO - Processing /opt/airflow/dags/etl_pipeline_smoking_cost.py took 6.123 seconds
[2024-06-26 00:29:52,645] {scheduler_job.py:182} INFO - Started process (PID=1693) to work on /opt/airflow/dags/etl_pipeline_smoking_cost.py
[2024-06-26 00:29:52,710] {scheduler_job.py:629} INFO - Processing file /opt/airflow/dags/etl_pipeline_smoking_cost.py for tasks to queue
[2024-06-26 00:29:52,738] {logging_mixin.py:104} INFO - [2024-06-26 00:29:52,730] {dagbag.py:451} INFO - Filling up the DagBag from /opt/airflow/dags/etl_pipeline_smoking_cost.py
[2024-06-26 00:30:04,853] {scheduler_job.py:639} INFO - DAG(s) dict_keys(['etl_pipeline_smoking_cost']) retrieved from /opt/airflow/dags/etl_pipeline_smoking_cost.py
[2024-06-26 00:30:05,364] {logging_mixin.py:104} INFO - [2024-06-26 00:30:05,364] {dag.py:1824} INFO - Sync 1 DAGs
[2024-06-26 00:30:06,253] {logging_mixin.py:104} INFO - [2024-06-26 00:30:06,253] {dag.py:2280} INFO - Setting next_dagrun for etl_pipeline_smoking_cost to 2024-06-26 00:00:00+00:00
[2024-06-26 00:30:06,818] {scheduler_job.py:190} INFO - Processing /opt/airflow/dags/etl_pipeline_smoking_cost.py took 14.457 seconds
[2024-06-26 00:30:37,879] {scheduler_job.py:182} INFO - Started process (PID=1725) to work on /opt/airflow/dags/etl_pipeline_smoking_cost.py
[2024-06-26 00:30:38,021] {scheduler_job.py:629} INFO - Processing file /opt/airflow/dags/etl_pipeline_smoking_cost.py for tasks to queue
[2024-06-26 00:30:38,220] {logging_mixin.py:104} INFO - [2024-06-26 00:30:38,177] {dagbag.py:451} INFO - Filling up the DagBag from /opt/airflow/dags/etl_pipeline_smoking_cost.py
[2024-06-26 00:31:08,654] {logging_mixin.py:104} INFO - [2024-06-26 00:31:08,590] {timeout.py:36} ERROR - Process timed out, PID: 1725
[2024-06-26 00:31:08,840] {logging_mixin.py:104} INFO - [2024-06-26 00:31:08,686] {dagbag.py:308} ERROR - Failed to import: /opt/airflow/dags/etl_pipeline_smoking_cost.py
Traceback (most recent call last):
  File "/home/airflow/.local/lib/python3.6/site-packages/airflow/models/dagbag.py", line 305, in _load_modules_from_file
    loader.exec_module(new_module)
  File "<frozen importlib._bootstrap_external>", line 678, in exec_module
  File "<frozen importlib._bootstrap>", line 219, in _call_with_frames_removed
  File "/opt/airflow/dags/etl_pipeline_smoking_cost.py", line 9, in <module>
    import pandas as pd
  File "/home/airflow/.local/lib/python3.6/site-packages/pandas/__init__.py", line 30, in <module>
    from pandas._libs import hashtable as _hashtable, lib as _lib, tslib as _tslib
  File "/home/airflow/.local/lib/python3.6/site-packages/pandas/_libs/__init__.py", line 13, in <module>
    from pandas._libs.interval import Interval
  File "pandas/_libs/interval.pyx", line 1, in init pandas._libs.interval
  File "<frozen importlib._bootstrap>", line 194, in _lock_unlock_module
  File "/home/airflow/.local/lib/python3.6/site-packages/airflow/utils/timeout.py", line 37, in handle_timeout
    raise AirflowTaskTimeout(self.error_message)
airflow.exceptions.AirflowTaskTimeout: DagBag import timeout for /opt/airflow/dags/etl_pipeline_smoking_cost.py after 30.0s, PID: 1725
[2024-06-26 00:31:08,900] {scheduler_job.py:641} WARNING - No viable dags retrieved from /opt/airflow/dags/etl_pipeline_smoking_cost.py
[2024-06-26 00:31:09,425] {scheduler_job.py:190} INFO - Processing /opt/airflow/dags/etl_pipeline_smoking_cost.py took 31.847 seconds
[2024-06-26 00:32:01,384] {scheduler_job.py:182} INFO - Started process (PID=1753) to work on /opt/airflow/dags/etl_pipeline_smoking_cost.py
[2024-06-26 00:32:01,393] {scheduler_job.py:629} INFO - Processing file /opt/airflow/dags/etl_pipeline_smoking_cost.py for tasks to queue
[2024-06-26 00:32:01,396] {logging_mixin.py:104} INFO - [2024-06-26 00:32:01,395] {dagbag.py:451} INFO - Filling up the DagBag from /opt/airflow/dags/etl_pipeline_smoking_cost.py
[2024-06-26 00:32:03,458] {scheduler_job.py:639} INFO - DAG(s) dict_keys(['etl_pipeline_smoking_cost']) retrieved from /opt/airflow/dags/etl_pipeline_smoking_cost.py
[2024-06-26 00:32:03,514] {logging_mixin.py:104} INFO - [2024-06-26 00:32:03,514] {dag.py:1824} INFO - Sync 1 DAGs
[2024-06-26 00:32:03,561] {logging_mixin.py:104} INFO - [2024-06-26 00:32:03,561] {dag.py:2280} INFO - Setting next_dagrun for etl_pipeline_smoking_cost to 2024-06-26 00:00:00+00:00
[2024-06-26 00:32:03,578] {scheduler_job.py:190} INFO - Processing /opt/airflow/dags/etl_pipeline_smoking_cost.py took 2.205 seconds
[2024-06-26 00:33:11,523] {scheduler_job.py:182} INFO - Started process (PID=1772) to work on /opt/airflow/dags/etl_pipeline_smoking_cost.py
[2024-06-26 00:33:11,598] {scheduler_job.py:629} INFO - Processing file /opt/airflow/dags/etl_pipeline_smoking_cost.py for tasks to queue
[2024-06-26 00:33:11,629] {logging_mixin.py:104} INFO - [2024-06-26 00:33:11,628] {dagbag.py:451} INFO - Filling up the DagBag from /opt/airflow/dags/etl_pipeline_smoking_cost.py
[2024-06-26 00:33:16,889] {scheduler_job.py:639} INFO - DAG(s) dict_keys(['etl_pipeline_smoking_cost']) retrieved from /opt/airflow/dags/etl_pipeline_smoking_cost.py
[2024-06-26 00:33:41,885] {logging_mixin.py:104} INFO - [2024-06-26 00:33:41,855] {dag.py:1824} INFO - Sync 1 DAGs
[2024-06-26 00:33:44,305] {logging_mixin.py:104} INFO - [2024-06-26 00:33:44,281] {dag.py:2280} INFO - Setting next_dagrun for etl_pipeline_smoking_cost to 2024-06-26 00:00:00+00:00
[2024-06-26 00:34:00,991] {scheduler_job.py:190} INFO - Processing /opt/airflow/dags/etl_pipeline_smoking_cost.py took 49.525 seconds
[2024-06-26 00:34:47,631] {scheduler_job.py:182} INFO - Started process (PID=1807) to work on /opt/airflow/dags/etl_pipeline_smoking_cost.py
[2024-06-26 00:34:47,649] {scheduler_job.py:629} INFO - Processing file /opt/airflow/dags/etl_pipeline_smoking_cost.py for tasks to queue
[2024-06-26 00:34:47,681] {logging_mixin.py:104} INFO - [2024-06-26 00:34:47,681] {dagbag.py:451} INFO - Filling up the DagBag from /opt/airflow/dags/etl_pipeline_smoking_cost.py
[2024-06-26 00:34:58,579] {scheduler_job.py:639} INFO - DAG(s) dict_keys(['etl_pipeline_smoking_cost']) retrieved from /opt/airflow/dags/etl_pipeline_smoking_cost.py
[2024-06-26 00:34:59,131] {logging_mixin.py:104} INFO - [2024-06-26 00:34:59,131] {dag.py:1824} INFO - Sync 1 DAGs
[2024-06-26 00:34:59,499] {logging_mixin.py:104} INFO - [2024-06-26 00:34:59,499] {dag.py:2280} INFO - Setting next_dagrun for etl_pipeline_smoking_cost to 2024-06-26 00:00:00+00:00
[2024-06-26 00:34:59,898] {scheduler_job.py:190} INFO - Processing /opt/airflow/dags/etl_pipeline_smoking_cost.py took 12.483 seconds
[2024-06-26 00:35:30,695] {scheduler_job.py:182} INFO - Started process (PID=1840) to work on /opt/airflow/dags/etl_pipeline_smoking_cost.py
[2024-06-26 00:35:30,703] {scheduler_job.py:629} INFO - Processing file /opt/airflow/dags/etl_pipeline_smoking_cost.py for tasks to queue
[2024-06-26 00:35:30,710] {logging_mixin.py:104} INFO - [2024-06-26 00:35:30,710] {dagbag.py:451} INFO - Filling up the DagBag from /opt/airflow/dags/etl_pipeline_smoking_cost.py
[2024-06-26 00:35:36,823] {scheduler_job.py:639} INFO - DAG(s) dict_keys(['etl_pipeline_smoking_cost']) retrieved from /opt/airflow/dags/etl_pipeline_smoking_cost.py
[2024-06-26 00:35:36,908] {logging_mixin.py:104} INFO - [2024-06-26 00:35:36,908] {dag.py:1824} INFO - Sync 1 DAGs
[2024-06-26 00:35:36,963] {logging_mixin.py:104} INFO - [2024-06-26 00:35:36,963] {dag.py:2280} INFO - Setting next_dagrun for etl_pipeline_smoking_cost to 2024-06-26 00:00:00+00:00
[2024-06-26 00:35:36,992] {scheduler_job.py:190} INFO - Processing /opt/airflow/dags/etl_pipeline_smoking_cost.py took 6.359 seconds
[2024-06-26 00:36:20,499] {scheduler_job.py:182} INFO - Started process (PID=1863) to work on /opt/airflow/dags/etl_pipeline_smoking_cost.py
[2024-06-26 00:36:20,506] {scheduler_job.py:629} INFO - Processing file /opt/airflow/dags/etl_pipeline_smoking_cost.py for tasks to queue
[2024-06-26 00:36:20,508] {logging_mixin.py:104} INFO - [2024-06-26 00:36:20,508] {dagbag.py:451} INFO - Filling up the DagBag from /opt/airflow/dags/etl_pipeline_smoking_cost.py
[2024-06-26 00:36:23,832] {scheduler_job.py:639} INFO - DAG(s) dict_keys(['etl_pipeline_smoking_cost']) retrieved from /opt/airflow/dags/etl_pipeline_smoking_cost.py
[2024-06-26 00:36:24,416] {logging_mixin.py:104} INFO - [2024-06-26 00:36:24,415] {dag.py:1824} INFO - Sync 1 DAGs
[2024-06-26 00:36:24,909] {logging_mixin.py:104} INFO - [2024-06-26 00:36:24,884] {dag.py:2280} INFO - Setting next_dagrun for etl_pipeline_smoking_cost to 2024-06-26 00:00:00+00:00
[2024-06-26 00:36:25,344] {scheduler_job.py:190} INFO - Processing /opt/airflow/dags/etl_pipeline_smoking_cost.py took 4.860 seconds
[2024-06-26 00:36:56,348] {scheduler_job.py:182} INFO - Started process (PID=1897) to work on /opt/airflow/dags/etl_pipeline_smoking_cost.py
[2024-06-26 00:36:56,383] {scheduler_job.py:629} INFO - Processing file /opt/airflow/dags/etl_pipeline_smoking_cost.py for tasks to queue
[2024-06-26 00:36:56,744] {logging_mixin.py:104} INFO - [2024-06-26 00:36:56,741] {dagbag.py:451} INFO - Filling up the DagBag from /opt/airflow/dags/etl_pipeline_smoking_cost.py
[2024-06-26 00:37:01,460] {scheduler_job.py:639} INFO - DAG(s) dict_keys(['etl_pipeline_smoking_cost']) retrieved from /opt/airflow/dags/etl_pipeline_smoking_cost.py
[2024-06-26 00:37:01,558] {logging_mixin.py:104} INFO - [2024-06-26 00:37:01,550] {dag.py:1824} INFO - Sync 1 DAGs
[2024-06-26 00:37:01,671] {logging_mixin.py:104} INFO - [2024-06-26 00:37:01,670] {dag.py:2280} INFO - Setting next_dagrun for etl_pipeline_smoking_cost to 2024-06-26 00:00:00+00:00
[2024-06-26 00:37:01,712] {scheduler_job.py:190} INFO - Processing /opt/airflow/dags/etl_pipeline_smoking_cost.py took 5.412 seconds
[2024-06-26 00:37:51,495] {scheduler_job.py:182} INFO - Started process (PID=1913) to work on /opt/airflow/dags/etl_pipeline_smoking_cost.py
[2024-06-26 00:37:51,541] {scheduler_job.py:629} INFO - Processing file /opt/airflow/dags/etl_pipeline_smoking_cost.py for tasks to queue
[2024-06-26 00:37:51,548] {logging_mixin.py:104} INFO - [2024-06-26 00:37:51,548] {dagbag.py:451} INFO - Filling up the DagBag from /opt/airflow/dags/etl_pipeline_smoking_cost.py
[2024-06-26 00:37:55,021] {scheduler_job.py:639} INFO - DAG(s) dict_keys(['etl_pipeline_smoking_cost']) retrieved from /opt/airflow/dags/etl_pipeline_smoking_cost.py
[2024-06-26 00:37:55,184] {logging_mixin.py:104} INFO - [2024-06-26 00:37:55,184] {dag.py:1824} INFO - Sync 1 DAGs
[2024-06-26 00:37:55,309] {logging_mixin.py:104} INFO - [2024-06-26 00:37:55,309] {dag.py:2280} INFO - Setting next_dagrun for etl_pipeline_smoking_cost to 2024-06-26 00:00:00+00:00
[2024-06-26 00:37:55,356] {scheduler_job.py:190} INFO - Processing /opt/airflow/dags/etl_pipeline_smoking_cost.py took 3.893 seconds
[2024-06-26 00:38:25,672] {scheduler_job.py:182} INFO - Started process (PID=1946) to work on /opt/airflow/dags/etl_pipeline_smoking_cost.py
[2024-06-26 00:38:25,676] {scheduler_job.py:629} INFO - Processing file /opt/airflow/dags/etl_pipeline_smoking_cost.py for tasks to queue
[2024-06-26 00:38:25,678] {logging_mixin.py:104} INFO - [2024-06-26 00:38:25,677] {dagbag.py:451} INFO - Filling up the DagBag from /opt/airflow/dags/etl_pipeline_smoking_cost.py
[2024-06-26 00:38:55,692] {logging_mixin.py:104} INFO - [2024-06-26 00:38:55,691] {timeout.py:36} ERROR - Process timed out, PID: 1946
[2024-06-26 00:38:55,755] {logging_mixin.py:104} INFO - [2024-06-26 00:38:55,693] {dagbag.py:308} ERROR - Failed to import: /opt/airflow/dags/etl_pipeline_smoking_cost.py
Traceback (most recent call last):
  File "/home/airflow/.local/lib/python3.6/site-packages/airflow/models/dagbag.py", line 305, in _load_modules_from_file
    loader.exec_module(new_module)
  File "<frozen importlib._bootstrap_external>", line 678, in exec_module
  File "<frozen importlib._bootstrap>", line 219, in _call_with_frames_removed
  File "/opt/airflow/dags/etl_pipeline_smoking_cost.py", line 9, in <module>
    import pandas as pd
  File "/home/airflow/.local/lib/python3.6/site-packages/pandas/__init__.py", line 123, in <module>
    from pandas.core.reshape.api import (
  File "/home/airflow/.local/lib/python3.6/site-packages/pandas/core/reshape/api.py", line 7, in <module>
    from pandas.core.reshape.reshape import get_dummies
  File "<frozen importlib._bootstrap>", line 971, in _find_and_load
  File "<frozen importlib._bootstrap>", line 955, in _find_and_load_unlocked
  File "<frozen importlib._bootstrap>", line 665, in _load_unlocked
  File "<frozen importlib._bootstrap_external>", line 674, in exec_module
  File "<frozen importlib._bootstrap_external>", line 779, in get_code
  File "<frozen importlib._bootstrap_external>", line 487, in _compile_bytecode
  File "/home/airflow/.local/lib/python3.6/site-packages/airflow/utils/timeout.py", line 37, in handle_timeout
    raise AirflowTaskTimeout(self.error_message)
airflow.exceptions.AirflowTaskTimeout: DagBag import timeout for /opt/airflow/dags/etl_pipeline_smoking_cost.py after 30.0s, PID: 1946
[2024-06-26 00:38:55,772] {scheduler_job.py:641} WARNING - No viable dags retrieved from /opt/airflow/dags/etl_pipeline_smoking_cost.py
[2024-06-26 00:38:55,912] {scheduler_job.py:190} INFO - Processing /opt/airflow/dags/etl_pipeline_smoking_cost.py took 30.246 seconds
[2024-06-26 00:40:48,164] {scheduler_job.py:182} INFO - Started process (PID=1978) to work on /opt/airflow/dags/etl_pipeline_smoking_cost.py
[2024-06-26 00:40:48,190] {scheduler_job.py:629} INFO - Processing file /opt/airflow/dags/etl_pipeline_smoking_cost.py for tasks to queue
[2024-06-26 00:40:48,202] {logging_mixin.py:104} INFO - [2024-06-26 00:40:48,201] {dagbag.py:451} INFO - Filling up the DagBag from /opt/airflow/dags/etl_pipeline_smoking_cost.py
[2024-06-26 00:40:50,918] {scheduler_job.py:639} INFO - DAG(s) dict_keys(['etl_pipeline_smoking_cost']) retrieved from /opt/airflow/dags/etl_pipeline_smoking_cost.py
[2024-06-26 00:40:51,079] {logging_mixin.py:104} INFO - [2024-06-26 00:40:51,069] {dag.py:1824} INFO - Sync 1 DAGs
[2024-06-26 00:40:51,188] {logging_mixin.py:104} INFO - [2024-06-26 00:40:51,188] {dag.py:2280} INFO - Setting next_dagrun for etl_pipeline_smoking_cost to 2024-06-26 00:00:00+00:00
[2024-06-26 00:40:51,246] {scheduler_job.py:190} INFO - Processing /opt/airflow/dags/etl_pipeline_smoking_cost.py took 3.121 seconds
[2024-06-26 00:40:55,132] {scheduler_job.py:182} INFO - Started process (PID=1980) to work on /opt/airflow/dags/etl_pipeline_smoking_cost.py
[2024-06-26 00:40:55,140] {scheduler_job.py:629} INFO - Processing file /opt/airflow/dags/etl_pipeline_smoking_cost.py for tasks to queue
[2024-06-26 00:40:55,142] {logging_mixin.py:104} INFO - [2024-06-26 00:40:55,142] {dagbag.py:451} INFO - Filling up the DagBag from /opt/airflow/dags/etl_pipeline_smoking_cost.py
[2024-06-26 00:41:00,605] {scheduler_job.py:639} INFO - DAG(s) dict_keys(['etl_pipeline_smoking_cost']) retrieved from /opt/airflow/dags/etl_pipeline_smoking_cost.py
[2024-06-26 00:41:00,766] {logging_mixin.py:104} INFO - [2024-06-26 00:41:00,765] {dag.py:1824} INFO - Sync 1 DAGs
[2024-06-26 00:41:00,923] {logging_mixin.py:104} INFO - [2024-06-26 00:41:00,923] {dag.py:2280} INFO - Setting next_dagrun for etl_pipeline_smoking_cost to 2024-06-26 00:00:00+00:00
[2024-06-26 00:41:00,969] {scheduler_job.py:190} INFO - Processing /opt/airflow/dags/etl_pipeline_smoking_cost.py took 5.856 seconds
[2024-06-26 00:42:35,255] {scheduler_job.py:182} INFO - Started process (PID=2011) to work on /opt/airflow/dags/etl_pipeline_smoking_cost.py
[2024-06-26 00:42:35,350] {scheduler_job.py:629} INFO - Processing file /opt/airflow/dags/etl_pipeline_smoking_cost.py for tasks to queue
[2024-06-26 00:42:35,457] {logging_mixin.py:104} INFO - [2024-06-26 00:42:35,457] {dagbag.py:451} INFO - Filling up the DagBag from /opt/airflow/dags/etl_pipeline_smoking_cost.py
[2024-06-26 00:42:58,657] {scheduler_job.py:639} INFO - DAG(s) dict_keys(['etl_pipeline_smoking_cost']) retrieved from /opt/airflow/dags/etl_pipeline_smoking_cost.py
[2024-06-26 00:42:59,831] {logging_mixin.py:104} INFO - [2024-06-26 00:42:59,830] {dag.py:1824} INFO - Sync 1 DAGs
[2024-06-26 00:43:00,105] {logging_mixin.py:104} INFO - [2024-06-26 00:43:00,105] {dag.py:2280} INFO - Setting next_dagrun for etl_pipeline_smoking_cost to 2024-06-26 00:00:00+00:00
[2024-06-26 00:43:00,165] {scheduler_job.py:190} INFO - Processing /opt/airflow/dags/etl_pipeline_smoking_cost.py took 25.125 seconds
[2024-06-26 00:43:30,928] {scheduler_job.py:182} INFO - Started process (PID=2046) to work on /opt/airflow/dags/etl_pipeline_smoking_cost.py
[2024-06-26 00:43:30,932] {scheduler_job.py:629} INFO - Processing file /opt/airflow/dags/etl_pipeline_smoking_cost.py for tasks to queue
[2024-06-26 00:43:30,934] {logging_mixin.py:104} INFO - [2024-06-26 00:43:30,934] {dagbag.py:451} INFO - Filling up the DagBag from /opt/airflow/dags/etl_pipeline_smoking_cost.py
[2024-06-26 00:44:05,027] {logging_mixin.py:104} INFO - [2024-06-26 00:44:01,823] {timeout.py:36} ERROR - Process timed out, PID: 2046
[2024-06-26 00:45:08,509] {logging_mixin.py:104} INFO - [2024-06-26 00:44:10,320] {dagbag.py:308} ERROR - Failed to import: /opt/airflow/dags/etl_pipeline_smoking_cost.py
Traceback (most recent call last):
  File "/home/airflow/.local/lib/python3.6/site-packages/airflow/models/dagbag.py", line 305, in _load_modules_from_file
    loader.exec_module(new_module)
  File "<frozen importlib._bootstrap_external>", line 678, in exec_module
  File "<frozen importlib._bootstrap>", line 219, in _call_with_frames_removed
  File "/opt/airflow/dags/etl_pipeline_smoking_cost.py", line 9, in <module>
    import pandas as pd
  File "/home/airflow/.local/lib/python3.6/site-packages/pandas/__init__.py", line 52, in <module>
    from pandas.core.api import (
  File "/home/airflow/.local/lib/python3.6/site-packages/pandas/core/api.py", line 29, in <module>
    from pandas.core.groupby import Grouper, NamedAgg
  File "/home/airflow/.local/lib/python3.6/site-packages/pandas/core/groupby/__init__.py", line 1, in <module>
    from pandas.core.groupby.generic import DataFrameGroupBy, NamedAgg, SeriesGroupBy
  File "/home/airflow/.local/lib/python3.6/site-packages/pandas/core/groupby/generic.py", line 859, in <module>
    class DataFrameGroupBy(GroupBy[DataFrame]):
  File "/home/airflow/.local/lib/python3.6/site-packages/pandas/core/groupby/generic.py", line 1417, in DataFrameGroupBy
    def transform(self, func, *args, engine=None, engine_kwargs=None, **kwargs):
  File "/home/airflow/.local/lib/python3.6/site-packages/pandas/util/_decorators.py", line 466, in __call__
    func.__doc__ = dedent(self.join.join(docitems))
  File "/usr/local/lib/python3.6/textwrap.py", line 431, in dedent
    indents = _leading_whitespace_re.findall(text)
  File "/home/airflow/.local/lib/python3.6/site-packages/airflow/utils/timeout.py", line 37, in handle_timeout
    raise AirflowTaskTimeout(self.error_message)
airflow.exceptions.AirflowTaskTimeout: DagBag import timeout for /opt/airflow/dags/etl_pipeline_smoking_cost.py after 30.0s, PID: 2046
[2024-06-26 00:45:09,487] {scheduler_job.py:641} WARNING - No viable dags retrieved from /opt/airflow/dags/etl_pipeline_smoking_cost.py
[2024-06-26 00:45:13,884] {scheduler_job.py:182} INFO - Started process (PID=2049) to work on /opt/airflow/dags/etl_pipeline_smoking_cost.py
[2024-06-26 00:45:13,969] {scheduler_job.py:629} INFO - Processing file /opt/airflow/dags/etl_pipeline_smoking_cost.py for tasks to queue
[2024-06-26 00:45:14,001] {logging_mixin.py:104} INFO - [2024-06-26 00:45:13,987] {dagbag.py:451} INFO - Filling up the DagBag from /opt/airflow/dags/etl_pipeline_smoking_cost.py
[2024-06-26 00:45:19,883] {scheduler_job.py:639} INFO - DAG(s) dict_keys(['etl_pipeline_smoking_cost']) retrieved from /opt/airflow/dags/etl_pipeline_smoking_cost.py
[2024-06-26 00:45:21,018] {logging_mixin.py:104} INFO - [2024-06-26 00:45:21,018] {dag.py:1824} INFO - Sync 1 DAGs
[2024-06-26 00:45:21,414] {logging_mixin.py:104} INFO - [2024-06-26 00:45:21,412] {dag.py:2280} INFO - Setting next_dagrun for etl_pipeline_smoking_cost to 2024-06-26 00:00:00+00:00
[2024-06-26 00:45:21,477] {scheduler_job.py:190} INFO - Processing /opt/airflow/dags/etl_pipeline_smoking_cost.py took 7.676 seconds
[2024-06-26 00:46:57,592] {scheduler_job.py:182} INFO - Started process (PID=2077) to work on /opt/airflow/dags/etl_pipeline_smoking_cost.py
[2024-06-26 00:46:57,715] {scheduler_job.py:629} INFO - Processing file /opt/airflow/dags/etl_pipeline_smoking_cost.py for tasks to queue
[2024-06-26 00:46:57,899] {logging_mixin.py:104} INFO - [2024-06-26 00:46:57,898] {dagbag.py:451} INFO - Filling up the DagBag from /opt/airflow/dags/etl_pipeline_smoking_cost.py
[2024-06-26 00:47:08,278] {scheduler_job.py:182} INFO - Started process (PID=2083) to work on /opt/airflow/dags/etl_pipeline_smoking_cost.py
[2024-06-26 00:47:08,376] {scheduler_job.py:629} INFO - Processing file /opt/airflow/dags/etl_pipeline_smoking_cost.py for tasks to queue
[2024-06-26 00:47:08,380] {logging_mixin.py:104} INFO - [2024-06-26 00:47:08,379] {dagbag.py:451} INFO - Filling up the DagBag from /opt/airflow/dags/etl_pipeline_smoking_cost.py
[2024-06-26 00:47:21,925] {scheduler_job.py:639} INFO - DAG(s) dict_keys(['etl_pipeline_smoking_cost']) retrieved from /opt/airflow/dags/etl_pipeline_smoking_cost.py
[2024-06-26 00:47:22,253] {logging_mixin.py:104} INFO - [2024-06-26 00:47:22,253] {dag.py:1824} INFO - Sync 1 DAGs
[2024-06-26 00:47:22,636] {logging_mixin.py:104} INFO - [2024-06-26 00:47:22,630] {dag.py:2280} INFO - Setting next_dagrun for etl_pipeline_smoking_cost to 2024-06-26 00:00:00+00:00
[2024-06-26 00:47:22,689] {scheduler_job.py:190} INFO - Processing /opt/airflow/dags/etl_pipeline_smoking_cost.py took 14.432 seconds
[2024-06-26 00:47:53,923] {scheduler_job.py:182} INFO - Started process (PID=2117) to work on /opt/airflow/dags/etl_pipeline_smoking_cost.py
[2024-06-26 00:47:53,938] {scheduler_job.py:629} INFO - Processing file /opt/airflow/dags/etl_pipeline_smoking_cost.py for tasks to queue
[2024-06-26 00:47:53,949] {logging_mixin.py:104} INFO - [2024-06-26 00:47:53,948] {dagbag.py:451} INFO - Filling up the DagBag from /opt/airflow/dags/etl_pipeline_smoking_cost.py
[2024-06-26 00:48:13,374] {scheduler_job.py:639} INFO - DAG(s) dict_keys(['etl_pipeline_smoking_cost']) retrieved from /opt/airflow/dags/etl_pipeline_smoking_cost.py
[2024-06-26 00:48:17,431] {logging_mixin.py:104} INFO - [2024-06-26 00:48:17,410] {dag.py:1824} INFO - Sync 1 DAGs
[2024-06-26 00:48:18,760] {logging_mixin.py:104} INFO - [2024-06-26 00:48:18,748] {dag.py:2280} INFO - Setting next_dagrun for etl_pipeline_smoking_cost to 2024-06-26 00:00:00+00:00
[2024-06-26 00:48:19,654] {scheduler_job.py:190} INFO - Processing /opt/airflow/dags/etl_pipeline_smoking_cost.py took 25.880 seconds
[2024-06-26 00:49:09,266] {scheduler_job.py:182} INFO - Started process (PID=2143) to work on /opt/airflow/dags/etl_pipeline_smoking_cost.py
[2024-06-26 00:49:09,275] {scheduler_job.py:629} INFO - Processing file /opt/airflow/dags/etl_pipeline_smoking_cost.py for tasks to queue
[2024-06-26 00:49:09,292] {logging_mixin.py:104} INFO - [2024-06-26 00:49:09,286] {dagbag.py:451} INFO - Filling up the DagBag from /opt/airflow/dags/etl_pipeline_smoking_cost.py
[2024-06-26 00:49:18,587] {scheduler_job.py:639} INFO - DAG(s) dict_keys(['etl_pipeline_smoking_cost']) retrieved from /opt/airflow/dags/etl_pipeline_smoking_cost.py
[2024-06-26 00:49:18,771] {logging_mixin.py:104} INFO - [2024-06-26 00:49:18,770] {dag.py:1824} INFO - Sync 1 DAGs
[2024-06-26 00:49:18,958] {logging_mixin.py:104} INFO - [2024-06-26 00:49:18,941] {dag.py:2280} INFO - Setting next_dagrun for etl_pipeline_smoking_cost to 2024-06-26 00:00:00+00:00
[2024-06-26 00:49:19,060] {scheduler_job.py:190} INFO - Processing /opt/airflow/dags/etl_pipeline_smoking_cost.py took 9.787 seconds
[2024-06-26 00:50:01,367] {scheduler_job.py:182} INFO - Started process (PID=2174) to work on /opt/airflow/dags/etl_pipeline_smoking_cost.py
[2024-06-26 00:50:01,495] {scheduler_job.py:629} INFO - Processing file /opt/airflow/dags/etl_pipeline_smoking_cost.py for tasks to queue
[2024-06-26 00:50:01,564] {logging_mixin.py:104} INFO - [2024-06-26 00:50:01,541] {dagbag.py:451} INFO - Filling up the DagBag from /opt/airflow/dags/etl_pipeline_smoking_cost.py
[2024-06-26 00:50:32,066] {logging_mixin.py:104} INFO - [2024-06-26 00:50:31,812] {timeout.py:36} ERROR - Process timed out, PID: 2174
[2024-06-26 00:50:35,815] {logging_mixin.py:104} INFO - [2024-06-26 00:50:32,814] {dagbag.py:308} ERROR - Failed to import: /opt/airflow/dags/etl_pipeline_smoking_cost.py
Traceback (most recent call last):
  File "/home/airflow/.local/lib/python3.6/site-packages/airflow/models/dagbag.py", line 305, in _load_modules_from_file
    loader.exec_module(new_module)
  File "<frozen importlib._bootstrap_external>", line 678, in exec_module
  File "<frozen importlib._bootstrap>", line 219, in _call_with_frames_removed
  File "/opt/airflow/dags/etl_pipeline_smoking_cost.py", line 9, in <module>
    import pandas as pd
  File "/home/airflow/.local/lib/python3.6/site-packages/pandas/__init__.py", line 30, in <module>
    from pandas._libs import hashtable as _hashtable, lib as _lib, tslib as _tslib
  File "/home/airflow/.local/lib/python3.6/site-packages/pandas/_libs/__init__.py", line 13, in <module>
    from pandas._libs.interval import Interval
  File "pandas/_libs/interval.pyx", line 1, in init pandas._libs.interval
  File "pandas/_libs/hashtable.pyx", line 1, in init pandas._libs.hashtable
  File "pandas/_libs/missing.pyx", line 1, in init pandas._libs.missing
  File "/home/airflow/.local/lib/python3.6/site-packages/pandas/_libs/tslibs/__init__.py", line 30, in <module>
    from .conversion import OutOfBoundsTimedelta, localize_pydatetime
  File "pandas/_libs/tslibs/conversion.pyx", line 58, in init pandas._libs.tslibs.conversion
  File "pandas/_libs/tslibs/parsing.pyx", line 1, in init pandas._libs.tslibs.parsing
  File "pandas/_libs/tslibs/offsets.pyx", line 1, in init pandas._libs.tslibs.offsets
  File "pandas/_libs/tslibs/timestamps.pyx", line 47, in init pandas._libs.tslibs.timestamps
  File "pandas/_libs/tslibs/fields.pyx", line 40, in init pandas._libs.tslibs.fields
  File "pandas/_libs/tslibs/strptime.pyx", line 627, in init pandas._libs.tslibs.strptime
  File "pandas/_libs/tslibs/strptime.pyx", line 532, in pandas._libs.tslibs.strptime.TimeRE.__init__
  File "pandas/_libs/tslibs/strptime.pyx", line 407, in pandas._libs.tslibs.strptime.LocaleTime.__init__
  File "pandas/_libs/tslibs/strptime.pyx", line 364, in pandas._libs.tslibs.strptime._getlang
  File "/usr/local/lib/python3.6/locale.py", line 565, in getlocale
    def getlocale(category=LC_CTYPE):
  File "/home/airflow/.local/lib/python3.6/site-packages/airflow/utils/timeout.py", line 37, in handle_timeout
    raise AirflowTaskTimeout(self.error_message)
airflow.exceptions.AirflowTaskTimeout: DagBag import timeout for /opt/airflow/dags/etl_pipeline_smoking_cost.py after 30.0s, PID: 2174
[2024-06-26 00:50:37,745] {scheduler_job.py:641} WARNING - No viable dags retrieved from /opt/airflow/dags/etl_pipeline_smoking_cost.py
[2024-06-26 00:50:53,893] {scheduler_job.py:193} ERROR - Got an exception! Propagating...
Traceback (most recent call last):
  File "/home/airflow/.local/lib/python3.6/site-packages/sqlalchemy/engine/base.py", line 2336, in _wrap_pool_connect
    return fn()
  File "/home/airflow/.local/lib/python3.6/site-packages/sqlalchemy/pool/base.py", line 364, in connect
    return _ConnectionFairy._checkout(self)
  File "/home/airflow/.local/lib/python3.6/site-packages/sqlalchemy/pool/base.py", line 778, in _checkout
    fairy = _ConnectionRecord.checkout(pool)
  File "/home/airflow/.local/lib/python3.6/site-packages/sqlalchemy/pool/base.py", line 495, in checkout
    rec = pool._do_get()
  File "/home/airflow/.local/lib/python3.6/site-packages/sqlalchemy/pool/impl.py", line 140, in _do_get
    self._dec_overflow()
  File "/home/airflow/.local/lib/python3.6/site-packages/sqlalchemy/util/langhelpers.py", line 70, in __exit__
    with_traceback=exc_tb,
  File "/home/airflow/.local/lib/python3.6/site-packages/sqlalchemy/util/compat.py", line 182, in raise_
    raise exception
  File "/home/airflow/.local/lib/python3.6/site-packages/sqlalchemy/pool/impl.py", line 137, in _do_get
    return self._create_connection()
  File "/home/airflow/.local/lib/python3.6/site-packages/sqlalchemy/pool/base.py", line 309, in _create_connection
    return _ConnectionRecord(self)
  File "/home/airflow/.local/lib/python3.6/site-packages/sqlalchemy/pool/base.py", line 440, in __init__
    self.__connect(first_connect_check=True)
  File "/home/airflow/.local/lib/python3.6/site-packages/sqlalchemy/pool/base.py", line 661, in __connect
    pool.logger.debug("Error on connect(): %s", e)
  File "/home/airflow/.local/lib/python3.6/site-packages/sqlalchemy/util/langhelpers.py", line 70, in __exit__
    with_traceback=exc_tb,
  File "/home/airflow/.local/lib/python3.6/site-packages/sqlalchemy/util/compat.py", line 182, in raise_
    raise exception
  File "/home/airflow/.local/lib/python3.6/site-packages/sqlalchemy/pool/base.py", line 656, in __connect
    connection = pool._invoke_creator(self)
  File "/home/airflow/.local/lib/python3.6/site-packages/sqlalchemy/engine/strategies.py", line 114, in connect
    return dialect.connect(*cargs, **cparams)
  File "/home/airflow/.local/lib/python3.6/site-packages/sqlalchemy/engine/default.py", line 508, in connect
    return self.dbapi.connect(*cargs, **cparams)
  File "/home/airflow/.local/lib/python3.6/site-packages/psycopg2/__init__.py", line 127, in connect
    conn = _connect(dsn, connection_factory=connection_factory, **kwasync)
psycopg2.OperationalError: could not translate host name "postgres" to address: Temporary failure in name resolution


The above exception was the direct cause of the following exception:

Traceback (most recent call last):
  File "/home/airflow/.local/lib/python3.6/site-packages/airflow/jobs/scheduler_job.py", line 187, in _run_file_processor
    callback_requests=callback_requests,
  File "/home/airflow/.local/lib/python3.6/site-packages/airflow/utils/session.py", line 70, in wrapper
    return func(*args, session=session, **kwargs)
  File "/home/airflow/.local/lib/python3.6/site-packages/airflow/jobs/scheduler_job.py", line 642, in process_file
    self.update_import_errors(session, dagbag)
  File "/home/airflow/.local/lib/python3.6/site-packages/airflow/jobs/scheduler_job.py", line 533, in update_import_errors
    session.query(errors.ImportError).filter(errors.ImportError.filename == dagbag_file).delete()
  File "/home/airflow/.local/lib/python3.6/site-packages/sqlalchemy/orm/query.py", line 3926, in delete
    delete_op.exec_()
  File "/home/airflow/.local/lib/python3.6/site-packages/sqlalchemy/orm/persistence.py", line 1697, in exec_
    self._do_exec()
  File "/home/airflow/.local/lib/python3.6/site-packages/sqlalchemy/orm/persistence.py", line 1930, in _do_exec
    self._execute_stmt(delete_stmt)
  File "/home/airflow/.local/lib/python3.6/site-packages/sqlalchemy/orm/persistence.py", line 1702, in _execute_stmt
    self.result = self.query._execute_crud(stmt, self.mapper)
  File "/home/airflow/.local/lib/python3.6/site-packages/sqlalchemy/orm/query.py", line 3565, in _execute_crud
    mapper=mapper, clause=stmt, close_with_result=True
  File "/home/airflow/.local/lib/python3.6/site-packages/sqlalchemy/orm/query.py", line 3550, in _connection_from_session
    conn = self.session.connection(**kw)
  File "/home/airflow/.local/lib/python3.6/site-packages/sqlalchemy/orm/session.py", line 1145, in connection
    execution_options=execution_options,
  File "/home/airflow/.local/lib/python3.6/site-packages/sqlalchemy/orm/session.py", line 1151, in _connection_for_bind
    engine, execution_options
  File "/home/airflow/.local/lib/python3.6/site-packages/sqlalchemy/orm/session.py", line 433, in _connection_for_bind
    conn = bind._contextual_connect()
  File "/home/airflow/.local/lib/python3.6/site-packages/sqlalchemy/engine/base.py", line 2302, in _contextual_connect
    self._wrap_pool_connect(self.pool.connect, None),
  File "/home/airflow/.local/lib/python3.6/site-packages/sqlalchemy/engine/base.py", line 2340, in _wrap_pool_connect
    e, dialect, self
  File "/home/airflow/.local/lib/python3.6/site-packages/sqlalchemy/engine/base.py", line 1584, in _handle_dbapi_exception_noconnection
    sqlalchemy_exception, with_traceback=exc_info[2], from_=e
  File "/home/airflow/.local/lib/python3.6/site-packages/sqlalchemy/util/compat.py", line 182, in raise_
    raise exception
  File "/home/airflow/.local/lib/python3.6/site-packages/sqlalchemy/engine/base.py", line 2336, in _wrap_pool_connect
    return fn()
  File "/home/airflow/.local/lib/python3.6/site-packages/sqlalchemy/pool/base.py", line 364, in connect
    return _ConnectionFairy._checkout(self)
  File "/home/airflow/.local/lib/python3.6/site-packages/sqlalchemy/pool/base.py", line 778, in _checkout
    fairy = _ConnectionRecord.checkout(pool)
  File "/home/airflow/.local/lib/python3.6/site-packages/sqlalchemy/pool/base.py", line 495, in checkout
    rec = pool._do_get()
  File "/home/airflow/.local/lib/python3.6/site-packages/sqlalchemy/pool/impl.py", line 140, in _do_get
    self._dec_overflow()
  File "/home/airflow/.local/lib/python3.6/site-packages/sqlalchemy/util/langhelpers.py", line 70, in __exit__
    with_traceback=exc_tb,
  File "/home/airflow/.local/lib/python3.6/site-packages/sqlalchemy/util/compat.py", line 182, in raise_
    raise exception
  File "/home/airflow/.local/lib/python3.6/site-packages/sqlalchemy/pool/impl.py", line 137, in _do_get
    return self._create_connection()
  File "/home/airflow/.local/lib/python3.6/site-packages/sqlalchemy/pool/base.py", line 309, in _create_connection
    return _ConnectionRecord(self)
  File "/home/airflow/.local/lib/python3.6/site-packages/sqlalchemy/pool/base.py", line 440, in __init__
    self.__connect(first_connect_check=True)
  File "/home/airflow/.local/lib/python3.6/site-packages/sqlalchemy/pool/base.py", line 661, in __connect
    pool.logger.debug("Error on connect(): %s", e)
  File "/home/airflow/.local/lib/python3.6/site-packages/sqlalchemy/util/langhelpers.py", line 70, in __exit__
    with_traceback=exc_tb,
  File "/home/airflow/.local/lib/python3.6/site-packages/sqlalchemy/util/compat.py", line 182, in raise_
    raise exception
  File "/home/airflow/.local/lib/python3.6/site-packages/sqlalchemy/pool/base.py", line 656, in __connect
    connection = pool._invoke_creator(self)
  File "/home/airflow/.local/lib/python3.6/site-packages/sqlalchemy/engine/strategies.py", line 114, in connect
    return dialect.connect(*cargs, **cparams)
  File "/home/airflow/.local/lib/python3.6/site-packages/sqlalchemy/engine/default.py", line 508, in connect
    return self.dbapi.connect(*cargs, **cparams)
  File "/home/airflow/.local/lib/python3.6/site-packages/psycopg2/__init__.py", line 127, in connect
    conn = _connect(dsn, connection_factory=connection_factory, **kwasync)
sqlalchemy.exc.OperationalError: (psycopg2.OperationalError) could not translate host name "postgres" to address: Temporary failure in name resolution

(Background on this error at: http://sqlalche.me/e/13/e3q8)
[2024-06-26 00:51:20,718] {scheduler_job.py:182} INFO - Started process (PID=2176) to work on /opt/airflow/dags/etl_pipeline_smoking_cost.py
[2024-06-26 00:51:20,764] {scheduler_job.py:629} INFO - Processing file /opt/airflow/dags/etl_pipeline_smoking_cost.py for tasks to queue
[2024-06-26 00:51:20,778] {logging_mixin.py:104} INFO - [2024-06-26 00:51:20,778] {dagbag.py:451} INFO - Filling up the DagBag from /opt/airflow/dags/etl_pipeline_smoking_cost.py
[2024-06-26 00:51:28,695] {scheduler_job.py:639} INFO - DAG(s) dict_keys(['etl_pipeline_smoking_cost']) retrieved from /opt/airflow/dags/etl_pipeline_smoking_cost.py
[2024-06-26 00:51:28,830] {logging_mixin.py:104} INFO - [2024-06-26 00:51:28,829] {dag.py:1824} INFO - Sync 1 DAGs
[2024-06-26 00:51:29,104] {logging_mixin.py:104} INFO - [2024-06-26 00:51:29,104] {dag.py:2280} INFO - Setting next_dagrun for etl_pipeline_smoking_cost to 2024-06-26 00:00:00+00:00
[2024-06-26 00:51:29,147] {scheduler_job.py:190} INFO - Processing /opt/airflow/dags/etl_pipeline_smoking_cost.py took 8.440 seconds
[2024-06-26 00:51:59,989] {scheduler_job.py:182} INFO - Started process (PID=2210) to work on /opt/airflow/dags/etl_pipeline_smoking_cost.py
[2024-06-26 00:51:59,998] {scheduler_job.py:629} INFO - Processing file /opt/airflow/dags/etl_pipeline_smoking_cost.py for tasks to queue
[2024-06-26 00:52:00,050] {logging_mixin.py:104} INFO - [2024-06-26 00:52:00,049] {dagbag.py:451} INFO - Filling up the DagBag from /opt/airflow/dags/etl_pipeline_smoking_cost.py
[2024-06-26 00:52:23,712] {scheduler_job.py:639} INFO - DAG(s) dict_keys(['etl_pipeline_smoking_cost']) retrieved from /opt/airflow/dags/etl_pipeline_smoking_cost.py
[2024-06-26 00:53:56,959] {scheduler_job.py:182} INFO - Started process (PID=2217) to work on /opt/airflow/dags/etl_pipeline_smoking_cost.py
[2024-06-26 00:53:56,964] {scheduler_job.py:629} INFO - Processing file /opt/airflow/dags/etl_pipeline_smoking_cost.py for tasks to queue
[2024-06-26 00:53:56,972] {logging_mixin.py:104} INFO - [2024-06-26 00:53:56,971] {dagbag.py:451} INFO - Filling up the DagBag from /opt/airflow/dags/etl_pipeline_smoking_cost.py
[2024-06-26 00:54:02,225] {scheduler_job.py:639} INFO - DAG(s) dict_keys(['etl_pipeline_smoking_cost']) retrieved from /opt/airflow/dags/etl_pipeline_smoking_cost.py
[2024-06-26 00:54:02,283] {logging_mixin.py:104} INFO - [2024-06-26 00:54:02,283] {dag.py:1824} INFO - Sync 1 DAGs
[2024-06-26 00:54:02,488] {logging_mixin.py:104} INFO - [2024-06-26 00:54:02,488] {dag.py:2280} INFO - Setting next_dagrun for etl_pipeline_smoking_cost to 2024-06-26 00:00:00+00:00
[2024-06-26 00:54:02,513] {scheduler_job.py:190} INFO - Processing /opt/airflow/dags/etl_pipeline_smoking_cost.py took 5.599 seconds
[2024-06-26 00:54:36,605] {scheduler_job.py:182} INFO - Started process (PID=2251) to work on /opt/airflow/dags/etl_pipeline_smoking_cost.py
[2024-06-26 00:54:36,638] {scheduler_job.py:629} INFO - Processing file /opt/airflow/dags/etl_pipeline_smoking_cost.py for tasks to queue
[2024-06-26 00:54:36,655] {logging_mixin.py:104} INFO - [2024-06-26 00:54:36,654] {dagbag.py:451} INFO - Filling up the DagBag from /opt/airflow/dags/etl_pipeline_smoking_cost.py
[2024-06-26 00:55:07,906] {logging_mixin.py:104} INFO - [2024-06-26 00:55:07,345] {timeout.py:36} ERROR - Process timed out, PID: 2251
[2024-06-26 00:56:55,169] {logging_mixin.py:104} INFO - [2024-06-26 00:55:11,433] {dagbag.py:308} ERROR - Failed to import: /opt/airflow/dags/etl_pipeline_smoking_cost.py
Traceback (most recent call last):
  File "/home/airflow/.local/lib/python3.6/site-packages/airflow/models/dagbag.py", line 305, in _load_modules_from_file
    loader.exec_module(new_module)
  File "<frozen importlib._bootstrap_external>", line 678, in exec_module
  File "<frozen importlib._bootstrap>", line 219, in _call_with_frames_removed
  File "/opt/airflow/dags/etl_pipeline_smoking_cost.py", line 9, in <module>
    import pandas as pd
  File "/home/airflow/.local/lib/python3.6/site-packages/pandas/__init__.py", line 30, in <module>
    from pandas._libs import hashtable as _hashtable, lib as _lib, tslib as _tslib
  File "/home/airflow/.local/lib/python3.6/site-packages/pandas/_libs/__init__.py", line 13, in <module>
    from pandas._libs.interval import Interval
  File "pandas/_libs/interval.pyx", line 1, in init pandas._libs.interval
  File "pandas/_libs/hashtable.pyx", line 1, in init pandas._libs.hashtable
  File "pandas/_libs/missing.pyx", line 1, in init pandas._libs.missing
  File "/home/airflow/.local/lib/python3.6/site-packages/pandas/_libs/tslibs/__init__.py", line 30, in <module>
    from .conversion import OutOfBoundsTimedelta, localize_pydatetime
  File "pandas/_libs/tslibs/conversion.pyx", line 58, in init pandas._libs.tslibs.conversion
  File "pandas/_libs/tslibs/parsing.pyx", line 1, in init pandas._libs.tslibs.parsing
  File "pandas/_libs/tslibs/offsets.pyx", line 1, in init pandas._libs.tslibs.offsets
  File "/home/airflow/.local/lib/python3.6/site-packages/airflow/utils/timeout.py", line 37, in handle_timeout
    raise AirflowTaskTimeout(self.error_message)
airflow.exceptions.AirflowTaskTimeout: DagBag import timeout for /opt/airflow/dags/etl_pipeline_smoking_cost.py after 30.0s, PID: 2251
[2024-06-26 00:56:55,273] {scheduler_job.py:641} WARNING - No viable dags retrieved from /opt/airflow/dags/etl_pipeline_smoking_cost.py
[2024-06-26 00:56:58,437] {scheduler_job.py:182} INFO - Started process (PID=2253) to work on /opt/airflow/dags/etl_pipeline_smoking_cost.py
[2024-06-26 00:56:58,440] {scheduler_job.py:629} INFO - Processing file /opt/airflow/dags/etl_pipeline_smoking_cost.py for tasks to queue
[2024-06-26 00:56:58,458] {logging_mixin.py:104} INFO - [2024-06-26 00:56:58,451] {dagbag.py:451} INFO - Filling up the DagBag from /opt/airflow/dags/etl_pipeline_smoking_cost.py
[2024-06-26 00:57:04,869] {scheduler_job.py:639} INFO - DAG(s) dict_keys(['etl_pipeline_smoking_cost']) retrieved from /opt/airflow/dags/etl_pipeline_smoking_cost.py
[2024-06-26 00:57:05,013] {logging_mixin.py:104} INFO - [2024-06-26 00:57:05,013] {dag.py:1824} INFO - Sync 1 DAGs
[2024-06-26 00:57:05,192] {logging_mixin.py:104} INFO - [2024-06-26 00:57:05,192] {dag.py:2280} INFO - Setting next_dagrun for etl_pipeline_smoking_cost to 2024-06-26 00:00:00+00:00
[2024-06-26 00:57:05,293] {scheduler_job.py:190} INFO - Processing /opt/airflow/dags/etl_pipeline_smoking_cost.py took 6.872 seconds
[2024-06-26 00:57:39,339] {scheduler_job.py:182} INFO - Started process (PID=2288) to work on /opt/airflow/dags/etl_pipeline_smoking_cost.py
[2024-06-26 00:57:39,353] {scheduler_job.py:629} INFO - Processing file /opt/airflow/dags/etl_pipeline_smoking_cost.py for tasks to queue
[2024-06-26 00:57:39,364] {logging_mixin.py:104} INFO - [2024-06-26 00:57:39,363] {dagbag.py:451} INFO - Filling up the DagBag from /opt/airflow/dags/etl_pipeline_smoking_cost.py
[2024-06-26 00:58:10,512] {logging_mixin.py:104} INFO - [2024-06-26 00:58:09,640] {timeout.py:36} ERROR - Process timed out, PID: 2288
[2024-06-26 00:58:26,034] {logging_mixin.py:104} INFO - [2024-06-26 00:58:11,720] {dagbag.py:308} ERROR - Failed to import: /opt/airflow/dags/etl_pipeline_smoking_cost.py
Traceback (most recent call last):
  File "<frozen importlib._bootstrap_external>", line 88, in _path_is_mode_type
  File "<frozen importlib._bootstrap_external>", line 82, in _path_stat
FileNotFoundError: [Errno 2] No such file or directory: '/home/airflow/.local/lib/python3.6/site-packages/pandas/core/window/__init__.so'

During handling of the above exception, another exception occurred:

Traceback (most recent call last):
  File "/home/airflow/.local/lib/python3.6/site-packages/airflow/models/dagbag.py", line 305, in _load_modules_from_file
    loader.exec_module(new_module)
  File "<frozen importlib._bootstrap_external>", line 678, in exec_module
  File "<frozen importlib._bootstrap>", line 219, in _call_with_frames_removed
  File "/opt/airflow/dags/etl_pipeline_smoking_cost.py", line 9, in <module>
    import pandas as pd
  File "/home/airflow/.local/lib/python3.6/site-packages/pandas/__init__.py", line 52, in <module>
    from pandas.core.api import (
  File "/home/airflow/.local/lib/python3.6/site-packages/pandas/core/api.py", line 29, in <module>
    from pandas.core.groupby import Grouper, NamedAgg
  File "/home/airflow/.local/lib/python3.6/site-packages/pandas/core/groupby/__init__.py", line 1, in <module>
    from pandas.core.groupby.generic import DataFrameGroupBy, NamedAgg, SeriesGroupBy
  File "/home/airflow/.local/lib/python3.6/site-packages/pandas/core/groupby/generic.py", line 57, in <module>
    from pandas.core.aggregation import (
  File "/home/airflow/.local/lib/python3.6/site-packages/pandas/core/aggregation.py", line 27, in <module>
    from pandas.core.series import FrameOrSeriesUnion, Series
  File "/home/airflow/.local/lib/python3.6/site-packages/pandas/core/series.py", line 4996, in <module>
    Series._add_series_or_dataframe_operations()
  File "/home/airflow/.local/lib/python3.6/site-packages/pandas/core/generic.py", line 10517, in _add_series_or_dataframe_operations
    from pandas.core.window import (
  File "<frozen importlib._bootstrap>", line 971, in _find_and_load
  File "<frozen importlib._bootstrap>", line 951, in _find_and_load_unlocked
  File "<frozen importlib._bootstrap>", line 894, in _find_spec
  File "<frozen importlib._bootstrap_external>", line 1157, in find_spec
  File "<frozen importlib._bootstrap_external>", line 1129, in _get_spec
  File "<frozen importlib._bootstrap_external>", line 1260, in find_spec
  File "<frozen importlib._bootstrap_external>", line 96, in _path_isfile
  File "<frozen importlib._bootstrap_external>", line 88, in _path_is_mode_type
  File "/home/airflow/.local/lib/python3.6/site-packages/airflow/utils/timeout.py", line 37, in handle_timeout
    raise AirflowTaskTimeout(self.error_message)
airflow.exceptions.AirflowTaskTimeout: DagBag import timeout for /opt/airflow/dags/etl_pipeline_smoking_cost.py after 30.0s, PID: 2288
[2024-06-26 00:58:43,953] {scheduler_job.py:641} WARNING - No viable dags retrieved from /opt/airflow/dags/etl_pipeline_smoking_cost.py
[2024-06-26 00:59:06,711] {scheduler_job.py:182} INFO - Started process (PID=2293) to work on /opt/airflow/dags/etl_pipeline_smoking_cost.py
[2024-06-26 00:59:06,725] {scheduler_job.py:629} INFO - Processing file /opt/airflow/dags/etl_pipeline_smoking_cost.py for tasks to queue
[2024-06-26 00:59:06,728] {logging_mixin.py:104} INFO - [2024-06-26 00:59:06,728] {dagbag.py:451} INFO - Filling up the DagBag from /opt/airflow/dags/etl_pipeline_smoking_cost.py
[2024-06-26 00:59:06,770] {logging_mixin.py:104} INFO - [2024-06-26 00:59:06,763] {dagbag.py:308} ERROR - Failed to import: /opt/airflow/dags/etl_pipeline_smoking_cost.py
Traceback (most recent call last):
  File "/home/airflow/.local/lib/python3.6/site-packages/airflow/models/dagbag.py", line 305, in _load_modules_from_file
    loader.exec_module(new_module)
  File "<frozen importlib._bootstrap_external>", line 674, in exec_module
  File "<frozen importlib._bootstrap_external>", line 781, in get_code
  File "<frozen importlib._bootstrap_external>", line 741, in source_to_code
  File "<frozen importlib._bootstrap>", line 219, in _call_with_frames_removed
  File "/opt/airflow/dags/etl_pipeline_smoking_cost.py", line 36
    op_args=['https://example.com/data']
          ^
SyntaxError: invalid syntax
[2024-06-26 00:59:06,776] {scheduler_job.py:641} WARNING - No viable dags retrieved from /opt/airflow/dags/etl_pipeline_smoking_cost.py
[2024-06-26 00:59:06,951] {scheduler_job.py:190} INFO - Processing /opt/airflow/dags/etl_pipeline_smoking_cost.py took 0.261 seconds
[2024-06-26 00:59:37,191] {scheduler_job.py:182} INFO - Started process (PID=2321) to work on /opt/airflow/dags/etl_pipeline_smoking_cost.py
[2024-06-26 00:59:37,195] {scheduler_job.py:629} INFO - Processing file /opt/airflow/dags/etl_pipeline_smoking_cost.py for tasks to queue
[2024-06-26 00:59:37,197] {logging_mixin.py:104} INFO - [2024-06-26 00:59:37,197] {dagbag.py:451} INFO - Filling up the DagBag from /opt/airflow/dags/etl_pipeline_smoking_cost.py
[2024-06-26 00:59:37,226] {logging_mixin.py:104} INFO - [2024-06-26 00:59:37,217] {dagbag.py:308} ERROR - Failed to import: /opt/airflow/dags/etl_pipeline_smoking_cost.py
Traceback (most recent call last):
  File "/home/airflow/.local/lib/python3.6/site-packages/airflow/models/dagbag.py", line 305, in _load_modules_from_file
    loader.exec_module(new_module)
  File "<frozen importlib._bootstrap_external>", line 674, in exec_module
  File "<frozen importlib._bootstrap_external>", line 781, in get_code
  File "<frozen importlib._bootstrap_external>", line 741, in source_to_code
  File "<frozen importlib._bootstrap>", line 219, in _call_with_frames_removed
  File "/opt/airflow/dags/etl_pipeline_smoking_cost.py", line 36
    op_args=['https://example.com/data']
          ^
SyntaxError: invalid syntax
[2024-06-26 00:59:37,291] {scheduler_job.py:641} WARNING - No viable dags retrieved from /opt/airflow/dags/etl_pipeline_smoking_cost.py
[2024-06-26 00:59:37,383] {scheduler_job.py:190} INFO - Processing /opt/airflow/dags/etl_pipeline_smoking_cost.py took 0.212 seconds
[2024-06-26 01:01:09,535] {scheduler_job.py:182} INFO - Started process (PID=2334) to work on /opt/airflow/dags/etl_pipeline_smoking_cost.py
[2024-06-26 01:01:09,572] {scheduler_job.py:629} INFO - Processing file /opt/airflow/dags/etl_pipeline_smoking_cost.py for tasks to queue
[2024-06-26 01:01:09,595] {logging_mixin.py:104} INFO - [2024-06-26 01:01:09,595] {dagbag.py:451} INFO - Filling up the DagBag from /opt/airflow/dags/etl_pipeline_smoking_cost.py
[2024-06-26 01:01:09,638] {logging_mixin.py:104} INFO - [2024-06-26 01:01:09,632] {dagbag.py:308} ERROR - Failed to import: /opt/airflow/dags/etl_pipeline_smoking_cost.py
Traceback (most recent call last):
  File "/home/airflow/.local/lib/python3.6/site-packages/airflow/models/dagbag.py", line 305, in _load_modules_from_file
    loader.exec_module(new_module)
  File "<frozen importlib._bootstrap_external>", line 674, in exec_module
  File "<frozen importlib._bootstrap_external>", line 781, in get_code
  File "<frozen importlib._bootstrap_external>", line 741, in source_to_code
  File "<frozen importlib._bootstrap>", line 219, in _call_with_frames_removed
  File "/opt/airflow/dags/etl_pipeline_smoking_cost.py", line 36
    op_kwargs=[url]
            ^
SyntaxError: invalid syntax
[2024-06-26 01:01:09,649] {scheduler_job.py:641} WARNING - No viable dags retrieved from /opt/airflow/dags/etl_pipeline_smoking_cost.py
[2024-06-26 01:01:09,744] {scheduler_job.py:190} INFO - Processing /opt/airflow/dags/etl_pipeline_smoking_cost.py took 0.313 seconds
[2024-06-26 01:01:40,810] {scheduler_job.py:182} INFO - Started process (PID=2362) to work on /opt/airflow/dags/etl_pipeline_smoking_cost.py
[2024-06-26 01:01:41,092] {scheduler_job.py:629} INFO - Processing file /opt/airflow/dags/etl_pipeline_smoking_cost.py for tasks to queue
[2024-06-26 01:01:42,608] {logging_mixin.py:104} INFO - [2024-06-26 01:01:41,354] {dagbag.py:451} INFO - Filling up the DagBag from /opt/airflow/dags/etl_pipeline_smoking_cost.py
[2024-06-26 01:02:05,664] {logging_mixin.py:104} INFO - [2024-06-26 01:02:05,292] {dagbag.py:308} ERROR - Failed to import: /opt/airflow/dags/etl_pipeline_smoking_cost.py
Traceback (most recent call last):
  File "/home/airflow/.local/lib/python3.6/site-packages/airflow/models/dagbag.py", line 305, in _load_modules_from_file
    loader.exec_module(new_module)
  File "<frozen importlib._bootstrap_external>", line 674, in exec_module
  File "<frozen importlib._bootstrap_external>", line 781, in get_code
  File "<frozen importlib._bootstrap_external>", line 741, in source_to_code
  File "<frozen importlib._bootstrap>", line 219, in _call_with_frames_removed
  File "/opt/airflow/dags/etl_pipeline_smoking_cost.py", line 36
    op_kwargs=[url]
            ^
SyntaxError: invalid syntax
[2024-06-26 01:02:05,850] {scheduler_job.py:641} WARNING - No viable dags retrieved from /opt/airflow/dags/etl_pipeline_smoking_cost.py
[2024-06-26 01:02:06,296] {scheduler_job.py:190} INFO - Processing /opt/airflow/dags/etl_pipeline_smoking_cost.py took 25.786 seconds
[2024-06-26 01:03:55,250] {scheduler_job.py:182} INFO - Started process (PID=2380) to work on /opt/airflow/dags/etl_pipeline_smoking_cost.py
[2024-06-26 01:03:55,272] {scheduler_job.py:629} INFO - Processing file /opt/airflow/dags/etl_pipeline_smoking_cost.py for tasks to queue
[2024-06-26 01:03:55,298] {logging_mixin.py:104} INFO - [2024-06-26 01:03:55,298] {dagbag.py:451} INFO - Filling up the DagBag from /opt/airflow/dags/etl_pipeline_smoking_cost.py
[2024-06-26 01:03:55,572] {logging_mixin.py:104} INFO - [2024-06-26 01:03:55,418] {dagbag.py:308} ERROR - Failed to import: /opt/airflow/dags/etl_pipeline_smoking_cost.py
Traceback (most recent call last):
  File "/home/airflow/.local/lib/python3.6/site-packages/airflow/models/dagbag.py", line 305, in _load_modules_from_file
    loader.exec_module(new_module)
  File "<frozen importlib._bootstrap_external>", line 674, in exec_module
  File "<frozen importlib._bootstrap_external>", line 781, in get_code
  File "<frozen importlib._bootstrap_external>", line 741, in source_to_code
  File "<frozen importlib._bootstrap>", line 219, in _call_with_frames_removed
  File "/opt/airflow/dags/etl_pipeline_smoking_cost.py", line 36
    op_kwargs=[url = 'https://data.cdc.gov/resource/ezab-8sq5.json']
                   ^
SyntaxError: invalid syntax
[2024-06-26 01:03:55,640] {scheduler_job.py:641} WARNING - No viable dags retrieved from /opt/airflow/dags/etl_pipeline_smoking_cost.py
[2024-06-26 01:03:57,008] {scheduler_job.py:190} INFO - Processing /opt/airflow/dags/etl_pipeline_smoking_cost.py took 1.776 seconds
[2024-06-26 01:04:27,575] {scheduler_job.py:182} INFO - Started process (PID=2408) to work on /opt/airflow/dags/etl_pipeline_smoking_cost.py
[2024-06-26 01:04:27,583] {scheduler_job.py:629} INFO - Processing file /opt/airflow/dags/etl_pipeline_smoking_cost.py for tasks to queue
[2024-06-26 01:04:27,590] {logging_mixin.py:104} INFO - [2024-06-26 01:04:27,590] {dagbag.py:451} INFO - Filling up the DagBag from /opt/airflow/dags/etl_pipeline_smoking_cost.py
[2024-06-26 01:04:32,402] {scheduler_job.py:639} INFO - DAG(s) dict_keys(['etl_pipeline_smoking_cost']) retrieved from /opt/airflow/dags/etl_pipeline_smoking_cost.py
[2024-06-26 01:04:32,586] {logging_mixin.py:104} INFO - [2024-06-26 01:04:32,586] {dag.py:1824} INFO - Sync 1 DAGs
[2024-06-26 01:04:32,772] {logging_mixin.py:104} INFO - [2024-06-26 01:04:32,753] {dag.py:2280} INFO - Setting next_dagrun for etl_pipeline_smoking_cost to 2024-06-26 00:00:00+00:00
[2024-06-26 01:04:32,895] {scheduler_job.py:190} INFO - Processing /opt/airflow/dags/etl_pipeline_smoking_cost.py took 5.362 seconds
[2024-06-26 01:06:09,042] {scheduler_job.py:182} INFO - Started process (PID=2436) to work on /opt/airflow/dags/etl_pipeline_smoking_cost.py
[2024-06-26 01:06:09,047] {scheduler_job.py:629} INFO - Processing file /opt/airflow/dags/etl_pipeline_smoking_cost.py for tasks to queue
[2024-06-26 01:06:09,053] {logging_mixin.py:104} INFO - [2024-06-26 01:06:09,052] {dagbag.py:451} INFO - Filling up the DagBag from /opt/airflow/dags/etl_pipeline_smoking_cost.py
[2024-06-26 01:06:12,565] {scheduler_job.py:639} INFO - DAG(s) dict_keys(['etl_pipeline_smoking_cost']) retrieved from /opt/airflow/dags/etl_pipeline_smoking_cost.py
[2024-06-26 01:06:12,779] {logging_mixin.py:104} INFO - [2024-06-26 01:06:12,779] {dag.py:1824} INFO - Sync 1 DAGs
[2024-06-26 01:06:13,006] {logging_mixin.py:104} INFO - [2024-06-26 01:06:13,006] {dag.py:2280} INFO - Setting next_dagrun for etl_pipeline_smoking_cost to 2024-06-26 00:00:00+00:00
[2024-06-26 01:06:13,037] {scheduler_job.py:190} INFO - Processing /opt/airflow/dags/etl_pipeline_smoking_cost.py took 4.002 seconds
[2024-06-26 01:08:15,339] {scheduler_job.py:182} INFO - Started process (PID=2464) to work on /opt/airflow/dags/etl_pipeline_smoking_cost.py
[2024-06-26 01:08:15,348] {scheduler_job.py:629} INFO - Processing file /opt/airflow/dags/etl_pipeline_smoking_cost.py for tasks to queue
[2024-06-26 01:08:15,363] {logging_mixin.py:104} INFO - [2024-06-26 01:08:15,363] {dagbag.py:451} INFO - Filling up the DagBag from /opt/airflow/dags/etl_pipeline_smoking_cost.py
[2024-06-26 01:13:45,524] {scheduler_job.py:182} INFO - Started process (PID=32) to work on /opt/airflow/dags/etl_pipeline_smoking_cost.py
[2024-06-26 01:13:45,538] {scheduler_job.py:629} INFO - Processing file /opt/airflow/dags/etl_pipeline_smoking_cost.py for tasks to queue
[2024-06-26 01:13:45,553] {logging_mixin.py:104} INFO - [2024-06-26 01:13:45,552] {dagbag.py:451} INFO - Filling up the DagBag from /opt/airflow/dags/etl_pipeline_smoking_cost.py
[2024-06-26 01:13:58,502] {scheduler_job.py:639} INFO - DAG(s) dict_keys(['etl_pipeline_smoking_cost']) retrieved from /opt/airflow/dags/etl_pipeline_smoking_cost.py
[2024-06-26 01:13:58,823] {logging_mixin.py:104} INFO - [2024-06-26 01:13:58,823] {dag.py:1824} INFO - Sync 1 DAGs
[2024-06-26 01:14:00,073] {logging_mixin.py:104} INFO - [2024-06-26 01:14:00,072] {dag.py:2280} INFO - Setting next_dagrun for etl_pipeline_smoking_cost to 2024-06-26 00:00:00+00:00
[2024-06-26 01:14:00,756] {scheduler_job.py:190} INFO - Processing /opt/airflow/dags/etl_pipeline_smoking_cost.py took 15.277 seconds
[2024-06-26 01:14:32,053] {scheduler_job.py:182} INFO - Started process (PID=66) to work on /opt/airflow/dags/etl_pipeline_smoking_cost.py
[2024-06-26 01:14:32,056] {scheduler_job.py:629} INFO - Processing file /opt/airflow/dags/etl_pipeline_smoking_cost.py for tasks to queue
[2024-06-26 01:14:32,063] {logging_mixin.py:104} INFO - [2024-06-26 01:14:32,062] {dagbag.py:451} INFO - Filling up the DagBag from /opt/airflow/dags/etl_pipeline_smoking_cost.py
[2024-06-26 01:14:39,210] {scheduler_job.py:639} INFO - DAG(s) dict_keys(['etl_pipeline_smoking_cost']) retrieved from /opt/airflow/dags/etl_pipeline_smoking_cost.py
[2024-06-26 01:14:39,270] {logging_mixin.py:104} INFO - [2024-06-26 01:14:39,269] {dag.py:1824} INFO - Sync 1 DAGs
[2024-06-26 01:14:39,395] {logging_mixin.py:104} INFO - [2024-06-26 01:14:39,394] {dag.py:2280} INFO - Setting next_dagrun for etl_pipeline_smoking_cost to 2024-06-26 00:00:00+00:00
[2024-06-26 01:14:39,426] {scheduler_job.py:190} INFO - Processing /opt/airflow/dags/etl_pipeline_smoking_cost.py took 7.388 seconds
[2024-06-26 01:15:09,596] {scheduler_job.py:182} INFO - Started process (PID=98) to work on /opt/airflow/dags/etl_pipeline_smoking_cost.py
[2024-06-26 01:15:09,632] {scheduler_job.py:629} INFO - Processing file /opt/airflow/dags/etl_pipeline_smoking_cost.py for tasks to queue
[2024-06-26 01:15:09,652] {logging_mixin.py:104} INFO - [2024-06-26 01:15:09,652] {dagbag.py:451} INFO - Filling up the DagBag from /opt/airflow/dags/etl_pipeline_smoking_cost.py
[2024-06-26 01:15:18,927] {scheduler_job.py:639} INFO - DAG(s) dict_keys(['etl_pipeline_smoking_cost']) retrieved from /opt/airflow/dags/etl_pipeline_smoking_cost.py
[2024-06-26 01:15:19,021] {logging_mixin.py:104} INFO - [2024-06-26 01:15:19,021] {dag.py:1824} INFO - Sync 1 DAGs
[2024-06-26 01:15:19,362] {logging_mixin.py:104} INFO - [2024-06-26 01:15:19,361] {dag.py:2280} INFO - Setting next_dagrun for etl_pipeline_smoking_cost to 2024-06-26 00:00:00+00:00
[2024-06-26 01:15:19,475] {scheduler_job.py:190} INFO - Processing /opt/airflow/dags/etl_pipeline_smoking_cost.py took 9.904 seconds
[2024-06-26 01:17:08,971] {scheduler_job.py:182} INFO - Started process (PID=117) to work on /opt/airflow/dags/etl_pipeline_smoking_cost.py
[2024-06-26 01:17:08,990] {scheduler_job.py:629} INFO - Processing file /opt/airflow/dags/etl_pipeline_smoking_cost.py for tasks to queue
[2024-06-26 01:17:08,998] {logging_mixin.py:104} INFO - [2024-06-26 01:17:08,998] {dagbag.py:451} INFO - Filling up the DagBag from /opt/airflow/dags/etl_pipeline_smoking_cost.py
[2024-06-26 01:17:14,194] {scheduler_job.py:639} INFO - DAG(s) dict_keys(['etl_pipeline_smoking_cost']) retrieved from /opt/airflow/dags/etl_pipeline_smoking_cost.py
[2024-06-26 01:17:14,281] {logging_mixin.py:104} INFO - [2024-06-26 01:17:14,281] {dag.py:1824} INFO - Sync 1 DAGs
[2024-06-26 01:17:14,442] {logging_mixin.py:104} INFO - [2024-06-26 01:17:14,439] {dag.py:2280} INFO - Setting next_dagrun for etl_pipeline_smoking_cost to 2024-06-26 00:00:00+00:00
[2024-06-26 01:17:14,515] {scheduler_job.py:190} INFO - Processing /opt/airflow/dags/etl_pipeline_smoking_cost.py took 5.565 seconds
[2024-06-26 01:17:45,445] {scheduler_job.py:182} INFO - Started process (PID=150) to work on /opt/airflow/dags/etl_pipeline_smoking_cost.py
[2024-06-26 01:17:45,474] {scheduler_job.py:629} INFO - Processing file /opt/airflow/dags/etl_pipeline_smoking_cost.py for tasks to queue
[2024-06-26 01:17:45,484] {logging_mixin.py:104} INFO - [2024-06-26 01:17:45,484] {dagbag.py:451} INFO - Filling up the DagBag from /opt/airflow/dags/etl_pipeline_smoking_cost.py
[2024-06-26 01:18:00,645] {scheduler_job.py:639} INFO - DAG(s) dict_keys(['etl_pipeline_smoking_cost']) retrieved from /opt/airflow/dags/etl_pipeline_smoking_cost.py
[2024-06-26 01:18:00,780] {logging_mixin.py:104} INFO - [2024-06-26 01:18:00,779] {dag.py:1824} INFO - Sync 1 DAGs
[2024-06-26 01:18:01,246] {logging_mixin.py:104} INFO - [2024-06-26 01:18:01,077] {dag.py:2280} INFO - Setting next_dagrun for etl_pipeline_smoking_cost to 2024-06-26 00:00:00+00:00
[2024-06-26 01:18:01,572] {scheduler_job.py:190} INFO - Processing /opt/airflow/dags/etl_pipeline_smoking_cost.py took 16.268 seconds
[2024-06-26 01:18:32,135] {scheduler_job.py:182} INFO - Started process (PID=182) to work on /opt/airflow/dags/etl_pipeline_smoking_cost.py
[2024-06-26 01:18:32,164] {scheduler_job.py:629} INFO - Processing file /opt/airflow/dags/etl_pipeline_smoking_cost.py for tasks to queue
[2024-06-26 01:18:32,214] {logging_mixin.py:104} INFO - [2024-06-26 01:18:32,212] {dagbag.py:451} INFO - Filling up the DagBag from /opt/airflow/dags/etl_pipeline_smoking_cost.py
[2024-06-26 01:19:02,272] {logging_mixin.py:104} INFO - [2024-06-26 01:19:02,271] {timeout.py:36} ERROR - Process timed out, PID: 182
[2024-06-26 01:19:02,619] {logging_mixin.py:104} INFO - [2024-06-26 01:19:02,283] {dagbag.py:308} ERROR - Failed to import: /opt/airflow/dags/etl_pipeline_smoking_cost.py
Traceback (most recent call last):
  File "/home/airflow/.local/lib/python3.6/site-packages/airflow/models/dagbag.py", line 305, in _load_modules_from_file
    loader.exec_module(new_module)
  File "<frozen importlib._bootstrap_external>", line 678, in exec_module
  File "<frozen importlib._bootstrap>", line 219, in _call_with_frames_removed
  File "/opt/airflow/dags/etl_pipeline_smoking_cost.py", line 9, in <module>
    import pandas as pd
  File "/home/airflow/.local/lib/python3.6/site-packages/pandas/__init__.py", line 52, in <module>
    from pandas.core.api import (
  File "/home/airflow/.local/lib/python3.6/site-packages/pandas/core/api.py", line 15, in <module>
    from pandas.core.arrays import Categorical
  File "/home/airflow/.local/lib/python3.6/site-packages/pandas/core/arrays/__init__.py", line 1, in <module>
    from pandas.core.arrays.base import (
  File "/home/airflow/.local/lib/python3.6/site-packages/pandas/core/arrays/base.py", line 28, in <module>
    from pandas.core import ops
  File "<frozen importlib._bootstrap>", line 971, in _find_and_load
  File "<frozen importlib._bootstrap>", line 955, in _find_and_load_unlocked
  File "<frozen importlib._bootstrap>", line 665, in _load_unlocked
  File "<frozen importlib._bootstrap_external>", line 674, in exec_module
  File "<frozen importlib._bootstrap_external>", line 764, in get_code
  File "<frozen importlib._bootstrap_external>", line 832, in get_data
  File "/home/airflow/.local/lib/python3.6/site-packages/airflow/utils/timeout.py", line 37, in handle_timeout
    raise AirflowTaskTimeout(self.error_message)
airflow.exceptions.AirflowTaskTimeout: DagBag import timeout for /opt/airflow/dags/etl_pipeline_smoking_cost.py after 30.0s, PID: 182
[2024-06-26 01:19:02,670] {scheduler_job.py:641} WARNING - No viable dags retrieved from /opt/airflow/dags/etl_pipeline_smoking_cost.py
[2024-06-26 01:19:03,024] {scheduler_job.py:190} INFO - Processing /opt/airflow/dags/etl_pipeline_smoking_cost.py took 31.035 seconds
[2024-06-26 01:19:43,264] {scheduler_job.py:182} INFO - Started process (PID=213) to work on /opt/airflow/dags/etl_pipeline_smoking_cost.py
[2024-06-26 01:19:43,267] {scheduler_job.py:629} INFO - Processing file /opt/airflow/dags/etl_pipeline_smoking_cost.py for tasks to queue
[2024-06-26 01:19:43,270] {logging_mixin.py:104} INFO - [2024-06-26 01:19:43,270] {dagbag.py:451} INFO - Filling up the DagBag from /opt/airflow/dags/etl_pipeline_smoking_cost.py
[2024-06-26 01:19:45,638] {scheduler_job.py:639} INFO - DAG(s) dict_keys(['etl_pipeline_smoking_cost']) retrieved from /opt/airflow/dags/etl_pipeline_smoking_cost.py
[2024-06-26 01:19:45,926] {logging_mixin.py:104} INFO - [2024-06-26 01:19:45,925] {dag.py:1824} INFO - Sync 1 DAGs
[2024-06-26 01:19:46,731] {logging_mixin.py:104} INFO - [2024-06-26 01:19:46,731] {dag.py:2280} INFO - Setting next_dagrun for etl_pipeline_smoking_cost to 2024-06-26 00:00:00+00:00
[2024-06-26 01:19:46,984] {scheduler_job.py:190} INFO - Processing /opt/airflow/dags/etl_pipeline_smoking_cost.py took 3.727 seconds
