[2024-06-26 00:00:45,458] {scheduler_job.py:182} INFO - Started process (PID=985) to work on /opt/airflow/dags/my_dag.py
[2024-06-26 00:00:45,465] {scheduler_job.py:629} INFO - Processing file /opt/airflow/dags/my_dag.py for tasks to queue
[2024-06-26 00:00:45,469] {logging_mixin.py:104} INFO - [2024-06-26 00:00:45,468] {dagbag.py:451} INFO - Filling up the DagBag from /opt/airflow/dags/my_dag.py
[2024-06-26 00:00:45,496] {logging_mixin.py:104} INFO - [2024-06-26 00:00:45,490] {dagbag.py:308} ERROR - Failed to import: /opt/airflow/dags/my_dag.py
Traceback (most recent call last):
  File "/home/airflow/.local/lib/python3.6/site-packages/airflow/models/dagbag.py", line 305, in _load_modules_from_file
    loader.exec_module(new_module)
  File "<frozen importlib._bootstrap_external>", line 674, in exec_module
  File "<frozen importlib._bootstrap_external>", line 781, in get_code
  File "<frozen importlib._bootstrap_external>", line 741, in source_to_code
  File "<frozen importlib._bootstrap>", line 219, in _call_with_frames_removed
  File "/opt/airflow/dags/my_dag.py", line 28
    url =
         ^
SyntaxError: invalid syntax
[2024-06-26 00:00:45,502] {scheduler_job.py:641} WARNING - No viable dags retrieved from /opt/airflow/dags/my_dag.py
[2024-06-26 00:00:45,732] {scheduler_job.py:190} INFO - Processing /opt/airflow/dags/my_dag.py took 0.552 seconds
[2024-06-26 00:01:06,497] {scheduler_job.py:182} INFO - Started process (PID=1019) to work on /opt/airflow/dags/my_dag.py
[2024-06-26 00:01:06,500] {scheduler_job.py:629} INFO - Processing file /opt/airflow/dags/my_dag.py for tasks to queue
[2024-06-26 00:01:06,504] {logging_mixin.py:104} INFO - [2024-06-26 00:01:06,503] {dagbag.py:451} INFO - Filling up the DagBag from /opt/airflow/dags/my_dag.py
[2024-06-26 00:01:06,810] {logging_mixin.py:104} INFO - [2024-06-26 00:01:06,789] {dagbag.py:308} ERROR - Failed to import: /opt/airflow/dags/my_dag.py
Traceback (most recent call last):
  File "/home/airflow/.local/lib/python3.6/site-packages/airflow/models/dagbag.py", line 305, in _load_modules_from_file
    loader.exec_module(new_module)
  File "<frozen importlib._bootstrap_external>", line 674, in exec_module
  File "<frozen importlib._bootstrap_external>", line 781, in get_code
  File "<frozen importlib._bootstrap_external>", line 741, in source_to_code
  File "<frozen importlib._bootstrap>", line 219, in _call_with_frames_removed
  File "/opt/airflow/dags/my_dag.py", line 34
    schedule_interval="@daily", catchup=False) as dag:
                    ^
SyntaxError: invalid syntax
[2024-06-26 00:01:06,940] {scheduler_job.py:641} WARNING - No viable dags retrieved from /opt/airflow/dags/my_dag.py
[2024-06-26 00:01:07,305] {scheduler_job.py:190} INFO - Processing /opt/airflow/dags/my_dag.py took 0.876 seconds
[2024-06-26 00:01:39,543] {scheduler_job.py:182} INFO - Started process (PID=1046) to work on /opt/airflow/dags/my_dag.py
[2024-06-26 00:01:39,605] {scheduler_job.py:629} INFO - Processing file /opt/airflow/dags/my_dag.py for tasks to queue
[2024-06-26 00:01:39,608] {logging_mixin.py:104} INFO - [2024-06-26 00:01:39,608] {dagbag.py:451} INFO - Filling up the DagBag from /opt/airflow/dags/my_dag.py
[2024-06-26 00:01:39,887] {logging_mixin.py:104} INFO - [2024-06-26 00:01:39,879] {dagbag.py:308} ERROR - Failed to import: /opt/airflow/dags/my_dag.py
Traceback (most recent call last):
  File "/home/airflow/.local/lib/python3.6/site-packages/airflow/models/dagbag.py", line 305, in _load_modules_from_file
    loader.exec_module(new_module)
  File "<frozen importlib._bootstrap_external>", line 674, in exec_module
  File "<frozen importlib._bootstrap_external>", line 781, in get_code
  File "<frozen importlib._bootstrap_external>", line 741, in source_to_code
  File "<frozen importlib._bootstrap>", line 219, in _call_with_frames_removed
  File "/opt/airflow/dags/my_dag.py", line 36
    schedule_interval="@daily", catchup=False) as dag:
                    ^
SyntaxError: invalid syntax
[2024-06-26 00:01:39,891] {scheduler_job.py:641} WARNING - No viable dags retrieved from /opt/airflow/dags/my_dag.py
[2024-06-26 00:01:40,231] {scheduler_job.py:190} INFO - Processing /opt/airflow/dags/my_dag.py took 0.722 seconds
[2024-06-26 00:02:41,086] {scheduler_job.py:182} INFO - Started process (PID=1071) to work on /opt/airflow/dags/my_dag.py
[2024-06-26 00:02:41,102] {scheduler_job.py:629} INFO - Processing file /opt/airflow/dags/my_dag.py for tasks to queue
[2024-06-26 00:02:41,115] {logging_mixin.py:104} INFO - [2024-06-26 00:02:41,115] {dagbag.py:451} INFO - Filling up the DagBag from /opt/airflow/dags/my_dag.py
[2024-06-26 00:02:41,214] {logging_mixin.py:104} INFO - [2024-06-26 00:02:41,197] {dagbag.py:308} ERROR - Failed to import: /opt/airflow/dags/my_dag.py
Traceback (most recent call last):
  File "/home/airflow/.local/lib/python3.6/site-packages/airflow/models/dagbag.py", line 305, in _load_modules_from_file
    loader.exec_module(new_module)
  File "<frozen importlib._bootstrap_external>", line 674, in exec_module
  File "<frozen importlib._bootstrap_external>", line 781, in get_code
  File "<frozen importlib._bootstrap_external>", line 741, in source_to_code
  File "<frozen importlib._bootstrap>", line 219, in _call_with_frames_removed
  File "/opt/airflow/dags/my_dag.py", line 37
    schedule_interval="@daily", catchup=False) as dag:
                    ^
SyntaxError: invalid syntax
[2024-06-26 00:02:41,234] {scheduler_job.py:641} WARNING - No viable dags retrieved from /opt/airflow/dags/my_dag.py
[2024-06-26 00:02:41,538] {scheduler_job.py:190} INFO - Processing /opt/airflow/dags/my_dag.py took 0.504 seconds
[2024-06-26 00:03:12,348] {scheduler_job.py:182} INFO - Started process (PID=1098) to work on /opt/airflow/dags/my_dag.py
[2024-06-26 00:03:12,392] {scheduler_job.py:629} INFO - Processing file /opt/airflow/dags/my_dag.py for tasks to queue
[2024-06-26 00:03:12,411] {logging_mixin.py:104} INFO - [2024-06-26 00:03:12,407] {dagbag.py:451} INFO - Filling up the DagBag from /opt/airflow/dags/my_dag.py
[2024-06-26 00:03:12,549] {logging_mixin.py:104} INFO - [2024-06-26 00:03:12,503] {dagbag.py:308} ERROR - Failed to import: /opt/airflow/dags/my_dag.py
Traceback (most recent call last):
  File "/home/airflow/.local/lib/python3.6/site-packages/airflow/models/dagbag.py", line 305, in _load_modules_from_file
    loader.exec_module(new_module)
  File "<frozen importlib._bootstrap_external>", line 674, in exec_module
  File "<frozen importlib._bootstrap_external>", line 781, in get_code
  File "<frozen importlib._bootstrap_external>", line 741, in source_to_code
  File "<frozen importlib._bootstrap>", line 219, in _call_with_frames_removed
  File "/opt/airflow/dags/my_dag.py", line 40
    schedule_interval="@daily", catchup=False) as dag:
                    ^
SyntaxError: invalid syntax
[2024-06-26 00:03:12,585] {scheduler_job.py:641} WARNING - No viable dags retrieved from /opt/airflow/dags/my_dag.py
[2024-06-26 00:03:13,956] {scheduler_job.py:190} INFO - Processing /opt/airflow/dags/my_dag.py took 1.624 seconds
[2024-06-26 00:04:19,390] {scheduler_job.py:182} INFO - Started process (PID=1141) to work on /opt/airflow/dags/my_dag.py
[2024-06-26 00:04:19,396] {scheduler_job.py:629} INFO - Processing file /opt/airflow/dags/my_dag.py for tasks to queue
[2024-06-26 00:04:19,405] {logging_mixin.py:104} INFO - [2024-06-26 00:04:19,405] {dagbag.py:451} INFO - Filling up the DagBag from /opt/airflow/dags/my_dag.py
[2024-06-26 00:04:19,436] {logging_mixin.py:104} INFO - [2024-06-26 00:04:19,434] {dagbag.py:308} ERROR - Failed to import: /opt/airflow/dags/my_dag.py
Traceback (most recent call last):
  File "/home/airflow/.local/lib/python3.6/site-packages/airflow/models/dagbag.py", line 305, in _load_modules_from_file
    loader.exec_module(new_module)
  File "<frozen importlib._bootstrap_external>", line 674, in exec_module
  File "<frozen importlib._bootstrap_external>", line 781, in get_code
  File "<frozen importlib._bootstrap_external>", line 741, in source_to_code
  File "<frozen importlib._bootstrap>", line 219, in _call_with_frames_removed
  File "/opt/airflow/dags/my_dag.py", line 40
    with DAG("etl_pipeline_smoking_cost", start_date=datetime(2024, 1, 1)
       ^
IndentationError: expected an indented block
[2024-06-26 00:04:19,438] {scheduler_job.py:641} WARNING - No viable dags retrieved from /opt/airflow/dags/my_dag.py
[2024-06-26 00:04:19,487] {scheduler_job.py:190} INFO - Processing /opt/airflow/dags/my_dag.py took 0.104 seconds
[2024-06-26 00:04:50,478] {scheduler_job.py:182} INFO - Started process (PID=1167) to work on /opt/airflow/dags/my_dag.py
[2024-06-26 00:04:50,518] {scheduler_job.py:629} INFO - Processing file /opt/airflow/dags/my_dag.py for tasks to queue
[2024-06-26 00:04:50,537] {logging_mixin.py:104} INFO - [2024-06-26 00:04:50,536] {dagbag.py:451} INFO - Filling up the DagBag from /opt/airflow/dags/my_dag.py
[2024-06-26 00:04:50,551] {logging_mixin.py:104} INFO - [2024-06-26 00:04:50,550] {dagbag.py:308} ERROR - Failed to import: /opt/airflow/dags/my_dag.py
Traceback (most recent call last):
  File "/home/airflow/.local/lib/python3.6/site-packages/airflow/models/dagbag.py", line 305, in _load_modules_from_file
    loader.exec_module(new_module)
  File "<frozen importlib._bootstrap_external>", line 674, in exec_module
  File "<frozen importlib._bootstrap_external>", line 781, in get_code
  File "<frozen importlib._bootstrap_external>", line 741, in source_to_code
  File "<frozen importlib._bootstrap>", line 219, in _call_with_frames_removed
  File "/opt/airflow/dags/my_dag.py", line 41
    def
       ^
SyntaxError: invalid syntax
[2024-06-26 00:04:50,559] {scheduler_job.py:641} WARNING - No viable dags retrieved from /opt/airflow/dags/my_dag.py
[2024-06-26 00:04:50,598] {scheduler_job.py:190} INFO - Processing /opt/airflow/dags/my_dag.py took 0.125 seconds
[2024-06-26 00:05:21,170] {scheduler_job.py:182} INFO - Started process (PID=1191) to work on /opt/airflow/dags/my_dag.py
[2024-06-26 00:05:21,195] {scheduler_job.py:629} INFO - Processing file /opt/airflow/dags/my_dag.py for tasks to queue
[2024-06-26 00:05:21,199] {logging_mixin.py:104} INFO - [2024-06-26 00:05:21,199] {dagbag.py:451} INFO - Filling up the DagBag from /opt/airflow/dags/my_dag.py
[2024-06-26 00:05:21,252] {logging_mixin.py:104} INFO - [2024-06-26 00:05:21,236] {dagbag.py:308} ERROR - Failed to import: /opt/airflow/dags/my_dag.py
Traceback (most recent call last):
  File "/home/airflow/.local/lib/python3.6/site-packages/airflow/models/dagbag.py", line 305, in _load_modules_from_file
    loader.exec_module(new_module)
  File "<frozen importlib._bootstrap_external>", line 674, in exec_module
  File "<frozen importlib._bootstrap_external>", line 781, in get_code
  File "<frozen importlib._bootstrap_external>", line 741, in source_to_code
  File "<frozen importlib._bootstrap>", line 219, in _call_with_frames_removed
  File "/opt/airflow/dags/my_dag.py", line 46
    schedule_interval="@daily", catchup=False) as dag:
                    ^
SyntaxError: invalid syntax
[2024-06-26 00:05:21,273] {scheduler_job.py:641} WARNING - No viable dags retrieved from /opt/airflow/dags/my_dag.py
[2024-06-26 00:05:21,370] {scheduler_job.py:190} INFO - Processing /opt/airflow/dags/my_dag.py took 0.232 seconds
[2024-06-26 00:07:54,457] {scheduler_job.py:182} INFO - Started process (PID=1231) to work on /opt/airflow/dags/my_dag.py
[2024-06-26 00:07:54,466] {scheduler_job.py:629} INFO - Processing file /opt/airflow/dags/my_dag.py for tasks to queue
[2024-06-26 00:07:54,470] {logging_mixin.py:104} INFO - [2024-06-26 00:07:54,469] {dagbag.py:451} INFO - Filling up the DagBag from /opt/airflow/dags/my_dag.py
[2024-06-26 00:07:54,496] {logging_mixin.py:104} INFO - [2024-06-26 00:07:54,492] {dagbag.py:308} ERROR - Failed to import: /opt/airflow/dags/my_dag.py
Traceback (most recent call last):
  File "/home/airflow/.local/lib/python3.6/site-packages/airflow/models/dagbag.py", line 305, in _load_modules_from_file
    loader.exec_module(new_module)
  File "<frozen importlib._bootstrap_external>", line 674, in exec_module
  File "<frozen importlib._bootstrap_external>", line 781, in get_code
  File "<frozen importlib._bootstrap_external>", line 741, in source_to_code
  File "<frozen importlib._bootstrap>", line 219, in _call_with_frames_removed
  File "/opt/airflow/dags/my_dag.py", line 46
    schedule_interval="@daily", catchup=False) as dag:
                    ^
SyntaxError: invalid syntax
[2024-06-26 00:07:54,498] {scheduler_job.py:641} WARNING - No viable dags retrieved from /opt/airflow/dags/my_dag.py
[2024-06-26 00:07:54,621] {scheduler_job.py:190} INFO - Processing /opt/airflow/dags/my_dag.py took 0.185 seconds
[2024-06-26 00:09:50,196] {scheduler_job.py:182} INFO - Started process (PID=1261) to work on /opt/airflow/dags/my_dag.py
[2024-06-26 00:09:50,207] {scheduler_job.py:629} INFO - Processing file /opt/airflow/dags/my_dag.py for tasks to queue
[2024-06-26 00:09:50,213] {logging_mixin.py:104} INFO - [2024-06-26 00:09:50,212] {dagbag.py:451} INFO - Filling up the DagBag from /opt/airflow/dags/my_dag.py
[2024-06-26 00:09:50,258] {logging_mixin.py:104} INFO - [2024-06-26 00:09:50,226] {dagbag.py:308} ERROR - Failed to import: /opt/airflow/dags/my_dag.py
Traceback (most recent call last):
  File "/home/airflow/.local/lib/python3.6/site-packages/airflow/models/dagbag.py", line 305, in _load_modules_from_file
    loader.exec_module(new_module)
  File "<frozen importlib._bootstrap_external>", line 674, in exec_module
  File "<frozen importlib._bootstrap_external>", line 781, in get_code
  File "<frozen importlib._bootstrap_external>", line 741, in source_to_code
  File "<frozen importlib._bootstrap>", line 219, in _call_with_frames_removed
  File "/opt/airflow/dags/my_dag.py", line 46
    schedule_interval="@daily", catchup=False) as dag:
                    ^
SyntaxError: invalid syntax
[2024-06-26 00:09:50,281] {scheduler_job.py:641} WARNING - No viable dags retrieved from /opt/airflow/dags/my_dag.py
[2024-06-26 00:09:50,337] {scheduler_job.py:190} INFO - Processing /opt/airflow/dags/my_dag.py took 0.175 seconds
[2024-06-26 00:10:22,331] {scheduler_job.py:182} INFO - Started process (PID=1290) to work on /opt/airflow/dags/my_dag.py
[2024-06-26 00:10:22,348] {scheduler_job.py:629} INFO - Processing file /opt/airflow/dags/my_dag.py for tasks to queue
[2024-06-26 00:10:22,358] {logging_mixin.py:104} INFO - [2024-06-26 00:10:22,358] {dagbag.py:451} INFO - Filling up the DagBag from /opt/airflow/dags/my_dag.py
[2024-06-26 00:10:22,402] {logging_mixin.py:104} INFO - [2024-06-26 00:10:22,396] {dagbag.py:308} ERROR - Failed to import: /opt/airflow/dags/my_dag.py
Traceback (most recent call last):
  File "/home/airflow/.local/lib/python3.6/site-packages/airflow/models/dagbag.py", line 305, in _load_modules_from_file
    loader.exec_module(new_module)
  File "<frozen importlib._bootstrap_external>", line 674, in exec_module
  File "<frozen importlib._bootstrap_external>", line 781, in get_code
  File "<frozen importlib._bootstrap_external>", line 741, in source_to_code
  File "<frozen importlib._bootstrap>", line 219, in _call_with_frames_removed
  File "/opt/airflow/dags/my_dag.py", line 46
    schedule_interval="@daily", catchup=False) as dag:
                    ^
SyntaxError: invalid syntax
[2024-06-26 00:10:22,421] {scheduler_job.py:641} WARNING - No viable dags retrieved from /opt/airflow/dags/my_dag.py
[2024-06-26 00:10:22,552] {scheduler_job.py:190} INFO - Processing /opt/airflow/dags/my_dag.py took 0.256 seconds
[2024-06-26 00:13:20,144] {scheduler_job.py:182} INFO - Started process (PID=1341) to work on /opt/airflow/dags/my_dag.py
[2024-06-26 00:13:20,147] {scheduler_job.py:629} INFO - Processing file /opt/airflow/dags/my_dag.py for tasks to queue
[2024-06-26 00:13:20,151] {logging_mixin.py:104} INFO - [2024-06-26 00:13:20,151] {dagbag.py:451} INFO - Filling up the DagBag from /opt/airflow/dags/my_dag.py
[2024-06-26 00:13:20,182] {logging_mixin.py:104} INFO - [2024-06-26 00:13:20,178] {dagbag.py:308} ERROR - Failed to import: /opt/airflow/dags/my_dag.py
Traceback (most recent call last):
  File "/home/airflow/.local/lib/python3.6/site-packages/airflow/models/dagbag.py", line 305, in _load_modules_from_file
    loader.exec_module(new_module)
  File "<frozen importlib._bootstrap_external>", line 674, in exec_module
  File "<frozen importlib._bootstrap_external>", line 781, in get_code
  File "<frozen importlib._bootstrap_external>", line 741, in source_to_code
  File "<frozen importlib._bootstrap>", line 219, in _call_with_frames_removed
  File "/opt/airflow/dags/my_dag.py", line 46
    schedule_interval="@daily", catchup=False) as dag:
                    ^
SyntaxError: invalid syntax
[2024-06-26 00:13:20,186] {scheduler_job.py:641} WARNING - No viable dags retrieved from /opt/airflow/dags/my_dag.py
[2024-06-26 00:13:20,251] {scheduler_job.py:190} INFO - Processing /opt/airflow/dags/my_dag.py took 0.130 seconds
[2024-06-26 00:15:41,721] {scheduler_job.py:182} INFO - Started process (PID=1380) to work on /opt/airflow/dags/my_dag.py
[2024-06-26 00:15:41,740] {scheduler_job.py:629} INFO - Processing file /opt/airflow/dags/my_dag.py for tasks to queue
[2024-06-26 00:15:41,742] {logging_mixin.py:104} INFO - [2024-06-26 00:15:41,742] {dagbag.py:451} INFO - Filling up the DagBag from /opt/airflow/dags/my_dag.py
[2024-06-26 00:15:41,811] {logging_mixin.py:104} INFO - [2024-06-26 00:15:41,793] {dagbag.py:308} ERROR - Failed to import: /opt/airflow/dags/my_dag.py
Traceback (most recent call last):
  File "/home/airflow/.local/lib/python3.6/site-packages/airflow/models/dagbag.py", line 305, in _load_modules_from_file
    loader.exec_module(new_module)
  File "<frozen importlib._bootstrap_external>", line 674, in exec_module
  File "<frozen importlib._bootstrap_external>", line 781, in get_code
  File "<frozen importlib._bootstrap_external>", line 741, in source_to_code
  File "<frozen importlib._bootstrap>", line 219, in _call_with_frames_removed
  File "/opt/airflow/dags/my_dag.py", line 46
    schedule_interval="@daily", catchup=False) as dag:
                    ^
SyntaxError: invalid syntax
[2024-06-26 00:15:41,832] {scheduler_job.py:641} WARNING - No viable dags retrieved from /opt/airflow/dags/my_dag.py
[2024-06-26 00:15:42,017] {scheduler_job.py:190} INFO - Processing /opt/airflow/dags/my_dag.py took 0.303 seconds
[2024-06-26 00:17:48,273] {scheduler_job.py:182} INFO - Started process (PID=1390) to work on /opt/airflow/dags/my_dag.py
[2024-06-26 00:17:48,277] {scheduler_job.py:629} INFO - Processing file /opt/airflow/dags/my_dag.py for tasks to queue
[2024-06-26 00:17:48,280] {logging_mixin.py:104} INFO - [2024-06-26 00:17:48,280] {dagbag.py:451} INFO - Filling up the DagBag from /opt/airflow/dags/my_dag.py
[2024-06-26 00:17:48,333] {logging_mixin.py:104} INFO - [2024-06-26 00:17:48,327] {dagbag.py:308} ERROR - Failed to import: /opt/airflow/dags/my_dag.py
Traceback (most recent call last):
  File "/home/airflow/.local/lib/python3.6/site-packages/airflow/models/dagbag.py", line 305, in _load_modules_from_file
    loader.exec_module(new_module)
  File "<frozen importlib._bootstrap_external>", line 674, in exec_module
  File "<frozen importlib._bootstrap_external>", line 781, in get_code
  File "<frozen importlib._bootstrap_external>", line 741, in source_to_code
  File "<frozen importlib._bootstrap>", line 219, in _call_with_frames_removed
  File "/opt/airflow/dags/my_dag.py", line 46
    schedule_interval="@daily", catchup=False) as dag:
                    ^
SyntaxError: invalid syntax
[2024-06-26 00:17:48,337] {scheduler_job.py:641} WARNING - No viable dags retrieved from /opt/airflow/dags/my_dag.py
[2024-06-26 00:17:48,433] {scheduler_job.py:190} INFO - Processing /opt/airflow/dags/my_dag.py took 0.191 seconds
[2024-06-26 00:17:53,294] {scheduler_job.py:182} INFO - Started process (PID=1402) to work on /opt/airflow/dags/my_dag.py
[2024-06-26 00:17:53,297] {scheduler_job.py:629} INFO - Processing file /opt/airflow/dags/my_dag.py for tasks to queue
[2024-06-26 00:17:53,300] {logging_mixin.py:104} INFO - [2024-06-26 00:17:53,299] {dagbag.py:451} INFO - Filling up the DagBag from /opt/airflow/dags/my_dag.py
[2024-06-26 00:17:53,325] {logging_mixin.py:104} INFO - [2024-06-26 00:17:53,320] {dagbag.py:308} ERROR - Failed to import: /opt/airflow/dags/my_dag.py
Traceback (most recent call last):
  File "/home/airflow/.local/lib/python3.6/site-packages/airflow/models/dagbag.py", line 305, in _load_modules_from_file
    loader.exec_module(new_module)
  File "<frozen importlib._bootstrap_external>", line 674, in exec_module
  File "<frozen importlib._bootstrap_external>", line 781, in get_code
  File "<frozen importlib._bootstrap_external>", line 741, in source_to_code
  File "<frozen importlib._bootstrap>", line 219, in _call_with_frames_removed
  File "/opt/airflow/dags/my_dag.py", line 46
    schedule_interval="@daily", catchup=False) as dag:
                    ^
SyntaxError: invalid syntax
[2024-06-26 00:17:53,329] {scheduler_job.py:641} WARNING - No viable dags retrieved from /opt/airflow/dags/my_dag.py
[2024-06-26 00:17:53,422] {scheduler_job.py:190} INFO - Processing /opt/airflow/dags/my_dag.py took 0.137 seconds
[2024-06-26 00:20:09,863] {scheduler_job.py:182} INFO - Started process (PID=1437) to work on /opt/airflow/dags/my_dag.py
[2024-06-26 00:20:09,867] {scheduler_job.py:629} INFO - Processing file /opt/airflow/dags/my_dag.py for tasks to queue
[2024-06-26 00:20:09,870] {logging_mixin.py:104} INFO - [2024-06-26 00:20:09,869] {dagbag.py:451} INFO - Filling up the DagBag from /opt/airflow/dags/my_dag.py
[2024-06-26 00:20:09,894] {logging_mixin.py:104} INFO - [2024-06-26 00:20:09,888] {dagbag.py:308} ERROR - Failed to import: /opt/airflow/dags/my_dag.py
Traceback (most recent call last):
  File "/home/airflow/.local/lib/python3.6/site-packages/airflow/models/dagbag.py", line 305, in _load_modules_from_file
    loader.exec_module(new_module)
  File "<frozen importlib._bootstrap_external>", line 674, in exec_module
  File "<frozen importlib._bootstrap_external>", line 781, in get_code
  File "<frozen importlib._bootstrap_external>", line 741, in source_to_code
  File "<frozen importlib._bootstrap>", line 219, in _call_with_frames_removed
  File "/opt/airflow/dags/my_dag.py", line 46
    schedule_interval="@daily", catchup=False) as dag:
                    ^
SyntaxError: invalid syntax
[2024-06-26 00:20:09,901] {scheduler_job.py:641} WARNING - No viable dags retrieved from /opt/airflow/dags/my_dag.py
[2024-06-26 00:20:10,160] {scheduler_job.py:190} INFO - Processing /opt/airflow/dags/my_dag.py took 0.325 seconds
[2024-06-26 00:22:06,108] {scheduler_job.py:182} INFO - Started process (PID=1448) to work on /opt/airflow/dags/my_dag.py
[2024-06-26 00:22:06,124] {scheduler_job.py:629} INFO - Processing file /opt/airflow/dags/my_dag.py for tasks to queue
[2024-06-26 00:22:06,126] {logging_mixin.py:104} INFO - [2024-06-26 00:22:06,126] {dagbag.py:451} INFO - Filling up the DagBag from /opt/airflow/dags/my_dag.py
[2024-06-26 00:22:06,153] {scheduler_job.py:641} WARNING - No viable dags retrieved from /opt/airflow/dags/my_dag.py
[2024-06-26 00:22:06,308] {scheduler_job.py:190} INFO - Processing /opt/airflow/dags/my_dag.py took 0.210 seconds
[2024-06-26 00:22:56,780] {scheduler_job.py:182} INFO - Started process (PID=1490) to work on /opt/airflow/dags/my_dag.py
[2024-06-26 00:22:56,786] {scheduler_job.py:629} INFO - Processing file /opt/airflow/dags/my_dag.py for tasks to queue
[2024-06-26 00:22:56,790] {logging_mixin.py:104} INFO - [2024-06-26 00:22:56,789] {dagbag.py:451} INFO - Filling up the DagBag from /opt/airflow/dags/my_dag.py
[2024-06-26 00:22:56,808] {scheduler_job.py:641} WARNING - No viable dags retrieved from /opt/airflow/dags/my_dag.py
[2024-06-26 00:22:56,845] {scheduler_job.py:190} INFO - Processing /opt/airflow/dags/my_dag.py took 0.075 seconds
[2024-06-26 00:23:29,610] {scheduler_job.py:182} INFO - Started process (PID=1516) to work on /opt/airflow/dags/my_dag.py
[2024-06-26 00:23:29,637] {scheduler_job.py:629} INFO - Processing file /opt/airflow/dags/my_dag.py for tasks to queue
[2024-06-26 00:23:29,639] {logging_mixin.py:104} INFO - [2024-06-26 00:23:29,639] {dagbag.py:451} INFO - Filling up the DagBag from /opt/airflow/dags/my_dag.py
[2024-06-26 00:23:29,677] {scheduler_job.py:641} WARNING - No viable dags retrieved from /opt/airflow/dags/my_dag.py
[2024-06-26 00:23:29,761] {scheduler_job.py:190} INFO - Processing /opt/airflow/dags/my_dag.py took 0.157 seconds
[2024-06-26 00:25:08,272] {scheduler_job.py:182} INFO - Started process (PID=1561) to work on /opt/airflow/dags/my_dag.py
[2024-06-26 00:25:08,275] {scheduler_job.py:629} INFO - Processing file /opt/airflow/dags/my_dag.py for tasks to queue
[2024-06-26 00:25:08,277] {logging_mixin.py:104} INFO - [2024-06-26 00:25:08,277] {dagbag.py:451} INFO - Filling up the DagBag from /opt/airflow/dags/my_dag.py
[2024-06-26 00:25:08,286] {scheduler_job.py:641} WARNING - No viable dags retrieved from /opt/airflow/dags/my_dag.py
[2024-06-26 00:25:08,313] {scheduler_job.py:190} INFO - Processing /opt/airflow/dags/my_dag.py took 0.046 seconds
[2024-06-26 00:25:39,496] {scheduler_job.py:182} INFO - Started process (PID=1587) to work on /opt/airflow/dags/my_dag.py
[2024-06-26 00:25:39,503] {scheduler_job.py:629} INFO - Processing file /opt/airflow/dags/my_dag.py for tasks to queue
[2024-06-26 00:25:39,536] {logging_mixin.py:104} INFO - [2024-06-26 00:25:39,535] {dagbag.py:451} INFO - Filling up the DagBag from /opt/airflow/dags/my_dag.py
[2024-06-26 00:25:39,592] {scheduler_job.py:641} WARNING - No viable dags retrieved from /opt/airflow/dags/my_dag.py
[2024-06-26 00:25:39,747] {scheduler_job.py:190} INFO - Processing /opt/airflow/dags/my_dag.py took 0.265 seconds
[2024-06-26 00:26:53,297] {scheduler_job.py:182} INFO - Started process (PID=1624) to work on /opt/airflow/dags/my_dag.py
[2024-06-26 00:26:53,303] {scheduler_job.py:629} INFO - Processing file /opt/airflow/dags/my_dag.py for tasks to queue
[2024-06-26 00:26:53,311] {logging_mixin.py:104} INFO - [2024-06-26 00:26:53,310] {dagbag.py:451} INFO - Filling up the DagBag from /opt/airflow/dags/my_dag.py
[2024-06-26 00:26:53,327] {scheduler_job.py:641} WARNING - No viable dags retrieved from /opt/airflow/dags/my_dag.py
[2024-06-26 00:26:53,361] {scheduler_job.py:190} INFO - Processing /opt/airflow/dags/my_dag.py took 0.073 seconds
[2024-06-26 00:27:51,450] {scheduler_job.py:182} INFO - Started process (PID=1652) to work on /opt/airflow/dags/my_dag.py
[2024-06-26 00:27:51,459] {scheduler_job.py:629} INFO - Processing file /opt/airflow/dags/my_dag.py for tasks to queue
[2024-06-26 00:27:51,464] {logging_mixin.py:104} INFO - [2024-06-26 00:27:51,462] {dagbag.py:451} INFO - Filling up the DagBag from /opt/airflow/dags/my_dag.py
[2024-06-26 00:27:51,509] {scheduler_job.py:641} WARNING - No viable dags retrieved from /opt/airflow/dags/my_dag.py
[2024-06-26 00:27:51,590] {scheduler_job.py:190} INFO - Processing /opt/airflow/dags/my_dag.py took 0.155 seconds
[2024-06-26 00:29:25,705] {scheduler_job.py:182} INFO - Started process (PID=1683) to work on /opt/airflow/dags/my_dag.py
[2024-06-26 00:29:25,711] {scheduler_job.py:629} INFO - Processing file /opt/airflow/dags/my_dag.py for tasks to queue
[2024-06-26 00:29:25,713] {logging_mixin.py:104} INFO - [2024-06-26 00:29:25,713] {dagbag.py:451} INFO - Filling up the DagBag from /opt/airflow/dags/my_dag.py
[2024-06-26 00:29:25,884] {scheduler_job.py:641} WARNING - No viable dags retrieved from /opt/airflow/dags/my_dag.py
[2024-06-26 00:29:26,615] {scheduler_job.py:190} INFO - Processing /opt/airflow/dags/my_dag.py took 0.935 seconds
[2024-06-26 00:30:16,575] {scheduler_job.py:182} INFO - Started process (PID=1710) to work on /opt/airflow/dags/my_dag.py
[2024-06-26 00:30:16,580] {scheduler_job.py:629} INFO - Processing file /opt/airflow/dags/my_dag.py for tasks to queue
[2024-06-26 00:30:16,583] {logging_mixin.py:104} INFO - [2024-06-26 00:30:16,583] {dagbag.py:451} INFO - Filling up the DagBag from /opt/airflow/dags/my_dag.py
[2024-06-26 00:30:16,689] {scheduler_job.py:641} WARNING - No viable dags retrieved from /opt/airflow/dags/my_dag.py
[2024-06-26 00:30:17,462] {scheduler_job.py:190} INFO - Processing /opt/airflow/dags/my_dag.py took 0.896 seconds
[2024-06-26 00:31:17,650] {scheduler_job.py:182} INFO - Started process (PID=1743) to work on /opt/airflow/dags/my_dag.py
[2024-06-26 00:31:17,669] {scheduler_job.py:629} INFO - Processing file /opt/airflow/dags/my_dag.py for tasks to queue
[2024-06-26 00:31:17,680] {logging_mixin.py:104} INFO - [2024-06-26 00:31:17,679] {dagbag.py:451} INFO - Filling up the DagBag from /opt/airflow/dags/my_dag.py
[2024-06-26 00:31:17,745] {scheduler_job.py:641} WARNING - No viable dags retrieved from /opt/airflow/dags/my_dag.py
[2024-06-26 00:31:18,216] {scheduler_job.py:190} INFO - Processing /opt/airflow/dags/my_dag.py took 0.595 seconds
[2024-06-26 00:32:06,715] {scheduler_job.py:182} INFO - Started process (PID=1771) to work on /opt/airflow/dags/my_dag.py
[2024-06-26 00:32:06,720] {scheduler_job.py:629} INFO - Processing file /opt/airflow/dags/my_dag.py for tasks to queue
[2024-06-26 00:32:06,722] {logging_mixin.py:104} INFO - [2024-06-26 00:32:06,721] {dagbag.py:451} INFO - Filling up the DagBag from /opt/airflow/dags/my_dag.py
[2024-06-26 00:32:06,734] {scheduler_job.py:641} WARNING - No viable dags retrieved from /opt/airflow/dags/my_dag.py
[2024-06-26 00:32:06,770] {scheduler_job.py:190} INFO - Processing /opt/airflow/dags/my_dag.py took 0.061 seconds
[2024-06-26 00:34:04,745] {scheduler_job.py:182} INFO - Started process (PID=1790) to work on /opt/airflow/dags/my_dag.py
[2024-06-26 00:34:04,750] {scheduler_job.py:629} INFO - Processing file /opt/airflow/dags/my_dag.py for tasks to queue
[2024-06-26 00:34:04,752] {logging_mixin.py:104} INFO - [2024-06-26 00:34:04,752] {dagbag.py:451} INFO - Filling up the DagBag from /opt/airflow/dags/my_dag.py
[2024-06-26 00:34:04,762] {scheduler_job.py:641} WARNING - No viable dags retrieved from /opt/airflow/dags/my_dag.py
[2024-06-26 00:34:04,802] {scheduler_job.py:190} INFO - Processing /opt/airflow/dags/my_dag.py took 0.063 seconds
[2024-06-26 00:35:08,840] {scheduler_job.py:182} INFO - Started process (PID=1825) to work on /opt/airflow/dags/my_dag.py
[2024-06-26 00:35:08,857] {scheduler_job.py:629} INFO - Processing file /opt/airflow/dags/my_dag.py for tasks to queue
[2024-06-26 00:35:08,861] {logging_mixin.py:104} INFO - [2024-06-26 00:35:08,860] {dagbag.py:451} INFO - Filling up the DagBag from /opt/airflow/dags/my_dag.py
[2024-06-26 00:35:08,905] {scheduler_job.py:641} WARNING - No viable dags retrieved from /opt/airflow/dags/my_dag.py
[2024-06-26 00:35:09,049] {scheduler_job.py:190} INFO - Processing /opt/airflow/dags/my_dag.py took 0.271 seconds
[2024-06-26 00:35:42,239] {scheduler_job.py:182} INFO - Started process (PID=1850) to work on /opt/airflow/dags/my_dag.py
[2024-06-26 00:35:42,292] {scheduler_job.py:629} INFO - Processing file /opt/airflow/dags/my_dag.py for tasks to queue
[2024-06-26 00:35:42,300] {logging_mixin.py:104} INFO - [2024-06-26 00:35:42,299] {dagbag.py:451} INFO - Filling up the DagBag from /opt/airflow/dags/my_dag.py
[2024-06-26 00:35:42,329] {scheduler_job.py:641} WARNING - No viable dags retrieved from /opt/airflow/dags/my_dag.py
[2024-06-26 00:35:42,436] {scheduler_job.py:190} INFO - Processing /opt/airflow/dags/my_dag.py took 0.236 seconds
[2024-06-26 00:36:34,250] {scheduler_job.py:182} INFO - Started process (PID=1880) to work on /opt/airflow/dags/my_dag.py
[2024-06-26 00:36:34,255] {scheduler_job.py:629} INFO - Processing file /opt/airflow/dags/my_dag.py for tasks to queue
[2024-06-26 00:36:34,261] {logging_mixin.py:104} INFO - [2024-06-26 00:36:34,261] {dagbag.py:451} INFO - Filling up the DagBag from /opt/airflow/dags/my_dag.py
[2024-06-26 00:36:34,295] {scheduler_job.py:641} WARNING - No viable dags retrieved from /opt/airflow/dags/my_dag.py
[2024-06-26 00:36:34,773] {scheduler_job.py:190} INFO - Processing /opt/airflow/dags/my_dag.py took 0.550 seconds
[2024-06-26 00:37:05,568] {scheduler_job.py:182} INFO - Started process (PID=1908) to work on /opt/airflow/dags/my_dag.py
[2024-06-26 00:37:05,575] {scheduler_job.py:629} INFO - Processing file /opt/airflow/dags/my_dag.py for tasks to queue
[2024-06-26 00:37:05,578] {logging_mixin.py:104} INFO - [2024-06-26 00:37:05,578] {dagbag.py:451} INFO - Filling up the DagBag from /opt/airflow/dags/my_dag.py
[2024-06-26 00:37:05,608] {scheduler_job.py:641} WARNING - No viable dags retrieved from /opt/airflow/dags/my_dag.py
[2024-06-26 00:37:05,714] {scheduler_job.py:190} INFO - Processing /opt/airflow/dags/my_dag.py took 0.155 seconds
[2024-06-26 00:37:59,283] {scheduler_job.py:182} INFO - Started process (PID=1931) to work on /opt/airflow/dags/my_dag.py
[2024-06-26 00:37:59,290] {scheduler_job.py:629} INFO - Processing file /opt/airflow/dags/my_dag.py for tasks to queue
[2024-06-26 00:37:59,293] {logging_mixin.py:104} INFO - [2024-06-26 00:37:59,292] {dagbag.py:451} INFO - Filling up the DagBag from /opt/airflow/dags/my_dag.py
[2024-06-26 00:37:59,341] {scheduler_job.py:641} WARNING - No viable dags retrieved from /opt/airflow/dags/my_dag.py
[2024-06-26 00:37:59,542] {scheduler_job.py:190} INFO - Processing /opt/airflow/dags/my_dag.py took 0.269 seconds
[2024-06-26 00:38:59,933] {scheduler_job.py:182} INFO - Started process (PID=1965) to work on /opt/airflow/dags/my_dag.py
[2024-06-26 00:38:59,941] {scheduler_job.py:629} INFO - Processing file /opt/airflow/dags/my_dag.py for tasks to queue
[2024-06-26 00:38:59,945] {logging_mixin.py:104} INFO - [2024-06-26 00:38:59,945] {dagbag.py:451} INFO - Filling up the DagBag from /opt/airflow/dags/my_dag.py
[2024-06-26 00:38:59,973] {scheduler_job.py:641} WARNING - No viable dags retrieved from /opt/airflow/dags/my_dag.py
[2024-06-26 00:39:00,069] {scheduler_job.py:190} INFO - Processing /opt/airflow/dags/my_dag.py took 0.147 seconds
[2024-06-26 00:41:02,853] {scheduler_job.py:182} INFO - Started process (PID=1998) to work on /opt/airflow/dags/my_dag.py
[2024-06-26 00:41:02,857] {scheduler_job.py:629} INFO - Processing file /opt/airflow/dags/my_dag.py for tasks to queue
[2024-06-26 00:41:02,860] {logging_mixin.py:104} INFO - [2024-06-26 00:41:02,860] {dagbag.py:451} INFO - Filling up the DagBag from /opt/airflow/dags/my_dag.py
[2024-06-26 00:41:02,902] {scheduler_job.py:641} WARNING - No viable dags retrieved from /opt/airflow/dags/my_dag.py
[2024-06-26 00:41:03,042] {scheduler_job.py:190} INFO - Processing /opt/airflow/dags/my_dag.py took 0.196 seconds
[2024-06-26 00:43:08,342] {scheduler_job.py:182} INFO - Started process (PID=2029) to work on /opt/airflow/dags/my_dag.py
[2024-06-26 00:43:08,346] {scheduler_job.py:629} INFO - Processing file /opt/airflow/dags/my_dag.py for tasks to queue
[2024-06-26 00:43:08,350] {logging_mixin.py:104} INFO - [2024-06-26 00:43:08,350] {dagbag.py:451} INFO - Filling up the DagBag from /opt/airflow/dags/my_dag.py
[2024-06-26 00:43:08,362] {scheduler_job.py:641} WARNING - No viable dags retrieved from /opt/airflow/dags/my_dag.py
[2024-06-26 00:43:08,421] {scheduler_job.py:190} INFO - Processing /opt/airflow/dags/my_dag.py took 0.100 seconds
[2024-06-26 00:45:24,196] {scheduler_job.py:182} INFO - Started process (PID=2067) to work on /opt/airflow/dags/my_dag.py
[2024-06-26 00:45:24,210] {scheduler_job.py:629} INFO - Processing file /opt/airflow/dags/my_dag.py for tasks to queue
[2024-06-26 00:45:24,214] {logging_mixin.py:104} INFO - [2024-06-26 00:45:24,213] {dagbag.py:451} INFO - Filling up the DagBag from /opt/airflow/dags/my_dag.py
[2024-06-26 00:45:24,267] {scheduler_job.py:641} WARNING - No viable dags retrieved from /opt/airflow/dags/my_dag.py
[2024-06-26 00:45:24,365] {scheduler_job.py:190} INFO - Processing /opt/airflow/dags/my_dag.py took 0.189 seconds
[2024-06-26 00:47:26,724] {scheduler_job.py:182} INFO - Started process (PID=2101) to work on /opt/airflow/dags/my_dag.py
[2024-06-26 00:47:26,729] {scheduler_job.py:629} INFO - Processing file /opt/airflow/dags/my_dag.py for tasks to queue
[2024-06-26 00:47:26,734] {logging_mixin.py:104} INFO - [2024-06-26 00:47:26,733] {dagbag.py:451} INFO - Filling up the DagBag from /opt/airflow/dags/my_dag.py
[2024-06-26 00:47:26,793] {scheduler_job.py:641} WARNING - No viable dags retrieved from /opt/airflow/dags/my_dag.py
[2024-06-26 00:47:26,913] {scheduler_job.py:190} INFO - Processing /opt/airflow/dags/my_dag.py took 0.197 seconds
[2024-06-26 00:48:34,325] {scheduler_job.py:182} INFO - Started process (PID=2133) to work on /opt/airflow/dags/my_dag.py
[2024-06-26 00:48:34,333] {scheduler_job.py:629} INFO - Processing file /opt/airflow/dags/my_dag.py for tasks to queue
[2024-06-26 00:48:34,341] {logging_mixin.py:104} INFO - [2024-06-26 00:48:34,340] {dagbag.py:451} INFO - Filling up the DagBag from /opt/airflow/dags/my_dag.py
[2024-06-26 00:48:34,531] {scheduler_job.py:641} WARNING - No viable dags retrieved from /opt/airflow/dags/my_dag.py
[2024-06-26 00:49:00,222] {scheduler_job.py:190} INFO - Processing /opt/airflow/dags/my_dag.py took 25.933 seconds
[2024-06-26 00:49:30,901] {scheduler_job.py:182} INFO - Started process (PID=2161) to work on /opt/airflow/dags/my_dag.py
[2024-06-26 00:49:30,912] {scheduler_job.py:629} INFO - Processing file /opt/airflow/dags/my_dag.py for tasks to queue
[2024-06-26 00:49:30,920] {logging_mixin.py:104} INFO - [2024-06-26 00:49:30,918] {dagbag.py:451} INFO - Filling up the DagBag from /opt/airflow/dags/my_dag.py
[2024-06-26 00:49:30,952] {scheduler_job.py:641} WARNING - No viable dags retrieved from /opt/airflow/dags/my_dag.py
[2024-06-26 00:49:31,043] {scheduler_job.py:190} INFO - Processing /opt/airflow/dags/my_dag.py took 0.191 seconds
[2024-06-26 00:51:32,533] {scheduler_job.py:182} INFO - Started process (PID=2194) to work on /opt/airflow/dags/my_dag.py
[2024-06-26 00:51:32,553] {scheduler_job.py:629} INFO - Processing file /opt/airflow/dags/my_dag.py for tasks to queue
[2024-06-26 00:51:32,562] {logging_mixin.py:104} INFO - [2024-06-26 00:51:32,556] {dagbag.py:451} INFO - Filling up the DagBag from /opt/airflow/dags/my_dag.py
[2024-06-26 00:51:32,595] {scheduler_job.py:641} WARNING - No viable dags retrieved from /opt/airflow/dags/my_dag.py
[2024-06-26 00:51:32,766] {scheduler_job.py:190} INFO - Processing /opt/airflow/dags/my_dag.py took 0.248 seconds
[2024-06-26 00:54:05,480] {scheduler_job.py:182} INFO - Started process (PID=2235) to work on /opt/airflow/dags/my_dag.py
[2024-06-26 00:54:05,484] {scheduler_job.py:629} INFO - Processing file /opt/airflow/dags/my_dag.py for tasks to queue
[2024-06-26 00:54:05,486] {logging_mixin.py:104} INFO - [2024-06-26 00:54:05,486] {dagbag.py:451} INFO - Filling up the DagBag from /opt/airflow/dags/my_dag.py
[2024-06-26 00:54:05,540] {scheduler_job.py:641} WARNING - No viable dags retrieved from /opt/airflow/dags/my_dag.py
[2024-06-26 00:54:05,725] {scheduler_job.py:190} INFO - Processing /opt/airflow/dags/my_dag.py took 0.289 seconds
[2024-06-26 00:57:09,551] {scheduler_job.py:182} INFO - Started process (PID=2271) to work on /opt/airflow/dags/my_dag.py
[2024-06-26 00:57:09,567] {scheduler_job.py:629} INFO - Processing file /opt/airflow/dags/my_dag.py for tasks to queue
[2024-06-26 00:57:09,609] {logging_mixin.py:104} INFO - [2024-06-26 00:57:09,591] {dagbag.py:451} INFO - Filling up the DagBag from /opt/airflow/dags/my_dag.py
[2024-06-26 00:57:09,659] {scheduler_job.py:641} WARNING - No viable dags retrieved from /opt/airflow/dags/my_dag.py
[2024-06-26 00:57:09,794] {scheduler_job.py:190} INFO - Processing /opt/airflow/dags/my_dag.py took 0.299 seconds
[2024-06-26 00:59:20,609] {scheduler_job.py:182} INFO - Started process (PID=2311) to work on /opt/airflow/dags/my_dag.py
[2024-06-26 00:59:20,779] {scheduler_job.py:629} INFO - Processing file /opt/airflow/dags/my_dag.py for tasks to queue
[2024-06-26 00:59:20,886] {logging_mixin.py:104} INFO - [2024-06-26 00:59:20,883] {dagbag.py:451} INFO - Filling up the DagBag from /opt/airflow/dags/my_dag.py
[2024-06-26 00:59:21,066] {scheduler_job.py:641} WARNING - No viable dags retrieved from /opt/airflow/dags/my_dag.py
[2024-06-26 00:59:21,322] {scheduler_job.py:190} INFO - Processing /opt/airflow/dags/my_dag.py took 0.727 seconds
[2024-06-26 01:01:15,021] {scheduler_job.py:182} INFO - Started process (PID=2352) to work on /opt/airflow/dags/my_dag.py
[2024-06-26 01:01:15,026] {scheduler_job.py:629} INFO - Processing file /opt/airflow/dags/my_dag.py for tasks to queue
[2024-06-26 01:01:15,036] {logging_mixin.py:104} INFO - [2024-06-26 01:01:15,034] {dagbag.py:451} INFO - Filling up the DagBag from /opt/airflow/dags/my_dag.py
[2024-06-26 01:01:15,058] {scheduler_job.py:641} WARNING - No viable dags retrieved from /opt/airflow/dags/my_dag.py
[2024-06-26 01:01:15,125] {scheduler_job.py:190} INFO - Processing /opt/airflow/dags/my_dag.py took 0.117 seconds
[2024-06-26 01:04:12,399] {scheduler_job.py:182} INFO - Started process (PID=2398) to work on /opt/airflow/dags/my_dag.py
[2024-06-26 01:04:12,421] {scheduler_job.py:629} INFO - Processing file /opt/airflow/dags/my_dag.py for tasks to queue
[2024-06-26 01:04:12,452] {logging_mixin.py:104} INFO - [2024-06-26 01:04:12,451] {dagbag.py:451} INFO - Filling up the DagBag from /opt/airflow/dags/my_dag.py
[2024-06-26 01:04:12,529] {scheduler_job.py:641} WARNING - No viable dags retrieved from /opt/airflow/dags/my_dag.py
[2024-06-26 01:04:12,929] {scheduler_job.py:190} INFO - Processing /opt/airflow/dags/my_dag.py took 0.580 seconds
[2024-06-26 01:04:43,673] {scheduler_job.py:182} INFO - Started process (PID=2426) to work on /opt/airflow/dags/my_dag.py
[2024-06-26 01:04:43,681] {scheduler_job.py:629} INFO - Processing file /opt/airflow/dags/my_dag.py for tasks to queue
[2024-06-26 01:04:43,720] {logging_mixin.py:104} INFO - [2024-06-26 01:04:43,720] {dagbag.py:451} INFO - Filling up the DagBag from /opt/airflow/dags/my_dag.py
[2024-06-26 01:04:43,800] {scheduler_job.py:641} WARNING - No viable dags retrieved from /opt/airflow/dags/my_dag.py
[2024-06-26 01:04:43,945] {scheduler_job.py:190} INFO - Processing /opt/airflow/dags/my_dag.py took 0.313 seconds
[2024-06-26 01:06:15,628] {scheduler_job.py:182} INFO - Started process (PID=2454) to work on /opt/airflow/dags/my_dag.py
[2024-06-26 01:06:15,633] {scheduler_job.py:629} INFO - Processing file /opt/airflow/dags/my_dag.py for tasks to queue
[2024-06-26 01:06:15,636] {logging_mixin.py:104} INFO - [2024-06-26 01:06:15,635] {dagbag.py:451} INFO - Filling up the DagBag from /opt/airflow/dags/my_dag.py
[2024-06-26 01:06:15,681] {scheduler_job.py:641} WARNING - No viable dags retrieved from /opt/airflow/dags/my_dag.py
[2024-06-26 01:06:15,721] {scheduler_job.py:190} INFO - Processing /opt/airflow/dags/my_dag.py took 0.106 seconds
[2024-06-26 01:13:47,710] {scheduler_job.py:182} INFO - Started process (PID=34) to work on /opt/airflow/dags/my_dag.py
[2024-06-26 01:13:47,719] {scheduler_job.py:629} INFO - Processing file /opt/airflow/dags/my_dag.py for tasks to queue
[2024-06-26 01:13:47,732] {logging_mixin.py:104} INFO - [2024-06-26 01:13:47,732] {dagbag.py:451} INFO - Filling up the DagBag from /opt/airflow/dags/my_dag.py
[2024-06-26 01:13:47,759] {scheduler_job.py:641} WARNING - No viable dags retrieved from /opt/airflow/dags/my_dag.py
[2024-06-26 01:13:47,898] {scheduler_job.py:190} INFO - Processing /opt/airflow/dags/my_dag.py took 0.229 seconds
[2024-06-26 01:14:18,665] {scheduler_job.py:182} INFO - Started process (PID=61) to work on /opt/airflow/dags/my_dag.py
[2024-06-26 01:14:18,670] {scheduler_job.py:629} INFO - Processing file /opt/airflow/dags/my_dag.py for tasks to queue
[2024-06-26 01:14:18,688] {logging_mixin.py:104} INFO - [2024-06-26 01:14:18,688] {dagbag.py:451} INFO - Filling up the DagBag from /opt/airflow/dags/my_dag.py
[2024-06-26 01:14:18,702] {scheduler_job.py:641} WARNING - No viable dags retrieved from /opt/airflow/dags/my_dag.py
[2024-06-26 01:14:18,777] {scheduler_job.py:190} INFO - Processing /opt/airflow/dags/my_dag.py took 0.122 seconds
[2024-06-26 01:14:49,866] {scheduler_job.py:182} INFO - Started process (PID=90) to work on /opt/airflow/dags/my_dag.py
[2024-06-26 01:14:49,880] {scheduler_job.py:629} INFO - Processing file /opt/airflow/dags/my_dag.py for tasks to queue
[2024-06-26 01:14:49,886] {logging_mixin.py:104} INFO - [2024-06-26 01:14:49,886] {dagbag.py:451} INFO - Filling up the DagBag from /opt/airflow/dags/my_dag.py
[2024-06-26 01:14:49,919] {scheduler_job.py:641} WARNING - No viable dags retrieved from /opt/airflow/dags/my_dag.py
[2024-06-26 01:14:50,207] {scheduler_job.py:190} INFO - Processing /opt/airflow/dags/my_dag.py took 0.406 seconds
[2024-06-26 01:17:19,785] {scheduler_job.py:182} INFO - Started process (PID=133) to work on /opt/airflow/dags/my_dag.py
[2024-06-26 01:17:19,791] {scheduler_job.py:629} INFO - Processing file /opt/airflow/dags/my_dag.py for tasks to queue
[2024-06-26 01:17:19,796] {logging_mixin.py:104} INFO - [2024-06-26 01:17:19,796] {dagbag.py:451} INFO - Filling up the DagBag from /opt/airflow/dags/my_dag.py
[2024-06-26 01:17:19,813] {scheduler_job.py:641} WARNING - No viable dags retrieved from /opt/airflow/dags/my_dag.py
[2024-06-26 01:17:19,876] {scheduler_job.py:190} INFO - Processing /opt/airflow/dags/my_dag.py took 0.124 seconds
[2024-06-26 01:18:02,831] {scheduler_job.py:182} INFO - Started process (PID=158) to work on /opt/airflow/dags/my_dag.py
[2024-06-26 01:18:02,834] {scheduler_job.py:629} INFO - Processing file /opt/airflow/dags/my_dag.py for tasks to queue
[2024-06-26 01:18:02,843] {logging_mixin.py:104} INFO - [2024-06-26 01:18:02,839] {dagbag.py:451} INFO - Filling up the DagBag from /opt/airflow/dags/my_dag.py
[2024-06-26 01:18:02,880] {scheduler_job.py:641} WARNING - No viable dags retrieved from /opt/airflow/dags/my_dag.py
[2024-06-26 01:18:03,153] {scheduler_job.py:190} INFO - Processing /opt/airflow/dags/my_dag.py took 0.326 seconds
[2024-06-26 01:19:02,281] {scheduler_job.py:182} INFO - Started process (PID=184) to work on /opt/airflow/dags/my_dag.py
[2024-06-26 01:19:02,297] {scheduler_job.py:629} INFO - Processing file /opt/airflow/dags/my_dag.py for tasks to queue
[2024-06-26 01:19:02,304] {logging_mixin.py:104} INFO - [2024-06-26 01:19:02,304] {dagbag.py:451} INFO - Filling up the DagBag from /opt/airflow/dags/my_dag.py
[2024-06-26 01:19:02,522] {scheduler_job.py:641} WARNING - No viable dags retrieved from /opt/airflow/dags/my_dag.py
[2024-06-26 01:19:02,789] {scheduler_job.py:190} INFO - Processing /opt/airflow/dags/my_dag.py took 1.160 seconds
[2024-06-26 01:19:44,205] {scheduler_job.py:182} INFO - Started process (PID=215) to work on /opt/airflow/dags/my_dag.py
[2024-06-26 01:19:44,209] {scheduler_job.py:629} INFO - Processing file /opt/airflow/dags/my_dag.py for tasks to queue
[2024-06-26 01:19:44,212] {logging_mixin.py:104} INFO - [2024-06-26 01:19:44,211] {dagbag.py:451} INFO - Filling up the DagBag from /opt/airflow/dags/my_dag.py
[2024-06-26 01:19:44,246] {scheduler_job.py:641} WARNING - No viable dags retrieved from /opt/airflow/dags/my_dag.py
[2024-06-26 01:19:44,401] {scheduler_job.py:190} INFO - Processing /opt/airflow/dags/my_dag.py took 0.209 seconds
[2024-06-26 01:20:26,460] {scheduler_job.py:182} INFO - Started process (PID=241) to work on /opt/airflow/dags/my_dag.py
[2024-06-26 01:20:26,475] {scheduler_job.py:629} INFO - Processing file /opt/airflow/dags/my_dag.py for tasks to queue
[2024-06-26 01:20:26,479] {logging_mixin.py:104} INFO - [2024-06-26 01:20:26,479] {dagbag.py:451} INFO - Filling up the DagBag from /opt/airflow/dags/my_dag.py
[2024-06-26 01:20:26,517] {scheduler_job.py:641} WARNING - No viable dags retrieved from /opt/airflow/dags/my_dag.py
[2024-06-26 01:20:26,575] {scheduler_job.py:190} INFO - Processing /opt/airflow/dags/my_dag.py took 0.135 seconds
[2024-06-26 01:20:56,748] {scheduler_job.py:182} INFO - Started process (PID=267) to work on /opt/airflow/dags/my_dag.py
[2024-06-26 01:20:56,778] {scheduler_job.py:629} INFO - Processing file /opt/airflow/dags/my_dag.py for tasks to queue
[2024-06-26 01:20:56,793] {logging_mixin.py:104} INFO - [2024-06-26 01:20:56,792] {dagbag.py:451} INFO - Filling up the DagBag from /opt/airflow/dags/my_dag.py
[2024-06-26 01:20:56,820] {scheduler_job.py:641} WARNING - No viable dags retrieved from /opt/airflow/dags/my_dag.py
[2024-06-26 01:20:56,944] {scheduler_job.py:190} INFO - Processing /opt/airflow/dags/my_dag.py took 0.214 seconds
[2024-06-26 01:21:53,242] {scheduler_job.py:182} INFO - Started process (PID=300) to work on /opt/airflow/dags/my_dag.py
[2024-06-26 01:21:53,254] {scheduler_job.py:629} INFO - Processing file /opt/airflow/dags/my_dag.py for tasks to queue
[2024-06-26 01:21:53,266] {logging_mixin.py:104} INFO - [2024-06-26 01:21:53,265] {dagbag.py:451} INFO - Filling up the DagBag from /opt/airflow/dags/my_dag.py
[2024-06-26 01:21:53,292] {scheduler_job.py:641} WARNING - No viable dags retrieved from /opt/airflow/dags/my_dag.py
[2024-06-26 01:21:53,341] {scheduler_job.py:190} INFO - Processing /opt/airflow/dags/my_dag.py took 0.104 seconds
[2024-06-26 01:22:25,300] {scheduler_job.py:182} INFO - Started process (PID=325) to work on /opt/airflow/dags/my_dag.py
[2024-06-26 01:22:25,307] {scheduler_job.py:629} INFO - Processing file /opt/airflow/dags/my_dag.py for tasks to queue
[2024-06-26 01:22:25,320] {logging_mixin.py:104} INFO - [2024-06-26 01:22:25,319] {dagbag.py:451} INFO - Filling up the DagBag from /opt/airflow/dags/my_dag.py
[2024-06-26 01:22:25,382] {scheduler_job.py:641} WARNING - No viable dags retrieved from /opt/airflow/dags/my_dag.py
[2024-06-26 01:22:25,448] {scheduler_job.py:190} INFO - Processing /opt/airflow/dags/my_dag.py took 0.160 seconds
[2024-06-26 01:22:55,628] {scheduler_job.py:182} INFO - Started process (PID=351) to work on /opt/airflow/dags/my_dag.py
[2024-06-26 01:22:55,631] {scheduler_job.py:629} INFO - Processing file /opt/airflow/dags/my_dag.py for tasks to queue
[2024-06-26 01:22:55,633] {logging_mixin.py:104} INFO - [2024-06-26 01:22:55,632] {dagbag.py:451} INFO - Filling up the DagBag from /opt/airflow/dags/my_dag.py
[2024-06-26 01:22:55,641] {scheduler_job.py:641} WARNING - No viable dags retrieved from /opt/airflow/dags/my_dag.py
[2024-06-26 01:22:55,668] {scheduler_job.py:190} INFO - Processing /opt/airflow/dags/my_dag.py took 0.047 seconds
[2024-06-26 01:23:57,302] {scheduler_job.py:182} INFO - Started process (PID=384) to work on /opt/airflow/dags/my_dag.py
[2024-06-26 01:23:57,305] {scheduler_job.py:629} INFO - Processing file /opt/airflow/dags/my_dag.py for tasks to queue
[2024-06-26 01:23:57,310] {logging_mixin.py:104} INFO - [2024-06-26 01:23:57,308] {dagbag.py:451} INFO - Filling up the DagBag from /opt/airflow/dags/my_dag.py
[2024-06-26 01:23:57,330] {scheduler_job.py:641} WARNING - No viable dags retrieved from /opt/airflow/dags/my_dag.py
[2024-06-26 01:23:57,487] {scheduler_job.py:190} INFO - Processing /opt/airflow/dags/my_dag.py took 0.198 seconds
[2024-06-26 01:24:28,993] {scheduler_job.py:182} INFO - Started process (PID=409) to work on /opt/airflow/dags/my_dag.py
[2024-06-26 01:24:29,014] {scheduler_job.py:629} INFO - Processing file /opt/airflow/dags/my_dag.py for tasks to queue
[2024-06-26 01:24:29,021] {logging_mixin.py:104} INFO - [2024-06-26 01:24:29,021] {dagbag.py:451} INFO - Filling up the DagBag from /opt/airflow/dags/my_dag.py
[2024-06-26 01:24:29,064] {scheduler_job.py:641} WARNING - No viable dags retrieved from /opt/airflow/dags/my_dag.py
[2024-06-26 01:24:29,174] {scheduler_job.py:190} INFO - Processing /opt/airflow/dags/my_dag.py took 0.218 seconds
[2024-06-26 01:24:59,549] {scheduler_job.py:182} INFO - Started process (PID=435) to work on /opt/airflow/dags/my_dag.py
[2024-06-26 01:24:59,559] {scheduler_job.py:629} INFO - Processing file /opt/airflow/dags/my_dag.py for tasks to queue
[2024-06-26 01:24:59,564] {logging_mixin.py:104} INFO - [2024-06-26 01:24:59,564] {dagbag.py:451} INFO - Filling up the DagBag from /opt/airflow/dags/my_dag.py
[2024-06-26 01:24:59,576] {scheduler_job.py:641} WARNING - No viable dags retrieved from /opt/airflow/dags/my_dag.py
[2024-06-26 01:24:59,647] {scheduler_job.py:190} INFO - Processing /opt/airflow/dags/my_dag.py took 0.121 seconds
[2024-06-26 01:25:38,887] {scheduler_job.py:182} INFO - Started process (PID=463) to work on /opt/airflow/dags/my_dag.py
[2024-06-26 01:25:38,896] {scheduler_job.py:629} INFO - Processing file /opt/airflow/dags/my_dag.py for tasks to queue
[2024-06-26 01:25:38,900] {logging_mixin.py:104} INFO - [2024-06-26 01:25:38,899] {dagbag.py:451} INFO - Filling up the DagBag from /opt/airflow/dags/my_dag.py
[2024-06-26 01:25:38,920] {scheduler_job.py:641} WARNING - No viable dags retrieved from /opt/airflow/dags/my_dag.py
[2024-06-26 01:25:39,066] {scheduler_job.py:190} INFO - Processing /opt/airflow/dags/my_dag.py took 0.192 seconds
[2024-06-26 01:27:32,387] {scheduler_job.py:182} INFO - Started process (PID=487) to work on /opt/airflow/dags/my_dag.py
[2024-06-26 01:27:32,395] {scheduler_job.py:629} INFO - Processing file /opt/airflow/dags/my_dag.py for tasks to queue
[2024-06-26 01:27:32,399] {logging_mixin.py:104} INFO - [2024-06-26 01:27:32,399] {dagbag.py:451} INFO - Filling up the DagBag from /opt/airflow/dags/my_dag.py
[2024-06-26 01:27:32,423] {scheduler_job.py:641} WARNING - No viable dags retrieved from /opt/airflow/dags/my_dag.py
[2024-06-26 01:27:32,536] {scheduler_job.py:190} INFO - Processing /opt/airflow/dags/my_dag.py took 0.164 seconds
[2024-06-26 01:28:03,378] {scheduler_job.py:182} INFO - Started process (PID=514) to work on /opt/airflow/dags/my_dag.py
[2024-06-26 01:28:03,383] {scheduler_job.py:629} INFO - Processing file /opt/airflow/dags/my_dag.py for tasks to queue
[2024-06-26 01:28:03,392] {logging_mixin.py:104} INFO - [2024-06-26 01:28:03,390] {dagbag.py:451} INFO - Filling up the DagBag from /opt/airflow/dags/my_dag.py
[2024-06-26 01:28:03,409] {scheduler_job.py:641} WARNING - No viable dags retrieved from /opt/airflow/dags/my_dag.py
[2024-06-26 01:28:03,510] {scheduler_job.py:190} INFO - Processing /opt/airflow/dags/my_dag.py took 0.196 seconds
[2024-06-26 01:28:39,403] {scheduler_job.py:182} INFO - Started process (PID=543) to work on /opt/airflow/dags/my_dag.py
[2024-06-26 01:28:39,433] {scheduler_job.py:629} INFO - Processing file /opt/airflow/dags/my_dag.py for tasks to queue
[2024-06-26 01:28:39,436] {logging_mixin.py:104} INFO - [2024-06-26 01:28:39,434] {dagbag.py:451} INFO - Filling up the DagBag from /opt/airflow/dags/my_dag.py
[2024-06-26 01:28:39,474] {scheduler_job.py:641} WARNING - No viable dags retrieved from /opt/airflow/dags/my_dag.py
[2024-06-26 01:28:39,543] {scheduler_job.py:190} INFO - Processing /opt/airflow/dags/my_dag.py took 0.163 seconds
[2024-06-26 01:29:17,839] {scheduler_job.py:182} INFO - Started process (PID=571) to work on /opt/airflow/dags/my_dag.py
[2024-06-26 01:29:17,844] {scheduler_job.py:629} INFO - Processing file /opt/airflow/dags/my_dag.py for tasks to queue
[2024-06-26 01:29:17,846] {logging_mixin.py:104} INFO - [2024-06-26 01:29:17,846] {dagbag.py:451} INFO - Filling up the DagBag from /opt/airflow/dags/my_dag.py
[2024-06-26 01:29:17,874] {scheduler_job.py:641} WARNING - No viable dags retrieved from /opt/airflow/dags/my_dag.py
[2024-06-26 01:29:17,933] {scheduler_job.py:190} INFO - Processing /opt/airflow/dags/my_dag.py took 0.102 seconds
[2024-06-26 01:29:48,109] {scheduler_job.py:182} INFO - Started process (PID=596) to work on /opt/airflow/dags/my_dag.py
[2024-06-26 01:29:48,114] {scheduler_job.py:629} INFO - Processing file /opt/airflow/dags/my_dag.py for tasks to queue
[2024-06-26 01:29:48,116] {logging_mixin.py:104} INFO - [2024-06-26 01:29:48,115] {dagbag.py:451} INFO - Filling up the DagBag from /opt/airflow/dags/my_dag.py
[2024-06-26 01:29:48,132] {scheduler_job.py:641} WARNING - No viable dags retrieved from /opt/airflow/dags/my_dag.py
[2024-06-26 01:29:48,173] {scheduler_job.py:190} INFO - Processing /opt/airflow/dags/my_dag.py took 0.076 seconds
[2024-06-26 01:31:15,196] {scheduler_job.py:182} INFO - Started process (PID=626) to work on /opt/airflow/dags/my_dag.py
[2024-06-26 01:31:15,212] {scheduler_job.py:629} INFO - Processing file /opt/airflow/dags/my_dag.py for tasks to queue
[2024-06-26 01:31:15,219] {logging_mixin.py:104} INFO - [2024-06-26 01:31:15,219] {dagbag.py:451} INFO - Filling up the DagBag from /opt/airflow/dags/my_dag.py
[2024-06-26 01:31:15,284] {scheduler_job.py:641} WARNING - No viable dags retrieved from /opt/airflow/dags/my_dag.py
[2024-06-26 01:31:15,314] {scheduler_job.py:190} INFO - Processing /opt/airflow/dags/my_dag.py took 0.127 seconds
[2024-06-26 01:31:46,128] {scheduler_job.py:182} INFO - Started process (PID=652) to work on /opt/airflow/dags/my_dag.py
[2024-06-26 01:31:46,135] {scheduler_job.py:629} INFO - Processing file /opt/airflow/dags/my_dag.py for tasks to queue
[2024-06-26 01:31:46,137] {logging_mixin.py:104} INFO - [2024-06-26 01:31:46,136] {dagbag.py:451} INFO - Filling up the DagBag from /opt/airflow/dags/my_dag.py
[2024-06-26 01:31:46,151] {scheduler_job.py:641} WARNING - No viable dags retrieved from /opt/airflow/dags/my_dag.py
[2024-06-26 01:31:46,262] {scheduler_job.py:190} INFO - Processing /opt/airflow/dags/my_dag.py took 0.141 seconds
[2024-06-26 01:32:17,758] {scheduler_job.py:182} INFO - Started process (PID=678) to work on /opt/airflow/dags/my_dag.py
[2024-06-26 01:32:17,762] {scheduler_job.py:629} INFO - Processing file /opt/airflow/dags/my_dag.py for tasks to queue
[2024-06-26 01:32:17,769] {logging_mixin.py:104} INFO - [2024-06-26 01:32:17,769] {dagbag.py:451} INFO - Filling up the DagBag from /opt/airflow/dags/my_dag.py
[2024-06-26 01:32:17,789] {scheduler_job.py:641} WARNING - No viable dags retrieved from /opt/airflow/dags/my_dag.py
[2024-06-26 01:32:17,870] {scheduler_job.py:190} INFO - Processing /opt/airflow/dags/my_dag.py took 0.164 seconds
[2024-06-26 01:34:19,966] {scheduler_job.py:182} INFO - Started process (PID=704) to work on /opt/airflow/dags/my_dag.py
[2024-06-26 01:34:19,993] {scheduler_job.py:629} INFO - Processing file /opt/airflow/dags/my_dag.py for tasks to queue
[2024-06-26 01:34:20,029] {logging_mixin.py:104} INFO - [2024-06-26 01:34:20,029] {dagbag.py:451} INFO - Filling up the DagBag from /opt/airflow/dags/my_dag.py
[2024-06-26 01:34:20,501] {scheduler_job.py:641} WARNING - No viable dags retrieved from /opt/airflow/dags/my_dag.py
[2024-06-26 01:34:20,967] {scheduler_job.py:190} INFO - Processing /opt/airflow/dags/my_dag.py took 1.045 seconds
[2024-06-26 01:34:51,456] {scheduler_job.py:182} INFO - Started process (PID=731) to work on /opt/airflow/dags/my_dag.py
[2024-06-26 01:34:51,481] {scheduler_job.py:629} INFO - Processing file /opt/airflow/dags/my_dag.py for tasks to queue
[2024-06-26 01:34:51,524] {logging_mixin.py:104} INFO - [2024-06-26 01:34:51,497] {dagbag.py:451} INFO - Filling up the DagBag from /opt/airflow/dags/my_dag.py
[2024-06-26 01:34:51,818] {scheduler_job.py:641} WARNING - No viable dags retrieved from /opt/airflow/dags/my_dag.py
[2024-06-26 01:34:51,933] {scheduler_job.py:190} INFO - Processing /opt/airflow/dags/my_dag.py took 0.515 seconds
[2024-06-26 01:36:42,460] {scheduler_job.py:182} INFO - Started process (PID=765) to work on /opt/airflow/dags/my_dag.py
[2024-06-26 01:36:42,466] {scheduler_job.py:629} INFO - Processing file /opt/airflow/dags/my_dag.py for tasks to queue
[2024-06-26 01:36:42,470] {logging_mixin.py:104} INFO - [2024-06-26 01:36:42,470] {dagbag.py:451} INFO - Filling up the DagBag from /opt/airflow/dags/my_dag.py
[2024-06-26 01:36:42,496] {scheduler_job.py:641} WARNING - No viable dags retrieved from /opt/airflow/dags/my_dag.py
[2024-06-26 01:36:42,549] {scheduler_job.py:190} INFO - Processing /opt/airflow/dags/my_dag.py took 0.100 seconds
[2024-06-26 01:39:22,365] {scheduler_job.py:182} INFO - Started process (PID=799) to work on /opt/airflow/dags/my_dag.py
[2024-06-26 01:39:22,376] {scheduler_job.py:629} INFO - Processing file /opt/airflow/dags/my_dag.py for tasks to queue
[2024-06-26 01:39:22,378] {logging_mixin.py:104} INFO - [2024-06-26 01:39:22,378] {dagbag.py:451} INFO - Filling up the DagBag from /opt/airflow/dags/my_dag.py
[2024-06-26 01:39:22,404] {scheduler_job.py:641} WARNING - No viable dags retrieved from /opt/airflow/dags/my_dag.py
[2024-06-26 01:39:22,456] {scheduler_job.py:190} INFO - Processing /opt/airflow/dags/my_dag.py took 0.104 seconds
[2024-06-26 01:41:17,782] {scheduler_job.py:182} INFO - Started process (PID=843) to work on /opt/airflow/dags/my_dag.py
[2024-06-26 01:41:17,786] {scheduler_job.py:629} INFO - Processing file /opt/airflow/dags/my_dag.py for tasks to queue
[2024-06-26 01:41:17,789] {logging_mixin.py:104} INFO - [2024-06-26 01:41:17,789] {dagbag.py:451} INFO - Filling up the DagBag from /opt/airflow/dags/my_dag.py
[2024-06-26 01:41:17,808] {scheduler_job.py:641} WARNING - No viable dags retrieved from /opt/airflow/dags/my_dag.py
[2024-06-26 01:41:17,848] {scheduler_job.py:190} INFO - Processing /opt/airflow/dags/my_dag.py took 0.091 seconds
[2024-06-26 01:43:34,674] {scheduler_job.py:182} INFO - Started process (PID=884) to work on /opt/airflow/dags/my_dag.py
[2024-06-26 01:43:34,694] {scheduler_job.py:629} INFO - Processing file /opt/airflow/dags/my_dag.py for tasks to queue
[2024-06-26 01:43:34,705] {logging_mixin.py:104} INFO - [2024-06-26 01:43:34,697] {dagbag.py:451} INFO - Filling up the DagBag from /opt/airflow/dags/my_dag.py
[2024-06-26 01:43:34,727] {scheduler_job.py:641} WARNING - No viable dags retrieved from /opt/airflow/dags/my_dag.py
[2024-06-26 01:43:34,958] {scheduler_job.py:190} INFO - Processing /opt/airflow/dags/my_dag.py took 0.320 seconds
[2024-06-26 01:44:28,133] {scheduler_job.py:182} INFO - Started process (PID=907) to work on /opt/airflow/dags/my_dag.py
[2024-06-26 01:44:28,188] {scheduler_job.py:629} INFO - Processing file /opt/airflow/dags/my_dag.py for tasks to queue
[2024-06-26 01:44:28,192] {logging_mixin.py:104} INFO - [2024-06-26 01:44:28,191] {dagbag.py:451} INFO - Filling up the DagBag from /opt/airflow/dags/my_dag.py
[2024-06-26 01:44:28,271] {scheduler_job.py:641} WARNING - No viable dags retrieved from /opt/airflow/dags/my_dag.py
[2024-06-26 01:44:28,335] {scheduler_job.py:190} INFO - Processing /opt/airflow/dags/my_dag.py took 0.245 seconds
[2024-06-26 01:46:30,662] {scheduler_job.py:182} INFO - Started process (PID=954) to work on /opt/airflow/dags/my_dag.py
[2024-06-26 01:46:30,668] {scheduler_job.py:629} INFO - Processing file /opt/airflow/dags/my_dag.py for tasks to queue
[2024-06-26 01:46:30,672] {logging_mixin.py:104} INFO - [2024-06-26 01:46:30,672] {dagbag.py:451} INFO - Filling up the DagBag from /opt/airflow/dags/my_dag.py
[2024-06-26 01:46:30,704] {scheduler_job.py:641} WARNING - No viable dags retrieved from /opt/airflow/dags/my_dag.py
[2024-06-26 01:46:30,890] {scheduler_job.py:190} INFO - Processing /opt/airflow/dags/my_dag.py took 0.238 seconds
[2024-06-26 01:47:13,535] {scheduler_job.py:182} INFO - Started process (PID=981) to work on /opt/airflow/dags/my_dag.py
[2024-06-26 01:47:13,537] {scheduler_job.py:629} INFO - Processing file /opt/airflow/dags/my_dag.py for tasks to queue
[2024-06-26 01:47:13,539] {logging_mixin.py:104} INFO - [2024-06-26 01:47:13,539] {dagbag.py:451} INFO - Filling up the DagBag from /opt/airflow/dags/my_dag.py
[2024-06-26 01:47:13,551] {scheduler_job.py:641} WARNING - No viable dags retrieved from /opt/airflow/dags/my_dag.py
[2024-06-26 01:47:13,605] {scheduler_job.py:190} INFO - Processing /opt/airflow/dags/my_dag.py took 0.079 seconds
[2024-06-26 01:48:31,674] {scheduler_job.py:182} INFO - Started process (PID=1009) to work on /opt/airflow/dags/my_dag.py
[2024-06-26 01:48:31,678] {scheduler_job.py:629} INFO - Processing file /opt/airflow/dags/my_dag.py for tasks to queue
[2024-06-26 01:48:31,680] {logging_mixin.py:104} INFO - [2024-06-26 01:48:31,680] {dagbag.py:451} INFO - Filling up the DagBag from /opt/airflow/dags/my_dag.py
[2024-06-26 01:48:31,696] {scheduler_job.py:641} WARNING - No viable dags retrieved from /opt/airflow/dags/my_dag.py
[2024-06-26 01:48:31,755] {scheduler_job.py:190} INFO - Processing /opt/airflow/dags/my_dag.py took 0.089 seconds
[2024-06-26 02:06:25,498] {scheduler_job.py:182} INFO - Started process (PID=32) to work on /opt/airflow/dags/my_dag.py
[2024-06-26 02:06:25,521] {scheduler_job.py:629} INFO - Processing file /opt/airflow/dags/my_dag.py for tasks to queue
[2024-06-26 02:06:25,529] {logging_mixin.py:104} INFO - [2024-06-26 02:06:25,529] {dagbag.py:451} INFO - Filling up the DagBag from /opt/airflow/dags/my_dag.py
[2024-06-26 02:06:25,547] {scheduler_job.py:641} WARNING - No viable dags retrieved from /opt/airflow/dags/my_dag.py
[2024-06-26 02:06:25,687] {scheduler_job.py:190} INFO - Processing /opt/airflow/dags/my_dag.py took 0.202 seconds
[2024-06-26 02:06:56,305] {scheduler_job.py:182} INFO - Started process (PID=59) to work on /opt/airflow/dags/my_dag.py
[2024-06-26 02:06:56,321] {scheduler_job.py:629} INFO - Processing file /opt/airflow/dags/my_dag.py for tasks to queue
[2024-06-26 02:06:56,341] {logging_mixin.py:104} INFO - [2024-06-26 02:06:56,340] {dagbag.py:451} INFO - Filling up the DagBag from /opt/airflow/dags/my_dag.py
[2024-06-26 02:06:56,393] {scheduler_job.py:641} WARNING - No viable dags retrieved from /opt/airflow/dags/my_dag.py
[2024-06-26 02:06:56,516] {scheduler_job.py:190} INFO - Processing /opt/airflow/dags/my_dag.py took 0.234 seconds
[2024-06-26 02:07:32,881] {scheduler_job.py:182} INFO - Started process (PID=86) to work on /opt/airflow/dags/my_dag.py
[2024-06-26 02:07:32,942] {scheduler_job.py:629} INFO - Processing file /opt/airflow/dags/my_dag.py for tasks to queue
[2024-06-26 02:07:32,962] {logging_mixin.py:104} INFO - [2024-06-26 02:07:32,962] {dagbag.py:451} INFO - Filling up the DagBag from /opt/airflow/dags/my_dag.py
[2024-06-26 02:07:33,150] {scheduler_job.py:641} WARNING - No viable dags retrieved from /opt/airflow/dags/my_dag.py
[2024-06-26 02:07:33,620] {scheduler_job.py:190} INFO - Processing /opt/airflow/dags/my_dag.py took 0.836 seconds
[2024-06-26 02:08:22,219] {scheduler_job.py:182} INFO - Started process (PID=119) to work on /opt/airflow/dags/my_dag.py
[2024-06-26 02:08:22,235] {scheduler_job.py:629} INFO - Processing file /opt/airflow/dags/my_dag.py for tasks to queue
[2024-06-26 02:08:22,240] {logging_mixin.py:104} INFO - [2024-06-26 02:08:22,240] {dagbag.py:451} INFO - Filling up the DagBag from /opt/airflow/dags/my_dag.py
[2024-06-26 02:08:22,253] {scheduler_job.py:641} WARNING - No viable dags retrieved from /opt/airflow/dags/my_dag.py
[2024-06-26 02:08:22,329] {scheduler_job.py:190} INFO - Processing /opt/airflow/dags/my_dag.py took 0.146 seconds
[2024-06-26 02:10:23,693] {scheduler_job.py:182} INFO - Started process (PID=154) to work on /opt/airflow/dags/my_dag.py
[2024-06-26 02:10:23,708] {scheduler_job.py:629} INFO - Processing file /opt/airflow/dags/my_dag.py for tasks to queue
[2024-06-26 02:10:23,718] {logging_mixin.py:104} INFO - [2024-06-26 02:10:23,718] {dagbag.py:451} INFO - Filling up the DagBag from /opt/airflow/dags/my_dag.py
[2024-06-26 02:10:23,743] {scheduler_job.py:641} WARNING - No viable dags retrieved from /opt/airflow/dags/my_dag.py
[2024-06-26 02:10:23,849] {scheduler_job.py:190} INFO - Processing /opt/airflow/dags/my_dag.py took 0.180 seconds
[2024-06-26 02:11:06,764] {scheduler_job.py:182} INFO - Started process (PID=182) to work on /opt/airflow/dags/my_dag.py
[2024-06-26 02:11:06,769] {scheduler_job.py:629} INFO - Processing file /opt/airflow/dags/my_dag.py for tasks to queue
[2024-06-26 02:11:06,775] {logging_mixin.py:104} INFO - [2024-06-26 02:11:06,775] {dagbag.py:451} INFO - Filling up the DagBag from /opt/airflow/dags/my_dag.py
[2024-06-26 02:11:06,855] {scheduler_job.py:641} WARNING - No viable dags retrieved from /opt/airflow/dags/my_dag.py
[2024-06-26 02:11:07,168] {scheduler_job.py:190} INFO - Processing /opt/airflow/dags/my_dag.py took 0.427 seconds
[2024-06-26 02:12:00,947] {scheduler_job.py:182} INFO - Started process (PID=214) to work on /opt/airflow/dags/my_dag.py
[2024-06-26 02:12:00,964] {scheduler_job.py:629} INFO - Processing file /opt/airflow/dags/my_dag.py for tasks to queue
[2024-06-26 02:12:00,985] {logging_mixin.py:104} INFO - [2024-06-26 02:12:00,984] {dagbag.py:451} INFO - Filling up the DagBag from /opt/airflow/dags/my_dag.py
[2024-06-26 02:12:01,030] {scheduler_job.py:641} WARNING - No viable dags retrieved from /opt/airflow/dags/my_dag.py
[2024-06-26 02:12:01,171] {scheduler_job.py:190} INFO - Processing /opt/airflow/dags/my_dag.py took 0.266 seconds
[2024-06-26 02:12:34,125] {scheduler_job.py:182} INFO - Started process (PID=242) to work on /opt/airflow/dags/my_dag.py
[2024-06-26 02:12:34,140] {scheduler_job.py:629} INFO - Processing file /opt/airflow/dags/my_dag.py for tasks to queue
[2024-06-26 02:12:34,184] {logging_mixin.py:104} INFO - [2024-06-26 02:12:34,184] {dagbag.py:451} INFO - Filling up the DagBag from /opt/airflow/dags/my_dag.py
[2024-06-26 02:12:34,268] {scheduler_job.py:641} WARNING - No viable dags retrieved from /opt/airflow/dags/my_dag.py
[2024-06-26 02:12:35,521] {scheduler_job.py:190} INFO - Processing /opt/airflow/dags/my_dag.py took 1.505 seconds
[2024-06-26 02:13:07,112] {scheduler_job.py:182} INFO - Started process (PID=270) to work on /opt/airflow/dags/my_dag.py
[2024-06-26 02:13:07,154] {scheduler_job.py:629} INFO - Processing file /opt/airflow/dags/my_dag.py for tasks to queue
[2024-06-26 02:13:07,199] {logging_mixin.py:104} INFO - [2024-06-26 02:13:07,166] {dagbag.py:451} INFO - Filling up the DagBag from /opt/airflow/dags/my_dag.py
[2024-06-26 02:13:07,245] {scheduler_job.py:641} WARNING - No viable dags retrieved from /opt/airflow/dags/my_dag.py
[2024-06-26 02:13:08,046] {scheduler_job.py:190} INFO - Processing /opt/airflow/dags/my_dag.py took 1.013 seconds
[2024-06-26 02:15:59,490] {scheduler_job.py:182} INFO - Started process (PID=301) to work on /opt/airflow/dags/my_dag.py
[2024-06-26 02:15:59,493] {scheduler_job.py:629} INFO - Processing file /opt/airflow/dags/my_dag.py for tasks to queue
[2024-06-26 02:15:59,507] {logging_mixin.py:104} INFO - [2024-06-26 02:15:59,506] {dagbag.py:451} INFO - Filling up the DagBag from /opt/airflow/dags/my_dag.py
[2024-06-26 02:15:59,562] {scheduler_job.py:641} WARNING - No viable dags retrieved from /opt/airflow/dags/my_dag.py
[2024-06-26 02:16:00,267] {scheduler_job.py:190} INFO - Processing /opt/airflow/dags/my_dag.py took 0.806 seconds
[2024-06-26 02:17:32,407] {scheduler_job.py:182} INFO - Started process (PID=320) to work on /opt/airflow/dags/my_dag.py
[2024-06-26 02:17:32,422] {scheduler_job.py:629} INFO - Processing file /opt/airflow/dags/my_dag.py for tasks to queue
[2024-06-26 02:17:32,432] {logging_mixin.py:104} INFO - [2024-06-26 02:17:32,432] {dagbag.py:451} INFO - Filling up the DagBag from /opt/airflow/dags/my_dag.py
[2024-06-26 02:17:32,481] {scheduler_job.py:641} WARNING - No viable dags retrieved from /opt/airflow/dags/my_dag.py
[2024-06-26 02:17:32,633] {scheduler_job.py:190} INFO - Processing /opt/airflow/dags/my_dag.py took 0.251 seconds
[2024-06-26 02:19:57,587] {scheduler_job.py:182} INFO - Started process (PID=370) to work on /opt/airflow/dags/my_dag.py
[2024-06-26 02:19:57,594] {scheduler_job.py:629} INFO - Processing file /opt/airflow/dags/my_dag.py for tasks to queue
[2024-06-26 02:19:57,605] {logging_mixin.py:104} INFO - [2024-06-26 02:19:57,605] {dagbag.py:451} INFO - Filling up the DagBag from /opt/airflow/dags/my_dag.py
[2024-06-26 02:19:57,621] {scheduler_job.py:641} WARNING - No viable dags retrieved from /opt/airflow/dags/my_dag.py
[2024-06-26 02:19:57,686] {scheduler_job.py:190} INFO - Processing /opt/airflow/dags/my_dag.py took 0.118 seconds
[2024-06-26 02:22:29,178] {scheduler_job.py:182} INFO - Started process (PID=401) to work on /opt/airflow/dags/my_dag.py
[2024-06-26 02:22:29,202] {scheduler_job.py:629} INFO - Processing file /opt/airflow/dags/my_dag.py for tasks to queue
[2024-06-26 02:22:29,209] {logging_mixin.py:104} INFO - [2024-06-26 02:22:29,208] {dagbag.py:451} INFO - Filling up the DagBag from /opt/airflow/dags/my_dag.py
[2024-06-26 02:22:29,266] {scheduler_job.py:641} WARNING - No viable dags retrieved from /opt/airflow/dags/my_dag.py
[2024-06-26 02:22:30,701] {scheduler_job.py:190} INFO - Processing /opt/airflow/dags/my_dag.py took 1.545 seconds
[2024-06-26 02:24:53,025] {scheduler_job.py:182} INFO - Started process (PID=432) to work on /opt/airflow/dags/my_dag.py
[2024-06-26 02:24:53,085] {scheduler_job.py:629} INFO - Processing file /opt/airflow/dags/my_dag.py for tasks to queue
[2024-06-26 02:24:53,092] {logging_mixin.py:104} INFO - [2024-06-26 02:24:53,091] {dagbag.py:451} INFO - Filling up the DagBag from /opt/airflow/dags/my_dag.py
[2024-06-26 02:24:53,144] {scheduler_job.py:641} WARNING - No viable dags retrieved from /opt/airflow/dags/my_dag.py
[2024-06-26 02:24:53,181] {scheduler_job.py:190} INFO - Processing /opt/airflow/dags/my_dag.py took 0.175 seconds
[2024-06-26 02:27:15,134] {scheduler_job.py:182} INFO - Started process (PID=463) to work on /opt/airflow/dags/my_dag.py
[2024-06-26 02:27:15,154] {scheduler_job.py:629} INFO - Processing file /opt/airflow/dags/my_dag.py for tasks to queue
[2024-06-26 02:27:15,171] {logging_mixin.py:104} INFO - [2024-06-26 02:27:15,159] {dagbag.py:451} INFO - Filling up the DagBag from /opt/airflow/dags/my_dag.py
[2024-06-26 02:27:15,186] {scheduler_job.py:641} WARNING - No viable dags retrieved from /opt/airflow/dags/my_dag.py
[2024-06-26 02:27:15,307] {scheduler_job.py:190} INFO - Processing /opt/airflow/dags/my_dag.py took 0.206 seconds
[2024-06-26 02:27:47,421] {scheduler_job.py:182} INFO - Started process (PID=491) to work on /opt/airflow/dags/my_dag.py
[2024-06-26 02:27:47,432] {scheduler_job.py:629} INFO - Processing file /opt/airflow/dags/my_dag.py for tasks to queue
[2024-06-26 02:27:47,437] {logging_mixin.py:104} INFO - [2024-06-26 02:27:47,436] {dagbag.py:451} INFO - Filling up the DagBag from /opt/airflow/dags/my_dag.py
[2024-06-26 02:27:47,468] {scheduler_job.py:641} WARNING - No viable dags retrieved from /opt/airflow/dags/my_dag.py
[2024-06-26 02:27:47,547] {scheduler_job.py:190} INFO - Processing /opt/airflow/dags/my_dag.py took 0.144 seconds
[2024-06-26 02:29:32,482] {scheduler_job.py:182} INFO - Started process (PID=529) to work on /opt/airflow/dags/my_dag.py
[2024-06-26 02:29:32,485] {scheduler_job.py:629} INFO - Processing file /opt/airflow/dags/my_dag.py for tasks to queue
[2024-06-26 02:29:32,487] {logging_mixin.py:104} INFO - [2024-06-26 02:29:32,487] {dagbag.py:451} INFO - Filling up the DagBag from /opt/airflow/dags/my_dag.py
[2024-06-26 02:29:32,505] {scheduler_job.py:641} WARNING - No viable dags retrieved from /opt/airflow/dags/my_dag.py
[2024-06-26 02:29:32,590] {scheduler_job.py:190} INFO - Processing /opt/airflow/dags/my_dag.py took 0.117 seconds
[2024-06-26 02:30:04,432] {scheduler_job.py:182} INFO - Started process (PID=557) to work on /opt/airflow/dags/my_dag.py
[2024-06-26 02:30:04,438] {scheduler_job.py:629} INFO - Processing file /opt/airflow/dags/my_dag.py for tasks to queue
[2024-06-26 02:30:04,443] {logging_mixin.py:104} INFO - [2024-06-26 02:30:04,443] {dagbag.py:451} INFO - Filling up the DagBag from /opt/airflow/dags/my_dag.py
[2024-06-26 02:30:04,454] {scheduler_job.py:641} WARNING - No viable dags retrieved from /opt/airflow/dags/my_dag.py
[2024-06-26 02:30:04,522] {scheduler_job.py:190} INFO - Processing /opt/airflow/dags/my_dag.py took 0.097 seconds
[2024-06-26 04:30:06,183] {scheduler_job.py:182} INFO - Started process (PID=580) to work on /opt/airflow/dags/my_dag.py
[2024-06-26 04:30:06,195] {scheduler_job.py:629} INFO - Processing file /opt/airflow/dags/my_dag.py for tasks to queue
[2024-06-26 04:30:06,201] {logging_mixin.py:104} INFO - [2024-06-26 04:30:06,201] {dagbag.py:451} INFO - Filling up the DagBag from /opt/airflow/dags/my_dag.py
[2024-06-26 04:30:06,216] {scheduler_job.py:641} WARNING - No viable dags retrieved from /opt/airflow/dags/my_dag.py
[2024-06-26 04:30:06,305] {scheduler_job.py:190} INFO - Processing /opt/airflow/dags/my_dag.py took 0.139 seconds
[2024-06-26 04:36:08,037] {scheduler_job.py:182} INFO - Started process (PID=609) to work on /opt/airflow/dags/my_dag.py
[2024-06-26 04:36:08,060] {scheduler_job.py:629} INFO - Processing file /opt/airflow/dags/my_dag.py for tasks to queue
[2024-06-26 04:36:08,064] {logging_mixin.py:104} INFO - [2024-06-26 04:36:08,064] {dagbag.py:451} INFO - Filling up the DagBag from /opt/airflow/dags/my_dag.py
[2024-06-26 04:36:08,103] {scheduler_job.py:641} WARNING - No viable dags retrieved from /opt/airflow/dags/my_dag.py
[2024-06-26 04:36:08,261] {scheduler_job.py:190} INFO - Processing /opt/airflow/dags/my_dag.py took 0.429 seconds
[2024-06-26 06:37:29,709] {scheduler_job.py:182} INFO - Started process (PID=637) to work on /opt/airflow/dags/my_dag.py
[2024-06-26 06:37:29,725] {scheduler_job.py:629} INFO - Processing file /opt/airflow/dags/my_dag.py for tasks to queue
[2024-06-26 06:37:29,727] {logging_mixin.py:104} INFO - [2024-06-26 06:37:29,727] {dagbag.py:451} INFO - Filling up the DagBag from /opt/airflow/dags/my_dag.py
[2024-06-26 06:37:29,775] {scheduler_job.py:641} WARNING - No viable dags retrieved from /opt/airflow/dags/my_dag.py
[2024-06-26 06:37:29,870] {scheduler_job.py:190} INFO - Processing /opt/airflow/dags/my_dag.py took 0.178 seconds
[2024-06-26 06:38:20,971] {scheduler_job.py:182} INFO - Started process (PID=671) to work on /opt/airflow/dags/my_dag.py
[2024-06-26 06:38:20,976] {scheduler_job.py:629} INFO - Processing file /opt/airflow/dags/my_dag.py for tasks to queue
[2024-06-26 06:38:20,979] {logging_mixin.py:104} INFO - [2024-06-26 06:38:20,979] {dagbag.py:451} INFO - Filling up the DagBag from /opt/airflow/dags/my_dag.py
[2024-06-26 06:38:21,002] {scheduler_job.py:641} WARNING - No viable dags retrieved from /opt/airflow/dags/my_dag.py
[2024-06-26 06:38:21,102] {scheduler_job.py:190} INFO - Processing /opt/airflow/dags/my_dag.py took 0.171 seconds
[2024-06-26 06:38:52,479] {scheduler_job.py:182} INFO - Started process (PID=698) to work on /opt/airflow/dags/my_dag.py
[2024-06-26 06:38:52,503] {scheduler_job.py:629} INFO - Processing file /opt/airflow/dags/my_dag.py for tasks to queue
[2024-06-26 06:38:52,505] {logging_mixin.py:104} INFO - [2024-06-26 06:38:52,504] {dagbag.py:451} INFO - Filling up the DagBag from /opt/airflow/dags/my_dag.py
[2024-06-26 06:38:52,614] {scheduler_job.py:641} WARNING - No viable dags retrieved from /opt/airflow/dags/my_dag.py
[2024-06-26 06:38:52,793] {scheduler_job.py:190} INFO - Processing /opt/airflow/dags/my_dag.py took 0.370 seconds
[2024-06-26 06:39:27,534] {scheduler_job.py:182} INFO - Started process (PID=726) to work on /opt/airflow/dags/my_dag.py
[2024-06-26 06:39:27,565] {scheduler_job.py:629} INFO - Processing file /opt/airflow/dags/my_dag.py for tasks to queue
[2024-06-26 06:39:27,575] {logging_mixin.py:104} INFO - [2024-06-26 06:39:27,574] {dagbag.py:451} INFO - Filling up the DagBag from /opt/airflow/dags/my_dag.py
[2024-06-26 06:39:27,617] {scheduler_job.py:641} WARNING - No viable dags retrieved from /opt/airflow/dags/my_dag.py
[2024-06-26 06:39:28,025] {scheduler_job.py:190} INFO - Processing /opt/airflow/dags/my_dag.py took 0.597 seconds
[2024-06-26 06:39:58,383] {scheduler_job.py:182} INFO - Started process (PID=754) to work on /opt/airflow/dags/my_dag.py
[2024-06-26 06:39:58,386] {scheduler_job.py:629} INFO - Processing file /opt/airflow/dags/my_dag.py for tasks to queue
[2024-06-26 06:39:58,391] {logging_mixin.py:104} INFO - [2024-06-26 06:39:58,391] {dagbag.py:451} INFO - Filling up the DagBag from /opt/airflow/dags/my_dag.py
[2024-06-26 06:39:58,416] {scheduler_job.py:641} WARNING - No viable dags retrieved from /opt/airflow/dags/my_dag.py
[2024-06-26 06:39:58,504] {scheduler_job.py:190} INFO - Processing /opt/airflow/dags/my_dag.py took 0.136 seconds
[2024-06-26 06:40:35,556] {scheduler_job.py:182} INFO - Started process (PID=782) to work on /opt/airflow/dags/my_dag.py
[2024-06-26 06:40:35,566] {scheduler_job.py:629} INFO - Processing file /opt/airflow/dags/my_dag.py for tasks to queue
[2024-06-26 06:40:35,578] {logging_mixin.py:104} INFO - [2024-06-26 06:40:35,577] {dagbag.py:451} INFO - Filling up the DagBag from /opt/airflow/dags/my_dag.py
[2024-06-26 06:40:35,631] {scheduler_job.py:641} WARNING - No viable dags retrieved from /opt/airflow/dags/my_dag.py
[2024-06-26 06:40:35,784] {scheduler_job.py:190} INFO - Processing /opt/airflow/dags/my_dag.py took 0.245 seconds
[2024-06-26 06:41:20,925] {scheduler_job.py:182} INFO - Started process (PID=810) to work on /opt/airflow/dags/my_dag.py
[2024-06-26 06:41:20,971] {scheduler_job.py:629} INFO - Processing file /opt/airflow/dags/my_dag.py for tasks to queue
[2024-06-26 06:41:20,996] {logging_mixin.py:104} INFO - [2024-06-26 06:41:20,996] {dagbag.py:451} INFO - Filling up the DagBag from /opt/airflow/dags/my_dag.py
[2024-06-26 06:41:21,699] {scheduler_job.py:641} WARNING - No viable dags retrieved from /opt/airflow/dags/my_dag.py
[2024-06-26 06:41:23,605] {scheduler_job.py:190} INFO - Processing /opt/airflow/dags/my_dag.py took 2.684 seconds
[2024-06-26 06:41:54,190] {scheduler_job.py:182} INFO - Started process (PID=838) to work on /opt/airflow/dags/my_dag.py
[2024-06-26 06:41:54,213] {scheduler_job.py:629} INFO - Processing file /opt/airflow/dags/my_dag.py for tasks to queue
[2024-06-26 06:41:54,234] {logging_mixin.py:104} INFO - [2024-06-26 06:41:54,232] {dagbag.py:451} INFO - Filling up the DagBag from /opt/airflow/dags/my_dag.py
[2024-06-26 06:41:54,249] {scheduler_job.py:641} WARNING - No viable dags retrieved from /opt/airflow/dags/my_dag.py
[2024-06-26 06:41:54,383] {scheduler_job.py:190} INFO - Processing /opt/airflow/dags/my_dag.py took 0.210 seconds
[2024-06-26 06:42:26,935] {scheduler_job.py:182} INFO - Started process (PID=866) to work on /opt/airflow/dags/my_dag.py
[2024-06-26 06:42:26,950] {scheduler_job.py:629} INFO - Processing file /opt/airflow/dags/my_dag.py for tasks to queue
[2024-06-26 06:42:26,955] {logging_mixin.py:104} INFO - [2024-06-26 06:42:26,955] {dagbag.py:451} INFO - Filling up the DagBag from /opt/airflow/dags/my_dag.py
[2024-06-26 06:42:27,122] {scheduler_job.py:641} WARNING - No viable dags retrieved from /opt/airflow/dags/my_dag.py
[2024-06-26 06:42:27,458] {scheduler_job.py:190} INFO - Processing /opt/airflow/dags/my_dag.py took 0.545 seconds
[2024-06-26 06:45:40,754] {scheduler_job.py:182} INFO - Started process (PID=919) to work on /opt/airflow/dags/my_dag.py
[2024-06-26 06:45:40,759] {scheduler_job.py:629} INFO - Processing file /opt/airflow/dags/my_dag.py for tasks to queue
[2024-06-26 06:45:40,761] {logging_mixin.py:104} INFO - [2024-06-26 06:45:40,761] {dagbag.py:451} INFO - Filling up the DagBag from /opt/airflow/dags/my_dag.py
[2024-06-26 06:45:40,772] {scheduler_job.py:641} WARNING - No viable dags retrieved from /opt/airflow/dags/my_dag.py
[2024-06-26 06:45:40,810] {scheduler_job.py:190} INFO - Processing /opt/airflow/dags/my_dag.py took 0.069 seconds
[2024-06-26 06:46:13,483] {scheduler_job.py:182} INFO - Started process (PID=947) to work on /opt/airflow/dags/my_dag.py
[2024-06-26 06:46:13,487] {scheduler_job.py:629} INFO - Processing file /opt/airflow/dags/my_dag.py for tasks to queue
[2024-06-26 06:46:13,491] {logging_mixin.py:104} INFO - [2024-06-26 06:46:13,491] {dagbag.py:451} INFO - Filling up the DagBag from /opt/airflow/dags/my_dag.py
[2024-06-26 06:46:13,537] {scheduler_job.py:641} WARNING - No viable dags retrieved from /opt/airflow/dags/my_dag.py
[2024-06-26 06:46:13,767] {scheduler_job.py:190} INFO - Processing /opt/airflow/dags/my_dag.py took 0.302 seconds
[2024-06-26 06:48:39,585] {scheduler_job.py:182} INFO - Started process (PID=999) to work on /opt/airflow/dags/my_dag.py
[2024-06-26 06:48:39,591] {scheduler_job.py:629} INFO - Processing file /opt/airflow/dags/my_dag.py for tasks to queue
[2024-06-26 06:48:39,612] {logging_mixin.py:104} INFO - [2024-06-26 06:48:39,604] {dagbag.py:451} INFO - Filling up the DagBag from /opt/airflow/dags/my_dag.py
[2024-06-26 06:48:39,654] {scheduler_job.py:641} WARNING - No viable dags retrieved from /opt/airflow/dags/my_dag.py
[2024-06-26 06:48:39,823] {scheduler_job.py:190} INFO - Processing /opt/airflow/dags/my_dag.py took 0.381 seconds
[2024-06-26 06:50:58,479] {scheduler_job.py:182} INFO - Started process (PID=1040) to work on /opt/airflow/dags/my_dag.py
[2024-06-26 06:50:58,485] {scheduler_job.py:629} INFO - Processing file /opt/airflow/dags/my_dag.py for tasks to queue
[2024-06-26 06:50:58,490] {logging_mixin.py:104} INFO - [2024-06-26 06:50:58,489] {dagbag.py:451} INFO - Filling up the DagBag from /opt/airflow/dags/my_dag.py
[2024-06-26 06:50:58,523] {scheduler_job.py:641} WARNING - No viable dags retrieved from /opt/airflow/dags/my_dag.py
[2024-06-26 06:50:59,379] {scheduler_job.py:190} INFO - Processing /opt/airflow/dags/my_dag.py took 0.996 seconds
[2024-06-26 06:52:15,254] {scheduler_job.py:182} INFO - Started process (PID=1068) to work on /opt/airflow/dags/my_dag.py
[2024-06-26 06:52:15,258] {scheduler_job.py:629} INFO - Processing file /opt/airflow/dags/my_dag.py for tasks to queue
[2024-06-26 06:52:15,261] {logging_mixin.py:104} INFO - [2024-06-26 06:52:15,260] {dagbag.py:451} INFO - Filling up the DagBag from /opt/airflow/dags/my_dag.py
[2024-06-26 06:52:15,273] {scheduler_job.py:641} WARNING - No viable dags retrieved from /opt/airflow/dags/my_dag.py
[2024-06-26 06:52:15,345] {scheduler_job.py:190} INFO - Processing /opt/airflow/dags/my_dag.py took 0.110 seconds
[2024-06-26 06:52:59,521] {scheduler_job.py:182} INFO - Started process (PID=1097) to work on /opt/airflow/dags/my_dag.py
[2024-06-26 06:52:59,528] {scheduler_job.py:629} INFO - Processing file /opt/airflow/dags/my_dag.py for tasks to queue
[2024-06-26 06:52:59,534] {logging_mixin.py:104} INFO - [2024-06-26 06:52:59,533] {dagbag.py:451} INFO - Filling up the DagBag from /opt/airflow/dags/my_dag.py
[2024-06-26 06:52:59,551] {scheduler_job.py:641} WARNING - No viable dags retrieved from /opt/airflow/dags/my_dag.py
[2024-06-26 06:52:59,763] {scheduler_job.py:190} INFO - Processing /opt/airflow/dags/my_dag.py took 0.288 seconds
