[2024-06-26 00:00:46,047] {scheduler_job.py:182} INFO - Started process (PID=986) to work on /home/airflow/.local/lib/python3.6/site-packages/airflow/example_dags/example_xcom.py
[2024-06-26 00:00:46,050] {scheduler_job.py:629} INFO - Processing file /home/airflow/.local/lib/python3.6/site-packages/airflow/example_dags/example_xcom.py for tasks to queue
[2024-06-26 00:00:46,057] {logging_mixin.py:104} INFO - [2024-06-26 00:00:46,056] {dagbag.py:451} INFO - Filling up the DagBag from /home/airflow/.local/lib/python3.6/site-packages/airflow/example_dags/example_xcom.py
[2024-06-26 00:00:46,580] {scheduler_job.py:639} INFO - DAG(s) dict_keys(['example_xcom']) retrieved from /home/airflow/.local/lib/python3.6/site-packages/airflow/example_dags/example_xcom.py
[2024-06-26 00:00:48,392] {logging_mixin.py:104} INFO - [2024-06-26 00:00:48,102] {dag.py:1824} INFO - Sync 1 DAGs
[2024-06-26 00:00:48,958] {logging_mixin.py:104} INFO - [2024-06-26 00:00:48,955] {dag.py:2280} INFO - Setting next_dagrun for example_xcom to 2024-06-24 00:00:00+00:00
[2024-06-26 00:00:49,236] {scheduler_job.py:190} INFO - Processing /home/airflow/.local/lib/python3.6/site-packages/airflow/example_dags/example_xcom.py took 3.228 seconds
[2024-06-26 00:01:20,127] {scheduler_job.py:182} INFO - Started process (PID=1037) to work on /home/airflow/.local/lib/python3.6/site-packages/airflow/example_dags/example_xcom.py
[2024-06-26 00:01:20,130] {scheduler_job.py:629} INFO - Processing file /home/airflow/.local/lib/python3.6/site-packages/airflow/example_dags/example_xcom.py for tasks to queue
[2024-06-26 00:01:20,132] {logging_mixin.py:104} INFO - [2024-06-26 00:01:20,132] {dagbag.py:451} INFO - Filling up the DagBag from /home/airflow/.local/lib/python3.6/site-packages/airflow/example_dags/example_xcom.py
[2024-06-26 00:01:20,222] {scheduler_job.py:639} INFO - DAG(s) dict_keys(['example_xcom']) retrieved from /home/airflow/.local/lib/python3.6/site-packages/airflow/example_dags/example_xcom.py
[2024-06-26 00:01:20,536] {logging_mixin.py:104} INFO - [2024-06-26 00:01:20,520] {dag.py:1824} INFO - Sync 1 DAGs
[2024-06-26 00:01:20,642] {logging_mixin.py:104} INFO - [2024-06-26 00:01:20,640] {dag.py:2280} INFO - Setting next_dagrun for example_xcom to 2024-06-24 00:00:00+00:00
[2024-06-26 00:01:20,769] {scheduler_job.py:190} INFO - Processing /home/airflow/.local/lib/python3.6/site-packages/airflow/example_dags/example_xcom.py took 0.651 seconds
[2024-06-26 00:01:54,487] {scheduler_job.py:182} INFO - Started process (PID=1064) to work on /home/airflow/.local/lib/python3.6/site-packages/airflow/example_dags/example_xcom.py
[2024-06-26 00:01:54,497] {scheduler_job.py:629} INFO - Processing file /home/airflow/.local/lib/python3.6/site-packages/airflow/example_dags/example_xcom.py for tasks to queue
[2024-06-26 00:01:54,508] {logging_mixin.py:104} INFO - [2024-06-26 00:01:54,501] {dagbag.py:451} INFO - Filling up the DagBag from /home/airflow/.local/lib/python3.6/site-packages/airflow/example_dags/example_xcom.py
[2024-06-26 00:01:54,681] {scheduler_job.py:639} INFO - DAG(s) dict_keys(['example_xcom']) retrieved from /home/airflow/.local/lib/python3.6/site-packages/airflow/example_dags/example_xcom.py
[2024-06-26 00:01:54,995] {logging_mixin.py:104} INFO - [2024-06-26 00:01:54,984] {dag.py:1824} INFO - Sync 1 DAGs
[2024-06-26 00:01:55,555] {logging_mixin.py:104} INFO - [2024-06-26 00:01:55,539] {dag.py:2280} INFO - Setting next_dagrun for example_xcom to 2024-06-24 00:00:00+00:00
[2024-06-26 00:01:56,024] {scheduler_job.py:190} INFO - Processing /home/airflow/.local/lib/python3.6/site-packages/airflow/example_dags/example_xcom.py took 1.571 seconds
[2024-06-26 00:02:53,137] {scheduler_job.py:182} INFO - Started process (PID=1091) to work on /home/airflow/.local/lib/python3.6/site-packages/airflow/example_dags/example_xcom.py
[2024-06-26 00:02:53,145] {scheduler_job.py:629} INFO - Processing file /home/airflow/.local/lib/python3.6/site-packages/airflow/example_dags/example_xcom.py for tasks to queue
[2024-06-26 00:02:53,150] {logging_mixin.py:104} INFO - [2024-06-26 00:02:53,150] {dagbag.py:451} INFO - Filling up the DagBag from /home/airflow/.local/lib/python3.6/site-packages/airflow/example_dags/example_xcom.py
[2024-06-26 00:02:53,428] {scheduler_job.py:639} INFO - DAG(s) dict_keys(['example_xcom']) retrieved from /home/airflow/.local/lib/python3.6/site-packages/airflow/example_dags/example_xcom.py
[2024-06-26 00:02:53,885] {logging_mixin.py:104} INFO - [2024-06-26 00:02:53,881] {dag.py:1824} INFO - Sync 1 DAGs
[2024-06-26 00:02:54,005] {logging_mixin.py:104} INFO - [2024-06-26 00:02:54,004] {dag.py:2280} INFO - Setting next_dagrun for example_xcom to 2024-06-24 00:00:00+00:00
[2024-06-26 00:02:54,174] {scheduler_job.py:190} INFO - Processing /home/airflow/.local/lib/python3.6/site-packages/airflow/example_dags/example_xcom.py took 1.065 seconds
[2024-06-26 00:03:27,432] {scheduler_job.py:182} INFO - Started process (PID=1119) to work on /home/airflow/.local/lib/python3.6/site-packages/airflow/example_dags/example_xcom.py
[2024-06-26 00:03:27,438] {scheduler_job.py:629} INFO - Processing file /home/airflow/.local/lib/python3.6/site-packages/airflow/example_dags/example_xcom.py for tasks to queue
[2024-06-26 00:03:27,441] {logging_mixin.py:104} INFO - [2024-06-26 00:03:27,441] {dagbag.py:451} INFO - Filling up the DagBag from /home/airflow/.local/lib/python3.6/site-packages/airflow/example_dags/example_xcom.py
[2024-06-26 00:03:27,546] {scheduler_job.py:639} INFO - DAG(s) dict_keys(['example_xcom']) retrieved from /home/airflow/.local/lib/python3.6/site-packages/airflow/example_dags/example_xcom.py
[2024-06-26 00:03:27,661] {logging_mixin.py:104} INFO - [2024-06-26 00:03:27,660] {dag.py:1824} INFO - Sync 1 DAGs
[2024-06-26 00:03:27,699] {logging_mixin.py:104} INFO - [2024-06-26 00:03:27,699] {dag.py:2280} INFO - Setting next_dagrun for example_xcom to 2024-06-24 00:00:00+00:00
[2024-06-26 00:03:27,750] {scheduler_job.py:190} INFO - Processing /home/airflow/.local/lib/python3.6/site-packages/airflow/example_dags/example_xcom.py took 0.334 seconds
[2024-06-26 00:04:19,723] {scheduler_job.py:182} INFO - Started process (PID=1143) to work on /home/airflow/.local/lib/python3.6/site-packages/airflow/example_dags/example_xcom.py
[2024-06-26 00:04:19,727] {scheduler_job.py:629} INFO - Processing file /home/airflow/.local/lib/python3.6/site-packages/airflow/example_dags/example_xcom.py for tasks to queue
[2024-06-26 00:04:19,732] {logging_mixin.py:104} INFO - [2024-06-26 00:04:19,732] {dagbag.py:451} INFO - Filling up the DagBag from /home/airflow/.local/lib/python3.6/site-packages/airflow/example_dags/example_xcom.py
[2024-06-26 00:04:19,760] {scheduler_job.py:639} INFO - DAG(s) dict_keys(['example_xcom']) retrieved from /home/airflow/.local/lib/python3.6/site-packages/airflow/example_dags/example_xcom.py
[2024-06-26 00:04:19,810] {logging_mixin.py:104} INFO - [2024-06-26 00:04:19,810] {dag.py:1824} INFO - Sync 1 DAGs
[2024-06-26 00:04:19,885] {logging_mixin.py:104} INFO - [2024-06-26 00:04:19,885] {dag.py:2280} INFO - Setting next_dagrun for example_xcom to 2024-06-24 00:00:00+00:00
[2024-06-26 00:04:19,911] {scheduler_job.py:190} INFO - Processing /home/airflow/.local/lib/python3.6/site-packages/airflow/example_dags/example_xcom.py took 0.194 seconds
[2024-06-26 00:04:50,944] {scheduler_job.py:182} INFO - Started process (PID=1172) to work on /home/airflow/.local/lib/python3.6/site-packages/airflow/example_dags/example_xcom.py
[2024-06-26 00:04:50,946] {scheduler_job.py:629} INFO - Processing file /home/airflow/.local/lib/python3.6/site-packages/airflow/example_dags/example_xcom.py for tasks to queue
[2024-06-26 00:04:50,948] {logging_mixin.py:104} INFO - [2024-06-26 00:04:50,948] {dagbag.py:451} INFO - Filling up the DagBag from /home/airflow/.local/lib/python3.6/site-packages/airflow/example_dags/example_xcom.py
[2024-06-26 00:04:50,979] {scheduler_job.py:639} INFO - DAG(s) dict_keys(['example_xcom']) retrieved from /home/airflow/.local/lib/python3.6/site-packages/airflow/example_dags/example_xcom.py
[2024-06-26 00:04:51,018] {logging_mixin.py:104} INFO - [2024-06-26 00:04:51,018] {dag.py:1824} INFO - Sync 1 DAGs
[2024-06-26 00:04:51,055] {logging_mixin.py:104} INFO - [2024-06-26 00:04:51,055] {dag.py:2280} INFO - Setting next_dagrun for example_xcom to 2024-06-24 00:00:00+00:00
[2024-06-26 00:04:51,093] {scheduler_job.py:190} INFO - Processing /home/airflow/.local/lib/python3.6/site-packages/airflow/example_dags/example_xcom.py took 0.156 seconds
[2024-06-26 00:05:26,353] {scheduler_job.py:182} INFO - Started process (PID=1201) to work on /home/airflow/.local/lib/python3.6/site-packages/airflow/example_dags/example_xcom.py
[2024-06-26 00:05:26,357] {scheduler_job.py:629} INFO - Processing file /home/airflow/.local/lib/python3.6/site-packages/airflow/example_dags/example_xcom.py for tasks to queue
[2024-06-26 00:05:26,359] {logging_mixin.py:104} INFO - [2024-06-26 00:05:26,359] {dagbag.py:451} INFO - Filling up the DagBag from /home/airflow/.local/lib/python3.6/site-packages/airflow/example_dags/example_xcom.py
[2024-06-26 00:05:26,638] {scheduler_job.py:639} INFO - DAG(s) dict_keys(['example_xcom']) retrieved from /home/airflow/.local/lib/python3.6/site-packages/airflow/example_dags/example_xcom.py
[2024-06-26 00:05:27,135] {logging_mixin.py:104} INFO - [2024-06-26 00:05:27,131] {dag.py:1824} INFO - Sync 1 DAGs
[2024-06-26 00:05:27,298] {logging_mixin.py:104} INFO - [2024-06-26 00:05:27,285] {dag.py:2280} INFO - Setting next_dagrun for example_xcom to 2024-06-24 00:00:00+00:00
[2024-06-26 00:05:27,632] {scheduler_job.py:190} INFO - Processing /home/airflow/.local/lib/python3.6/site-packages/airflow/example_dags/example_xcom.py took 1.325 seconds
[2024-06-26 00:07:54,705] {scheduler_job.py:182} INFO - Started process (PID=1233) to work on /home/airflow/.local/lib/python3.6/site-packages/airflow/example_dags/example_xcom.py
[2024-06-26 00:07:54,729] {scheduler_job.py:629} INFO - Processing file /home/airflow/.local/lib/python3.6/site-packages/airflow/example_dags/example_xcom.py for tasks to queue
[2024-06-26 00:07:54,733] {logging_mixin.py:104} INFO - [2024-06-26 00:07:54,732] {dagbag.py:451} INFO - Filling up the DagBag from /home/airflow/.local/lib/python3.6/site-packages/airflow/example_dags/example_xcom.py
[2024-06-26 00:07:54,797] {scheduler_job.py:639} INFO - DAG(s) dict_keys(['example_xcom']) retrieved from /home/airflow/.local/lib/python3.6/site-packages/airflow/example_dags/example_xcom.py
[2024-06-26 00:07:54,971] {logging_mixin.py:104} INFO - [2024-06-26 00:07:54,968] {dag.py:1824} INFO - Sync 1 DAGs
[2024-06-26 00:07:55,035] {logging_mixin.py:104} INFO - [2024-06-26 00:07:55,035] {dag.py:2280} INFO - Setting next_dagrun for example_xcom to 2024-06-24 00:00:00+00:00
[2024-06-26 00:07:55,060] {scheduler_job.py:190} INFO - Processing /home/airflow/.local/lib/python3.6/site-packages/airflow/example_dags/example_xcom.py took 0.396 seconds
[2024-06-26 00:09:50,523] {scheduler_job.py:182} INFO - Started process (PID=1263) to work on /home/airflow/.local/lib/python3.6/site-packages/airflow/example_dags/example_xcom.py
[2024-06-26 00:09:50,527] {scheduler_job.py:629} INFO - Processing file /home/airflow/.local/lib/python3.6/site-packages/airflow/example_dags/example_xcom.py for tasks to queue
[2024-06-26 00:09:50,533] {logging_mixin.py:104} INFO - [2024-06-26 00:09:50,533] {dagbag.py:451} INFO - Filling up the DagBag from /home/airflow/.local/lib/python3.6/site-packages/airflow/example_dags/example_xcom.py
[2024-06-26 00:09:50,616] {scheduler_job.py:639} INFO - DAG(s) dict_keys(['example_xcom']) retrieved from /home/airflow/.local/lib/python3.6/site-packages/airflow/example_dags/example_xcom.py
[2024-06-26 00:09:50,697] {logging_mixin.py:104} INFO - [2024-06-26 00:09:50,697] {dag.py:1824} INFO - Sync 1 DAGs
[2024-06-26 00:09:50,767] {logging_mixin.py:104} INFO - [2024-06-26 00:09:50,767] {dag.py:2280} INFO - Setting next_dagrun for example_xcom to 2024-06-24 00:00:00+00:00
[2024-06-26 00:09:50,846] {scheduler_job.py:190} INFO - Processing /home/airflow/.local/lib/python3.6/site-packages/airflow/example_dags/example_xcom.py took 0.332 seconds
[2024-06-26 00:10:22,279] {scheduler_job.py:182} INFO - Started process (PID=1289) to work on /home/airflow/.local/lib/python3.6/site-packages/airflow/example_dags/example_xcom.py
[2024-06-26 00:10:22,282] {scheduler_job.py:629} INFO - Processing file /home/airflow/.local/lib/python3.6/site-packages/airflow/example_dags/example_xcom.py for tasks to queue
[2024-06-26 00:10:22,284] {logging_mixin.py:104} INFO - [2024-06-26 00:10:22,283] {dagbag.py:451} INFO - Filling up the DagBag from /home/airflow/.local/lib/python3.6/site-packages/airflow/example_dags/example_xcom.py
[2024-06-26 00:10:22,405] {scheduler_job.py:639} INFO - DAG(s) dict_keys(['example_xcom']) retrieved from /home/airflow/.local/lib/python3.6/site-packages/airflow/example_dags/example_xcom.py
[2024-06-26 00:10:22,573] {logging_mixin.py:104} INFO - [2024-06-26 00:10:22,573] {dag.py:1824} INFO - Sync 1 DAGs
[2024-06-26 00:10:22,614] {logging_mixin.py:104} INFO - [2024-06-26 00:10:22,613] {dag.py:2280} INFO - Setting next_dagrun for example_xcom to 2024-06-24 00:00:00+00:00
[2024-06-26 00:10:22,676] {scheduler_job.py:190} INFO - Processing /home/airflow/.local/lib/python3.6/site-packages/airflow/example_dags/example_xcom.py took 0.422 seconds
[2024-06-26 00:13:20,386] {scheduler_job.py:182} INFO - Started process (PID=1343) to work on /home/airflow/.local/lib/python3.6/site-packages/airflow/example_dags/example_xcom.py
[2024-06-26 00:13:20,389] {scheduler_job.py:629} INFO - Processing file /home/airflow/.local/lib/python3.6/site-packages/airflow/example_dags/example_xcom.py for tasks to queue
[2024-06-26 00:13:20,392] {logging_mixin.py:104} INFO - [2024-06-26 00:13:20,391] {dagbag.py:451} INFO - Filling up the DagBag from /home/airflow/.local/lib/python3.6/site-packages/airflow/example_dags/example_xcom.py
[2024-06-26 00:13:20,433] {scheduler_job.py:639} INFO - DAG(s) dict_keys(['example_xcom']) retrieved from /home/airflow/.local/lib/python3.6/site-packages/airflow/example_dags/example_xcom.py
[2024-06-26 00:13:20,549] {logging_mixin.py:104} INFO - [2024-06-26 00:13:20,549] {dag.py:1824} INFO - Sync 1 DAGs
[2024-06-26 00:13:20,646] {logging_mixin.py:104} INFO - [2024-06-26 00:13:20,645] {dag.py:2280} INFO - Setting next_dagrun for example_xcom to 2024-06-24 00:00:00+00:00
[2024-06-26 00:13:20,701] {scheduler_job.py:190} INFO - Processing /home/airflow/.local/lib/python3.6/site-packages/airflow/example_dags/example_xcom.py took 0.342 seconds
[2024-06-26 00:15:43,011] {scheduler_job.py:182} INFO - Started process (PID=1382) to work on /home/airflow/.local/lib/python3.6/site-packages/airflow/example_dags/example_xcom.py
[2024-06-26 00:15:43,125] {scheduler_job.py:629} INFO - Processing file /home/airflow/.local/lib/python3.6/site-packages/airflow/example_dags/example_xcom.py for tasks to queue
[2024-06-26 00:15:43,179] {logging_mixin.py:104} INFO - [2024-06-26 00:15:43,179] {dagbag.py:451} INFO - Filling up the DagBag from /home/airflow/.local/lib/python3.6/site-packages/airflow/example_dags/example_xcom.py
[2024-06-26 00:15:43,505] {scheduler_job.py:639} INFO - DAG(s) dict_keys(['example_xcom']) retrieved from /home/airflow/.local/lib/python3.6/site-packages/airflow/example_dags/example_xcom.py
[2024-06-26 00:15:44,009] {logging_mixin.py:104} INFO - [2024-06-26 00:15:44,002] {dag.py:1824} INFO - Sync 1 DAGs
[2024-06-26 00:15:44,273] {logging_mixin.py:104} INFO - [2024-06-26 00:15:44,248] {dag.py:2280} INFO - Setting next_dagrun for example_xcom to 2024-06-24 00:00:00+00:00
[2024-06-26 00:15:44,488] {scheduler_job.py:190} INFO - Processing /home/airflow/.local/lib/python3.6/site-packages/airflow/example_dags/example_xcom.py took 1.903 seconds
[2024-06-26 00:17:56,495] {scheduler_job.py:182} INFO - Started process (PID=1408) to work on /home/airflow/.local/lib/python3.6/site-packages/airflow/example_dags/example_xcom.py
[2024-06-26 00:17:56,502] {scheduler_job.py:629} INFO - Processing file /home/airflow/.local/lib/python3.6/site-packages/airflow/example_dags/example_xcom.py for tasks to queue
[2024-06-26 00:17:56,507] {logging_mixin.py:104} INFO - [2024-06-26 00:17:56,506] {dagbag.py:451} INFO - Filling up the DagBag from /home/airflow/.local/lib/python3.6/site-packages/airflow/example_dags/example_xcom.py
[2024-06-26 00:17:56,608] {scheduler_job.py:639} INFO - DAG(s) dict_keys(['example_xcom']) retrieved from /home/airflow/.local/lib/python3.6/site-packages/airflow/example_dags/example_xcom.py
[2024-06-26 00:17:56,799] {logging_mixin.py:104} INFO - [2024-06-26 00:17:56,794] {dag.py:1824} INFO - Sync 1 DAGs
[2024-06-26 00:17:57,074] {logging_mixin.py:104} INFO - [2024-06-26 00:17:57,071] {dag.py:2280} INFO - Setting next_dagrun for example_xcom to 2024-06-24 00:00:00+00:00
[2024-06-26 00:17:57,266] {scheduler_job.py:190} INFO - Processing /home/airflow/.local/lib/python3.6/site-packages/airflow/example_dags/example_xcom.py took 0.780 seconds
[2024-06-26 00:20:10,765] {scheduler_job.py:182} INFO - Started process (PID=1439) to work on /home/airflow/.local/lib/python3.6/site-packages/airflow/example_dags/example_xcom.py
[2024-06-26 00:20:10,768] {scheduler_job.py:629} INFO - Processing file /home/airflow/.local/lib/python3.6/site-packages/airflow/example_dags/example_xcom.py for tasks to queue
[2024-06-26 00:20:10,775] {logging_mixin.py:104} INFO - [2024-06-26 00:20:10,774] {dagbag.py:451} INFO - Filling up the DagBag from /home/airflow/.local/lib/python3.6/site-packages/airflow/example_dags/example_xcom.py
[2024-06-26 00:20:10,929] {scheduler_job.py:639} INFO - DAG(s) dict_keys(['example_xcom']) retrieved from /home/airflow/.local/lib/python3.6/site-packages/airflow/example_dags/example_xcom.py
[2024-06-26 00:20:11,564] {logging_mixin.py:104} INFO - [2024-06-26 00:20:11,556] {dag.py:1824} INFO - Sync 1 DAGs
[2024-06-26 00:20:11,807] {logging_mixin.py:104} INFO - [2024-06-26 00:20:11,805] {dag.py:2280} INFO - Setting next_dagrun for example_xcom to 2024-06-24 00:00:00+00:00
[2024-06-26 00:20:12,117] {scheduler_job.py:190} INFO - Processing /home/airflow/.local/lib/python3.6/site-packages/airflow/example_dags/example_xcom.py took 1.369 seconds
[2024-06-26 00:22:13,554] {scheduler_job.py:182} INFO - Started process (PID=1464) to work on /home/airflow/.local/lib/python3.6/site-packages/airflow/example_dags/example_xcom.py
[2024-06-26 00:22:13,557] {scheduler_job.py:629} INFO - Processing file /home/airflow/.local/lib/python3.6/site-packages/airflow/example_dags/example_xcom.py for tasks to queue
[2024-06-26 00:22:13,561] {logging_mixin.py:104} INFO - [2024-06-26 00:22:13,560] {dagbag.py:451} INFO - Filling up the DagBag from /home/airflow/.local/lib/python3.6/site-packages/airflow/example_dags/example_xcom.py
[2024-06-26 00:22:13,590] {scheduler_job.py:639} INFO - DAG(s) dict_keys(['example_xcom']) retrieved from /home/airflow/.local/lib/python3.6/site-packages/airflow/example_dags/example_xcom.py
[2024-06-26 00:22:13,665] {logging_mixin.py:104} INFO - [2024-06-26 00:22:13,665] {dag.py:1824} INFO - Sync 1 DAGs
[2024-06-26 00:22:13,699] {logging_mixin.py:104} INFO - [2024-06-26 00:22:13,698] {dag.py:2280} INFO - Setting next_dagrun for example_xcom to 2024-06-24 00:00:00+00:00
[2024-06-26 00:22:13,743] {scheduler_job.py:190} INFO - Processing /home/airflow/.local/lib/python3.6/site-packages/airflow/example_dags/example_xcom.py took 0.205 seconds
[2024-06-26 00:22:57,054] {scheduler_job.py:182} INFO - Started process (PID=1492) to work on /home/airflow/.local/lib/python3.6/site-packages/airflow/example_dags/example_xcom.py
[2024-06-26 00:22:57,058] {scheduler_job.py:629} INFO - Processing file /home/airflow/.local/lib/python3.6/site-packages/airflow/example_dags/example_xcom.py for tasks to queue
[2024-06-26 00:22:57,060] {logging_mixin.py:104} INFO - [2024-06-26 00:22:57,060] {dagbag.py:451} INFO - Filling up the DagBag from /home/airflow/.local/lib/python3.6/site-packages/airflow/example_dags/example_xcom.py
[2024-06-26 00:22:57,081] {scheduler_job.py:639} INFO - DAG(s) dict_keys(['example_xcom']) retrieved from /home/airflow/.local/lib/python3.6/site-packages/airflow/example_dags/example_xcom.py
[2024-06-26 00:22:57,143] {logging_mixin.py:104} INFO - [2024-06-26 00:22:57,143] {dag.py:1824} INFO - Sync 1 DAGs
[2024-06-26 00:22:57,174] {logging_mixin.py:104} INFO - [2024-06-26 00:22:57,174] {dag.py:2280} INFO - Setting next_dagrun for example_xcom to 2024-06-24 00:00:00+00:00
[2024-06-26 00:22:57,204] {scheduler_job.py:190} INFO - Processing /home/airflow/.local/lib/python3.6/site-packages/airflow/example_dags/example_xcom.py took 0.158 seconds
[2024-06-26 00:23:29,920] {scheduler_job.py:182} INFO - Started process (PID=1518) to work on /home/airflow/.local/lib/python3.6/site-packages/airflow/example_dags/example_xcom.py
[2024-06-26 00:23:29,932] {scheduler_job.py:629} INFO - Processing file /home/airflow/.local/lib/python3.6/site-packages/airflow/example_dags/example_xcom.py for tasks to queue
[2024-06-26 00:23:29,942] {logging_mixin.py:104} INFO - [2024-06-26 00:23:29,941] {dagbag.py:451} INFO - Filling up the DagBag from /home/airflow/.local/lib/python3.6/site-packages/airflow/example_dags/example_xcom.py
[2024-06-26 00:23:29,987] {scheduler_job.py:639} INFO - DAG(s) dict_keys(['example_xcom']) retrieved from /home/airflow/.local/lib/python3.6/site-packages/airflow/example_dags/example_xcom.py
[2024-06-26 00:23:30,129] {logging_mixin.py:104} INFO - [2024-06-26 00:23:30,128] {dag.py:1824} INFO - Sync 1 DAGs
[2024-06-26 00:23:30,191] {logging_mixin.py:104} INFO - [2024-06-26 00:23:30,191] {dag.py:2280} INFO - Setting next_dagrun for example_xcom to 2024-06-24 00:00:00+00:00
[2024-06-26 00:23:30,264] {scheduler_job.py:190} INFO - Processing /home/airflow/.local/lib/python3.6/site-packages/airflow/example_dags/example_xcom.py took 0.370 seconds
[2024-06-26 00:25:08,359] {scheduler_job.py:182} INFO - Started process (PID=1563) to work on /home/airflow/.local/lib/python3.6/site-packages/airflow/example_dags/example_xcom.py
[2024-06-26 00:25:08,363] {scheduler_job.py:629} INFO - Processing file /home/airflow/.local/lib/python3.6/site-packages/airflow/example_dags/example_xcom.py for tasks to queue
[2024-06-26 00:25:08,365] {logging_mixin.py:104} INFO - [2024-06-26 00:25:08,364] {dagbag.py:451} INFO - Filling up the DagBag from /home/airflow/.local/lib/python3.6/site-packages/airflow/example_dags/example_xcom.py
[2024-06-26 00:25:08,385] {scheduler_job.py:639} INFO - DAG(s) dict_keys(['example_xcom']) retrieved from /home/airflow/.local/lib/python3.6/site-packages/airflow/example_dags/example_xcom.py
[2024-06-26 00:25:08,439] {logging_mixin.py:104} INFO - [2024-06-26 00:25:08,439] {dag.py:1824} INFO - Sync 1 DAGs
[2024-06-26 00:25:08,472] {logging_mixin.py:104} INFO - [2024-06-26 00:25:08,472] {dag.py:2280} INFO - Setting next_dagrun for example_xcom to 2024-06-24 00:00:00+00:00
[2024-06-26 00:25:08,501] {scheduler_job.py:190} INFO - Processing /home/airflow/.local/lib/python3.6/site-packages/airflow/example_dags/example_xcom.py took 0.150 seconds
[2024-06-26 00:25:39,842] {scheduler_job.py:182} INFO - Started process (PID=1589) to work on /home/airflow/.local/lib/python3.6/site-packages/airflow/example_dags/example_xcom.py
[2024-06-26 00:25:39,852] {scheduler_job.py:629} INFO - Processing file /home/airflow/.local/lib/python3.6/site-packages/airflow/example_dags/example_xcom.py for tasks to queue
[2024-06-26 00:25:39,857] {logging_mixin.py:104} INFO - [2024-06-26 00:25:39,857] {dagbag.py:451} INFO - Filling up the DagBag from /home/airflow/.local/lib/python3.6/site-packages/airflow/example_dags/example_xcom.py
[2024-06-26 00:25:39,876] {scheduler_job.py:639} INFO - DAG(s) dict_keys(['example_xcom']) retrieved from /home/airflow/.local/lib/python3.6/site-packages/airflow/example_dags/example_xcom.py
[2024-06-26 00:25:39,963] {logging_mixin.py:104} INFO - [2024-06-26 00:25:39,963] {dag.py:1824} INFO - Sync 1 DAGs
[2024-06-26 00:25:40,020] {logging_mixin.py:104} INFO - [2024-06-26 00:25:40,020] {dag.py:2280} INFO - Setting next_dagrun for example_xcom to 2024-06-24 00:00:00+00:00
[2024-06-26 00:25:40,203] {scheduler_job.py:190} INFO - Processing /home/airflow/.local/lib/python3.6/site-packages/airflow/example_dags/example_xcom.py took 0.369 seconds
[2024-06-26 00:26:53,587] {scheduler_job.py:182} INFO - Started process (PID=1626) to work on /home/airflow/.local/lib/python3.6/site-packages/airflow/example_dags/example_xcom.py
[2024-06-26 00:26:53,591] {scheduler_job.py:629} INFO - Processing file /home/airflow/.local/lib/python3.6/site-packages/airflow/example_dags/example_xcom.py for tasks to queue
[2024-06-26 00:26:53,593] {logging_mixin.py:104} INFO - [2024-06-26 00:26:53,593] {dagbag.py:451} INFO - Filling up the DagBag from /home/airflow/.local/lib/python3.6/site-packages/airflow/example_dags/example_xcom.py
[2024-06-26 00:26:53,619] {scheduler_job.py:639} INFO - DAG(s) dict_keys(['example_xcom']) retrieved from /home/airflow/.local/lib/python3.6/site-packages/airflow/example_dags/example_xcom.py
[2024-06-26 00:26:53,690] {logging_mixin.py:104} INFO - [2024-06-26 00:26:53,690] {dag.py:1824} INFO - Sync 1 DAGs
[2024-06-26 00:26:53,736] {logging_mixin.py:104} INFO - [2024-06-26 00:26:53,736] {dag.py:2280} INFO - Setting next_dagrun for example_xcom to 2024-06-24 00:00:00+00:00
[2024-06-26 00:26:53,762] {scheduler_job.py:190} INFO - Processing /home/airflow/.local/lib/python3.6/site-packages/airflow/example_dags/example_xcom.py took 0.184 seconds
[2024-06-26 00:27:51,750] {scheduler_job.py:182} INFO - Started process (PID=1654) to work on /home/airflow/.local/lib/python3.6/site-packages/airflow/example_dags/example_xcom.py
[2024-06-26 00:27:51,792] {scheduler_job.py:629} INFO - Processing file /home/airflow/.local/lib/python3.6/site-packages/airflow/example_dags/example_xcom.py for tasks to queue
[2024-06-26 00:27:51,806] {logging_mixin.py:104} INFO - [2024-06-26 00:27:51,806] {dagbag.py:451} INFO - Filling up the DagBag from /home/airflow/.local/lib/python3.6/site-packages/airflow/example_dags/example_xcom.py
[2024-06-26 00:27:52,000] {scheduler_job.py:639} INFO - DAG(s) dict_keys(['example_xcom']) retrieved from /home/airflow/.local/lib/python3.6/site-packages/airflow/example_dags/example_xcom.py
[2024-06-26 00:27:52,185] {logging_mixin.py:104} INFO - [2024-06-26 00:27:52,184] {dag.py:1824} INFO - Sync 1 DAGs
[2024-06-26 00:27:52,461] {logging_mixin.py:104} INFO - [2024-06-26 00:27:52,461] {dag.py:2280} INFO - Setting next_dagrun for example_xcom to 2024-06-24 00:00:00+00:00
[2024-06-26 00:27:52,518] {scheduler_job.py:190} INFO - Processing /home/airflow/.local/lib/python3.6/site-packages/airflow/example_dags/example_xcom.py took 0.792 seconds
[2024-06-26 00:29:27,062] {scheduler_job.py:182} INFO - Started process (PID=1685) to work on /home/airflow/.local/lib/python3.6/site-packages/airflow/example_dags/example_xcom.py
[2024-06-26 00:29:27,079] {scheduler_job.py:629} INFO - Processing file /home/airflow/.local/lib/python3.6/site-packages/airflow/example_dags/example_xcom.py for tasks to queue
[2024-06-26 00:29:27,083] {logging_mixin.py:104} INFO - [2024-06-26 00:29:27,083] {dagbag.py:451} INFO - Filling up the DagBag from /home/airflow/.local/lib/python3.6/site-packages/airflow/example_dags/example_xcom.py
[2024-06-26 00:29:27,375] {scheduler_job.py:639} INFO - DAG(s) dict_keys(['example_xcom']) retrieved from /home/airflow/.local/lib/python3.6/site-packages/airflow/example_dags/example_xcom.py
[2024-06-26 00:29:28,133] {logging_mixin.py:104} INFO - [2024-06-26 00:29:28,122] {dag.py:1824} INFO - Sync 1 DAGs
[2024-06-26 00:29:28,896] {logging_mixin.py:104} INFO - [2024-06-26 00:29:28,874] {dag.py:2280} INFO - Setting next_dagrun for example_xcom to 2024-06-24 00:00:00+00:00
[2024-06-26 00:29:29,254] {scheduler_job.py:190} INFO - Processing /home/airflow/.local/lib/python3.6/site-packages/airflow/example_dags/example_xcom.py took 2.216 seconds
[2024-06-26 00:30:18,553] {scheduler_job.py:182} INFO - Started process (PID=1712) to work on /home/airflow/.local/lib/python3.6/site-packages/airflow/example_dags/example_xcom.py
[2024-06-26 00:30:18,558] {scheduler_job.py:629} INFO - Processing file /home/airflow/.local/lib/python3.6/site-packages/airflow/example_dags/example_xcom.py for tasks to queue
[2024-06-26 00:30:18,582] {logging_mixin.py:104} INFO - [2024-06-26 00:30:18,568] {dagbag.py:451} INFO - Filling up the DagBag from /home/airflow/.local/lib/python3.6/site-packages/airflow/example_dags/example_xcom.py
[2024-06-26 00:30:18,647] {scheduler_job.py:639} INFO - DAG(s) dict_keys(['example_xcom']) retrieved from /home/airflow/.local/lib/python3.6/site-packages/airflow/example_dags/example_xcom.py
[2024-06-26 00:30:18,813] {logging_mixin.py:104} INFO - [2024-06-26 00:30:18,812] {dag.py:1824} INFO - Sync 1 DAGs
[2024-06-26 00:30:19,537] {logging_mixin.py:104} INFO - [2024-06-26 00:30:19,537] {dag.py:2280} INFO - Setting next_dagrun for example_xcom to 2024-06-24 00:00:00+00:00
[2024-06-26 00:30:19,646] {scheduler_job.py:190} INFO - Processing /home/airflow/.local/lib/python3.6/site-packages/airflow/example_dags/example_xcom.py took 1.109 seconds
[2024-06-26 00:31:19,451] {scheduler_job.py:182} INFO - Started process (PID=1745) to work on /home/airflow/.local/lib/python3.6/site-packages/airflow/example_dags/example_xcom.py
[2024-06-26 00:31:19,571] {scheduler_job.py:629} INFO - Processing file /home/airflow/.local/lib/python3.6/site-packages/airflow/example_dags/example_xcom.py for tasks to queue
[2024-06-26 00:31:19,817] {logging_mixin.py:104} INFO - [2024-06-26 00:31:19,673] {dagbag.py:451} INFO - Filling up the DagBag from /home/airflow/.local/lib/python3.6/site-packages/airflow/example_dags/example_xcom.py
[2024-06-26 00:31:40,685] {scheduler_job.py:639} INFO - DAG(s) dict_keys(['example_xcom']) retrieved from /home/airflow/.local/lib/python3.6/site-packages/airflow/example_dags/example_xcom.py
[2024-06-26 00:31:58,823] {logging_mixin.py:104} INFO - [2024-06-26 00:31:58,823] {dag.py:1824} INFO - Sync 1 DAGs
[2024-06-26 00:31:58,857] {logging_mixin.py:104} INFO - [2024-06-26 00:31:58,857] {dag.py:2280} INFO - Setting next_dagrun for example_xcom to 2024-06-24 00:00:00+00:00
[2024-06-26 00:31:58,920] {scheduler_job.py:190} INFO - Processing /home/airflow/.local/lib/python3.6/site-packages/airflow/example_dags/example_xcom.py took 39.606 seconds
[2024-06-26 00:34:05,076] {scheduler_job.py:182} INFO - Started process (PID=1792) to work on /home/airflow/.local/lib/python3.6/site-packages/airflow/example_dags/example_xcom.py
[2024-06-26 00:34:05,084] {scheduler_job.py:629} INFO - Processing file /home/airflow/.local/lib/python3.6/site-packages/airflow/example_dags/example_xcom.py for tasks to queue
[2024-06-26 00:34:05,091] {logging_mixin.py:104} INFO - [2024-06-26 00:34:05,090] {dagbag.py:451} INFO - Filling up the DagBag from /home/airflow/.local/lib/python3.6/site-packages/airflow/example_dags/example_xcom.py
[2024-06-26 00:34:05,119] {scheduler_job.py:639} INFO - DAG(s) dict_keys(['example_xcom']) retrieved from /home/airflow/.local/lib/python3.6/site-packages/airflow/example_dags/example_xcom.py
[2024-06-26 00:34:05,177] {logging_mixin.py:104} INFO - [2024-06-26 00:34:05,176] {dag.py:1824} INFO - Sync 1 DAGs
[2024-06-26 00:34:05,248] {logging_mixin.py:104} INFO - [2024-06-26 00:34:05,248] {dag.py:2280} INFO - Setting next_dagrun for example_xcom to 2024-06-24 00:00:00+00:00
[2024-06-26 00:34:05,297] {scheduler_job.py:190} INFO - Processing /home/airflow/.local/lib/python3.6/site-packages/airflow/example_dags/example_xcom.py took 0.234 seconds
[2024-06-26 00:35:09,135] {scheduler_job.py:182} INFO - Started process (PID=1827) to work on /home/airflow/.local/lib/python3.6/site-packages/airflow/example_dags/example_xcom.py
[2024-06-26 00:35:09,149] {scheduler_job.py:629} INFO - Processing file /home/airflow/.local/lib/python3.6/site-packages/airflow/example_dags/example_xcom.py for tasks to queue
[2024-06-26 00:35:09,156] {logging_mixin.py:104} INFO - [2024-06-26 00:35:09,155] {dagbag.py:451} INFO - Filling up the DagBag from /home/airflow/.local/lib/python3.6/site-packages/airflow/example_dags/example_xcom.py
[2024-06-26 00:35:09,202] {scheduler_job.py:639} INFO - DAG(s) dict_keys(['example_xcom']) retrieved from /home/airflow/.local/lib/python3.6/site-packages/airflow/example_dags/example_xcom.py
[2024-06-26 00:35:09,278] {logging_mixin.py:104} INFO - [2024-06-26 00:35:09,277] {dag.py:1824} INFO - Sync 1 DAGs
[2024-06-26 00:35:09,399] {logging_mixin.py:104} INFO - [2024-06-26 00:35:09,398] {dag.py:2280} INFO - Setting next_dagrun for example_xcom to 2024-06-24 00:00:00+00:00
[2024-06-26 00:35:09,625] {scheduler_job.py:190} INFO - Processing /home/airflow/.local/lib/python3.6/site-packages/airflow/example_dags/example_xcom.py took 0.515 seconds
[2024-06-26 00:35:42,606] {scheduler_job.py:182} INFO - Started process (PID=1852) to work on /home/airflow/.local/lib/python3.6/site-packages/airflow/example_dags/example_xcom.py
[2024-06-26 00:35:42,634] {scheduler_job.py:629} INFO - Processing file /home/airflow/.local/lib/python3.6/site-packages/airflow/example_dags/example_xcom.py for tasks to queue
[2024-06-26 00:35:42,642] {logging_mixin.py:104} INFO - [2024-06-26 00:35:42,642] {dagbag.py:451} INFO - Filling up the DagBag from /home/airflow/.local/lib/python3.6/site-packages/airflow/example_dags/example_xcom.py
[2024-06-26 00:35:42,693] {scheduler_job.py:639} INFO - DAG(s) dict_keys(['example_xcom']) retrieved from /home/airflow/.local/lib/python3.6/site-packages/airflow/example_dags/example_xcom.py
[2024-06-26 00:35:42,911] {logging_mixin.py:104} INFO - [2024-06-26 00:35:42,911] {dag.py:1824} INFO - Sync 1 DAGs
[2024-06-26 00:35:42,992] {logging_mixin.py:104} INFO - [2024-06-26 00:35:42,991] {dag.py:2280} INFO - Setting next_dagrun for example_xcom to 2024-06-24 00:00:00+00:00
[2024-06-26 00:35:43,044] {scheduler_job.py:190} INFO - Processing /home/airflow/.local/lib/python3.6/site-packages/airflow/example_dags/example_xcom.py took 0.488 seconds
[2024-06-26 00:36:35,032] {scheduler_job.py:182} INFO - Started process (PID=1882) to work on /home/airflow/.local/lib/python3.6/site-packages/airflow/example_dags/example_xcom.py
[2024-06-26 00:36:35,038] {scheduler_job.py:629} INFO - Processing file /home/airflow/.local/lib/python3.6/site-packages/airflow/example_dags/example_xcom.py for tasks to queue
[2024-06-26 00:36:35,054] {logging_mixin.py:104} INFO - [2024-06-26 00:36:35,054] {dagbag.py:451} INFO - Filling up the DagBag from /home/airflow/.local/lib/python3.6/site-packages/airflow/example_dags/example_xcom.py
[2024-06-26 00:36:35,476] {scheduler_job.py:639} INFO - DAG(s) dict_keys(['example_xcom']) retrieved from /home/airflow/.local/lib/python3.6/site-packages/airflow/example_dags/example_xcom.py
[2024-06-26 00:36:37,523] {logging_mixin.py:104} INFO - [2024-06-26 00:36:37,520] {dag.py:1824} INFO - Sync 1 DAGs
[2024-06-26 00:36:38,195] {logging_mixin.py:104} INFO - [2024-06-26 00:36:38,189] {dag.py:2280} INFO - Setting next_dagrun for example_xcom to 2024-06-24 00:00:00+00:00
[2024-06-26 00:36:38,711] {scheduler_job.py:190} INFO - Processing /home/airflow/.local/lib/python3.6/site-packages/airflow/example_dags/example_xcom.py took 3.717 seconds
[2024-06-26 00:37:10,597] {scheduler_job.py:182} INFO - Started process (PID=1910) to work on /home/airflow/.local/lib/python3.6/site-packages/airflow/example_dags/example_xcom.py
[2024-06-26 00:37:10,604] {scheduler_job.py:629} INFO - Processing file /home/airflow/.local/lib/python3.6/site-packages/airflow/example_dags/example_xcom.py for tasks to queue
[2024-06-26 00:37:10,613] {logging_mixin.py:104} INFO - [2024-06-26 00:37:10,613] {dagbag.py:451} INFO - Filling up the DagBag from /home/airflow/.local/lib/python3.6/site-packages/airflow/example_dags/example_xcom.py
[2024-06-26 00:37:10,901] {scheduler_job.py:639} INFO - DAG(s) dict_keys(['example_xcom']) retrieved from /home/airflow/.local/lib/python3.6/site-packages/airflow/example_dags/example_xcom.py
[2024-06-26 00:37:13,757] {logging_mixin.py:104} INFO - [2024-06-26 00:37:13,686] {dag.py:1824} INFO - Sync 1 DAGs
[2024-06-26 00:37:14,794] {logging_mixin.py:104} INFO - [2024-06-26 00:37:14,792] {dag.py:2280} INFO - Setting next_dagrun for example_xcom to 2024-06-24 00:00:00+00:00
[2024-06-26 00:37:50,833] {scheduler_job.py:190} INFO - Processing /home/airflow/.local/lib/python3.6/site-packages/airflow/example_dags/example_xcom.py took 40.331 seconds
[2024-06-26 00:38:21,105] {scheduler_job.py:182} INFO - Started process (PID=1938) to work on /home/airflow/.local/lib/python3.6/site-packages/airflow/example_dags/example_xcom.py
[2024-06-26 00:38:21,160] {scheduler_job.py:629} INFO - Processing file /home/airflow/.local/lib/python3.6/site-packages/airflow/example_dags/example_xcom.py for tasks to queue
[2024-06-26 00:38:21,163] {logging_mixin.py:104} INFO - [2024-06-26 00:38:21,163] {dagbag.py:451} INFO - Filling up the DagBag from /home/airflow/.local/lib/python3.6/site-packages/airflow/example_dags/example_xcom.py
[2024-06-26 00:38:21,307] {scheduler_job.py:639} INFO - DAG(s) dict_keys(['example_xcom']) retrieved from /home/airflow/.local/lib/python3.6/site-packages/airflow/example_dags/example_xcom.py
[2024-06-26 00:38:21,669] {logging_mixin.py:104} INFO - [2024-06-26 00:38:21,668] {dag.py:1824} INFO - Sync 1 DAGs
[2024-06-26 00:38:21,727] {logging_mixin.py:104} INFO - [2024-06-26 00:38:21,727] {dag.py:2280} INFO - Setting next_dagrun for example_xcom to 2024-06-24 00:00:00+00:00
[2024-06-26 00:38:21,861] {scheduler_job.py:190} INFO - Processing /home/airflow/.local/lib/python3.6/site-packages/airflow/example_dags/example_xcom.py took 0.816 seconds
[2024-06-26 00:39:00,775] {scheduler_job.py:182} INFO - Started process (PID=1967) to work on /home/airflow/.local/lib/python3.6/site-packages/airflow/example_dags/example_xcom.py
[2024-06-26 00:39:00,793] {scheduler_job.py:629} INFO - Processing file /home/airflow/.local/lib/python3.6/site-packages/airflow/example_dags/example_xcom.py for tasks to queue
[2024-06-26 00:39:00,798] {logging_mixin.py:104} INFO - [2024-06-26 00:39:00,798] {dagbag.py:451} INFO - Filling up the DagBag from /home/airflow/.local/lib/python3.6/site-packages/airflow/example_dags/example_xcom.py
[2024-06-26 00:39:00,891] {scheduler_job.py:639} INFO - DAG(s) dict_keys(['example_xcom']) retrieved from /home/airflow/.local/lib/python3.6/site-packages/airflow/example_dags/example_xcom.py
[2024-06-26 00:39:01,112] {logging_mixin.py:104} INFO - [2024-06-26 00:39:01,111] {dag.py:1824} INFO - Sync 1 DAGs
[2024-06-26 00:39:01,202] {logging_mixin.py:104} INFO - [2024-06-26 00:39:01,202] {dag.py:2280} INFO - Setting next_dagrun for example_xcom to 2024-06-24 00:00:00+00:00
[2024-06-26 00:39:01,274] {scheduler_job.py:190} INFO - Processing /home/airflow/.local/lib/python3.6/site-packages/airflow/example_dags/example_xcom.py took 0.654 seconds
[2024-06-26 00:41:03,197] {scheduler_job.py:182} INFO - Started process (PID=2000) to work on /home/airflow/.local/lib/python3.6/site-packages/airflow/example_dags/example_xcom.py
[2024-06-26 00:41:03,211] {scheduler_job.py:629} INFO - Processing file /home/airflow/.local/lib/python3.6/site-packages/airflow/example_dags/example_xcom.py for tasks to queue
[2024-06-26 00:41:03,214] {logging_mixin.py:104} INFO - [2024-06-26 00:41:03,214] {dagbag.py:451} INFO - Filling up the DagBag from /home/airflow/.local/lib/python3.6/site-packages/airflow/example_dags/example_xcom.py
[2024-06-26 00:41:03,293] {scheduler_job.py:639} INFO - DAG(s) dict_keys(['example_xcom']) retrieved from /home/airflow/.local/lib/python3.6/site-packages/airflow/example_dags/example_xcom.py
[2024-06-26 00:41:03,444] {logging_mixin.py:104} INFO - [2024-06-26 00:41:03,444] {dag.py:1824} INFO - Sync 1 DAGs
[2024-06-26 00:41:03,477] {logging_mixin.py:104} INFO - [2024-06-26 00:41:03,477] {dag.py:2280} INFO - Setting next_dagrun for example_xcom to 2024-06-24 00:00:00+00:00
[2024-06-26 00:41:03,513] {scheduler_job.py:190} INFO - Processing /home/airflow/.local/lib/python3.6/site-packages/airflow/example_dags/example_xcom.py took 0.360 seconds
[2024-06-26 00:43:08,535] {scheduler_job.py:182} INFO - Started process (PID=2031) to work on /home/airflow/.local/lib/python3.6/site-packages/airflow/example_dags/example_xcom.py
[2024-06-26 00:43:08,542] {scheduler_job.py:629} INFO - Processing file /home/airflow/.local/lib/python3.6/site-packages/airflow/example_dags/example_xcom.py for tasks to queue
[2024-06-26 00:43:08,545] {logging_mixin.py:104} INFO - [2024-06-26 00:43:08,545] {dagbag.py:451} INFO - Filling up the DagBag from /home/airflow/.local/lib/python3.6/site-packages/airflow/example_dags/example_xcom.py
[2024-06-26 00:43:08,594] {scheduler_job.py:639} INFO - DAG(s) dict_keys(['example_xcom']) retrieved from /home/airflow/.local/lib/python3.6/site-packages/airflow/example_dags/example_xcom.py
[2024-06-26 00:43:08,661] {logging_mixin.py:104} INFO - [2024-06-26 00:43:08,661] {dag.py:1824} INFO - Sync 1 DAGs
[2024-06-26 00:43:08,689] {logging_mixin.py:104} INFO - [2024-06-26 00:43:08,688] {dag.py:2280} INFO - Setting next_dagrun for example_xcom to 2024-06-24 00:00:00+00:00
[2024-06-26 00:43:08,721] {scheduler_job.py:190} INFO - Processing /home/airflow/.local/lib/python3.6/site-packages/airflow/example_dags/example_xcom.py took 0.202 seconds
[2024-06-26 00:45:24,511] {scheduler_job.py:182} INFO - Started process (PID=2069) to work on /home/airflow/.local/lib/python3.6/site-packages/airflow/example_dags/example_xcom.py
[2024-06-26 00:45:24,519] {scheduler_job.py:629} INFO - Processing file /home/airflow/.local/lib/python3.6/site-packages/airflow/example_dags/example_xcom.py for tasks to queue
[2024-06-26 00:45:24,526] {logging_mixin.py:104} INFO - [2024-06-26 00:45:24,525] {dagbag.py:451} INFO - Filling up the DagBag from /home/airflow/.local/lib/python3.6/site-packages/airflow/example_dags/example_xcom.py
[2024-06-26 00:45:24,598] {scheduler_job.py:639} INFO - DAG(s) dict_keys(['example_xcom']) retrieved from /home/airflow/.local/lib/python3.6/site-packages/airflow/example_dags/example_xcom.py
[2024-06-26 00:45:24,949] {logging_mixin.py:104} INFO - [2024-06-26 00:45:24,949] {dag.py:1824} INFO - Sync 1 DAGs
[2024-06-26 00:45:25,019] {logging_mixin.py:104} INFO - [2024-06-26 00:45:25,018] {dag.py:2280} INFO - Setting next_dagrun for example_xcom to 2024-06-24 00:00:00+00:00
[2024-06-26 00:45:25,066] {scheduler_job.py:190} INFO - Processing /home/airflow/.local/lib/python3.6/site-packages/airflow/example_dags/example_xcom.py took 0.568 seconds
[2024-06-26 00:47:27,295] {scheduler_job.py:182} INFO - Started process (PID=2103) to work on /home/airflow/.local/lib/python3.6/site-packages/airflow/example_dags/example_xcom.py
[2024-06-26 00:47:27,300] {scheduler_job.py:629} INFO - Processing file /home/airflow/.local/lib/python3.6/site-packages/airflow/example_dags/example_xcom.py for tasks to queue
[2024-06-26 00:47:27,339] {logging_mixin.py:104} INFO - [2024-06-26 00:47:27,339] {dagbag.py:451} INFO - Filling up the DagBag from /home/airflow/.local/lib/python3.6/site-packages/airflow/example_dags/example_xcom.py
[2024-06-26 00:47:27,444] {scheduler_job.py:639} INFO - DAG(s) dict_keys(['example_xcom']) retrieved from /home/airflow/.local/lib/python3.6/site-packages/airflow/example_dags/example_xcom.py
[2024-06-26 00:47:27,609] {logging_mixin.py:104} INFO - [2024-06-26 00:47:27,609] {dag.py:1824} INFO - Sync 1 DAGs
[2024-06-26 00:47:28,009] {logging_mixin.py:104} INFO - [2024-06-26 00:47:28,008] {dag.py:2280} INFO - Setting next_dagrun for example_xcom to 2024-06-24 00:00:00+00:00
[2024-06-26 00:47:28,309] {scheduler_job.py:190} INFO - Processing /home/airflow/.local/lib/python3.6/site-packages/airflow/example_dags/example_xcom.py took 1.052 seconds
[2024-06-26 00:49:00,962] {scheduler_job.py:182} INFO - Started process (PID=2135) to work on /home/airflow/.local/lib/python3.6/site-packages/airflow/example_dags/example_xcom.py
[2024-06-26 00:49:00,965] {scheduler_job.py:629} INFO - Processing file /home/airflow/.local/lib/python3.6/site-packages/airflow/example_dags/example_xcom.py for tasks to queue
[2024-06-26 00:49:00,970] {logging_mixin.py:104} INFO - [2024-06-26 00:49:00,969] {dagbag.py:451} INFO - Filling up the DagBag from /home/airflow/.local/lib/python3.6/site-packages/airflow/example_dags/example_xcom.py
[2024-06-26 00:49:01,072] {scheduler_job.py:639} INFO - DAG(s) dict_keys(['example_xcom']) retrieved from /home/airflow/.local/lib/python3.6/site-packages/airflow/example_dags/example_xcom.py
[2024-06-26 00:49:02,045] {logging_mixin.py:104} INFO - [2024-06-26 00:49:01,981] {dag.py:1824} INFO - Sync 1 DAGs
[2024-06-26 00:49:02,615] {logging_mixin.py:104} INFO - [2024-06-26 00:49:02,614] {dag.py:2280} INFO - Setting next_dagrun for example_xcom to 2024-06-24 00:00:00+00:00
[2024-06-26 00:49:02,701] {scheduler_job.py:190} INFO - Processing /home/airflow/.local/lib/python3.6/site-packages/airflow/example_dags/example_xcom.py took 1.753 seconds
[2024-06-26 00:49:33,604] {scheduler_job.py:182} INFO - Started process (PID=2163) to work on /home/airflow/.local/lib/python3.6/site-packages/airflow/example_dags/example_xcom.py
[2024-06-26 00:49:33,608] {scheduler_job.py:629} INFO - Processing file /home/airflow/.local/lib/python3.6/site-packages/airflow/example_dags/example_xcom.py for tasks to queue
[2024-06-26 00:49:33,624] {logging_mixin.py:104} INFO - [2024-06-26 00:49:33,623] {dagbag.py:451} INFO - Filling up the DagBag from /home/airflow/.local/lib/python3.6/site-packages/airflow/example_dags/example_xcom.py
[2024-06-26 00:49:33,902] {scheduler_job.py:639} INFO - DAG(s) dict_keys(['example_xcom']) retrieved from /home/airflow/.local/lib/python3.6/site-packages/airflow/example_dags/example_xcom.py
[2024-06-26 00:49:34,257] {logging_mixin.py:104} INFO - [2024-06-26 00:49:34,257] {dag.py:1824} INFO - Sync 1 DAGs
[2024-06-26 00:49:34,652] {logging_mixin.py:104} INFO - [2024-06-26 00:49:34,652] {dag.py:2280} INFO - Setting next_dagrun for example_xcom to 2024-06-24 00:00:00+00:00
[2024-06-26 00:49:34,801] {scheduler_job.py:190} INFO - Processing /home/airflow/.local/lib/python3.6/site-packages/airflow/example_dags/example_xcom.py took 1.241 seconds
[2024-06-26 00:51:33,306] {scheduler_job.py:182} INFO - Started process (PID=2196) to work on /home/airflow/.local/lib/python3.6/site-packages/airflow/example_dags/example_xcom.py
[2024-06-26 00:51:33,315] {scheduler_job.py:629} INFO - Processing file /home/airflow/.local/lib/python3.6/site-packages/airflow/example_dags/example_xcom.py for tasks to queue
[2024-06-26 00:51:33,319] {logging_mixin.py:104} INFO - [2024-06-26 00:51:33,319] {dagbag.py:451} INFO - Filling up the DagBag from /home/airflow/.local/lib/python3.6/site-packages/airflow/example_dags/example_xcom.py
[2024-06-26 00:51:33,434] {scheduler_job.py:639} INFO - DAG(s) dict_keys(['example_xcom']) retrieved from /home/airflow/.local/lib/python3.6/site-packages/airflow/example_dags/example_xcom.py
[2024-06-26 00:51:33,698] {logging_mixin.py:104} INFO - [2024-06-26 00:51:33,697] {dag.py:1824} INFO - Sync 1 DAGs
[2024-06-26 00:51:33,785] {logging_mixin.py:104} INFO - [2024-06-26 00:51:33,785] {dag.py:2280} INFO - Setting next_dagrun for example_xcom to 2024-06-24 00:00:00+00:00
[2024-06-26 00:51:34,029] {scheduler_job.py:190} INFO - Processing /home/airflow/.local/lib/python3.6/site-packages/airflow/example_dags/example_xcom.py took 0.877 seconds
[2024-06-26 00:54:05,939] {scheduler_job.py:182} INFO - Started process (PID=2237) to work on /home/airflow/.local/lib/python3.6/site-packages/airflow/example_dags/example_xcom.py
[2024-06-26 00:54:05,943] {scheduler_job.py:629} INFO - Processing file /home/airflow/.local/lib/python3.6/site-packages/airflow/example_dags/example_xcom.py for tasks to queue
[2024-06-26 00:54:05,946] {logging_mixin.py:104} INFO - [2024-06-26 00:54:05,945] {dagbag.py:451} INFO - Filling up the DagBag from /home/airflow/.local/lib/python3.6/site-packages/airflow/example_dags/example_xcom.py
[2024-06-26 00:54:05,970] {scheduler_job.py:639} INFO - DAG(s) dict_keys(['example_xcom']) retrieved from /home/airflow/.local/lib/python3.6/site-packages/airflow/example_dags/example_xcom.py
[2024-06-26 00:54:06,146] {logging_mixin.py:104} INFO - [2024-06-26 00:54:06,146] {dag.py:1824} INFO - Sync 1 DAGs
[2024-06-26 00:54:06,316] {logging_mixin.py:104} INFO - [2024-06-26 00:54:06,316] {dag.py:2280} INFO - Setting next_dagrun for example_xcom to 2024-06-24 00:00:00+00:00
[2024-06-26 00:54:06,445] {scheduler_job.py:190} INFO - Processing /home/airflow/.local/lib/python3.6/site-packages/airflow/example_dags/example_xcom.py took 0.533 seconds
[2024-06-26 00:57:10,032] {scheduler_job.py:182} INFO - Started process (PID=2273) to work on /home/airflow/.local/lib/python3.6/site-packages/airflow/example_dags/example_xcom.py
[2024-06-26 00:57:10,048] {scheduler_job.py:629} INFO - Processing file /home/airflow/.local/lib/python3.6/site-packages/airflow/example_dags/example_xcom.py for tasks to queue
[2024-06-26 00:57:10,057] {logging_mixin.py:104} INFO - [2024-06-26 00:57:10,056] {dagbag.py:451} INFO - Filling up the DagBag from /home/airflow/.local/lib/python3.6/site-packages/airflow/example_dags/example_xcom.py
[2024-06-26 00:57:10,138] {scheduler_job.py:639} INFO - DAG(s) dict_keys(['example_xcom']) retrieved from /home/airflow/.local/lib/python3.6/site-packages/airflow/example_dags/example_xcom.py
[2024-06-26 00:57:10,322] {logging_mixin.py:104} INFO - [2024-06-26 00:57:10,321] {dag.py:1824} INFO - Sync 1 DAGs
[2024-06-26 00:57:10,463] {logging_mixin.py:104} INFO - [2024-06-26 00:57:10,463] {dag.py:2280} INFO - Setting next_dagrun for example_xcom to 2024-06-24 00:00:00+00:00
[2024-06-26 00:57:10,558] {scheduler_job.py:190} INFO - Processing /home/airflow/.local/lib/python3.6/site-packages/airflow/example_dags/example_xcom.py took 0.548 seconds
[2024-06-26 00:59:21,591] {scheduler_job.py:182} INFO - Started process (PID=2313) to work on /home/airflow/.local/lib/python3.6/site-packages/airflow/example_dags/example_xcom.py
[2024-06-26 00:59:21,604] {scheduler_job.py:629} INFO - Processing file /home/airflow/.local/lib/python3.6/site-packages/airflow/example_dags/example_xcom.py for tasks to queue
[2024-06-26 00:59:21,608] {logging_mixin.py:104} INFO - [2024-06-26 00:59:21,606] {dagbag.py:451} INFO - Filling up the DagBag from /home/airflow/.local/lib/python3.6/site-packages/airflow/example_dags/example_xcom.py
[2024-06-26 00:59:21,754] {scheduler_job.py:639} INFO - DAG(s) dict_keys(['example_xcom']) retrieved from /home/airflow/.local/lib/python3.6/site-packages/airflow/example_dags/example_xcom.py
[2024-06-26 00:59:21,897] {logging_mixin.py:104} INFO - [2024-06-26 00:59:21,885] {dag.py:1824} INFO - Sync 1 DAGs
[2024-06-26 00:59:22,241] {logging_mixin.py:104} INFO - [2024-06-26 00:59:22,241] {dag.py:2280} INFO - Setting next_dagrun for example_xcom to 2024-06-24 00:00:00+00:00
[2024-06-26 00:59:22,390] {scheduler_job.py:190} INFO - Processing /home/airflow/.local/lib/python3.6/site-packages/airflow/example_dags/example_xcom.py took 0.853 seconds
[2024-06-26 01:01:15,304] {scheduler_job.py:182} INFO - Started process (PID=2354) to work on /home/airflow/.local/lib/python3.6/site-packages/airflow/example_dags/example_xcom.py
[2024-06-26 01:01:15,326] {scheduler_job.py:629} INFO - Processing file /home/airflow/.local/lib/python3.6/site-packages/airflow/example_dags/example_xcom.py for tasks to queue
[2024-06-26 01:01:15,337] {logging_mixin.py:104} INFO - [2024-06-26 01:01:15,336] {dagbag.py:451} INFO - Filling up the DagBag from /home/airflow/.local/lib/python3.6/site-packages/airflow/example_dags/example_xcom.py
[2024-06-26 01:01:15,420] {scheduler_job.py:639} INFO - DAG(s) dict_keys(['example_xcom']) retrieved from /home/airflow/.local/lib/python3.6/site-packages/airflow/example_dags/example_xcom.py
[2024-06-26 01:01:15,513] {logging_mixin.py:104} INFO - [2024-06-26 01:01:15,513] {dag.py:1824} INFO - Sync 1 DAGs
[2024-06-26 01:01:15,549] {logging_mixin.py:104} INFO - [2024-06-26 01:01:15,548] {dag.py:2280} INFO - Setting next_dagrun for example_xcom to 2024-06-24 00:00:00+00:00
[2024-06-26 01:01:15,592] {scheduler_job.py:190} INFO - Processing /home/airflow/.local/lib/python3.6/site-packages/airflow/example_dags/example_xcom.py took 0.294 seconds
[2024-06-26 01:04:13,143] {scheduler_job.py:182} INFO - Started process (PID=2400) to work on /home/airflow/.local/lib/python3.6/site-packages/airflow/example_dags/example_xcom.py
[2024-06-26 01:04:13,170] {scheduler_job.py:629} INFO - Processing file /home/airflow/.local/lib/python3.6/site-packages/airflow/example_dags/example_xcom.py for tasks to queue
[2024-06-26 01:04:13,185] {logging_mixin.py:104} INFO - [2024-06-26 01:04:13,184] {dagbag.py:451} INFO - Filling up the DagBag from /home/airflow/.local/lib/python3.6/site-packages/airflow/example_dags/example_xcom.py
[2024-06-26 01:04:13,215] {scheduler_job.py:639} INFO - DAG(s) dict_keys(['example_xcom']) retrieved from /home/airflow/.local/lib/python3.6/site-packages/airflow/example_dags/example_xcom.py
[2024-06-26 01:04:13,598] {logging_mixin.py:104} INFO - [2024-06-26 01:04:13,591] {dag.py:1824} INFO - Sync 1 DAGs
[2024-06-26 01:04:13,777] {logging_mixin.py:104} INFO - [2024-06-26 01:04:13,753] {dag.py:2280} INFO - Setting next_dagrun for example_xcom to 2024-06-24 00:00:00+00:00
[2024-06-26 01:04:14,006] {scheduler_job.py:190} INFO - Processing /home/airflow/.local/lib/python3.6/site-packages/airflow/example_dags/example_xcom.py took 0.882 seconds
[2024-06-26 01:04:44,318] {scheduler_job.py:182} INFO - Started process (PID=2428) to work on /home/airflow/.local/lib/python3.6/site-packages/airflow/example_dags/example_xcom.py
[2024-06-26 01:04:44,322] {scheduler_job.py:629} INFO - Processing file /home/airflow/.local/lib/python3.6/site-packages/airflow/example_dags/example_xcom.py for tasks to queue
[2024-06-26 01:04:44,324] {logging_mixin.py:104} INFO - [2024-06-26 01:04:44,324] {dagbag.py:451} INFO - Filling up the DagBag from /home/airflow/.local/lib/python3.6/site-packages/airflow/example_dags/example_xcom.py
[2024-06-26 01:04:44,388] {scheduler_job.py:639} INFO - DAG(s) dict_keys(['example_xcom']) retrieved from /home/airflow/.local/lib/python3.6/site-packages/airflow/example_dags/example_xcom.py
[2024-06-26 01:04:44,516] {logging_mixin.py:104} INFO - [2024-06-26 01:04:44,516] {dag.py:1824} INFO - Sync 1 DAGs
[2024-06-26 01:04:44,551] {logging_mixin.py:104} INFO - [2024-06-26 01:04:44,550] {dag.py:2280} INFO - Setting next_dagrun for example_xcom to 2024-06-24 00:00:00+00:00
[2024-06-26 01:04:44,602] {scheduler_job.py:190} INFO - Processing /home/airflow/.local/lib/python3.6/site-packages/airflow/example_dags/example_xcom.py took 0.298 seconds
[2024-06-26 01:06:16,019] {scheduler_job.py:182} INFO - Started process (PID=2456) to work on /home/airflow/.local/lib/python3.6/site-packages/airflow/example_dags/example_xcom.py
[2024-06-26 01:06:16,029] {scheduler_job.py:629} INFO - Processing file /home/airflow/.local/lib/python3.6/site-packages/airflow/example_dags/example_xcom.py for tasks to queue
[2024-06-26 01:06:16,035] {logging_mixin.py:104} INFO - [2024-06-26 01:06:16,034] {dagbag.py:451} INFO - Filling up the DagBag from /home/airflow/.local/lib/python3.6/site-packages/airflow/example_dags/example_xcom.py
[2024-06-26 01:06:16,105] {scheduler_job.py:639} INFO - DAG(s) dict_keys(['example_xcom']) retrieved from /home/airflow/.local/lib/python3.6/site-packages/airflow/example_dags/example_xcom.py
[2024-06-26 01:06:16,212] {logging_mixin.py:104} INFO - [2024-06-26 01:06:16,212] {dag.py:1824} INFO - Sync 1 DAGs
[2024-06-26 01:06:16,282] {logging_mixin.py:104} INFO - [2024-06-26 01:06:16,282] {dag.py:2280} INFO - Setting next_dagrun for example_xcom to 2024-06-24 00:00:00+00:00
[2024-06-26 01:06:16,428] {scheduler_job.py:190} INFO - Processing /home/airflow/.local/lib/python3.6/site-packages/airflow/example_dags/example_xcom.py took 0.418 seconds
[2024-06-26 01:14:01,819] {scheduler_job.py:182} INFO - Started process (PID=40) to work on /home/airflow/.local/lib/python3.6/site-packages/airflow/example_dags/example_xcom.py
[2024-06-26 01:14:01,828] {scheduler_job.py:629} INFO - Processing file /home/airflow/.local/lib/python3.6/site-packages/airflow/example_dags/example_xcom.py for tasks to queue
[2024-06-26 01:14:01,831] {logging_mixin.py:104} INFO - [2024-06-26 01:14:01,830] {dagbag.py:451} INFO - Filling up the DagBag from /home/airflow/.local/lib/python3.6/site-packages/airflow/example_dags/example_xcom.py
[2024-06-26 01:14:01,914] {scheduler_job.py:639} INFO - DAG(s) dict_keys(['example_xcom']) retrieved from /home/airflow/.local/lib/python3.6/site-packages/airflow/example_dags/example_xcom.py
[2024-06-26 01:14:02,841] {logging_mixin.py:104} INFO - [2024-06-26 01:14:02,840] {dag.py:1824} INFO - Sync 1 DAGs
[2024-06-26 01:14:03,312] {logging_mixin.py:104} INFO - [2024-06-26 01:14:03,312] {dag.py:2280} INFO - Setting next_dagrun for example_xcom to 2024-06-24 00:00:00+00:00
[2024-06-26 01:14:03,522] {scheduler_job.py:190} INFO - Processing /home/airflow/.local/lib/python3.6/site-packages/airflow/example_dags/example_xcom.py took 1.775 seconds
[2024-06-26 01:14:33,784] {scheduler_job.py:182} INFO - Started process (PID=68) to work on /home/airflow/.local/lib/python3.6/site-packages/airflow/example_dags/example_xcom.py
[2024-06-26 01:14:33,801] {scheduler_job.py:629} INFO - Processing file /home/airflow/.local/lib/python3.6/site-packages/airflow/example_dags/example_xcom.py for tasks to queue
[2024-06-26 01:14:33,816] {logging_mixin.py:104} INFO - [2024-06-26 01:14:33,815] {dagbag.py:451} INFO - Filling up the DagBag from /home/airflow/.local/lib/python3.6/site-packages/airflow/example_dags/example_xcom.py
[2024-06-26 01:14:33,901] {scheduler_job.py:639} INFO - DAG(s) dict_keys(['example_xcom']) retrieved from /home/airflow/.local/lib/python3.6/site-packages/airflow/example_dags/example_xcom.py
[2024-06-26 01:14:34,707] {logging_mixin.py:104} INFO - [2024-06-26 01:14:34,707] {dag.py:1824} INFO - Sync 1 DAGs
[2024-06-26 01:14:34,808] {logging_mixin.py:104} INFO - [2024-06-26 01:14:34,807] {dag.py:2280} INFO - Setting next_dagrun for example_xcom to 2024-06-24 00:00:00+00:00
[2024-06-26 01:14:35,012] {scheduler_job.py:190} INFO - Processing /home/airflow/.local/lib/python3.6/site-packages/airflow/example_dags/example_xcom.py took 1.258 seconds
[2024-06-26 01:15:06,448] {scheduler_job.py:182} INFO - Started process (PID=95) to work on /home/airflow/.local/lib/python3.6/site-packages/airflow/example_dags/example_xcom.py
[2024-06-26 01:15:06,517] {scheduler_job.py:629} INFO - Processing file /home/airflow/.local/lib/python3.6/site-packages/airflow/example_dags/example_xcom.py for tasks to queue
[2024-06-26 01:15:06,865] {logging_mixin.py:104} INFO - [2024-06-26 01:15:06,865] {dagbag.py:451} INFO - Filling up the DagBag from /home/airflow/.local/lib/python3.6/site-packages/airflow/example_dags/example_xcom.py
[2024-06-26 01:15:07,130] {scheduler_job.py:639} INFO - DAG(s) dict_keys(['example_xcom']) retrieved from /home/airflow/.local/lib/python3.6/site-packages/airflow/example_dags/example_xcom.py
[2024-06-26 01:15:07,788] {logging_mixin.py:104} INFO - [2024-06-26 01:15:07,788] {dag.py:1824} INFO - Sync 1 DAGs
[2024-06-26 01:15:08,271] {logging_mixin.py:104} INFO - [2024-06-26 01:15:08,270] {dag.py:2280} INFO - Setting next_dagrun for example_xcom to 2024-06-24 00:00:00+00:00
[2024-06-26 01:15:08,443] {scheduler_job.py:190} INFO - Processing /home/airflow/.local/lib/python3.6/site-packages/airflow/example_dags/example_xcom.py took 2.077 seconds
[2024-06-26 01:17:14,706] {scheduler_job.py:182} INFO - Started process (PID=124) to work on /home/airflow/.local/lib/python3.6/site-packages/airflow/example_dags/example_xcom.py
[2024-06-26 01:17:14,716] {scheduler_job.py:629} INFO - Processing file /home/airflow/.local/lib/python3.6/site-packages/airflow/example_dags/example_xcom.py for tasks to queue
[2024-06-26 01:17:14,734] {logging_mixin.py:104} INFO - [2024-06-26 01:17:14,734] {dagbag.py:451} INFO - Filling up the DagBag from /home/airflow/.local/lib/python3.6/site-packages/airflow/example_dags/example_xcom.py
[2024-06-26 01:17:14,858] {scheduler_job.py:639} INFO - DAG(s) dict_keys(['example_xcom']) retrieved from /home/airflow/.local/lib/python3.6/site-packages/airflow/example_dags/example_xcom.py
[2024-06-26 01:17:14,955] {logging_mixin.py:104} INFO - [2024-06-26 01:17:14,954] {dag.py:1824} INFO - Sync 1 DAGs
[2024-06-26 01:17:15,015] {logging_mixin.py:104} INFO - [2024-06-26 01:17:15,015] {dag.py:2280} INFO - Setting next_dagrun for example_xcom to 2024-06-24 00:00:00+00:00
[2024-06-26 01:17:15,043] {scheduler_job.py:190} INFO - Processing /home/airflow/.local/lib/python3.6/site-packages/airflow/example_dags/example_xcom.py took 0.383 seconds
[2024-06-26 01:17:52,310] {scheduler_job.py:182} INFO - Started process (PID=153) to work on /home/airflow/.local/lib/python3.6/site-packages/airflow/example_dags/example_xcom.py
[2024-06-26 01:17:52,312] {scheduler_job.py:629} INFO - Processing file /home/airflow/.local/lib/python3.6/site-packages/airflow/example_dags/example_xcom.py for tasks to queue
[2024-06-26 01:17:52,317] {logging_mixin.py:104} INFO - [2024-06-26 01:17:52,316] {dagbag.py:451} INFO - Filling up the DagBag from /home/airflow/.local/lib/python3.6/site-packages/airflow/example_dags/example_xcom.py
[2024-06-26 01:17:52,538] {scheduler_job.py:639} INFO - DAG(s) dict_keys(['example_xcom']) retrieved from /home/airflow/.local/lib/python3.6/site-packages/airflow/example_dags/example_xcom.py
[2024-06-26 01:17:56,613] {logging_mixin.py:104} INFO - [2024-06-26 01:17:56,613] {dag.py:1824} INFO - Sync 1 DAGs
[2024-06-26 01:17:57,349] {logging_mixin.py:104} INFO - [2024-06-26 01:17:57,340] {dag.py:2280} INFO - Setting next_dagrun for example_xcom to 2024-06-24 00:00:00+00:00
[2024-06-26 01:17:58,244] {scheduler_job.py:190} INFO - Processing /home/airflow/.local/lib/python3.6/site-packages/airflow/example_dags/example_xcom.py took 5.955 seconds
[2024-06-26 01:18:28,889] {scheduler_job.py:182} INFO - Started process (PID=180) to work on /home/airflow/.local/lib/python3.6/site-packages/airflow/example_dags/example_xcom.py
[2024-06-26 01:18:28,897] {scheduler_job.py:629} INFO - Processing file /home/airflow/.local/lib/python3.6/site-packages/airflow/example_dags/example_xcom.py for tasks to queue
[2024-06-26 01:18:28,901] {logging_mixin.py:104} INFO - [2024-06-26 01:18:28,900] {dagbag.py:451} INFO - Filling up the DagBag from /home/airflow/.local/lib/python3.6/site-packages/airflow/example_dags/example_xcom.py
[2024-06-26 01:18:29,157] {scheduler_job.py:639} INFO - DAG(s) dict_keys(['example_xcom']) retrieved from /home/airflow/.local/lib/python3.6/site-packages/airflow/example_dags/example_xcom.py
[2024-06-26 01:18:29,474] {logging_mixin.py:104} INFO - [2024-06-26 01:18:29,474] {dag.py:1824} INFO - Sync 1 DAGs
[2024-06-26 01:18:30,095] {logging_mixin.py:104} INFO - [2024-06-26 01:18:30,095] {dag.py:2280} INFO - Setting next_dagrun for example_xcom to 2024-06-24 00:00:00+00:00
[2024-06-26 01:18:30,477] {scheduler_job.py:190} INFO - Processing /home/airflow/.local/lib/python3.6/site-packages/airflow/example_dags/example_xcom.py took 1.640 seconds
[2024-06-26 01:19:23,041] {scheduler_job.py:182} INFO - Started process (PID=198) to work on /home/airflow/.local/lib/python3.6/site-packages/airflow/example_dags/example_xcom.py
[2024-06-26 01:19:23,343] {scheduler_job.py:629} INFO - Processing file /home/airflow/.local/lib/python3.6/site-packages/airflow/example_dags/example_xcom.py for tasks to queue
[2024-06-26 01:19:23,371] {logging_mixin.py:104} INFO - [2024-06-26 01:19:23,371] {dagbag.py:451} INFO - Filling up the DagBag from /home/airflow/.local/lib/python3.6/site-packages/airflow/example_dags/example_xcom.py
[2024-06-26 01:19:24,205] {scheduler_job.py:639} INFO - DAG(s) dict_keys(['example_xcom']) retrieved from /home/airflow/.local/lib/python3.6/site-packages/airflow/example_dags/example_xcom.py
[2024-06-26 01:19:26,281] {logging_mixin.py:104} INFO - [2024-06-26 01:19:26,230] {dag.py:1824} INFO - Sync 1 DAGs
[2024-06-26 01:19:26,381] {logging_mixin.py:104} INFO - [2024-06-26 01:19:26,381] {dag.py:2280} INFO - Setting next_dagrun for example_xcom to 2024-06-24 00:00:00+00:00
[2024-06-26 01:19:27,487] {scheduler_job.py:190} INFO - Processing /home/airflow/.local/lib/python3.6/site-packages/airflow/example_dags/example_xcom.py took 5.018 seconds
[2024-06-26 01:19:58,026] {scheduler_job.py:182} INFO - Started process (PID=226) to work on /home/airflow/.local/lib/python3.6/site-packages/airflow/example_dags/example_xcom.py
[2024-06-26 01:19:58,099] {scheduler_job.py:629} INFO - Processing file /home/airflow/.local/lib/python3.6/site-packages/airflow/example_dags/example_xcom.py for tasks to queue
[2024-06-26 01:19:58,129] {logging_mixin.py:104} INFO - [2024-06-26 01:19:58,129] {dagbag.py:451} INFO - Filling up the DagBag from /home/airflow/.local/lib/python3.6/site-packages/airflow/example_dags/example_xcom.py
[2024-06-26 01:19:58,587] {scheduler_job.py:639} INFO - DAG(s) dict_keys(['example_xcom']) retrieved from /home/airflow/.local/lib/python3.6/site-packages/airflow/example_dags/example_xcom.py
[2024-06-26 01:19:59,361] {logging_mixin.py:104} INFO - [2024-06-26 01:19:59,356] {dag.py:1824} INFO - Sync 1 DAGs
[2024-06-26 01:19:59,547] {logging_mixin.py:104} INFO - [2024-06-26 01:19:59,546] {dag.py:2280} INFO - Setting next_dagrun for example_xcom to 2024-06-24 00:00:00+00:00
[2024-06-26 01:20:00,003] {scheduler_job.py:190} INFO - Processing /home/airflow/.local/lib/python3.6/site-packages/airflow/example_dags/example_xcom.py took 2.039 seconds
