[2024-06-26 00:00:58,895] {scheduler_job.py:182} INFO - Started process (PID=1003) to work on /home/airflow/.local/lib/python3.6/site-packages/airflow/example_dags/example_skip_dag.py
[2024-06-26 00:00:58,904] {scheduler_job.py:629} INFO - Processing file /home/airflow/.local/lib/python3.6/site-packages/airflow/example_dags/example_skip_dag.py for tasks to queue
[2024-06-26 00:00:58,907] {logging_mixin.py:104} INFO - [2024-06-26 00:00:58,906] {dagbag.py:451} INFO - Filling up the DagBag from /home/airflow/.local/lib/python3.6/site-packages/airflow/example_dags/example_skip_dag.py
[2024-06-26 00:00:59,490] {scheduler_job.py:639} INFO - DAG(s) dict_keys(['example_skip_dag']) retrieved from /home/airflow/.local/lib/python3.6/site-packages/airflow/example_dags/example_skip_dag.py
[2024-06-26 00:01:01,409] {logging_mixin.py:104} INFO - [2024-06-26 00:01:01,403] {dag.py:1824} INFO - Sync 1 DAGs
[2024-06-26 00:01:01,491] {logging_mixin.py:104} INFO - [2024-06-26 00:01:01,490] {dag.py:2280} INFO - Setting next_dagrun for example_skip_dag to 2024-06-24 00:00:00+00:00
[2024-06-26 00:01:02,723] {scheduler_job.py:190} INFO - Processing /home/airflow/.local/lib/python3.6/site-packages/airflow/example_dags/example_skip_dag.py took 3.884 seconds
[2024-06-26 00:01:34,076] {scheduler_job.py:182} INFO - Started process (PID=1042) to work on /home/airflow/.local/lib/python3.6/site-packages/airflow/example_dags/example_skip_dag.py
[2024-06-26 00:01:34,091] {scheduler_job.py:629} INFO - Processing file /home/airflow/.local/lib/python3.6/site-packages/airflow/example_dags/example_skip_dag.py for tasks to queue
[2024-06-26 00:01:34,122] {logging_mixin.py:104} INFO - [2024-06-26 00:01:34,121] {dagbag.py:451} INFO - Filling up the DagBag from /home/airflow/.local/lib/python3.6/site-packages/airflow/example_dags/example_skip_dag.py
[2024-06-26 00:01:34,822] {scheduler_job.py:639} INFO - DAG(s) dict_keys(['example_skip_dag']) retrieved from /home/airflow/.local/lib/python3.6/site-packages/airflow/example_dags/example_skip_dag.py
[2024-06-26 00:01:34,878] {logging_mixin.py:104} INFO - [2024-06-26 00:01:34,878] {dag.py:1824} INFO - Sync 1 DAGs
[2024-06-26 00:01:34,932] {logging_mixin.py:104} INFO - [2024-06-26 00:01:34,932] {dag.py:2280} INFO - Setting next_dagrun for example_skip_dag to 2024-06-24 00:00:00+00:00
[2024-06-26 00:01:35,004] {scheduler_job.py:190} INFO - Processing /home/airflow/.local/lib/python3.6/site-packages/airflow/example_dags/example_skip_dag.py took 0.991 seconds
[2024-06-26 00:02:09,306] {scheduler_job.py:182} INFO - Started process (PID=1069) to work on /home/airflow/.local/lib/python3.6/site-packages/airflow/example_dags/example_skip_dag.py
[2024-06-26 00:02:09,336] {scheduler_job.py:629} INFO - Processing file /home/airflow/.local/lib/python3.6/site-packages/airflow/example_dags/example_skip_dag.py for tasks to queue
[2024-06-26 00:02:09,359] {logging_mixin.py:104} INFO - [2024-06-26 00:02:09,353] {dagbag.py:451} INFO - Filling up the DagBag from /home/airflow/.local/lib/python3.6/site-packages/airflow/example_dags/example_skip_dag.py
[2024-06-26 00:02:10,102] {scheduler_job.py:639} INFO - DAG(s) dict_keys(['example_skip_dag']) retrieved from /home/airflow/.local/lib/python3.6/site-packages/airflow/example_dags/example_skip_dag.py
[2024-06-26 00:02:39,946] {logging_mixin.py:104} INFO - [2024-06-26 00:02:39,946] {dag.py:1824} INFO - Sync 1 DAGs
[2024-06-26 00:02:40,362] {logging_mixin.py:104} INFO - [2024-06-26 00:02:40,355] {dag.py:2280} INFO - Setting next_dagrun for example_skip_dag to 2024-06-24 00:00:00+00:00
[2024-06-26 00:02:40,748] {scheduler_job.py:190} INFO - Processing /home/airflow/.local/lib/python3.6/site-packages/airflow/example_dags/example_skip_dag.py took 31.501 seconds
[2024-06-26 00:03:11,044] {scheduler_job.py:182} INFO - Started process (PID=1096) to work on /home/airflow/.local/lib/python3.6/site-packages/airflow/example_dags/example_skip_dag.py
[2024-06-26 00:03:11,056] {scheduler_job.py:629} INFO - Processing file /home/airflow/.local/lib/python3.6/site-packages/airflow/example_dags/example_skip_dag.py for tasks to queue
[2024-06-26 00:03:11,059] {logging_mixin.py:104} INFO - [2024-06-26 00:03:11,058] {dagbag.py:451} INFO - Filling up the DagBag from /home/airflow/.local/lib/python3.6/site-packages/airflow/example_dags/example_skip_dag.py
[2024-06-26 00:03:11,100] {scheduler_job.py:639} INFO - DAG(s) dict_keys(['example_skip_dag']) retrieved from /home/airflow/.local/lib/python3.6/site-packages/airflow/example_dags/example_skip_dag.py
[2024-06-26 00:03:11,237] {logging_mixin.py:104} INFO - [2024-06-26 00:03:11,236] {dag.py:1824} INFO - Sync 1 DAGs
[2024-06-26 00:03:11,289] {logging_mixin.py:104} INFO - [2024-06-26 00:03:11,288] {dag.py:2280} INFO - Setting next_dagrun for example_skip_dag to 2024-06-24 00:00:00+00:00
[2024-06-26 00:03:11,345] {scheduler_job.py:190} INFO - Processing /home/airflow/.local/lib/python3.6/site-packages/airflow/example_dags/example_skip_dag.py took 0.321 seconds
[2024-06-26 00:03:41,613] {scheduler_job.py:182} INFO - Started process (PID=1122) to work on /home/airflow/.local/lib/python3.6/site-packages/airflow/example_dags/example_skip_dag.py
[2024-06-26 00:03:41,642] {scheduler_job.py:629} INFO - Processing file /home/airflow/.local/lib/python3.6/site-packages/airflow/example_dags/example_skip_dag.py for tasks to queue
[2024-06-26 00:03:41,657] {logging_mixin.py:104} INFO - [2024-06-26 00:03:41,647] {dagbag.py:451} INFO - Filling up the DagBag from /home/airflow/.local/lib/python3.6/site-packages/airflow/example_dags/example_skip_dag.py
[2024-06-26 00:04:09,545] {scheduler_job.py:639} INFO - DAG(s) dict_keys(['example_skip_dag']) retrieved from /home/airflow/.local/lib/python3.6/site-packages/airflow/example_dags/example_skip_dag.py
[2024-06-26 00:04:11,432] {logging_mixin.py:104} INFO - [2024-06-26 00:04:11,432] {dag.py:1824} INFO - Sync 1 DAGs
[2024-06-26 00:04:11,647] {logging_mixin.py:104} INFO - [2024-06-26 00:04:11,647] {dag.py:2280} INFO - Setting next_dagrun for example_skip_dag to 2024-06-24 00:00:00+00:00
[2024-06-26 00:04:11,859] {scheduler_job.py:190} INFO - Processing /home/airflow/.local/lib/python3.6/site-packages/airflow/example_dags/example_skip_dag.py took 30.311 seconds
[2024-06-26 00:04:42,315] {scheduler_job.py:182} INFO - Started process (PID=1150) to work on /home/airflow/.local/lib/python3.6/site-packages/airflow/example_dags/example_skip_dag.py
[2024-06-26 00:04:42,340] {scheduler_job.py:629} INFO - Processing file /home/airflow/.local/lib/python3.6/site-packages/airflow/example_dags/example_skip_dag.py for tasks to queue
[2024-06-26 00:04:42,342] {logging_mixin.py:104} INFO - [2024-06-26 00:04:42,342] {dagbag.py:451} INFO - Filling up the DagBag from /home/airflow/.local/lib/python3.6/site-packages/airflow/example_dags/example_skip_dag.py
[2024-06-26 00:04:42,420] {scheduler_job.py:639} INFO - DAG(s) dict_keys(['example_skip_dag']) retrieved from /home/airflow/.local/lib/python3.6/site-packages/airflow/example_dags/example_skip_dag.py
[2024-06-26 00:04:42,533] {logging_mixin.py:104} INFO - [2024-06-26 00:04:42,530] {dag.py:1824} INFO - Sync 1 DAGs
[2024-06-26 00:04:42,605] {logging_mixin.py:104} INFO - [2024-06-26 00:04:42,605] {dag.py:2280} INFO - Setting next_dagrun for example_skip_dag to 2024-06-24 00:00:00+00:00
[2024-06-26 00:04:42,632] {scheduler_job.py:190} INFO - Processing /home/airflow/.local/lib/python3.6/site-packages/airflow/example_dags/example_skip_dag.py took 0.366 seconds
[2024-06-26 00:05:13,845] {scheduler_job.py:182} INFO - Started process (PID=1177) to work on /home/airflow/.local/lib/python3.6/site-packages/airflow/example_dags/example_skip_dag.py
[2024-06-26 00:05:13,854] {scheduler_job.py:629} INFO - Processing file /home/airflow/.local/lib/python3.6/site-packages/airflow/example_dags/example_skip_dag.py for tasks to queue
[2024-06-26 00:05:13,863] {logging_mixin.py:104} INFO - [2024-06-26 00:05:13,862] {dagbag.py:451} INFO - Filling up the DagBag from /home/airflow/.local/lib/python3.6/site-packages/airflow/example_dags/example_skip_dag.py
[2024-06-26 00:05:14,656] {scheduler_job.py:639} INFO - DAG(s) dict_keys(['example_skip_dag']) retrieved from /home/airflow/.local/lib/python3.6/site-packages/airflow/example_dags/example_skip_dag.py
[2024-06-26 00:05:15,056] {logging_mixin.py:104} INFO - [2024-06-26 00:05:15,056] {dag.py:1824} INFO - Sync 1 DAGs
[2024-06-26 00:05:15,144] {logging_mixin.py:104} INFO - [2024-06-26 00:05:15,144] {dag.py:2280} INFO - Setting next_dagrun for example_skip_dag to 2024-06-24 00:00:00+00:00
[2024-06-26 00:05:15,251] {scheduler_job.py:190} INFO - Processing /home/airflow/.local/lib/python3.6/site-packages/airflow/example_dags/example_skip_dag.py took 1.534 seconds
[2024-06-26 00:05:45,870] {scheduler_job.py:182} INFO - Started process (PID=1204) to work on /home/airflow/.local/lib/python3.6/site-packages/airflow/example_dags/example_skip_dag.py
[2024-06-26 00:05:45,884] {scheduler_job.py:629} INFO - Processing file /home/airflow/.local/lib/python3.6/site-packages/airflow/example_dags/example_skip_dag.py for tasks to queue
[2024-06-26 00:05:45,905] {logging_mixin.py:104} INFO - [2024-06-26 00:05:45,894] {dagbag.py:451} INFO - Filling up the DagBag from /home/airflow/.local/lib/python3.6/site-packages/airflow/example_dags/example_skip_dag.py
[2024-06-26 00:05:46,017] {scheduler_job.py:639} INFO - DAG(s) dict_keys(['example_skip_dag']) retrieved from /home/airflow/.local/lib/python3.6/site-packages/airflow/example_dags/example_skip_dag.py
[2024-06-26 00:05:46,457] {logging_mixin.py:104} INFO - [2024-06-26 00:05:46,441] {dag.py:1824} INFO - Sync 1 DAGs
[2024-06-26 00:05:46,782] {logging_mixin.py:104} INFO - [2024-06-26 00:05:46,776] {dag.py:2280} INFO - Setting next_dagrun for example_skip_dag to 2024-06-24 00:00:00+00:00
[2024-06-26 00:05:47,018] {scheduler_job.py:190} INFO - Processing /home/airflow/.local/lib/python3.6/site-packages/airflow/example_dags/example_skip_dag.py took 1.227 seconds
[2024-06-26 00:07:55,790] {scheduler_job.py:182} INFO - Started process (PID=1238) to work on /home/airflow/.local/lib/python3.6/site-packages/airflow/example_dags/example_skip_dag.py
[2024-06-26 00:07:55,794] {scheduler_job.py:629} INFO - Processing file /home/airflow/.local/lib/python3.6/site-packages/airflow/example_dags/example_skip_dag.py for tasks to queue
[2024-06-26 00:07:55,800] {logging_mixin.py:104} INFO - [2024-06-26 00:07:55,799] {dagbag.py:451} INFO - Filling up the DagBag from /home/airflow/.local/lib/python3.6/site-packages/airflow/example_dags/example_skip_dag.py
[2024-06-26 00:07:55,817] {scheduler_job.py:639} INFO - DAG(s) dict_keys(['example_skip_dag']) retrieved from /home/airflow/.local/lib/python3.6/site-packages/airflow/example_dags/example_skip_dag.py
[2024-06-26 00:07:55,902] {logging_mixin.py:104} INFO - [2024-06-26 00:07:55,902] {dag.py:1824} INFO - Sync 1 DAGs
[2024-06-26 00:07:55,949] {logging_mixin.py:104} INFO - [2024-06-26 00:07:55,932] {dag.py:2280} INFO - Setting next_dagrun for example_skip_dag to 2024-06-24 00:00:00+00:00
[2024-06-26 00:07:56,039] {scheduler_job.py:190} INFO - Processing /home/airflow/.local/lib/python3.6/site-packages/airflow/example_dags/example_skip_dag.py took 0.257 seconds
[2024-06-26 00:09:51,877] {scheduler_job.py:182} INFO - Started process (PID=1268) to work on /home/airflow/.local/lib/python3.6/site-packages/airflow/example_dags/example_skip_dag.py
[2024-06-26 00:09:51,881] {scheduler_job.py:629} INFO - Processing file /home/airflow/.local/lib/python3.6/site-packages/airflow/example_dags/example_skip_dag.py for tasks to queue
[2024-06-26 00:09:51,884] {logging_mixin.py:104} INFO - [2024-06-26 00:09:51,883] {dagbag.py:451} INFO - Filling up the DagBag from /home/airflow/.local/lib/python3.6/site-packages/airflow/example_dags/example_skip_dag.py
[2024-06-26 00:09:51,920] {scheduler_job.py:639} INFO - DAG(s) dict_keys(['example_skip_dag']) retrieved from /home/airflow/.local/lib/python3.6/site-packages/airflow/example_dags/example_skip_dag.py
[2024-06-26 00:09:51,986] {logging_mixin.py:104} INFO - [2024-06-26 00:09:51,986] {dag.py:1824} INFO - Sync 1 DAGs
[2024-06-26 00:09:52,014] {logging_mixin.py:104} INFO - [2024-06-26 00:09:52,014] {dag.py:2280} INFO - Setting next_dagrun for example_skip_dag to 2024-06-24 00:00:00+00:00
[2024-06-26 00:09:52,037] {scheduler_job.py:190} INFO - Processing /home/airflow/.local/lib/python3.6/site-packages/airflow/example_dags/example_skip_dag.py took 0.185 seconds
[2024-06-26 00:10:23,146] {scheduler_job.py:182} INFO - Started process (PID=1294) to work on /home/airflow/.local/lib/python3.6/site-packages/airflow/example_dags/example_skip_dag.py
[2024-06-26 00:10:23,154] {scheduler_job.py:629} INFO - Processing file /home/airflow/.local/lib/python3.6/site-packages/airflow/example_dags/example_skip_dag.py for tasks to queue
[2024-06-26 00:10:23,161] {logging_mixin.py:104} INFO - [2024-06-26 00:10:23,161] {dagbag.py:451} INFO - Filling up the DagBag from /home/airflow/.local/lib/python3.6/site-packages/airflow/example_dags/example_skip_dag.py
[2024-06-26 00:10:23,204] {scheduler_job.py:639} INFO - DAG(s) dict_keys(['example_skip_dag']) retrieved from /home/airflow/.local/lib/python3.6/site-packages/airflow/example_dags/example_skip_dag.py
[2024-06-26 00:10:23,257] {logging_mixin.py:104} INFO - [2024-06-26 00:10:23,256] {dag.py:1824} INFO - Sync 1 DAGs
[2024-06-26 00:10:23,294] {logging_mixin.py:104} INFO - [2024-06-26 00:10:23,294] {dag.py:2280} INFO - Setting next_dagrun for example_skip_dag to 2024-06-24 00:00:00+00:00
[2024-06-26 00:10:23,373] {scheduler_job.py:190} INFO - Processing /home/airflow/.local/lib/python3.6/site-packages/airflow/example_dags/example_skip_dag.py took 0.243 seconds
[2024-06-26 00:13:21,495] {scheduler_job.py:182} INFO - Started process (PID=1348) to work on /home/airflow/.local/lib/python3.6/site-packages/airflow/example_dags/example_skip_dag.py
[2024-06-26 00:13:21,504] {scheduler_job.py:629} INFO - Processing file /home/airflow/.local/lib/python3.6/site-packages/airflow/example_dags/example_skip_dag.py for tasks to queue
[2024-06-26 00:13:21,511] {logging_mixin.py:104} INFO - [2024-06-26 00:13:21,511] {dagbag.py:451} INFO - Filling up the DagBag from /home/airflow/.local/lib/python3.6/site-packages/airflow/example_dags/example_skip_dag.py
[2024-06-26 00:13:21,545] {scheduler_job.py:639} INFO - DAG(s) dict_keys(['example_skip_dag']) retrieved from /home/airflow/.local/lib/python3.6/site-packages/airflow/example_dags/example_skip_dag.py
[2024-06-26 00:13:21,679] {logging_mixin.py:104} INFO - [2024-06-26 00:13:21,678] {dag.py:1824} INFO - Sync 1 DAGs
[2024-06-26 00:13:21,834] {logging_mixin.py:104} INFO - [2024-06-26 00:13:21,834] {dag.py:2280} INFO - Setting next_dagrun for example_skip_dag to 2024-06-24 00:00:00+00:00
[2024-06-26 00:13:21,857] {scheduler_job.py:190} INFO - Processing /home/airflow/.local/lib/python3.6/site-packages/airflow/example_dags/example_skip_dag.py took 0.373 seconds
[2024-06-26 00:17:59,798] {scheduler_job.py:182} INFO - Started process (PID=1413) to work on /home/airflow/.local/lib/python3.6/site-packages/airflow/example_dags/example_skip_dag.py
[2024-06-26 00:17:59,802] {scheduler_job.py:629} INFO - Processing file /home/airflow/.local/lib/python3.6/site-packages/airflow/example_dags/example_skip_dag.py for tasks to queue
[2024-06-26 00:17:59,809] {logging_mixin.py:104} INFO - [2024-06-26 00:17:59,806] {dagbag.py:451} INFO - Filling up the DagBag from /home/airflow/.local/lib/python3.6/site-packages/airflow/example_dags/example_skip_dag.py
[2024-06-26 00:17:59,880] {scheduler_job.py:639} INFO - DAG(s) dict_keys(['example_skip_dag']) retrieved from /home/airflow/.local/lib/python3.6/site-packages/airflow/example_dags/example_skip_dag.py
[2024-06-26 00:18:00,249] {logging_mixin.py:104} INFO - [2024-06-26 00:18:00,248] {dag.py:1824} INFO - Sync 1 DAGs
[2024-06-26 00:18:00,452] {logging_mixin.py:104} INFO - [2024-06-26 00:18:00,431] {dag.py:2280} INFO - Setting next_dagrun for example_skip_dag to 2024-06-24 00:00:00+00:00
[2024-06-26 00:18:01,216] {scheduler_job.py:190} INFO - Processing /home/airflow/.local/lib/python3.6/site-packages/airflow/example_dags/example_skip_dag.py took 1.443 seconds
[2024-06-26 00:22:15,402] {scheduler_job.py:182} INFO - Started process (PID=1469) to work on /home/airflow/.local/lib/python3.6/site-packages/airflow/example_dags/example_skip_dag.py
[2024-06-26 00:22:15,414] {scheduler_job.py:629} INFO - Processing file /home/airflow/.local/lib/python3.6/site-packages/airflow/example_dags/example_skip_dag.py for tasks to queue
[2024-06-26 00:22:15,429] {logging_mixin.py:104} INFO - [2024-06-26 00:22:15,429] {dagbag.py:451} INFO - Filling up the DagBag from /home/airflow/.local/lib/python3.6/site-packages/airflow/example_dags/example_skip_dag.py
[2024-06-26 00:22:15,544] {scheduler_job.py:639} INFO - DAG(s) dict_keys(['example_skip_dag']) retrieved from /home/airflow/.local/lib/python3.6/site-packages/airflow/example_dags/example_skip_dag.py
[2024-06-26 00:22:16,044] {logging_mixin.py:104} INFO - [2024-06-26 00:22:16,044] {dag.py:1824} INFO - Sync 1 DAGs
[2024-06-26 00:22:16,316] {logging_mixin.py:104} INFO - [2024-06-26 00:22:16,316] {dag.py:2280} INFO - Setting next_dagrun for example_skip_dag to 2024-06-24 00:00:00+00:00
[2024-06-26 00:22:16,378] {scheduler_job.py:190} INFO - Processing /home/airflow/.local/lib/python3.6/site-packages/airflow/example_dags/example_skip_dag.py took 1.046 seconds
[2024-06-26 00:22:58,461] {scheduler_job.py:182} INFO - Started process (PID=1497) to work on /home/airflow/.local/lib/python3.6/site-packages/airflow/example_dags/example_skip_dag.py
[2024-06-26 00:22:58,476] {scheduler_job.py:629} INFO - Processing file /home/airflow/.local/lib/python3.6/site-packages/airflow/example_dags/example_skip_dag.py for tasks to queue
[2024-06-26 00:22:58,484] {logging_mixin.py:104} INFO - [2024-06-26 00:22:58,483] {dagbag.py:451} INFO - Filling up the DagBag from /home/airflow/.local/lib/python3.6/site-packages/airflow/example_dags/example_skip_dag.py
[2024-06-26 00:22:58,508] {scheduler_job.py:639} INFO - DAG(s) dict_keys(['example_skip_dag']) retrieved from /home/airflow/.local/lib/python3.6/site-packages/airflow/example_dags/example_skip_dag.py
[2024-06-26 00:22:58,611] {logging_mixin.py:104} INFO - [2024-06-26 00:22:58,611] {dag.py:1824} INFO - Sync 1 DAGs
[2024-06-26 00:22:58,646] {logging_mixin.py:104} INFO - [2024-06-26 00:22:58,646] {dag.py:2280} INFO - Setting next_dagrun for example_skip_dag to 2024-06-24 00:00:00+00:00
[2024-06-26 00:22:58,681] {scheduler_job.py:190} INFO - Processing /home/airflow/.local/lib/python3.6/site-packages/airflow/example_dags/example_skip_dag.py took 0.232 seconds
[2024-06-26 00:23:31,290] {scheduler_job.py:182} INFO - Started process (PID=1523) to work on /home/airflow/.local/lib/python3.6/site-packages/airflow/example_dags/example_skip_dag.py
[2024-06-26 00:23:31,293] {scheduler_job.py:629} INFO - Processing file /home/airflow/.local/lib/python3.6/site-packages/airflow/example_dags/example_skip_dag.py for tasks to queue
[2024-06-26 00:23:31,298] {logging_mixin.py:104} INFO - [2024-06-26 00:23:31,297] {dagbag.py:451} INFO - Filling up the DagBag from /home/airflow/.local/lib/python3.6/site-packages/airflow/example_dags/example_skip_dag.py
[2024-06-26 00:23:31,325] {scheduler_job.py:639} INFO - DAG(s) dict_keys(['example_skip_dag']) retrieved from /home/airflow/.local/lib/python3.6/site-packages/airflow/example_dags/example_skip_dag.py
[2024-06-26 00:23:31,389] {logging_mixin.py:104} INFO - [2024-06-26 00:23:31,389] {dag.py:1824} INFO - Sync 1 DAGs
[2024-06-26 00:23:31,429] {logging_mixin.py:104} INFO - [2024-06-26 00:23:31,428] {dag.py:2280} INFO - Setting next_dagrun for example_skip_dag to 2024-06-24 00:00:00+00:00
[2024-06-26 00:23:31,450] {scheduler_job.py:190} INFO - Processing /home/airflow/.local/lib/python3.6/site-packages/airflow/example_dags/example_skip_dag.py took 0.168 seconds
[2024-06-26 00:25:09,040] {scheduler_job.py:182} INFO - Started process (PID=1568) to work on /home/airflow/.local/lib/python3.6/site-packages/airflow/example_dags/example_skip_dag.py
[2024-06-26 00:25:09,043] {scheduler_job.py:629} INFO - Processing file /home/airflow/.local/lib/python3.6/site-packages/airflow/example_dags/example_skip_dag.py for tasks to queue
[2024-06-26 00:25:09,046] {logging_mixin.py:104} INFO - [2024-06-26 00:25:09,045] {dagbag.py:451} INFO - Filling up the DagBag from /home/airflow/.local/lib/python3.6/site-packages/airflow/example_dags/example_skip_dag.py
[2024-06-26 00:25:09,057] {scheduler_job.py:639} INFO - DAG(s) dict_keys(['example_skip_dag']) retrieved from /home/airflow/.local/lib/python3.6/site-packages/airflow/example_dags/example_skip_dag.py
[2024-06-26 00:25:09,118] {logging_mixin.py:104} INFO - [2024-06-26 00:25:09,118] {dag.py:1824} INFO - Sync 1 DAGs
[2024-06-26 00:25:09,159] {logging_mixin.py:104} INFO - [2024-06-26 00:25:09,159] {dag.py:2280} INFO - Setting next_dagrun for example_skip_dag to 2024-06-24 00:00:00+00:00
[2024-06-26 00:25:09,217] {scheduler_job.py:190} INFO - Processing /home/airflow/.local/lib/python3.6/site-packages/airflow/example_dags/example_skip_dag.py took 0.186 seconds
[2024-06-26 00:25:41,590] {scheduler_job.py:182} INFO - Started process (PID=1594) to work on /home/airflow/.local/lib/python3.6/site-packages/airflow/example_dags/example_skip_dag.py
[2024-06-26 00:25:41,593] {scheduler_job.py:629} INFO - Processing file /home/airflow/.local/lib/python3.6/site-packages/airflow/example_dags/example_skip_dag.py for tasks to queue
[2024-06-26 00:25:41,597] {logging_mixin.py:104} INFO - [2024-06-26 00:25:41,597] {dagbag.py:451} INFO - Filling up the DagBag from /home/airflow/.local/lib/python3.6/site-packages/airflow/example_dags/example_skip_dag.py
[2024-06-26 00:25:41,620] {scheduler_job.py:639} INFO - DAG(s) dict_keys(['example_skip_dag']) retrieved from /home/airflow/.local/lib/python3.6/site-packages/airflow/example_dags/example_skip_dag.py
[2024-06-26 00:25:41,848] {logging_mixin.py:104} INFO - [2024-06-26 00:25:41,848] {dag.py:1824} INFO - Sync 1 DAGs
[2024-06-26 00:25:41,895] {logging_mixin.py:104} INFO - [2024-06-26 00:25:41,895] {dag.py:2280} INFO - Setting next_dagrun for example_skip_dag to 2024-06-24 00:00:00+00:00
[2024-06-26 00:25:41,960] {scheduler_job.py:190} INFO - Processing /home/airflow/.local/lib/python3.6/site-packages/airflow/example_dags/example_skip_dag.py took 0.386 seconds
[2024-06-26 00:26:54,455] {scheduler_job.py:182} INFO - Started process (PID=1631) to work on /home/airflow/.local/lib/python3.6/site-packages/airflow/example_dags/example_skip_dag.py
[2024-06-26 00:26:54,459] {scheduler_job.py:629} INFO - Processing file /home/airflow/.local/lib/python3.6/site-packages/airflow/example_dags/example_skip_dag.py for tasks to queue
[2024-06-26 00:26:54,471] {logging_mixin.py:104} INFO - [2024-06-26 00:26:54,469] {dagbag.py:451} INFO - Filling up the DagBag from /home/airflow/.local/lib/python3.6/site-packages/airflow/example_dags/example_skip_dag.py
[2024-06-26 00:26:54,504] {scheduler_job.py:639} INFO - DAG(s) dict_keys(['example_skip_dag']) retrieved from /home/airflow/.local/lib/python3.6/site-packages/airflow/example_dags/example_skip_dag.py
[2024-06-26 00:26:54,672] {logging_mixin.py:104} INFO - [2024-06-26 00:26:54,672] {dag.py:1824} INFO - Sync 1 DAGs
[2024-06-26 00:26:54,753] {logging_mixin.py:104} INFO - [2024-06-26 00:26:54,752] {dag.py:2280} INFO - Setting next_dagrun for example_skip_dag to 2024-06-24 00:00:00+00:00
[2024-06-26 00:26:54,932] {scheduler_job.py:190} INFO - Processing /home/airflow/.local/lib/python3.6/site-packages/airflow/example_dags/example_skip_dag.py took 0.485 seconds
[2024-06-26 00:27:53,625] {scheduler_job.py:182} INFO - Started process (PID=1659) to work on /home/airflow/.local/lib/python3.6/site-packages/airflow/example_dags/example_skip_dag.py
[2024-06-26 00:27:53,629] {scheduler_job.py:629} INFO - Processing file /home/airflow/.local/lib/python3.6/site-packages/airflow/example_dags/example_skip_dag.py for tasks to queue
[2024-06-26 00:27:53,639] {logging_mixin.py:104} INFO - [2024-06-26 00:27:53,639] {dagbag.py:451} INFO - Filling up the DagBag from /home/airflow/.local/lib/python3.6/site-packages/airflow/example_dags/example_skip_dag.py
[2024-06-26 00:27:53,673] {scheduler_job.py:639} INFO - DAG(s) dict_keys(['example_skip_dag']) retrieved from /home/airflow/.local/lib/python3.6/site-packages/airflow/example_dags/example_skip_dag.py
[2024-06-26 00:27:53,783] {logging_mixin.py:104} INFO - [2024-06-26 00:27:53,782] {dag.py:1824} INFO - Sync 1 DAGs
[2024-06-26 00:27:53,868] {logging_mixin.py:104} INFO - [2024-06-26 00:27:53,868] {dag.py:2280} INFO - Setting next_dagrun for example_skip_dag to 2024-06-24 00:00:00+00:00
[2024-06-26 00:27:53,928] {scheduler_job.py:190} INFO - Processing /home/airflow/.local/lib/python3.6/site-packages/airflow/example_dags/example_skip_dag.py took 0.325 seconds
[2024-06-26 00:29:48,575] {scheduler_job.py:182} INFO - Started process (PID=1690) to work on /home/airflow/.local/lib/python3.6/site-packages/airflow/example_dags/example_skip_dag.py
[2024-06-26 00:29:48,619] {scheduler_job.py:629} INFO - Processing file /home/airflow/.local/lib/python3.6/site-packages/airflow/example_dags/example_skip_dag.py for tasks to queue
[2024-06-26 00:29:48,628] {logging_mixin.py:104} INFO - [2024-06-26 00:29:48,624] {dagbag.py:451} INFO - Filling up the DagBag from /home/airflow/.local/lib/python3.6/site-packages/airflow/example_dags/example_skip_dag.py
[2024-06-26 00:29:49,165] {scheduler_job.py:639} INFO - DAG(s) dict_keys(['example_skip_dag']) retrieved from /home/airflow/.local/lib/python3.6/site-packages/airflow/example_dags/example_skip_dag.py
[2024-06-26 00:29:50,076] {logging_mixin.py:104} INFO - [2024-06-26 00:29:50,076] {dag.py:1824} INFO - Sync 1 DAGs
[2024-06-26 00:29:50,439] {logging_mixin.py:104} INFO - [2024-06-26 00:29:50,439] {dag.py:2280} INFO - Setting next_dagrun for example_skip_dag to 2024-06-24 00:00:00+00:00
[2024-06-26 00:29:50,929] {scheduler_job.py:190} INFO - Processing /home/airflow/.local/lib/python3.6/site-packages/airflow/example_dags/example_skip_dag.py took 2.394 seconds
[2024-06-26 00:30:23,256] {scheduler_job.py:182} INFO - Started process (PID=1719) to work on /home/airflow/.local/lib/python3.6/site-packages/airflow/example_dags/example_skip_dag.py
[2024-06-26 00:30:23,261] {scheduler_job.py:629} INFO - Processing file /home/airflow/.local/lib/python3.6/site-packages/airflow/example_dags/example_skip_dag.py for tasks to queue
[2024-06-26 00:30:23,267] {logging_mixin.py:104} INFO - [2024-06-26 00:30:23,267] {dagbag.py:451} INFO - Filling up the DagBag from /home/airflow/.local/lib/python3.6/site-packages/airflow/example_dags/example_skip_dag.py
[2024-06-26 00:30:23,773] {scheduler_job.py:639} INFO - DAG(s) dict_keys(['example_skip_dag']) retrieved from /home/airflow/.local/lib/python3.6/site-packages/airflow/example_dags/example_skip_dag.py
[2024-06-26 00:30:24,174] {logging_mixin.py:104} INFO - [2024-06-26 00:30:24,164] {dag.py:1824} INFO - Sync 1 DAGs
[2024-06-26 00:30:24,662] {logging_mixin.py:104} INFO - [2024-06-26 00:30:24,662] {dag.py:2280} INFO - Setting next_dagrun for example_skip_dag to 2024-06-24 00:00:00+00:00
[2024-06-26 00:30:24,747] {scheduler_job.py:190} INFO - Processing /home/airflow/.local/lib/python3.6/site-packages/airflow/example_dags/example_skip_dag.py took 1.506 seconds
[2024-06-26 00:32:00,264] {scheduler_job.py:182} INFO - Started process (PID=1750) to work on /home/airflow/.local/lib/python3.6/site-packages/airflow/example_dags/example_skip_dag.py
[2024-06-26 00:32:00,275] {scheduler_job.py:629} INFO - Processing file /home/airflow/.local/lib/python3.6/site-packages/airflow/example_dags/example_skip_dag.py for tasks to queue
[2024-06-26 00:32:00,278] {logging_mixin.py:104} INFO - [2024-06-26 00:32:00,278] {dagbag.py:451} INFO - Filling up the DagBag from /home/airflow/.local/lib/python3.6/site-packages/airflow/example_dags/example_skip_dag.py
[2024-06-26 00:32:00,311] {scheduler_job.py:639} INFO - DAG(s) dict_keys(['example_skip_dag']) retrieved from /home/airflow/.local/lib/python3.6/site-packages/airflow/example_dags/example_skip_dag.py
[2024-06-26 00:32:00,455] {logging_mixin.py:104} INFO - [2024-06-26 00:32:00,455] {dag.py:1824} INFO - Sync 1 DAGs
[2024-06-26 00:32:00,565] {logging_mixin.py:104} INFO - [2024-06-26 00:32:00,564] {dag.py:2280} INFO - Setting next_dagrun for example_skip_dag to 2024-06-24 00:00:00+00:00
[2024-06-26 00:32:00,639] {scheduler_job.py:190} INFO - Processing /home/airflow/.local/lib/python3.6/site-packages/airflow/example_dags/example_skip_dag.py took 0.415 seconds
[2024-06-26 00:34:06,231] {scheduler_job.py:182} INFO - Started process (PID=1797) to work on /home/airflow/.local/lib/python3.6/site-packages/airflow/example_dags/example_skip_dag.py
[2024-06-26 00:34:06,247] {scheduler_job.py:629} INFO - Processing file /home/airflow/.local/lib/python3.6/site-packages/airflow/example_dags/example_skip_dag.py for tasks to queue
[2024-06-26 00:34:06,249] {logging_mixin.py:104} INFO - [2024-06-26 00:34:06,248] {dagbag.py:451} INFO - Filling up the DagBag from /home/airflow/.local/lib/python3.6/site-packages/airflow/example_dags/example_skip_dag.py
[2024-06-26 00:34:06,276] {scheduler_job.py:639} INFO - DAG(s) dict_keys(['example_skip_dag']) retrieved from /home/airflow/.local/lib/python3.6/site-packages/airflow/example_dags/example_skip_dag.py
[2024-06-26 00:34:06,742] {logging_mixin.py:104} INFO - [2024-06-26 00:34:06,736] {dag.py:1824} INFO - Sync 1 DAGs
[2024-06-26 00:34:06,875] {logging_mixin.py:104} INFO - [2024-06-26 00:34:06,874] {dag.py:2280} INFO - Setting next_dagrun for example_skip_dag to 2024-06-24 00:00:00+00:00
[2024-06-26 00:34:07,018] {scheduler_job.py:190} INFO - Processing /home/airflow/.local/lib/python3.6/site-packages/airflow/example_dags/example_skip_dag.py took 0.834 seconds
[2024-06-26 00:35:12,012] {scheduler_job.py:182} INFO - Started process (PID=1832) to work on /home/airflow/.local/lib/python3.6/site-packages/airflow/example_dags/example_skip_dag.py
[2024-06-26 00:35:12,018] {scheduler_job.py:629} INFO - Processing file /home/airflow/.local/lib/python3.6/site-packages/airflow/example_dags/example_skip_dag.py for tasks to queue
[2024-06-26 00:35:12,021] {logging_mixin.py:104} INFO - [2024-06-26 00:35:12,021] {dagbag.py:451} INFO - Filling up the DagBag from /home/airflow/.local/lib/python3.6/site-packages/airflow/example_dags/example_skip_dag.py
[2024-06-26 00:35:12,052] {scheduler_job.py:639} INFO - DAG(s) dict_keys(['example_skip_dag']) retrieved from /home/airflow/.local/lib/python3.6/site-packages/airflow/example_dags/example_skip_dag.py
[2024-06-26 00:35:12,147] {logging_mixin.py:104} INFO - [2024-06-26 00:35:12,147] {dag.py:1824} INFO - Sync 1 DAGs
[2024-06-26 00:35:12,209] {logging_mixin.py:104} INFO - [2024-06-26 00:35:12,209] {dag.py:2280} INFO - Setting next_dagrun for example_skip_dag to 2024-06-24 00:00:00+00:00
[2024-06-26 00:35:12,343] {scheduler_job.py:190} INFO - Processing /home/airflow/.local/lib/python3.6/site-packages/airflow/example_dags/example_skip_dag.py took 0.338 seconds
[2024-06-26 00:36:19,682] {scheduler_job.py:182} INFO - Started process (PID=1860) to work on /home/airflow/.local/lib/python3.6/site-packages/airflow/example_dags/example_skip_dag.py
[2024-06-26 00:36:19,687] {scheduler_job.py:629} INFO - Processing file /home/airflow/.local/lib/python3.6/site-packages/airflow/example_dags/example_skip_dag.py for tasks to queue
[2024-06-26 00:36:19,692] {logging_mixin.py:104} INFO - [2024-06-26 00:36:19,691] {dagbag.py:451} INFO - Filling up the DagBag from /home/airflow/.local/lib/python3.6/site-packages/airflow/example_dags/example_skip_dag.py
[2024-06-26 00:36:19,737] {scheduler_job.py:639} INFO - DAG(s) dict_keys(['example_skip_dag']) retrieved from /home/airflow/.local/lib/python3.6/site-packages/airflow/example_dags/example_skip_dag.py
[2024-06-26 00:36:19,797] {logging_mixin.py:104} INFO - [2024-06-26 00:36:19,796] {dag.py:1824} INFO - Sync 1 DAGs
[2024-06-26 00:36:19,844] {logging_mixin.py:104} INFO - [2024-06-26 00:36:19,844] {dag.py:2280} INFO - Setting next_dagrun for example_skip_dag to 2024-06-24 00:00:00+00:00
[2024-06-26 00:36:19,878] {scheduler_job.py:190} INFO - Processing /home/airflow/.local/lib/python3.6/site-packages/airflow/example_dags/example_skip_dag.py took 0.221 seconds
[2024-06-26 00:36:50,218] {scheduler_job.py:182} INFO - Started process (PID=1887) to work on /home/airflow/.local/lib/python3.6/site-packages/airflow/example_dags/example_skip_dag.py
[2024-06-26 00:36:50,222] {scheduler_job.py:629} INFO - Processing file /home/airflow/.local/lib/python3.6/site-packages/airflow/example_dags/example_skip_dag.py for tasks to queue
[2024-06-26 00:36:50,225] {logging_mixin.py:104} INFO - [2024-06-26 00:36:50,225] {dagbag.py:451} INFO - Filling up the DagBag from /home/airflow/.local/lib/python3.6/site-packages/airflow/example_dags/example_skip_dag.py
[2024-06-26 00:36:50,254] {scheduler_job.py:639} INFO - DAG(s) dict_keys(['example_skip_dag']) retrieved from /home/airflow/.local/lib/python3.6/site-packages/airflow/example_dags/example_skip_dag.py
[2024-06-26 00:36:50,326] {logging_mixin.py:104} INFO - [2024-06-26 00:36:50,326] {dag.py:1824} INFO - Sync 1 DAGs
[2024-06-26 00:36:50,418] {logging_mixin.py:104} INFO - [2024-06-26 00:36:50,418] {dag.py:2280} INFO - Setting next_dagrun for example_skip_dag to 2024-06-24 00:00:00+00:00
[2024-06-26 00:36:50,472] {scheduler_job.py:190} INFO - Processing /home/airflow/.local/lib/python3.6/site-packages/airflow/example_dags/example_skip_dag.py took 0.267 seconds
[2024-06-26 00:38:00,458] {scheduler_job.py:182} INFO - Started process (PID=1935) to work on /home/airflow/.local/lib/python3.6/site-packages/airflow/example_dags/example_skip_dag.py
[2024-06-26 00:38:00,462] {scheduler_job.py:629} INFO - Processing file /home/airflow/.local/lib/python3.6/site-packages/airflow/example_dags/example_skip_dag.py for tasks to queue
[2024-06-26 00:38:00,465] {logging_mixin.py:104} INFO - [2024-06-26 00:38:00,464] {dagbag.py:451} INFO - Filling up the DagBag from /home/airflow/.local/lib/python3.6/site-packages/airflow/example_dags/example_skip_dag.py
[2024-06-26 00:38:00,522] {scheduler_job.py:639} INFO - DAG(s) dict_keys(['example_skip_dag']) retrieved from /home/airflow/.local/lib/python3.6/site-packages/airflow/example_dags/example_skip_dag.py
[2024-06-26 00:38:01,188] {logging_mixin.py:104} INFO - [2024-06-26 00:38:01,181] {dag.py:1824} INFO - Sync 1 DAGs
[2024-06-26 00:38:01,515] {logging_mixin.py:104} INFO - [2024-06-26 00:38:01,503] {dag.py:2280} INFO - Setting next_dagrun for example_skip_dag to 2024-06-24 00:00:00+00:00
[2024-06-26 00:38:01,907] {scheduler_job.py:190} INFO - Processing /home/airflow/.local/lib/python3.6/site-packages/airflow/example_dags/example_skip_dag.py took 1.474 seconds
[2024-06-26 00:39:02,234] {scheduler_job.py:182} INFO - Started process (PID=1972) to work on /home/airflow/.local/lib/python3.6/site-packages/airflow/example_dags/example_skip_dag.py
[2024-06-26 00:39:02,240] {scheduler_job.py:629} INFO - Processing file /home/airflow/.local/lib/python3.6/site-packages/airflow/example_dags/example_skip_dag.py for tasks to queue
[2024-06-26 00:39:02,245] {logging_mixin.py:104} INFO - [2024-06-26 00:39:02,244] {dagbag.py:451} INFO - Filling up the DagBag from /home/airflow/.local/lib/python3.6/site-packages/airflow/example_dags/example_skip_dag.py
[2024-06-26 00:39:02,265] {scheduler_job.py:639} INFO - DAG(s) dict_keys(['example_skip_dag']) retrieved from /home/airflow/.local/lib/python3.6/site-packages/airflow/example_dags/example_skip_dag.py
[2024-06-26 00:39:02,326] {logging_mixin.py:104} INFO - [2024-06-26 00:39:02,324] {dag.py:1824} INFO - Sync 1 DAGs
[2024-06-26 00:39:02,368] {logging_mixin.py:104} INFO - [2024-06-26 00:39:02,366] {dag.py:2280} INFO - Setting next_dagrun for example_skip_dag to 2024-06-24 00:00:00+00:00
[2024-06-26 00:39:02,404] {scheduler_job.py:190} INFO - Processing /home/airflow/.local/lib/python3.6/site-packages/airflow/example_dags/example_skip_dag.py took 0.179 seconds
[2024-06-26 00:41:03,981] {scheduler_job.py:182} INFO - Started process (PID=2005) to work on /home/airflow/.local/lib/python3.6/site-packages/airflow/example_dags/example_skip_dag.py
[2024-06-26 00:41:03,987] {scheduler_job.py:629} INFO - Processing file /home/airflow/.local/lib/python3.6/site-packages/airflow/example_dags/example_skip_dag.py for tasks to queue
[2024-06-26 00:41:03,994] {logging_mixin.py:104} INFO - [2024-06-26 00:41:03,994] {dagbag.py:451} INFO - Filling up the DagBag from /home/airflow/.local/lib/python3.6/site-packages/airflow/example_dags/example_skip_dag.py
[2024-06-26 00:41:04,023] {scheduler_job.py:639} INFO - DAG(s) dict_keys(['example_skip_dag']) retrieved from /home/airflow/.local/lib/python3.6/site-packages/airflow/example_dags/example_skip_dag.py
[2024-06-26 00:41:04,109] {logging_mixin.py:104} INFO - [2024-06-26 00:41:04,109] {dag.py:1824} INFO - Sync 1 DAGs
[2024-06-26 00:41:04,181] {logging_mixin.py:104} INFO - [2024-06-26 00:41:04,181] {dag.py:2280} INFO - Setting next_dagrun for example_skip_dag to 2024-06-24 00:00:00+00:00
[2024-06-26 00:41:04,274] {scheduler_job.py:190} INFO - Processing /home/airflow/.local/lib/python3.6/site-packages/airflow/example_dags/example_skip_dag.py took 0.302 seconds
[2024-06-26 00:43:10,670] {scheduler_job.py:182} INFO - Started process (PID=2036) to work on /home/airflow/.local/lib/python3.6/site-packages/airflow/example_dags/example_skip_dag.py
[2024-06-26 00:43:10,673] {scheduler_job.py:629} INFO - Processing file /home/airflow/.local/lib/python3.6/site-packages/airflow/example_dags/example_skip_dag.py for tasks to queue
[2024-06-26 00:43:10,682] {logging_mixin.py:104} INFO - [2024-06-26 00:43:10,682] {dagbag.py:451} INFO - Filling up the DagBag from /home/airflow/.local/lib/python3.6/site-packages/airflow/example_dags/example_skip_dag.py
[2024-06-26 00:43:10,737] {scheduler_job.py:639} INFO - DAG(s) dict_keys(['example_skip_dag']) retrieved from /home/airflow/.local/lib/python3.6/site-packages/airflow/example_dags/example_skip_dag.py
[2024-06-26 00:43:11,165] {logging_mixin.py:104} INFO - [2024-06-26 00:43:11,165] {dag.py:1824} INFO - Sync 1 DAGs
[2024-06-26 00:43:11,256] {logging_mixin.py:104} INFO - [2024-06-26 00:43:11,253] {dag.py:2280} INFO - Setting next_dagrun for example_skip_dag to 2024-06-24 00:00:00+00:00
[2024-06-26 00:43:11,435] {scheduler_job.py:190} INFO - Processing /home/airflow/.local/lib/python3.6/site-packages/airflow/example_dags/example_skip_dag.py took 0.775 seconds
[2024-06-26 00:45:27,130] {scheduler_job.py:182} INFO - Started process (PID=2074) to work on /home/airflow/.local/lib/python3.6/site-packages/airflow/example_dags/example_skip_dag.py
[2024-06-26 00:45:27,178] {scheduler_job.py:629} INFO - Processing file /home/airflow/.local/lib/python3.6/site-packages/airflow/example_dags/example_skip_dag.py for tasks to queue
[2024-06-26 00:45:27,182] {logging_mixin.py:104} INFO - [2024-06-26 00:45:27,181] {dagbag.py:451} INFO - Filling up the DagBag from /home/airflow/.local/lib/python3.6/site-packages/airflow/example_dags/example_skip_dag.py
[2024-06-26 00:45:27,252] {scheduler_job.py:639} INFO - DAG(s) dict_keys(['example_skip_dag']) retrieved from /home/airflow/.local/lib/python3.6/site-packages/airflow/example_dags/example_skip_dag.py
[2024-06-26 00:45:27,393] {logging_mixin.py:104} INFO - [2024-06-26 00:45:27,393] {dag.py:1824} INFO - Sync 1 DAGs
[2024-06-26 00:45:27,481] {logging_mixin.py:104} INFO - [2024-06-26 00:45:27,480] {dag.py:2280} INFO - Setting next_dagrun for example_skip_dag to 2024-06-24 00:00:00+00:00
[2024-06-26 00:45:27,524] {scheduler_job.py:190} INFO - Processing /home/airflow/.local/lib/python3.6/site-packages/airflow/example_dags/example_skip_dag.py took 0.419 seconds
[2024-06-26 00:47:30,566] {scheduler_job.py:182} INFO - Started process (PID=2108) to work on /home/airflow/.local/lib/python3.6/site-packages/airflow/example_dags/example_skip_dag.py
[2024-06-26 00:47:30,592] {scheduler_job.py:629} INFO - Processing file /home/airflow/.local/lib/python3.6/site-packages/airflow/example_dags/example_skip_dag.py for tasks to queue
[2024-06-26 00:47:30,600] {logging_mixin.py:104} INFO - [2024-06-26 00:47:30,599] {dagbag.py:451} INFO - Filling up the DagBag from /home/airflow/.local/lib/python3.6/site-packages/airflow/example_dags/example_skip_dag.py
[2024-06-26 00:47:30,799] {scheduler_job.py:639} INFO - DAG(s) dict_keys(['example_skip_dag']) retrieved from /home/airflow/.local/lib/python3.6/site-packages/airflow/example_dags/example_skip_dag.py
[2024-06-26 00:47:31,499] {logging_mixin.py:104} INFO - [2024-06-26 00:47:31,499] {dag.py:1824} INFO - Sync 1 DAGs
[2024-06-26 00:47:31,847] {logging_mixin.py:104} INFO - [2024-06-26 00:47:31,846] {dag.py:2280} INFO - Setting next_dagrun for example_skip_dag to 2024-06-24 00:00:00+00:00
[2024-06-26 00:47:32,621] {scheduler_job.py:190} INFO - Processing /home/airflow/.local/lib/python3.6/site-packages/airflow/example_dags/example_skip_dag.py took 2.092 seconds
[2024-06-26 00:49:06,943] {scheduler_job.py:182} INFO - Started process (PID=2140) to work on /home/airflow/.local/lib/python3.6/site-packages/airflow/example_dags/example_skip_dag.py
[2024-06-26 00:49:06,974] {scheduler_job.py:629} INFO - Processing file /home/airflow/.local/lib/python3.6/site-packages/airflow/example_dags/example_skip_dag.py for tasks to queue
[2024-06-26 00:49:07,038] {logging_mixin.py:104} INFO - [2024-06-26 00:49:07,038] {dagbag.py:451} INFO - Filling up the DagBag from /home/airflow/.local/lib/python3.6/site-packages/airflow/example_dags/example_skip_dag.py
[2024-06-26 00:49:07,451] {scheduler_job.py:639} INFO - DAG(s) dict_keys(['example_skip_dag']) retrieved from /home/airflow/.local/lib/python3.6/site-packages/airflow/example_dags/example_skip_dag.py
[2024-06-26 00:49:08,298] {logging_mixin.py:104} INFO - [2024-06-26 00:49:08,295] {dag.py:1824} INFO - Sync 1 DAGs
[2024-06-26 00:49:08,548] {logging_mixin.py:104} INFO - [2024-06-26 00:49:08,548] {dag.py:2280} INFO - Setting next_dagrun for example_skip_dag to 2024-06-24 00:00:00+00:00
[2024-06-26 00:49:08,830] {scheduler_job.py:190} INFO - Processing /home/airflow/.local/lib/python3.6/site-packages/airflow/example_dags/example_skip_dag.py took 1.917 seconds
[2024-06-26 00:49:39,375] {scheduler_job.py:182} INFO - Started process (PID=2168) to work on /home/airflow/.local/lib/python3.6/site-packages/airflow/example_dags/example_skip_dag.py
[2024-06-26 00:49:39,395] {scheduler_job.py:629} INFO - Processing file /home/airflow/.local/lib/python3.6/site-packages/airflow/example_dags/example_skip_dag.py for tasks to queue
[2024-06-26 00:49:39,399] {logging_mixin.py:104} INFO - [2024-06-26 00:49:39,398] {dagbag.py:451} INFO - Filling up the DagBag from /home/airflow/.local/lib/python3.6/site-packages/airflow/example_dags/example_skip_dag.py
[2024-06-26 00:49:39,519] {scheduler_job.py:639} INFO - DAG(s) dict_keys(['example_skip_dag']) retrieved from /home/airflow/.local/lib/python3.6/site-packages/airflow/example_dags/example_skip_dag.py
[2024-06-26 00:49:39,822] {logging_mixin.py:104} INFO - [2024-06-26 00:49:39,822] {dag.py:1824} INFO - Sync 1 DAGs
[2024-06-26 00:49:39,960] {logging_mixin.py:104} INFO - [2024-06-26 00:49:39,959] {dag.py:2280} INFO - Setting next_dagrun for example_skip_dag to 2024-06-24 00:00:00+00:00
[2024-06-26 00:49:40,056] {scheduler_job.py:190} INFO - Processing /home/airflow/.local/lib/python3.6/site-packages/airflow/example_dags/example_skip_dag.py took 0.692 seconds
[2024-06-26 00:51:35,596] {scheduler_job.py:182} INFO - Started process (PID=2201) to work on /home/airflow/.local/lib/python3.6/site-packages/airflow/example_dags/example_skip_dag.py
[2024-06-26 00:51:35,602] {scheduler_job.py:629} INFO - Processing file /home/airflow/.local/lib/python3.6/site-packages/airflow/example_dags/example_skip_dag.py for tasks to queue
[2024-06-26 00:51:35,605] {logging_mixin.py:104} INFO - [2024-06-26 00:51:35,605] {dagbag.py:451} INFO - Filling up the DagBag from /home/airflow/.local/lib/python3.6/site-packages/airflow/example_dags/example_skip_dag.py
[2024-06-26 00:51:35,665] {scheduler_job.py:639} INFO - DAG(s) dict_keys(['example_skip_dag']) retrieved from /home/airflow/.local/lib/python3.6/site-packages/airflow/example_dags/example_skip_dag.py
[2024-06-26 00:51:35,877] {logging_mixin.py:104} INFO - [2024-06-26 00:51:35,877] {dag.py:1824} INFO - Sync 1 DAGs
[2024-06-26 00:51:35,979] {logging_mixin.py:104} INFO - [2024-06-26 00:51:35,978] {dag.py:2280} INFO - Setting next_dagrun for example_skip_dag to 2024-06-24 00:00:00+00:00
[2024-06-26 00:51:36,079] {scheduler_job.py:190} INFO - Processing /home/airflow/.local/lib/python3.6/site-packages/airflow/example_dags/example_skip_dag.py took 0.498 seconds
[2024-06-26 00:54:07,720] {scheduler_job.py:182} INFO - Started process (PID=2242) to work on /home/airflow/.local/lib/python3.6/site-packages/airflow/example_dags/example_skip_dag.py
[2024-06-26 00:54:07,736] {scheduler_job.py:629} INFO - Processing file /home/airflow/.local/lib/python3.6/site-packages/airflow/example_dags/example_skip_dag.py for tasks to queue
[2024-06-26 00:54:07,741] {logging_mixin.py:104} INFO - [2024-06-26 00:54:07,740] {dagbag.py:451} INFO - Filling up the DagBag from /home/airflow/.local/lib/python3.6/site-packages/airflow/example_dags/example_skip_dag.py
[2024-06-26 00:54:07,765] {scheduler_job.py:639} INFO - DAG(s) dict_keys(['example_skip_dag']) retrieved from /home/airflow/.local/lib/python3.6/site-packages/airflow/example_dags/example_skip_dag.py
[2024-06-26 00:54:07,866] {logging_mixin.py:104} INFO - [2024-06-26 00:54:07,866] {dag.py:1824} INFO - Sync 1 DAGs
[2024-06-26 00:54:07,902] {logging_mixin.py:104} INFO - [2024-06-26 00:54:07,901] {dag.py:2280} INFO - Setting next_dagrun for example_skip_dag to 2024-06-24 00:00:00+00:00
[2024-06-26 00:54:07,926] {scheduler_job.py:190} INFO - Processing /home/airflow/.local/lib/python3.6/site-packages/airflow/example_dags/example_skip_dag.py took 0.215 seconds
[2024-06-26 00:57:12,324] {scheduler_job.py:182} INFO - Started process (PID=2278) to work on /home/airflow/.local/lib/python3.6/site-packages/airflow/example_dags/example_skip_dag.py
[2024-06-26 00:57:12,333] {scheduler_job.py:629} INFO - Processing file /home/airflow/.local/lib/python3.6/site-packages/airflow/example_dags/example_skip_dag.py for tasks to queue
[2024-06-26 00:57:12,430] {logging_mixin.py:104} INFO - [2024-06-26 00:57:12,429] {dagbag.py:451} INFO - Filling up the DagBag from /home/airflow/.local/lib/python3.6/site-packages/airflow/example_dags/example_skip_dag.py
[2024-06-26 00:57:12,764] {scheduler_job.py:639} INFO - DAG(s) dict_keys(['example_skip_dag']) retrieved from /home/airflow/.local/lib/python3.6/site-packages/airflow/example_dags/example_skip_dag.py
[2024-06-26 00:57:13,179] {logging_mixin.py:104} INFO - [2024-06-26 00:57:13,178] {dag.py:1824} INFO - Sync 1 DAGs
[2024-06-26 00:57:13,232] {logging_mixin.py:104} INFO - [2024-06-26 00:57:13,231] {dag.py:2280} INFO - Setting next_dagrun for example_skip_dag to 2024-06-24 00:00:00+00:00
[2024-06-26 00:57:13,280] {scheduler_job.py:190} INFO - Processing /home/airflow/.local/lib/python3.6/site-packages/airflow/example_dags/example_skip_dag.py took 0.979 seconds
[2024-06-26 00:59:25,551] {scheduler_job.py:182} INFO - Started process (PID=2318) to work on /home/airflow/.local/lib/python3.6/site-packages/airflow/example_dags/example_skip_dag.py
[2024-06-26 00:59:25,617] {scheduler_job.py:629} INFO - Processing file /home/airflow/.local/lib/python3.6/site-packages/airflow/example_dags/example_skip_dag.py for tasks to queue
[2024-06-26 00:59:25,699] {logging_mixin.py:104} INFO - [2024-06-26 00:59:25,662] {dagbag.py:451} INFO - Filling up the DagBag from /home/airflow/.local/lib/python3.6/site-packages/airflow/example_dags/example_skip_dag.py
[2024-06-26 00:59:25,901] {scheduler_job.py:639} INFO - DAG(s) dict_keys(['example_skip_dag']) retrieved from /home/airflow/.local/lib/python3.6/site-packages/airflow/example_dags/example_skip_dag.py
[2024-06-26 00:59:26,190] {logging_mixin.py:104} INFO - [2024-06-26 00:59:26,190] {dag.py:1824} INFO - Sync 1 DAGs
[2024-06-26 00:59:26,340] {logging_mixin.py:104} INFO - [2024-06-26 00:59:26,340] {dag.py:2280} INFO - Setting next_dagrun for example_skip_dag to 2024-06-24 00:00:00+00:00
[2024-06-26 00:59:26,421] {scheduler_job.py:190} INFO - Processing /home/airflow/.local/lib/python3.6/site-packages/airflow/example_dags/example_skip_dag.py took 0.929 seconds
[2024-06-26 01:01:16,548] {scheduler_job.py:182} INFO - Started process (PID=2359) to work on /home/airflow/.local/lib/python3.6/site-packages/airflow/example_dags/example_skip_dag.py
[2024-06-26 01:01:16,556] {scheduler_job.py:629} INFO - Processing file /home/airflow/.local/lib/python3.6/site-packages/airflow/example_dags/example_skip_dag.py for tasks to queue
[2024-06-26 01:01:16,563] {logging_mixin.py:104} INFO - [2024-06-26 01:01:16,562] {dagbag.py:451} INFO - Filling up the DagBag from /home/airflow/.local/lib/python3.6/site-packages/airflow/example_dags/example_skip_dag.py
[2024-06-26 01:01:16,603] {scheduler_job.py:639} INFO - DAG(s) dict_keys(['example_skip_dag']) retrieved from /home/airflow/.local/lib/python3.6/site-packages/airflow/example_dags/example_skip_dag.py
[2024-06-26 01:01:16,693] {logging_mixin.py:104} INFO - [2024-06-26 01:01:16,693] {dag.py:1824} INFO - Sync 1 DAGs
[2024-06-26 01:01:16,771] {logging_mixin.py:104} INFO - [2024-06-26 01:01:16,771] {dag.py:2280} INFO - Setting next_dagrun for example_skip_dag to 2024-06-24 00:00:00+00:00
[2024-06-26 01:01:16,844] {scheduler_job.py:190} INFO - Processing /home/airflow/.local/lib/python3.6/site-packages/airflow/example_dags/example_skip_dag.py took 0.307 seconds
[2024-06-26 01:04:18,200] {scheduler_job.py:182} INFO - Started process (PID=2405) to work on /home/airflow/.local/lib/python3.6/site-packages/airflow/example_dags/example_skip_dag.py
[2024-06-26 01:04:18,226] {scheduler_job.py:629} INFO - Processing file /home/airflow/.local/lib/python3.6/site-packages/airflow/example_dags/example_skip_dag.py for tasks to queue
[2024-06-26 01:04:18,238] {logging_mixin.py:104} INFO - [2024-06-26 01:04:18,238] {dagbag.py:451} INFO - Filling up the DagBag from /home/airflow/.local/lib/python3.6/site-packages/airflow/example_dags/example_skip_dag.py
[2024-06-26 01:04:18,298] {scheduler_job.py:639} INFO - DAG(s) dict_keys(['example_skip_dag']) retrieved from /home/airflow/.local/lib/python3.6/site-packages/airflow/example_dags/example_skip_dag.py
[2024-06-26 01:04:18,557] {logging_mixin.py:104} INFO - [2024-06-26 01:04:18,556] {dag.py:1824} INFO - Sync 1 DAGs
[2024-06-26 01:04:18,643] {logging_mixin.py:104} INFO - [2024-06-26 01:04:18,643] {dag.py:2280} INFO - Setting next_dagrun for example_skip_dag to 2024-06-24 00:00:00+00:00
[2024-06-26 01:04:18,742] {scheduler_job.py:190} INFO - Processing /home/airflow/.local/lib/python3.6/site-packages/airflow/example_dags/example_skip_dag.py took 0.576 seconds
[2024-06-26 01:04:53,987] {scheduler_job.py:182} INFO - Started process (PID=2434) to work on /home/airflow/.local/lib/python3.6/site-packages/airflow/example_dags/example_skip_dag.py
[2024-06-26 01:04:54,006] {scheduler_job.py:629} INFO - Processing file /home/airflow/.local/lib/python3.6/site-packages/airflow/example_dags/example_skip_dag.py for tasks to queue
[2024-06-26 01:04:54,015] {logging_mixin.py:104} INFO - [2024-06-26 01:04:54,014] {dagbag.py:451} INFO - Filling up the DagBag from /home/airflow/.local/lib/python3.6/site-packages/airflow/example_dags/example_skip_dag.py
[2024-06-26 01:04:54,163] {scheduler_job.py:639} INFO - DAG(s) dict_keys(['example_skip_dag']) retrieved from /home/airflow/.local/lib/python3.6/site-packages/airflow/example_dags/example_skip_dag.py
[2024-06-26 01:06:17,459] {scheduler_job.py:182} INFO - Started process (PID=2461) to work on /home/airflow/.local/lib/python3.6/site-packages/airflow/example_dags/example_skip_dag.py
[2024-06-26 01:06:17,464] {scheduler_job.py:629} INFO - Processing file /home/airflow/.local/lib/python3.6/site-packages/airflow/example_dags/example_skip_dag.py for tasks to queue
[2024-06-26 01:06:17,466] {logging_mixin.py:104} INFO - [2024-06-26 01:06:17,465] {dagbag.py:451} INFO - Filling up the DagBag from /home/airflow/.local/lib/python3.6/site-packages/airflow/example_dags/example_skip_dag.py
[2024-06-26 01:06:17,482] {scheduler_job.py:639} INFO - DAG(s) dict_keys(['example_skip_dag']) retrieved from /home/airflow/.local/lib/python3.6/site-packages/airflow/example_dags/example_skip_dag.py
[2024-06-26 01:06:17,541] {logging_mixin.py:104} INFO - [2024-06-26 01:06:17,541] {dag.py:1824} INFO - Sync 1 DAGs
[2024-06-26 01:06:17,577] {logging_mixin.py:104} INFO - [2024-06-26 01:06:17,576] {dag.py:2280} INFO - Setting next_dagrun for example_skip_dag to 2024-06-24 00:00:00+00:00
[2024-06-26 01:06:17,610] {scheduler_job.py:190} INFO - Processing /home/airflow/.local/lib/python3.6/site-packages/airflow/example_dags/example_skip_dag.py took 0.171 seconds
[2024-06-26 01:13:44,299] {scheduler_job.py:182} INFO - Started process (PID=29) to work on /home/airflow/.local/lib/python3.6/site-packages/airflow/example_dags/example_skip_dag.py
[2024-06-26 01:13:44,302] {scheduler_job.py:629} INFO - Processing file /home/airflow/.local/lib/python3.6/site-packages/airflow/example_dags/example_skip_dag.py for tasks to queue
[2024-06-26 01:13:44,306] {logging_mixin.py:104} INFO - [2024-06-26 01:13:44,306] {dagbag.py:451} INFO - Filling up the DagBag from /home/airflow/.local/lib/python3.6/site-packages/airflow/example_dags/example_skip_dag.py
[2024-06-26 01:13:44,478] {scheduler_job.py:639} INFO - DAG(s) dict_keys(['example_skip_dag']) retrieved from /home/airflow/.local/lib/python3.6/site-packages/airflow/example_dags/example_skip_dag.py
[2024-06-26 01:13:44,657] {logging_mixin.py:104} INFO - [2024-06-26 01:13:44,657] {dag.py:1824} INFO - Sync 1 DAGs
[2024-06-26 01:13:44,825] {logging_mixin.py:104} INFO - [2024-06-26 01:13:44,824] {dag.py:2280} INFO - Setting next_dagrun for example_skip_dag to 2024-06-24 00:00:00+00:00
[2024-06-26 01:13:44,916] {scheduler_job.py:190} INFO - Processing /home/airflow/.local/lib/python3.6/site-packages/airflow/example_dags/example_skip_dag.py took 0.629 seconds
[2024-06-26 01:14:16,272] {scheduler_job.py:182} INFO - Started process (PID=57) to work on /home/airflow/.local/lib/python3.6/site-packages/airflow/example_dags/example_skip_dag.py
[2024-06-26 01:14:16,274] {scheduler_job.py:629} INFO - Processing file /home/airflow/.local/lib/python3.6/site-packages/airflow/example_dags/example_skip_dag.py for tasks to queue
[2024-06-26 01:14:16,276] {logging_mixin.py:104} INFO - [2024-06-26 01:14:16,275] {dagbag.py:451} INFO - Filling up the DagBag from /home/airflow/.local/lib/python3.6/site-packages/airflow/example_dags/example_skip_dag.py
[2024-06-26 01:14:16,344] {scheduler_job.py:639} INFO - DAG(s) dict_keys(['example_skip_dag']) retrieved from /home/airflow/.local/lib/python3.6/site-packages/airflow/example_dags/example_skip_dag.py
[2024-06-26 01:14:16,450] {logging_mixin.py:104} INFO - [2024-06-26 01:14:16,449] {dag.py:1824} INFO - Sync 1 DAGs
[2024-06-26 01:14:16,487] {logging_mixin.py:104} INFO - [2024-06-26 01:14:16,486] {dag.py:2280} INFO - Setting next_dagrun for example_skip_dag to 2024-06-24 00:00:00+00:00
[2024-06-26 01:14:16,507] {scheduler_job.py:190} INFO - Processing /home/airflow/.local/lib/python3.6/site-packages/airflow/example_dags/example_skip_dag.py took 0.243 seconds
[2024-06-26 01:14:47,931] {scheduler_job.py:182} INFO - Started process (PID=85) to work on /home/airflow/.local/lib/python3.6/site-packages/airflow/example_dags/example_skip_dag.py
[2024-06-26 01:14:47,942] {scheduler_job.py:629} INFO - Processing file /home/airflow/.local/lib/python3.6/site-packages/airflow/example_dags/example_skip_dag.py for tasks to queue
[2024-06-26 01:14:47,944] {logging_mixin.py:104} INFO - [2024-06-26 01:14:47,944] {dagbag.py:451} INFO - Filling up the DagBag from /home/airflow/.local/lib/python3.6/site-packages/airflow/example_dags/example_skip_dag.py
[2024-06-26 01:14:47,998] {scheduler_job.py:639} INFO - DAG(s) dict_keys(['example_skip_dag']) retrieved from /home/airflow/.local/lib/python3.6/site-packages/airflow/example_dags/example_skip_dag.py
[2024-06-26 01:14:48,107] {logging_mixin.py:104} INFO - [2024-06-26 01:14:48,107] {dag.py:1824} INFO - Sync 1 DAGs
[2024-06-26 01:14:48,244] {logging_mixin.py:104} INFO - [2024-06-26 01:14:48,243] {dag.py:2280} INFO - Setting next_dagrun for example_skip_dag to 2024-06-24 00:00:00+00:00
[2024-06-26 01:14:48,323] {scheduler_job.py:190} INFO - Processing /home/airflow/.local/lib/python3.6/site-packages/airflow/example_dags/example_skip_dag.py took 0.413 seconds
[2024-06-26 01:17:07,686] {scheduler_job.py:182} INFO - Started process (PID=114) to work on /home/airflow/.local/lib/python3.6/site-packages/airflow/example_dags/example_skip_dag.py
[2024-06-26 01:17:07,781] {scheduler_job.py:629} INFO - Processing file /home/airflow/.local/lib/python3.6/site-packages/airflow/example_dags/example_skip_dag.py for tasks to queue
[2024-06-26 01:17:07,921] {logging_mixin.py:104} INFO - [2024-06-26 01:17:07,921] {dagbag.py:451} INFO - Filling up the DagBag from /home/airflow/.local/lib/python3.6/site-packages/airflow/example_dags/example_skip_dag.py
[2024-06-26 01:17:08,096] {scheduler_job.py:639} INFO - DAG(s) dict_keys(['example_skip_dag']) retrieved from /home/airflow/.local/lib/python3.6/site-packages/airflow/example_dags/example_skip_dag.py
[2024-06-26 01:17:08,278] {logging_mixin.py:104} INFO - [2024-06-26 01:17:08,278] {dag.py:1824} INFO - Sync 1 DAGs
[2024-06-26 01:17:08,468] {logging_mixin.py:104} INFO - [2024-06-26 01:17:08,468] {dag.py:2280} INFO - Setting next_dagrun for example_skip_dag to 2024-06-24 00:00:00+00:00
[2024-06-26 01:17:08,654] {scheduler_job.py:190} INFO - Processing /home/airflow/.local/lib/python3.6/site-packages/airflow/example_dags/example_skip_dag.py took 0.997 seconds
[2024-06-26 01:17:39,918] {scheduler_job.py:182} INFO - Started process (PID=142) to work on /home/airflow/.local/lib/python3.6/site-packages/airflow/example_dags/example_skip_dag.py
[2024-06-26 01:17:39,925] {scheduler_job.py:629} INFO - Processing file /home/airflow/.local/lib/python3.6/site-packages/airflow/example_dags/example_skip_dag.py for tasks to queue
[2024-06-26 01:17:39,932] {logging_mixin.py:104} INFO - [2024-06-26 01:17:39,932] {dagbag.py:451} INFO - Filling up the DagBag from /home/airflow/.local/lib/python3.6/site-packages/airflow/example_dags/example_skip_dag.py
[2024-06-26 01:17:40,070] {scheduler_job.py:639} INFO - DAG(s) dict_keys(['example_skip_dag']) retrieved from /home/airflow/.local/lib/python3.6/site-packages/airflow/example_dags/example_skip_dag.py
[2024-06-26 01:17:40,230] {logging_mixin.py:104} INFO - [2024-06-26 01:17:40,230] {dag.py:1824} INFO - Sync 1 DAGs
[2024-06-26 01:17:40,335] {logging_mixin.py:104} INFO - [2024-06-26 01:17:40,335] {dag.py:2280} INFO - Setting next_dagrun for example_skip_dag to 2024-06-24 00:00:00+00:00
[2024-06-26 01:17:40,359] {scheduler_job.py:190} INFO - Processing /home/airflow/.local/lib/python3.6/site-packages/airflow/example_dags/example_skip_dag.py took 0.469 seconds
[2024-06-26 01:18:19,423] {scheduler_job.py:182} INFO - Started process (PID=170) to work on /home/airflow/.local/lib/python3.6/site-packages/airflow/example_dags/example_skip_dag.py
[2024-06-26 01:18:19,437] {scheduler_job.py:629} INFO - Processing file /home/airflow/.local/lib/python3.6/site-packages/airflow/example_dags/example_skip_dag.py for tasks to queue
[2024-06-26 01:18:19,454] {logging_mixin.py:104} INFO - [2024-06-26 01:18:19,453] {dagbag.py:451} INFO - Filling up the DagBag from /home/airflow/.local/lib/python3.6/site-packages/airflow/example_dags/example_skip_dag.py
[2024-06-26 01:18:19,651] {scheduler_job.py:639} INFO - DAG(s) dict_keys(['example_skip_dag']) retrieved from /home/airflow/.local/lib/python3.6/site-packages/airflow/example_dags/example_skip_dag.py
[2024-06-26 01:18:20,775] {logging_mixin.py:104} INFO - [2024-06-26 01:18:20,775] {dag.py:1824} INFO - Sync 1 DAGs
[2024-06-26 01:18:20,905] {logging_mixin.py:104} INFO - [2024-06-26 01:18:20,905] {dag.py:2280} INFO - Setting next_dagrun for example_skip_dag to 2024-06-24 00:00:00+00:00
[2024-06-26 01:18:20,987] {scheduler_job.py:190} INFO - Processing /home/airflow/.local/lib/python3.6/site-packages/airflow/example_dags/example_skip_dag.py took 1.617 seconds
[2024-06-26 01:19:09,208] {scheduler_job.py:182} INFO - Started process (PID=189) to work on /home/airflow/.local/lib/python3.6/site-packages/airflow/example_dags/example_skip_dag.py
[2024-06-26 01:19:09,223] {scheduler_job.py:629} INFO - Processing file /home/airflow/.local/lib/python3.6/site-packages/airflow/example_dags/example_skip_dag.py for tasks to queue
[2024-06-26 01:19:09,227] {logging_mixin.py:104} INFO - [2024-06-26 01:19:09,226] {dagbag.py:451} INFO - Filling up the DagBag from /home/airflow/.local/lib/python3.6/site-packages/airflow/example_dags/example_skip_dag.py
[2024-06-26 01:19:09,355] {scheduler_job.py:639} INFO - DAG(s) dict_keys(['example_skip_dag']) retrieved from /home/airflow/.local/lib/python3.6/site-packages/airflow/example_dags/example_skip_dag.py
[2024-06-26 01:19:11,262] {logging_mixin.py:104} INFO - [2024-06-26 01:19:11,262] {dag.py:1824} INFO - Sync 1 DAGs
[2024-06-26 01:19:11,660] {logging_mixin.py:104} INFO - [2024-06-26 01:19:11,659] {dag.py:2280} INFO - Setting next_dagrun for example_skip_dag to 2024-06-24 00:00:00+00:00
[2024-06-26 01:19:12,071] {scheduler_job.py:190} INFO - Processing /home/airflow/.local/lib/python3.6/site-packages/airflow/example_dags/example_skip_dag.py took 2.910 seconds
[2024-06-26 01:19:45,320] {scheduler_job.py:182} INFO - Started process (PID=217) to work on /home/airflow/.local/lib/python3.6/site-packages/airflow/example_dags/example_skip_dag.py
[2024-06-26 01:19:45,324] {scheduler_job.py:629} INFO - Processing file /home/airflow/.local/lib/python3.6/site-packages/airflow/example_dags/example_skip_dag.py for tasks to queue
[2024-06-26 01:19:45,327] {logging_mixin.py:104} INFO - [2024-06-26 01:19:45,326] {dagbag.py:451} INFO - Filling up the DagBag from /home/airflow/.local/lib/python3.6/site-packages/airflow/example_dags/example_skip_dag.py
[2024-06-26 01:19:45,394] {scheduler_job.py:639} INFO - DAG(s) dict_keys(['example_skip_dag']) retrieved from /home/airflow/.local/lib/python3.6/site-packages/airflow/example_dags/example_skip_dag.py
[2024-06-26 01:19:45,541] {logging_mixin.py:104} INFO - [2024-06-26 01:19:45,541] {dag.py:1824} INFO - Sync 1 DAGs
[2024-06-26 01:19:45,719] {logging_mixin.py:104} INFO - [2024-06-26 01:19:45,719] {dag.py:2280} INFO - Setting next_dagrun for example_skip_dag to 2024-06-24 00:00:00+00:00
[2024-06-26 01:19:47,620] {scheduler_job.py:190} INFO - Processing /home/airflow/.local/lib/python3.6/site-packages/airflow/example_dags/example_skip_dag.py took 2.309 seconds
[2024-06-26 01:20:28,625] {scheduler_job.py:182} INFO - Started process (PID=244) to work on /home/airflow/.local/lib/python3.6/site-packages/airflow/example_dags/example_skip_dag.py
[2024-06-26 01:20:28,634] {scheduler_job.py:629} INFO - Processing file /home/airflow/.local/lib/python3.6/site-packages/airflow/example_dags/example_skip_dag.py for tasks to queue
[2024-06-26 01:20:28,709] {logging_mixin.py:104} INFO - [2024-06-26 01:20:28,709] {dagbag.py:451} INFO - Filling up the DagBag from /home/airflow/.local/lib/python3.6/site-packages/airflow/example_dags/example_skip_dag.py
[2024-06-26 01:20:29,020] {scheduler_job.py:639} INFO - DAG(s) dict_keys(['example_skip_dag']) retrieved from /home/airflow/.local/lib/python3.6/site-packages/airflow/example_dags/example_skip_dag.py
[2024-06-26 01:20:30,151] {logging_mixin.py:104} INFO - [2024-06-26 01:20:30,150] {dag.py:1824} INFO - Sync 1 DAGs
[2024-06-26 01:20:30,211] {logging_mixin.py:104} INFO - [2024-06-26 01:20:30,211] {dag.py:2280} INFO - Setting next_dagrun for example_skip_dag to 2024-06-24 00:00:00+00:00
[2024-06-26 01:20:30,692] {scheduler_job.py:190} INFO - Processing /home/airflow/.local/lib/python3.6/site-packages/airflow/example_dags/example_skip_dag.py took 2.129 seconds
[2024-06-26 01:21:01,546] {scheduler_job.py:182} INFO - Started process (PID=272) to work on /home/airflow/.local/lib/python3.6/site-packages/airflow/example_dags/example_skip_dag.py
[2024-06-26 01:21:01,548] {scheduler_job.py:629} INFO - Processing file /home/airflow/.local/lib/python3.6/site-packages/airflow/example_dags/example_skip_dag.py for tasks to queue
[2024-06-26 01:21:01,550] {logging_mixin.py:104} INFO - [2024-06-26 01:21:01,550] {dagbag.py:451} INFO - Filling up the DagBag from /home/airflow/.local/lib/python3.6/site-packages/airflow/example_dags/example_skip_dag.py
[2024-06-26 01:21:01,590] {scheduler_job.py:639} INFO - DAG(s) dict_keys(['example_skip_dag']) retrieved from /home/airflow/.local/lib/python3.6/site-packages/airflow/example_dags/example_skip_dag.py
[2024-06-26 01:21:01,640] {logging_mixin.py:104} INFO - [2024-06-26 01:21:01,640] {dag.py:1824} INFO - Sync 1 DAGs
[2024-06-26 01:21:01,669] {logging_mixin.py:104} INFO - [2024-06-26 01:21:01,669] {dag.py:2280} INFO - Setting next_dagrun for example_skip_dag to 2024-06-24 00:00:00+00:00
[2024-06-26 01:21:02,026] {scheduler_job.py:190} INFO - Processing /home/airflow/.local/lib/python3.6/site-packages/airflow/example_dags/example_skip_dag.py took 0.494 seconds
[2024-06-26 01:21:40,347] {scheduler_job.py:182} INFO - Started process (PID=285) to work on /home/airflow/.local/lib/python3.6/site-packages/airflow/example_dags/example_skip_dag.py
[2024-06-26 01:21:40,363] {scheduler_job.py:629} INFO - Processing file /home/airflow/.local/lib/python3.6/site-packages/airflow/example_dags/example_skip_dag.py for tasks to queue
[2024-06-26 01:21:40,413] {logging_mixin.py:104} INFO - [2024-06-26 01:21:40,406] {dagbag.py:451} INFO - Filling up the DagBag from /home/airflow/.local/lib/python3.6/site-packages/airflow/example_dags/example_skip_dag.py
[2024-06-26 01:21:40,521] {scheduler_job.py:639} INFO - DAG(s) dict_keys(['example_skip_dag']) retrieved from /home/airflow/.local/lib/python3.6/site-packages/airflow/example_dags/example_skip_dag.py
[2024-06-26 01:21:40,686] {logging_mixin.py:104} INFO - [2024-06-26 01:21:40,685] {dag.py:1824} INFO - Sync 1 DAGs
[2024-06-26 01:21:40,756] {logging_mixin.py:104} INFO - [2024-06-26 01:21:40,756] {dag.py:2280} INFO - Setting next_dagrun for example_skip_dag to 2024-06-24 00:00:00+00:00
[2024-06-26 01:21:43,291] {scheduler_job.py:190} INFO - Processing /home/airflow/.local/lib/python3.6/site-packages/airflow/example_dags/example_skip_dag.py took 3.001 seconds
[2024-06-26 01:22:13,780] {scheduler_job.py:182} INFO - Started process (PID=313) to work on /home/airflow/.local/lib/python3.6/site-packages/airflow/example_dags/example_skip_dag.py
[2024-06-26 01:22:13,785] {scheduler_job.py:629} INFO - Processing file /home/airflow/.local/lib/python3.6/site-packages/airflow/example_dags/example_skip_dag.py for tasks to queue
[2024-06-26 01:22:13,789] {logging_mixin.py:104} INFO - [2024-06-26 01:22:13,788] {dagbag.py:451} INFO - Filling up the DagBag from /home/airflow/.local/lib/python3.6/site-packages/airflow/example_dags/example_skip_dag.py
[2024-06-26 01:22:13,823] {scheduler_job.py:639} INFO - DAG(s) dict_keys(['example_skip_dag']) retrieved from /home/airflow/.local/lib/python3.6/site-packages/airflow/example_dags/example_skip_dag.py
[2024-06-26 01:22:14,448] {logging_mixin.py:104} INFO - [2024-06-26 01:22:14,448] {dag.py:1824} INFO - Sync 1 DAGs
[2024-06-26 01:22:14,495] {logging_mixin.py:104} INFO - [2024-06-26 01:22:14,495] {dag.py:2280} INFO - Setting next_dagrun for example_skip_dag to 2024-06-24 00:00:00+00:00
[2024-06-26 01:22:14,515] {scheduler_job.py:190} INFO - Processing /home/airflow/.local/lib/python3.6/site-packages/airflow/example_dags/example_skip_dag.py took 0.746 seconds
[2024-06-26 01:22:44,875] {scheduler_job.py:182} INFO - Started process (PID=341) to work on /home/airflow/.local/lib/python3.6/site-packages/airflow/example_dags/example_skip_dag.py
[2024-06-26 01:22:44,889] {scheduler_job.py:629} INFO - Processing file /home/airflow/.local/lib/python3.6/site-packages/airflow/example_dags/example_skip_dag.py for tasks to queue
[2024-06-26 01:22:44,904] {logging_mixin.py:104} INFO - [2024-06-26 01:22:44,891] {dagbag.py:451} INFO - Filling up the DagBag from /home/airflow/.local/lib/python3.6/site-packages/airflow/example_dags/example_skip_dag.py
[2024-06-26 01:22:45,099] {scheduler_job.py:639} INFO - DAG(s) dict_keys(['example_skip_dag']) retrieved from /home/airflow/.local/lib/python3.6/site-packages/airflow/example_dags/example_skip_dag.py
[2024-06-26 01:22:48,287] {logging_mixin.py:104} INFO - [2024-06-26 01:22:48,287] {dag.py:1824} INFO - Sync 1 DAGs
[2024-06-26 01:22:48,580] {logging_mixin.py:104} INFO - [2024-06-26 01:22:48,578] {dag.py:2280} INFO - Setting next_dagrun for example_skip_dag to 2024-06-24 00:00:00+00:00
[2024-06-26 01:22:49,279] {scheduler_job.py:190} INFO - Processing /home/airflow/.local/lib/python3.6/site-packages/airflow/example_dags/example_skip_dag.py took 4.460 seconds
[2024-06-26 01:23:36,223] {scheduler_job.py:182} INFO - Started process (PID=369) to work on /home/airflow/.local/lib/python3.6/site-packages/airflow/example_dags/example_skip_dag.py
[2024-06-26 01:23:36,236] {scheduler_job.py:629} INFO - Processing file /home/airflow/.local/lib/python3.6/site-packages/airflow/example_dags/example_skip_dag.py for tasks to queue
[2024-06-26 01:23:36,267] {logging_mixin.py:104} INFO - [2024-06-26 01:23:36,267] {dagbag.py:451} INFO - Filling up the DagBag from /home/airflow/.local/lib/python3.6/site-packages/airflow/example_dags/example_skip_dag.py
[2024-06-26 01:23:36,557] {scheduler_job.py:639} INFO - DAG(s) dict_keys(['example_skip_dag']) retrieved from /home/airflow/.local/lib/python3.6/site-packages/airflow/example_dags/example_skip_dag.py
[2024-06-26 01:23:37,542] {logging_mixin.py:104} INFO - [2024-06-26 01:23:37,541] {dag.py:1824} INFO - Sync 1 DAGs
[2024-06-26 01:23:37,630] {logging_mixin.py:104} INFO - [2024-06-26 01:23:37,630] {dag.py:2280} INFO - Setting next_dagrun for example_skip_dag to 2024-06-24 00:00:00+00:00
[2024-06-26 01:23:37,703] {scheduler_job.py:190} INFO - Processing /home/airflow/.local/lib/python3.6/site-packages/airflow/example_dags/example_skip_dag.py took 1.517 seconds
[2024-06-26 01:24:08,299] {scheduler_job.py:182} INFO - Started process (PID=396) to work on /home/airflow/.local/lib/python3.6/site-packages/airflow/example_dags/example_skip_dag.py
[2024-06-26 01:24:08,302] {scheduler_job.py:629} INFO - Processing file /home/airflow/.local/lib/python3.6/site-packages/airflow/example_dags/example_skip_dag.py for tasks to queue
[2024-06-26 01:24:08,304] {logging_mixin.py:104} INFO - [2024-06-26 01:24:08,304] {dagbag.py:451} INFO - Filling up the DagBag from /home/airflow/.local/lib/python3.6/site-packages/airflow/example_dags/example_skip_dag.py
[2024-06-26 01:24:08,383] {scheduler_job.py:639} INFO - DAG(s) dict_keys(['example_skip_dag']) retrieved from /home/airflow/.local/lib/python3.6/site-packages/airflow/example_dags/example_skip_dag.py
[2024-06-26 01:24:10,030] {logging_mixin.py:104} INFO - [2024-06-26 01:24:10,030] {dag.py:1824} INFO - Sync 1 DAGs
[2024-06-26 01:24:10,200] {logging_mixin.py:104} INFO - [2024-06-26 01:24:10,200] {dag.py:2280} INFO - Setting next_dagrun for example_skip_dag to 2024-06-24 00:00:00+00:00
[2024-06-26 01:24:10,395] {scheduler_job.py:190} INFO - Processing /home/airflow/.local/lib/python3.6/site-packages/airflow/example_dags/example_skip_dag.py took 2.102 seconds
[2024-06-26 01:24:41,043] {scheduler_job.py:182} INFO - Started process (PID=424) to work on /home/airflow/.local/lib/python3.6/site-packages/airflow/example_dags/example_skip_dag.py
[2024-06-26 01:24:41,055] {scheduler_job.py:629} INFO - Processing file /home/airflow/.local/lib/python3.6/site-packages/airflow/example_dags/example_skip_dag.py for tasks to queue
[2024-06-26 01:24:41,057] {logging_mixin.py:104} INFO - [2024-06-26 01:24:41,057] {dagbag.py:451} INFO - Filling up the DagBag from /home/airflow/.local/lib/python3.6/site-packages/airflow/example_dags/example_skip_dag.py
[2024-06-26 01:24:41,134] {scheduler_job.py:639} INFO - DAG(s) dict_keys(['example_skip_dag']) retrieved from /home/airflow/.local/lib/python3.6/site-packages/airflow/example_dags/example_skip_dag.py
[2024-06-26 01:24:41,507] {logging_mixin.py:104} INFO - [2024-06-26 01:24:41,507] {dag.py:1824} INFO - Sync 1 DAGs
[2024-06-26 01:24:41,527] {logging_mixin.py:104} INFO - [2024-06-26 01:24:41,527] {dag.py:2280} INFO - Setting next_dagrun for example_skip_dag to 2024-06-24 00:00:00+00:00
[2024-06-26 01:24:41,543] {scheduler_job.py:190} INFO - Processing /home/airflow/.local/lib/python3.6/site-packages/airflow/example_dags/example_skip_dag.py took 0.526 seconds
[2024-06-26 01:25:27,410] {scheduler_job.py:182} INFO - Started process (PID=450) to work on /home/airflow/.local/lib/python3.6/site-packages/airflow/example_dags/example_skip_dag.py
[2024-06-26 01:25:27,431] {scheduler_job.py:629} INFO - Processing file /home/airflow/.local/lib/python3.6/site-packages/airflow/example_dags/example_skip_dag.py for tasks to queue
[2024-06-26 01:25:27,529] {logging_mixin.py:104} INFO - [2024-06-26 01:25:27,528] {dagbag.py:451} INFO - Filling up the DagBag from /home/airflow/.local/lib/python3.6/site-packages/airflow/example_dags/example_skip_dag.py
[2024-06-26 01:25:28,929] {scheduler_job.py:639} INFO - DAG(s) dict_keys(['example_skip_dag']) retrieved from /home/airflow/.local/lib/python3.6/site-packages/airflow/example_dags/example_skip_dag.py
[2024-06-26 01:25:29,135] {logging_mixin.py:104} INFO - [2024-06-26 01:25:29,134] {dag.py:1824} INFO - Sync 1 DAGs
[2024-06-26 01:25:29,568] {logging_mixin.py:104} INFO - [2024-06-26 01:25:29,567] {dag.py:2280} INFO - Setting next_dagrun for example_skip_dag to 2024-06-24 00:00:00+00:00
[2024-06-26 01:25:29,862] {scheduler_job.py:190} INFO - Processing /home/airflow/.local/lib/python3.6/site-packages/airflow/example_dags/example_skip_dag.py took 2.510 seconds
[2024-06-26 01:27:23,433] {scheduler_job.py:182} INFO - Started process (PID=468) to work on /home/airflow/.local/lib/python3.6/site-packages/airflow/example_dags/example_skip_dag.py
[2024-06-26 01:27:23,436] {scheduler_job.py:629} INFO - Processing file /home/airflow/.local/lib/python3.6/site-packages/airflow/example_dags/example_skip_dag.py for tasks to queue
[2024-06-26 01:27:23,452] {logging_mixin.py:104} INFO - [2024-06-26 01:27:23,452] {dagbag.py:451} INFO - Filling up the DagBag from /home/airflow/.local/lib/python3.6/site-packages/airflow/example_dags/example_skip_dag.py
[2024-06-26 01:27:23,612] {scheduler_job.py:639} INFO - DAG(s) dict_keys(['example_skip_dag']) retrieved from /home/airflow/.local/lib/python3.6/site-packages/airflow/example_dags/example_skip_dag.py
[2024-06-26 01:27:23,937] {logging_mixin.py:104} INFO - [2024-06-26 01:27:23,936] {dag.py:1824} INFO - Sync 1 DAGs
[2024-06-26 01:27:24,121] {logging_mixin.py:104} INFO - [2024-06-26 01:27:24,121] {dag.py:2280} INFO - Setting next_dagrun for example_skip_dag to 2024-06-24 00:00:00+00:00
[2024-06-26 01:27:24,368] {scheduler_job.py:190} INFO - Processing /home/airflow/.local/lib/python3.6/site-packages/airflow/example_dags/example_skip_dag.py took 0.972 seconds
[2024-06-26 01:27:55,176] {scheduler_job.py:182} INFO - Started process (PID=496) to work on /home/airflow/.local/lib/python3.6/site-packages/airflow/example_dags/example_skip_dag.py
[2024-06-26 01:27:55,183] {scheduler_job.py:629} INFO - Processing file /home/airflow/.local/lib/python3.6/site-packages/airflow/example_dags/example_skip_dag.py for tasks to queue
[2024-06-26 01:27:55,187] {logging_mixin.py:104} INFO - [2024-06-26 01:27:55,187] {dagbag.py:451} INFO - Filling up the DagBag from /home/airflow/.local/lib/python3.6/site-packages/airflow/example_dags/example_skip_dag.py
[2024-06-26 01:27:55,273] {scheduler_job.py:639} INFO - DAG(s) dict_keys(['example_skip_dag']) retrieved from /home/airflow/.local/lib/python3.6/site-packages/airflow/example_dags/example_skip_dag.py
[2024-06-26 01:27:55,356] {logging_mixin.py:104} INFO - [2024-06-26 01:27:55,356] {dag.py:1824} INFO - Sync 1 DAGs
[2024-06-26 01:27:55,389] {logging_mixin.py:104} INFO - [2024-06-26 01:27:55,388] {dag.py:2280} INFO - Setting next_dagrun for example_skip_dag to 2024-06-24 00:00:00+00:00
[2024-06-26 01:27:55,409] {scheduler_job.py:190} INFO - Processing /home/airflow/.local/lib/python3.6/site-packages/airflow/example_dags/example_skip_dag.py took 0.244 seconds
[2024-06-26 01:28:26,886] {scheduler_job.py:182} INFO - Started process (PID=524) to work on /home/airflow/.local/lib/python3.6/site-packages/airflow/example_dags/example_skip_dag.py
[2024-06-26 01:28:26,894] {scheduler_job.py:629} INFO - Processing file /home/airflow/.local/lib/python3.6/site-packages/airflow/example_dags/example_skip_dag.py for tasks to queue
[2024-06-26 01:28:26,904] {logging_mixin.py:104} INFO - [2024-06-26 01:28:26,904] {dagbag.py:451} INFO - Filling up the DagBag from /home/airflow/.local/lib/python3.6/site-packages/airflow/example_dags/example_skip_dag.py
[2024-06-26 01:28:26,986] {scheduler_job.py:639} INFO - DAG(s) dict_keys(['example_skip_dag']) retrieved from /home/airflow/.local/lib/python3.6/site-packages/airflow/example_dags/example_skip_dag.py
[2024-06-26 01:28:27,085] {logging_mixin.py:104} INFO - [2024-06-26 01:28:27,084] {dag.py:1824} INFO - Sync 1 DAGs
[2024-06-26 01:28:27,119] {logging_mixin.py:104} INFO - [2024-06-26 01:28:27,119] {dag.py:2280} INFO - Setting next_dagrun for example_skip_dag to 2024-06-24 00:00:00+00:00
[2024-06-26 01:28:27,154] {scheduler_job.py:190} INFO - Processing /home/airflow/.local/lib/python3.6/site-packages/airflow/example_dags/example_skip_dag.py took 0.329 seconds
[2024-06-26 01:29:09,087] {scheduler_job.py:182} INFO - Started process (PID=552) to work on /home/airflow/.local/lib/python3.6/site-packages/airflow/example_dags/example_skip_dag.py
[2024-06-26 01:29:09,111] {scheduler_job.py:629} INFO - Processing file /home/airflow/.local/lib/python3.6/site-packages/airflow/example_dags/example_skip_dag.py for tasks to queue
[2024-06-26 01:29:09,121] {logging_mixin.py:104} INFO - [2024-06-26 01:29:09,120] {dagbag.py:451} INFO - Filling up the DagBag from /home/airflow/.local/lib/python3.6/site-packages/airflow/example_dags/example_skip_dag.py
[2024-06-26 01:29:09,180] {scheduler_job.py:639} INFO - DAG(s) dict_keys(['example_skip_dag']) retrieved from /home/airflow/.local/lib/python3.6/site-packages/airflow/example_dags/example_skip_dag.py
[2024-06-26 01:29:09,492] {logging_mixin.py:104} INFO - [2024-06-26 01:29:09,491] {dag.py:1824} INFO - Sync 1 DAGs
[2024-06-26 01:29:09,584] {logging_mixin.py:104} INFO - [2024-06-26 01:29:09,584] {dag.py:2280} INFO - Setting next_dagrun for example_skip_dag to 2024-06-24 00:00:00+00:00
[2024-06-26 01:29:09,657] {scheduler_job.py:190} INFO - Processing /home/airflow/.local/lib/python3.6/site-packages/airflow/example_dags/example_skip_dag.py took 0.587 seconds
[2024-06-26 01:29:40,080] {scheduler_job.py:182} INFO - Started process (PID=580) to work on /home/airflow/.local/lib/python3.6/site-packages/airflow/example_dags/example_skip_dag.py
[2024-06-26 01:29:40,082] {scheduler_job.py:629} INFO - Processing file /home/airflow/.local/lib/python3.6/site-packages/airflow/example_dags/example_skip_dag.py for tasks to queue
[2024-06-26 01:29:40,085] {logging_mixin.py:104} INFO - [2024-06-26 01:29:40,085] {dagbag.py:451} INFO - Filling up the DagBag from /home/airflow/.local/lib/python3.6/site-packages/airflow/example_dags/example_skip_dag.py
[2024-06-26 01:29:40,249] {scheduler_job.py:639} INFO - DAG(s) dict_keys(['example_skip_dag']) retrieved from /home/airflow/.local/lib/python3.6/site-packages/airflow/example_dags/example_skip_dag.py
[2024-06-26 01:29:40,513] {logging_mixin.py:104} INFO - [2024-06-26 01:29:40,513] {dag.py:1824} INFO - Sync 1 DAGs
[2024-06-26 01:29:40,584] {logging_mixin.py:104} INFO - [2024-06-26 01:29:40,584] {dag.py:2280} INFO - Setting next_dagrun for example_skip_dag to 2024-06-24 00:00:00+00:00
[2024-06-26 01:29:40,617] {scheduler_job.py:190} INFO - Processing /home/airflow/.local/lib/python3.6/site-packages/airflow/example_dags/example_skip_dag.py took 0.596 seconds
[2024-06-26 01:30:38,184] {scheduler_job.py:182} INFO - Started process (PID=609) to work on /home/airflow/.local/lib/python3.6/site-packages/airflow/example_dags/example_skip_dag.py
[2024-06-26 01:30:38,209] {scheduler_job.py:629} INFO - Processing file /home/airflow/.local/lib/python3.6/site-packages/airflow/example_dags/example_skip_dag.py for tasks to queue
[2024-06-26 01:30:38,217] {logging_mixin.py:104} INFO - [2024-06-26 01:30:38,217] {dagbag.py:451} INFO - Filling up the DagBag from /home/airflow/.local/lib/python3.6/site-packages/airflow/example_dags/example_skip_dag.py
[2024-06-26 01:30:38,694] {scheduler_job.py:639} INFO - DAG(s) dict_keys(['example_skip_dag']) retrieved from /home/airflow/.local/lib/python3.6/site-packages/airflow/example_dags/example_skip_dag.py
[2024-06-26 01:30:38,975] {logging_mixin.py:104} INFO - [2024-06-26 01:30:38,974] {dag.py:1824} INFO - Sync 1 DAGs
[2024-06-26 01:30:39,154] {logging_mixin.py:104} INFO - [2024-06-26 01:30:39,154] {dag.py:2280} INFO - Setting next_dagrun for example_skip_dag to 2024-06-24 00:00:00+00:00
[2024-06-26 01:30:39,253] {scheduler_job.py:190} INFO - Processing /home/airflow/.local/lib/python3.6/site-packages/airflow/example_dags/example_skip_dag.py took 1.208 seconds
[2024-06-26 01:31:17,673] {scheduler_job.py:182} INFO - Started process (PID=636) to work on /home/airflow/.local/lib/python3.6/site-packages/airflow/example_dags/example_skip_dag.py
[2024-06-26 01:31:17,683] {scheduler_job.py:629} INFO - Processing file /home/airflow/.local/lib/python3.6/site-packages/airflow/example_dags/example_skip_dag.py for tasks to queue
[2024-06-26 01:31:17,685] {logging_mixin.py:104} INFO - [2024-06-26 01:31:17,685] {dagbag.py:451} INFO - Filling up the DagBag from /home/airflow/.local/lib/python3.6/site-packages/airflow/example_dags/example_skip_dag.py
[2024-06-26 01:31:17,753] {scheduler_job.py:639} INFO - DAG(s) dict_keys(['example_skip_dag']) retrieved from /home/airflow/.local/lib/python3.6/site-packages/airflow/example_dags/example_skip_dag.py
[2024-06-26 01:31:17,817] {logging_mixin.py:104} INFO - [2024-06-26 01:31:17,817] {dag.py:1824} INFO - Sync 1 DAGs
[2024-06-26 01:31:17,869] {logging_mixin.py:104} INFO - [2024-06-26 01:31:17,868] {dag.py:2280} INFO - Setting next_dagrun for example_skip_dag to 2024-06-24 00:00:00+00:00
[2024-06-26 01:31:17,908] {scheduler_job.py:190} INFO - Processing /home/airflow/.local/lib/python3.6/site-packages/airflow/example_dags/example_skip_dag.py took 0.246 seconds
[2024-06-26 01:31:51,700] {scheduler_job.py:182} INFO - Started process (PID=662) to work on /home/airflow/.local/lib/python3.6/site-packages/airflow/example_dags/example_skip_dag.py
[2024-06-26 01:31:51,725] {scheduler_job.py:629} INFO - Processing file /home/airflow/.local/lib/python3.6/site-packages/airflow/example_dags/example_skip_dag.py for tasks to queue
[2024-06-26 01:31:51,750] {logging_mixin.py:104} INFO - [2024-06-26 01:31:51,750] {dagbag.py:451} INFO - Filling up the DagBag from /home/airflow/.local/lib/python3.6/site-packages/airflow/example_dags/example_skip_dag.py
[2024-06-26 01:31:51,798] {scheduler_job.py:639} INFO - DAG(s) dict_keys(['example_skip_dag']) retrieved from /home/airflow/.local/lib/python3.6/site-packages/airflow/example_dags/example_skip_dag.py
[2024-06-26 01:31:52,090] {logging_mixin.py:104} INFO - [2024-06-26 01:31:52,090] {dag.py:1824} INFO - Sync 1 DAGs
[2024-06-26 01:31:52,286] {logging_mixin.py:104} INFO - [2024-06-26 01:31:52,285] {dag.py:2280} INFO - Setting next_dagrun for example_skip_dag to 2024-06-24 00:00:00+00:00
[2024-06-26 01:31:52,488] {scheduler_job.py:190} INFO - Processing /home/airflow/.local/lib/python3.6/site-packages/airflow/example_dags/example_skip_dag.py took 0.877 seconds
[2024-06-26 01:32:23,318] {scheduler_job.py:182} INFO - Started process (PID=690) to work on /home/airflow/.local/lib/python3.6/site-packages/airflow/example_dags/example_skip_dag.py
[2024-06-26 01:32:23,325] {scheduler_job.py:629} INFO - Processing file /home/airflow/.local/lib/python3.6/site-packages/airflow/example_dags/example_skip_dag.py for tasks to queue
[2024-06-26 01:32:23,329] {logging_mixin.py:104} INFO - [2024-06-26 01:32:23,327] {dagbag.py:451} INFO - Filling up the DagBag from /home/airflow/.local/lib/python3.6/site-packages/airflow/example_dags/example_skip_dag.py
[2024-06-26 01:32:23,370] {scheduler_job.py:639} INFO - DAG(s) dict_keys(['example_skip_dag']) retrieved from /home/airflow/.local/lib/python3.6/site-packages/airflow/example_dags/example_skip_dag.py
[2024-06-26 01:32:23,469] {logging_mixin.py:104} INFO - [2024-06-26 01:32:23,468] {dag.py:1824} INFO - Sync 1 DAGs
[2024-06-26 01:32:23,711] {logging_mixin.py:104} INFO - [2024-06-26 01:32:23,711] {dag.py:2280} INFO - Setting next_dagrun for example_skip_dag to 2024-06-24 00:00:00+00:00
[2024-06-26 01:32:23,834] {scheduler_job.py:190} INFO - Processing /home/airflow/.local/lib/python3.6/site-packages/airflow/example_dags/example_skip_dag.py took 0.533 seconds
[2024-06-26 01:34:21,005] {scheduler_job.py:182} INFO - Started process (PID=705) to work on /home/airflow/.local/lib/python3.6/site-packages/airflow/example_dags/example_skip_dag.py
[2024-06-26 01:34:21,125] {scheduler_job.py:629} INFO - Processing file /home/airflow/.local/lib/python3.6/site-packages/airflow/example_dags/example_skip_dag.py for tasks to queue
[2024-06-26 01:34:21,212] {logging_mixin.py:104} INFO - [2024-06-26 01:34:21,212] {dagbag.py:451} INFO - Filling up the DagBag from /home/airflow/.local/lib/python3.6/site-packages/airflow/example_dags/example_skip_dag.py
[2024-06-26 01:34:21,513] {scheduler_job.py:639} INFO - DAG(s) dict_keys(['example_skip_dag']) retrieved from /home/airflow/.local/lib/python3.6/site-packages/airflow/example_dags/example_skip_dag.py
[2024-06-26 01:34:21,968] {logging_mixin.py:104} INFO - [2024-06-26 01:34:21,966] {dag.py:1824} INFO - Sync 1 DAGs
[2024-06-26 01:34:22,113] {logging_mixin.py:104} INFO - [2024-06-26 01:34:22,113] {dag.py:2280} INFO - Setting next_dagrun for example_skip_dag to 2024-06-24 00:00:00+00:00
[2024-06-26 01:34:22,569] {scheduler_job.py:190} INFO - Processing /home/airflow/.local/lib/python3.6/site-packages/airflow/example_dags/example_skip_dag.py took 1.605 seconds
[2024-06-26 01:34:53,024] {scheduler_job.py:182} INFO - Started process (PID=733) to work on /home/airflow/.local/lib/python3.6/site-packages/airflow/example_dags/example_skip_dag.py
[2024-06-26 01:34:53,031] {scheduler_job.py:629} INFO - Processing file /home/airflow/.local/lib/python3.6/site-packages/airflow/example_dags/example_skip_dag.py for tasks to queue
[2024-06-26 01:34:53,035] {logging_mixin.py:104} INFO - [2024-06-26 01:34:53,035] {dagbag.py:451} INFO - Filling up the DagBag from /home/airflow/.local/lib/python3.6/site-packages/airflow/example_dags/example_skip_dag.py
[2024-06-26 01:34:53,135] {scheduler_job.py:639} INFO - DAG(s) dict_keys(['example_skip_dag']) retrieved from /home/airflow/.local/lib/python3.6/site-packages/airflow/example_dags/example_skip_dag.py
[2024-06-26 01:34:53,234] {logging_mixin.py:104} INFO - [2024-06-26 01:34:53,234] {dag.py:1824} INFO - Sync 1 DAGs
[2024-06-26 01:34:53,302] {logging_mixin.py:104} INFO - [2024-06-26 01:34:53,302] {dag.py:2280} INFO - Setting next_dagrun for example_skip_dag to 2024-06-24 00:00:00+00:00
[2024-06-26 01:34:53,335] {scheduler_job.py:190} INFO - Processing /home/airflow/.local/lib/python3.6/site-packages/airflow/example_dags/example_skip_dag.py took 0.327 seconds
[2024-06-26 01:36:36,331] {scheduler_job.py:182} INFO - Started process (PID=746) to work on /home/airflow/.local/lib/python3.6/site-packages/airflow/example_dags/example_skip_dag.py
[2024-06-26 01:36:36,334] {scheduler_job.py:629} INFO - Processing file /home/airflow/.local/lib/python3.6/site-packages/airflow/example_dags/example_skip_dag.py for tasks to queue
[2024-06-26 01:36:36,340] {logging_mixin.py:104} INFO - [2024-06-26 01:36:36,340] {dagbag.py:451} INFO - Filling up the DagBag from /home/airflow/.local/lib/python3.6/site-packages/airflow/example_dags/example_skip_dag.py
[2024-06-26 01:36:36,434] {scheduler_job.py:639} INFO - DAG(s) dict_keys(['example_skip_dag']) retrieved from /home/airflow/.local/lib/python3.6/site-packages/airflow/example_dags/example_skip_dag.py
[2024-06-26 01:36:36,606] {logging_mixin.py:104} INFO - [2024-06-26 01:36:36,606] {dag.py:1824} INFO - Sync 1 DAGs
[2024-06-26 01:36:36,641] {logging_mixin.py:104} INFO - [2024-06-26 01:36:36,641] {dag.py:2280} INFO - Setting next_dagrun for example_skip_dag to 2024-06-24 00:00:00+00:00
[2024-06-26 01:36:36,665] {scheduler_job.py:190} INFO - Processing /home/airflow/.local/lib/python3.6/site-packages/airflow/example_dags/example_skip_dag.py took 0.347 seconds
[2024-06-26 01:39:05,149] {scheduler_job.py:182} INFO - Started process (PID=780) to work on /home/airflow/.local/lib/python3.6/site-packages/airflow/example_dags/example_skip_dag.py
[2024-06-26 01:39:05,157] {scheduler_job.py:629} INFO - Processing file /home/airflow/.local/lib/python3.6/site-packages/airflow/example_dags/example_skip_dag.py for tasks to queue
[2024-06-26 01:39:05,164] {logging_mixin.py:104} INFO - [2024-06-26 01:39:05,163] {dagbag.py:451} INFO - Filling up the DagBag from /home/airflow/.local/lib/python3.6/site-packages/airflow/example_dags/example_skip_dag.py
[2024-06-26 01:39:05,284] {scheduler_job.py:639} INFO - DAG(s) dict_keys(['example_skip_dag']) retrieved from /home/airflow/.local/lib/python3.6/site-packages/airflow/example_dags/example_skip_dag.py
[2024-06-26 01:39:05,474] {logging_mixin.py:104} INFO - [2024-06-26 01:39:05,474] {dag.py:1824} INFO - Sync 1 DAGs
[2024-06-26 01:39:05,657] {logging_mixin.py:104} INFO - [2024-06-26 01:39:05,657] {dag.py:2280} INFO - Setting next_dagrun for example_skip_dag to 2024-06-24 00:00:00+00:00
[2024-06-26 01:39:05,828] {scheduler_job.py:190} INFO - Processing /home/airflow/.local/lib/python3.6/site-packages/airflow/example_dags/example_skip_dag.py took 0.712 seconds
[2024-06-26 01:39:37,222] {scheduler_job.py:182} INFO - Started process (PID=808) to work on /home/airflow/.local/lib/python3.6/site-packages/airflow/example_dags/example_skip_dag.py
[2024-06-26 01:39:37,269] {scheduler_job.py:629} INFO - Processing file /home/airflow/.local/lib/python3.6/site-packages/airflow/example_dags/example_skip_dag.py for tasks to queue
[2024-06-26 01:39:37,312] {logging_mixin.py:104} INFO - [2024-06-26 01:39:37,312] {dagbag.py:451} INFO - Filling up the DagBag from /home/airflow/.local/lib/python3.6/site-packages/airflow/example_dags/example_skip_dag.py
[2024-06-26 01:39:37,409] {scheduler_job.py:639} INFO - DAG(s) dict_keys(['example_skip_dag']) retrieved from /home/airflow/.local/lib/python3.6/site-packages/airflow/example_dags/example_skip_dag.py
[2024-06-26 01:39:37,731] {logging_mixin.py:104} INFO - [2024-06-26 01:39:37,731] {dag.py:1824} INFO - Sync 1 DAGs
[2024-06-26 01:39:37,832] {logging_mixin.py:104} INFO - [2024-06-26 01:39:37,832] {dag.py:2280} INFO - Setting next_dagrun for example_skip_dag to 2024-06-24 00:00:00+00:00
[2024-06-26 01:39:37,897] {scheduler_job.py:190} INFO - Processing /home/airflow/.local/lib/python3.6/site-packages/airflow/example_dags/example_skip_dag.py took 0.697 seconds
[2024-06-26 01:41:11,030] {scheduler_job.py:182} INFO - Started process (PID=824) to work on /home/airflow/.local/lib/python3.6/site-packages/airflow/example_dags/example_skip_dag.py
[2024-06-26 01:41:11,058] {scheduler_job.py:629} INFO - Processing file /home/airflow/.local/lib/python3.6/site-packages/airflow/example_dags/example_skip_dag.py for tasks to queue
[2024-06-26 01:41:11,085] {logging_mixin.py:104} INFO - [2024-06-26 01:41:11,084] {dagbag.py:451} INFO - Filling up the DagBag from /home/airflow/.local/lib/python3.6/site-packages/airflow/example_dags/example_skip_dag.py
[2024-06-26 01:41:11,200] {scheduler_job.py:639} INFO - DAG(s) dict_keys(['example_skip_dag']) retrieved from /home/airflow/.local/lib/python3.6/site-packages/airflow/example_dags/example_skip_dag.py
[2024-06-26 01:41:11,294] {logging_mixin.py:104} INFO - [2024-06-26 01:41:11,294] {dag.py:1824} INFO - Sync 1 DAGs
[2024-06-26 01:41:11,421] {logging_mixin.py:104} INFO - [2024-06-26 01:41:11,421] {dag.py:2280} INFO - Setting next_dagrun for example_skip_dag to 2024-06-24 00:00:00+00:00
[2024-06-26 01:41:11,476] {scheduler_job.py:190} INFO - Processing /home/airflow/.local/lib/python3.6/site-packages/airflow/example_dags/example_skip_dag.py took 0.468 seconds
[2024-06-26 01:41:43,386] {scheduler_job.py:182} INFO - Started process (PID=852) to work on /home/airflow/.local/lib/python3.6/site-packages/airflow/example_dags/example_skip_dag.py
[2024-06-26 01:41:43,402] {scheduler_job.py:629} INFO - Processing file /home/airflow/.local/lib/python3.6/site-packages/airflow/example_dags/example_skip_dag.py for tasks to queue
[2024-06-26 01:41:43,405] {logging_mixin.py:104} INFO - [2024-06-26 01:41:43,405] {dagbag.py:451} INFO - Filling up the DagBag from /home/airflow/.local/lib/python3.6/site-packages/airflow/example_dags/example_skip_dag.py
[2024-06-26 01:41:43,512] {scheduler_job.py:639} INFO - DAG(s) dict_keys(['example_skip_dag']) retrieved from /home/airflow/.local/lib/python3.6/site-packages/airflow/example_dags/example_skip_dag.py
[2024-06-26 01:41:43,706] {logging_mixin.py:104} INFO - [2024-06-26 01:41:43,706] {dag.py:1824} INFO - Sync 1 DAGs
[2024-06-26 01:41:43,825] {logging_mixin.py:104} INFO - [2024-06-26 01:41:43,825] {dag.py:2280} INFO - Setting next_dagrun for example_skip_dag to 2024-06-24 00:00:00+00:00
[2024-06-26 01:41:44,591] {scheduler_job.py:190} INFO - Processing /home/airflow/.local/lib/python3.6/site-packages/airflow/example_dags/example_skip_dag.py took 1.236 seconds
[2024-06-26 01:43:24,260] {scheduler_job.py:182} INFO - Started process (PID=865) to work on /home/airflow/.local/lib/python3.6/site-packages/airflow/example_dags/example_skip_dag.py
[2024-06-26 01:43:24,269] {scheduler_job.py:629} INFO - Processing file /home/airflow/.local/lib/python3.6/site-packages/airflow/example_dags/example_skip_dag.py for tasks to queue
[2024-06-26 01:43:24,280] {logging_mixin.py:104} INFO - [2024-06-26 01:43:24,280] {dagbag.py:451} INFO - Filling up the DagBag from /home/airflow/.local/lib/python3.6/site-packages/airflow/example_dags/example_skip_dag.py
[2024-06-26 01:43:24,464] {scheduler_job.py:639} INFO - DAG(s) dict_keys(['example_skip_dag']) retrieved from /home/airflow/.local/lib/python3.6/site-packages/airflow/example_dags/example_skip_dag.py
[2024-06-26 01:43:24,569] {logging_mixin.py:104} INFO - [2024-06-26 01:43:24,569] {dag.py:1824} INFO - Sync 1 DAGs
[2024-06-26 01:43:24,656] {logging_mixin.py:104} INFO - [2024-06-26 01:43:24,656] {dag.py:2280} INFO - Setting next_dagrun for example_skip_dag to 2024-06-24 00:00:00+00:00
[2024-06-26 01:43:24,771] {scheduler_job.py:190} INFO - Processing /home/airflow/.local/lib/python3.6/site-packages/airflow/example_dags/example_skip_dag.py took 0.585 seconds
[2024-06-26 01:43:58,755] {scheduler_job.py:182} INFO - Started process (PID=893) to work on /home/airflow/.local/lib/python3.6/site-packages/airflow/example_dags/example_skip_dag.py
[2024-06-26 01:43:58,788] {scheduler_job.py:629} INFO - Processing file /home/airflow/.local/lib/python3.6/site-packages/airflow/example_dags/example_skip_dag.py for tasks to queue
[2024-06-26 01:43:58,844] {logging_mixin.py:104} INFO - [2024-06-26 01:43:58,844] {dagbag.py:451} INFO - Filling up the DagBag from /home/airflow/.local/lib/python3.6/site-packages/airflow/example_dags/example_skip_dag.py
[2024-06-26 01:44:00,490] {scheduler_job.py:639} INFO - DAG(s) dict_keys(['example_skip_dag']) retrieved from /home/airflow/.local/lib/python3.6/site-packages/airflow/example_dags/example_skip_dag.py
[2024-06-26 01:44:01,481] {logging_mixin.py:104} INFO - [2024-06-26 01:44:01,480] {dag.py:1824} INFO - Sync 1 DAGs
[2024-06-26 01:44:02,108] {logging_mixin.py:104} INFO - [2024-06-26 01:44:02,076] {dag.py:2280} INFO - Setting next_dagrun for example_skip_dag to 2024-06-24 00:00:00+00:00
[2024-06-26 01:44:02,619] {scheduler_job.py:190} INFO - Processing /home/airflow/.local/lib/python3.6/site-packages/airflow/example_dags/example_skip_dag.py took 3.888 seconds
[2024-06-26 01:44:34,812] {scheduler_job.py:182} INFO - Started process (PID=921) to work on /home/airflow/.local/lib/python3.6/site-packages/airflow/example_dags/example_skip_dag.py
[2024-06-26 01:44:34,815] {scheduler_job.py:629} INFO - Processing file /home/airflow/.local/lib/python3.6/site-packages/airflow/example_dags/example_skip_dag.py for tasks to queue
[2024-06-26 01:44:34,818] {logging_mixin.py:104} INFO - [2024-06-26 01:44:34,817] {dagbag.py:451} INFO - Filling up the DagBag from /home/airflow/.local/lib/python3.6/site-packages/airflow/example_dags/example_skip_dag.py
[2024-06-26 01:44:34,885] {scheduler_job.py:639} INFO - DAG(s) dict_keys(['example_skip_dag']) retrieved from /home/airflow/.local/lib/python3.6/site-packages/airflow/example_dags/example_skip_dag.py
[2024-06-26 01:44:34,978] {logging_mixin.py:104} INFO - [2024-06-26 01:44:34,977] {dag.py:1824} INFO - Sync 1 DAGs
[2024-06-26 01:44:35,295] {logging_mixin.py:104} INFO - [2024-06-26 01:44:35,294] {dag.py:2280} INFO - Setting next_dagrun for example_skip_dag to 2024-06-24 00:00:00+00:00
[2024-06-26 01:44:35,337] {scheduler_job.py:190} INFO - Processing /home/airflow/.local/lib/python3.6/site-packages/airflow/example_dags/example_skip_dag.py took 0.645 seconds
[2024-06-26 01:46:11,856] {scheduler_job.py:182} INFO - Started process (PID=935) to work on /home/airflow/.local/lib/python3.6/site-packages/airflow/example_dags/example_skip_dag.py
[2024-06-26 01:46:11,874] {scheduler_job.py:629} INFO - Processing file /home/airflow/.local/lib/python3.6/site-packages/airflow/example_dags/example_skip_dag.py for tasks to queue
[2024-06-26 01:46:11,893] {logging_mixin.py:104} INFO - [2024-06-26 01:46:11,893] {dagbag.py:451} INFO - Filling up the DagBag from /home/airflow/.local/lib/python3.6/site-packages/airflow/example_dags/example_skip_dag.py
[2024-06-26 01:46:11,999] {scheduler_job.py:639} INFO - DAG(s) dict_keys(['example_skip_dag']) retrieved from /home/airflow/.local/lib/python3.6/site-packages/airflow/example_dags/example_skip_dag.py
[2024-06-26 01:46:12,253] {logging_mixin.py:104} INFO - [2024-06-26 01:46:12,253] {dag.py:1824} INFO - Sync 1 DAGs
[2024-06-26 01:46:12,495] {logging_mixin.py:104} INFO - [2024-06-26 01:46:12,495] {dag.py:2280} INFO - Setting next_dagrun for example_skip_dag to 2024-06-24 00:00:00+00:00
[2024-06-26 01:46:12,535] {scheduler_job.py:190} INFO - Processing /home/airflow/.local/lib/python3.6/site-packages/airflow/example_dags/example_skip_dag.py took 0.734 seconds
