[2024-06-26 00:00:44,810] {scheduler_job.py:182} INFO - Started process (PID=984) to work on /home/airflow/.local/lib/python3.6/site-packages/airflow/example_dags/example_latest_only.py
[2024-06-26 00:00:44,828] {scheduler_job.py:629} INFO - Processing file /home/airflow/.local/lib/python3.6/site-packages/airflow/example_dags/example_latest_only.py for tasks to queue
[2024-06-26 00:00:44,833] {logging_mixin.py:104} INFO - [2024-06-26 00:00:44,832] {dagbag.py:451} INFO - Filling up the DagBag from /home/airflow/.local/lib/python3.6/site-packages/airflow/example_dags/example_latest_only.py
[2024-06-26 00:00:45,508] {scheduler_job.py:639} INFO - DAG(s) dict_keys(['latest_only']) retrieved from /home/airflow/.local/lib/python3.6/site-packages/airflow/example_dags/example_latest_only.py
[2024-06-26 00:00:45,752] {logging_mixin.py:104} INFO - [2024-06-26 00:00:45,751] {dag.py:1824} INFO - Sync 1 DAGs
[2024-06-26 00:00:45,786] {logging_mixin.py:104} INFO - [2024-06-26 00:00:45,786] {dag.py:2280} INFO - Setting next_dagrun for latest_only to 2024-06-24 00:00:00+00:00
[2024-06-26 00:00:46,086] {scheduler_job.py:190} INFO - Processing /home/airflow/.local/lib/python3.6/site-packages/airflow/example_dags/example_latest_only.py took 1.306 seconds
[2024-06-26 00:01:16,871] {scheduler_job.py:182} INFO - Started process (PID=1036) to work on /home/airflow/.local/lib/python3.6/site-packages/airflow/example_dags/example_latest_only.py
[2024-06-26 00:01:16,877] {scheduler_job.py:629} INFO - Processing file /home/airflow/.local/lib/python3.6/site-packages/airflow/example_dags/example_latest_only.py for tasks to queue
[2024-06-26 00:01:16,924] {logging_mixin.py:104} INFO - [2024-06-26 00:01:16,919] {dagbag.py:451} INFO - Filling up the DagBag from /home/airflow/.local/lib/python3.6/site-packages/airflow/example_dags/example_latest_only.py
[2024-06-26 00:01:17,222] {scheduler_job.py:639} INFO - DAG(s) dict_keys(['latest_only']) retrieved from /home/airflow/.local/lib/python3.6/site-packages/airflow/example_dags/example_latest_only.py
[2024-06-26 00:01:17,578] {logging_mixin.py:104} INFO - [2024-06-26 00:01:17,578] {dag.py:1824} INFO - Sync 1 DAGs
[2024-06-26 00:01:17,936] {logging_mixin.py:104} INFO - [2024-06-26 00:01:17,936] {dag.py:2280} INFO - Setting next_dagrun for latest_only to 2024-06-24 00:00:00+00:00
[2024-06-26 00:01:18,066] {scheduler_job.py:190} INFO - Processing /home/airflow/.local/lib/python3.6/site-packages/airflow/example_dags/example_latest_only.py took 1.226 seconds
[2024-06-26 00:01:53,691] {scheduler_job.py:182} INFO - Started process (PID=1063) to work on /home/airflow/.local/lib/python3.6/site-packages/airflow/example_dags/example_latest_only.py
[2024-06-26 00:01:53,721] {scheduler_job.py:629} INFO - Processing file /home/airflow/.local/lib/python3.6/site-packages/airflow/example_dags/example_latest_only.py for tasks to queue
[2024-06-26 00:01:53,767] {logging_mixin.py:104} INFO - [2024-06-26 00:01:53,765] {dagbag.py:451} INFO - Filling up the DagBag from /home/airflow/.local/lib/python3.6/site-packages/airflow/example_dags/example_latest_only.py
[2024-06-26 00:01:54,300] {scheduler_job.py:639} INFO - DAG(s) dict_keys(['latest_only']) retrieved from /home/airflow/.local/lib/python3.6/site-packages/airflow/example_dags/example_latest_only.py
[2024-06-26 00:01:54,736] {logging_mixin.py:104} INFO - [2024-06-26 00:01:54,735] {dag.py:1824} INFO - Sync 1 DAGs
[2024-06-26 00:01:54,860] {logging_mixin.py:104} INFO - [2024-06-26 00:01:54,842] {dag.py:2280} INFO - Setting next_dagrun for latest_only to 2024-06-24 00:00:00+00:00
[2024-06-26 00:01:55,030] {scheduler_job.py:190} INFO - Processing /home/airflow/.local/lib/python3.6/site-packages/airflow/example_dags/example_latest_only.py took 1.379 seconds
[2024-06-26 00:02:44,221] {scheduler_job.py:182} INFO - Started process (PID=1081) to work on /home/airflow/.local/lib/python3.6/site-packages/airflow/example_dags/example_latest_only.py
[2024-06-26 00:02:44,235] {scheduler_job.py:629} INFO - Processing file /home/airflow/.local/lib/python3.6/site-packages/airflow/example_dags/example_latest_only.py for tasks to queue
[2024-06-26 00:02:44,238] {logging_mixin.py:104} INFO - [2024-06-26 00:02:44,237] {dagbag.py:451} INFO - Filling up the DagBag from /home/airflow/.local/lib/python3.6/site-packages/airflow/example_dags/example_latest_only.py
[2024-06-26 00:02:44,340] {scheduler_job.py:639} INFO - DAG(s) dict_keys(['latest_only']) retrieved from /home/airflow/.local/lib/python3.6/site-packages/airflow/example_dags/example_latest_only.py
[2024-06-26 00:02:44,516] {logging_mixin.py:104} INFO - [2024-06-26 00:02:44,516] {dag.py:1824} INFO - Sync 1 DAGs
[2024-06-26 00:02:44,587] {logging_mixin.py:104} INFO - [2024-06-26 00:02:44,586] {dag.py:2280} INFO - Setting next_dagrun for latest_only to 2024-06-24 00:00:00+00:00
[2024-06-26 00:02:44,774] {scheduler_job.py:190} INFO - Processing /home/airflow/.local/lib/python3.6/site-packages/airflow/example_dags/example_latest_only.py took 0.561 seconds
[2024-06-26 00:03:22,269] {scheduler_job.py:182} INFO - Started process (PID=1108) to work on /home/airflow/.local/lib/python3.6/site-packages/airflow/example_dags/example_latest_only.py
[2024-06-26 00:03:22,292] {scheduler_job.py:629} INFO - Processing file /home/airflow/.local/lib/python3.6/site-packages/airflow/example_dags/example_latest_only.py for tasks to queue
[2024-06-26 00:03:22,313] {logging_mixin.py:104} INFO - [2024-06-26 00:03:22,311] {dagbag.py:451} INFO - Filling up the DagBag from /home/airflow/.local/lib/python3.6/site-packages/airflow/example_dags/example_latest_only.py
[2024-06-26 00:03:22,470] {scheduler_job.py:639} INFO - DAG(s) dict_keys(['latest_only']) retrieved from /home/airflow/.local/lib/python3.6/site-packages/airflow/example_dags/example_latest_only.py
[2024-06-26 00:03:22,991] {logging_mixin.py:104} INFO - [2024-06-26 00:03:22,987] {dag.py:1824} INFO - Sync 1 DAGs
[2024-06-26 00:03:23,078] {logging_mixin.py:104} INFO - [2024-06-26 00:03:23,066] {dag.py:2280} INFO - Setting next_dagrun for latest_only to 2024-06-24 00:00:00+00:00
[2024-06-26 00:03:23,200] {scheduler_job.py:190} INFO - Processing /home/airflow/.local/lib/python3.6/site-packages/airflow/example_dags/example_latest_only.py took 1.042 seconds
[2024-06-26 00:04:15,547] {scheduler_job.py:182} INFO - Started process (PID=1131) to work on /home/airflow/.local/lib/python3.6/site-packages/airflow/example_dags/example_latest_only.py
[2024-06-26 00:04:15,583] {scheduler_job.py:629} INFO - Processing file /home/airflow/.local/lib/python3.6/site-packages/airflow/example_dags/example_latest_only.py for tasks to queue
[2024-06-26 00:04:15,585] {logging_mixin.py:104} INFO - [2024-06-26 00:04:15,585] {dagbag.py:451} INFO - Filling up the DagBag from /home/airflow/.local/lib/python3.6/site-packages/airflow/example_dags/example_latest_only.py
[2024-06-26 00:04:15,801] {scheduler_job.py:639} INFO - DAG(s) dict_keys(['latest_only']) retrieved from /home/airflow/.local/lib/python3.6/site-packages/airflow/example_dags/example_latest_only.py
[2024-06-26 00:04:16,095] {logging_mixin.py:104} INFO - [2024-06-26 00:04:16,095] {dag.py:1824} INFO - Sync 1 DAGs
[2024-06-26 00:04:16,335] {logging_mixin.py:104} INFO - [2024-06-26 00:04:16,335] {dag.py:2280} INFO - Setting next_dagrun for latest_only to 2024-06-24 00:00:00+00:00
[2024-06-26 00:04:16,399] {scheduler_job.py:190} INFO - Processing /home/airflow/.local/lib/python3.6/site-packages/airflow/example_dags/example_latest_only.py took 0.905 seconds
[2024-06-26 00:04:46,531] {scheduler_job.py:182} INFO - Started process (PID=1158) to work on /home/airflow/.local/lib/python3.6/site-packages/airflow/example_dags/example_latest_only.py
[2024-06-26 00:04:46,536] {scheduler_job.py:629} INFO - Processing file /home/airflow/.local/lib/python3.6/site-packages/airflow/example_dags/example_latest_only.py for tasks to queue
[2024-06-26 00:04:46,540] {logging_mixin.py:104} INFO - [2024-06-26 00:04:46,540] {dagbag.py:451} INFO - Filling up the DagBag from /home/airflow/.local/lib/python3.6/site-packages/airflow/example_dags/example_latest_only.py
[2024-06-26 00:04:46,571] {scheduler_job.py:639} INFO - DAG(s) dict_keys(['latest_only']) retrieved from /home/airflow/.local/lib/python3.6/site-packages/airflow/example_dags/example_latest_only.py
[2024-06-26 00:04:46,618] {logging_mixin.py:104} INFO - [2024-06-26 00:04:46,618] {dag.py:1824} INFO - Sync 1 DAGs
[2024-06-26 00:04:46,646] {logging_mixin.py:104} INFO - [2024-06-26 00:04:46,646] {dag.py:2280} INFO - Setting next_dagrun for latest_only to 2024-06-24 00:00:00+00:00
[2024-06-26 00:04:46,672] {scheduler_job.py:190} INFO - Processing /home/airflow/.local/lib/python3.6/site-packages/airflow/example_dags/example_latest_only.py took 0.149 seconds
[2024-06-26 00:05:18,408] {scheduler_job.py:182} INFO - Started process (PID=1184) to work on /home/airflow/.local/lib/python3.6/site-packages/airflow/example_dags/example_latest_only.py
[2024-06-26 00:05:18,411] {scheduler_job.py:629} INFO - Processing file /home/airflow/.local/lib/python3.6/site-packages/airflow/example_dags/example_latest_only.py for tasks to queue
[2024-06-26 00:05:18,421] {logging_mixin.py:104} INFO - [2024-06-26 00:05:18,420] {dagbag.py:451} INFO - Filling up the DagBag from /home/airflow/.local/lib/python3.6/site-packages/airflow/example_dags/example_latest_only.py
[2024-06-26 00:05:18,471] {scheduler_job.py:639} INFO - DAG(s) dict_keys(['latest_only']) retrieved from /home/airflow/.local/lib/python3.6/site-packages/airflow/example_dags/example_latest_only.py
[2024-06-26 00:05:18,541] {logging_mixin.py:104} INFO - [2024-06-26 00:05:18,541] {dag.py:1824} INFO - Sync 1 DAGs
[2024-06-26 00:05:18,569] {logging_mixin.py:104} INFO - [2024-06-26 00:05:18,569] {dag.py:2280} INFO - Setting next_dagrun for latest_only to 2024-06-24 00:00:00+00:00
[2024-06-26 00:05:18,593] {scheduler_job.py:190} INFO - Processing /home/airflow/.local/lib/python3.6/site-packages/airflow/example_dags/example_latest_only.py took 0.199 seconds
[2024-06-26 00:05:55,784] {scheduler_job.py:182} INFO - Started process (PID=1210) to work on /home/airflow/.local/lib/python3.6/site-packages/airflow/example_dags/example_latest_only.py
[2024-06-26 00:05:55,817] {scheduler_job.py:629} INFO - Processing file /home/airflow/.local/lib/python3.6/site-packages/airflow/example_dags/example_latest_only.py for tasks to queue
[2024-06-26 00:05:55,834] {logging_mixin.py:104} INFO - [2024-06-26 00:05:55,827] {dagbag.py:451} INFO - Filling up the DagBag from /home/airflow/.local/lib/python3.6/site-packages/airflow/example_dags/example_latest_only.py
[2024-06-26 00:05:56,350] {scheduler_job.py:639} INFO - DAG(s) dict_keys(['latest_only']) retrieved from /home/airflow/.local/lib/python3.6/site-packages/airflow/example_dags/example_latest_only.py
[2024-06-26 00:05:59,950] {logging_mixin.py:104} INFO - [2024-06-26 00:05:59,922] {dag.py:1824} INFO - Sync 1 DAGs
[2024-06-26 00:06:02,627] {logging_mixin.py:104} INFO - [2024-06-26 00:06:02,620] {dag.py:2280} INFO - Setting next_dagrun for latest_only to 2024-06-24 00:00:00+00:00
[2024-06-26 00:06:11,496] {scheduler_job.py:190} INFO - Processing /home/airflow/.local/lib/python3.6/site-packages/airflow/example_dags/example_latest_only.py took 15.798 seconds
[2024-06-26 00:07:50,790] {scheduler_job.py:182} INFO - Started process (PID=1221) to work on /home/airflow/.local/lib/python3.6/site-packages/airflow/example_dags/example_latest_only.py
[2024-06-26 00:07:50,794] {scheduler_job.py:629} INFO - Processing file /home/airflow/.local/lib/python3.6/site-packages/airflow/example_dags/example_latest_only.py for tasks to queue
[2024-06-26 00:07:50,796] {logging_mixin.py:104} INFO - [2024-06-26 00:07:50,796] {dagbag.py:451} INFO - Filling up the DagBag from /home/airflow/.local/lib/python3.6/site-packages/airflow/example_dags/example_latest_only.py
[2024-06-26 00:07:50,821] {scheduler_job.py:639} INFO - DAG(s) dict_keys(['latest_only']) retrieved from /home/airflow/.local/lib/python3.6/site-packages/airflow/example_dags/example_latest_only.py
[2024-06-26 00:07:50,980] {logging_mixin.py:104} INFO - [2024-06-26 00:07:50,979] {dag.py:1824} INFO - Sync 1 DAGs
[2024-06-26 00:07:51,053] {logging_mixin.py:104} INFO - [2024-06-26 00:07:51,053] {dag.py:2280} INFO - Setting next_dagrun for latest_only to 2024-06-24 00:00:00+00:00
[2024-06-26 00:07:51,086] {scheduler_job.py:190} INFO - Processing /home/airflow/.local/lib/python3.6/site-packages/airflow/example_dags/example_latest_only.py took 0.303 seconds
[2024-06-26 00:09:21,693] {scheduler_job.py:182} INFO - Started process (PID=1251) to work on /home/airflow/.local/lib/python3.6/site-packages/airflow/example_dags/example_latest_only.py
[2024-06-26 00:09:21,697] {scheduler_job.py:629} INFO - Processing file /home/airflow/.local/lib/python3.6/site-packages/airflow/example_dags/example_latest_only.py for tasks to queue
[2024-06-26 00:09:21,700] {logging_mixin.py:104} INFO - [2024-06-26 00:09:21,699] {dagbag.py:451} INFO - Filling up the DagBag from /home/airflow/.local/lib/python3.6/site-packages/airflow/example_dags/example_latest_only.py
[2024-06-26 00:09:21,727] {scheduler_job.py:639} INFO - DAG(s) dict_keys(['latest_only']) retrieved from /home/airflow/.local/lib/python3.6/site-packages/airflow/example_dags/example_latest_only.py
[2024-06-26 00:09:21,889] {logging_mixin.py:104} INFO - [2024-06-26 00:09:21,888] {dag.py:1824} INFO - Sync 1 DAGs
[2024-06-26 00:09:22,099] {logging_mixin.py:104} INFO - [2024-06-26 00:09:22,098] {dag.py:2280} INFO - Setting next_dagrun for latest_only to 2024-06-24 00:00:00+00:00
[2024-06-26 00:09:22,283] {scheduler_job.py:190} INFO - Processing /home/airflow/.local/lib/python3.6/site-packages/airflow/example_dags/example_latest_only.py took 0.599 seconds
[2024-06-26 00:09:54,046] {scheduler_job.py:182} INFO - Started process (PID=1279) to work on /home/airflow/.local/lib/python3.6/site-packages/airflow/example_dags/example_latest_only.py
[2024-06-26 00:09:54,049] {scheduler_job.py:629} INFO - Processing file /home/airflow/.local/lib/python3.6/site-packages/airflow/example_dags/example_latest_only.py for tasks to queue
[2024-06-26 00:09:54,052] {logging_mixin.py:104} INFO - [2024-06-26 00:09:54,051] {dagbag.py:451} INFO - Filling up the DagBag from /home/airflow/.local/lib/python3.6/site-packages/airflow/example_dags/example_latest_only.py
[2024-06-26 00:09:54,065] {scheduler_job.py:639} INFO - DAG(s) dict_keys(['latest_only']) retrieved from /home/airflow/.local/lib/python3.6/site-packages/airflow/example_dags/example_latest_only.py
[2024-06-26 00:09:54,119] {logging_mixin.py:104} INFO - [2024-06-26 00:09:54,118] {dag.py:1824} INFO - Sync 1 DAGs
[2024-06-26 00:09:54,160] {logging_mixin.py:104} INFO - [2024-06-26 00:09:54,159] {dag.py:2280} INFO - Setting next_dagrun for latest_only to 2024-06-24 00:00:00+00:00
[2024-06-26 00:09:54,214] {scheduler_job.py:190} INFO - Processing /home/airflow/.local/lib/python3.6/site-packages/airflow/example_dags/example_latest_only.py took 0.179 seconds
[2024-06-26 00:10:25,288] {scheduler_job.py:182} INFO - Started process (PID=1306) to work on /home/airflow/.local/lib/python3.6/site-packages/airflow/example_dags/example_latest_only.py
[2024-06-26 00:10:25,291] {scheduler_job.py:629} INFO - Processing file /home/airflow/.local/lib/python3.6/site-packages/airflow/example_dags/example_latest_only.py for tasks to queue
[2024-06-26 00:10:25,292] {logging_mixin.py:104} INFO - [2024-06-26 00:10:25,292] {dagbag.py:451} INFO - Filling up the DagBag from /home/airflow/.local/lib/python3.6/site-packages/airflow/example_dags/example_latest_only.py
[2024-06-26 00:10:25,306] {scheduler_job.py:639} INFO - DAG(s) dict_keys(['latest_only']) retrieved from /home/airflow/.local/lib/python3.6/site-packages/airflow/example_dags/example_latest_only.py
[2024-06-26 00:10:25,351] {logging_mixin.py:104} INFO - [2024-06-26 00:10:25,351] {dag.py:1824} INFO - Sync 1 DAGs
[2024-06-26 00:10:25,529] {logging_mixin.py:104} INFO - [2024-06-26 00:10:25,527] {dag.py:2280} INFO - Setting next_dagrun for latest_only to 2024-06-24 00:00:00+00:00
[2024-06-26 00:10:25,616] {scheduler_job.py:190} INFO - Processing /home/airflow/.local/lib/python3.6/site-packages/airflow/example_dags/example_latest_only.py took 0.335 seconds
[2024-06-26 00:11:48,996] {scheduler_job.py:182} INFO - Started process (PID=1322) to work on /home/airflow/.local/lib/python3.6/site-packages/airflow/example_dags/example_latest_only.py
[2024-06-26 00:11:49,353] {scheduler_job.py:629} INFO - Processing file /home/airflow/.local/lib/python3.6/site-packages/airflow/example_dags/example_latest_only.py for tasks to queue
[2024-06-26 00:11:50,697] {logging_mixin.py:104} INFO - [2024-06-26 00:11:50,312] {dagbag.py:451} INFO - Filling up the DagBag from /home/airflow/.local/lib/python3.6/site-packages/airflow/example_dags/example_latest_only.py
[2024-06-26 00:11:59,512] {scheduler_job.py:639} INFO - DAG(s) dict_keys(['latest_only']) retrieved from /home/airflow/.local/lib/python3.6/site-packages/airflow/example_dags/example_latest_only.py
[2024-06-26 00:13:17,397] {scheduler_job.py:182} INFO - Started process (PID=1331) to work on /home/airflow/.local/lib/python3.6/site-packages/airflow/example_dags/example_latest_only.py
[2024-06-26 00:13:17,401] {scheduler_job.py:629} INFO - Processing file /home/airflow/.local/lib/python3.6/site-packages/airflow/example_dags/example_latest_only.py for tasks to queue
[2024-06-26 00:13:17,404] {logging_mixin.py:104} INFO - [2024-06-26 00:13:17,404] {dagbag.py:451} INFO - Filling up the DagBag from /home/airflow/.local/lib/python3.6/site-packages/airflow/example_dags/example_latest_only.py
[2024-06-26 00:13:17,484] {scheduler_job.py:639} INFO - DAG(s) dict_keys(['latest_only']) retrieved from /home/airflow/.local/lib/python3.6/site-packages/airflow/example_dags/example_latest_only.py
[2024-06-26 00:13:17,557] {logging_mixin.py:104} INFO - [2024-06-26 00:13:17,557] {dag.py:1824} INFO - Sync 1 DAGs
[2024-06-26 00:13:17,640] {logging_mixin.py:104} INFO - [2024-06-26 00:13:17,640] {dag.py:2280} INFO - Setting next_dagrun for latest_only to 2024-06-24 00:00:00+00:00
[2024-06-26 00:13:17,702] {scheduler_job.py:190} INFO - Processing /home/airflow/.local/lib/python3.6/site-packages/airflow/example_dags/example_latest_only.py took 0.313 seconds
[2024-06-26 00:15:36,452] {scheduler_job.py:182} INFO - Started process (PID=1364) to work on /home/airflow/.local/lib/python3.6/site-packages/airflow/example_dags/example_latest_only.py
[2024-06-26 00:15:36,535] {scheduler_job.py:629} INFO - Processing file /home/airflow/.local/lib/python3.6/site-packages/airflow/example_dags/example_latest_only.py for tasks to queue
[2024-06-26 00:15:36,538] {logging_mixin.py:104} INFO - [2024-06-26 00:15:36,538] {dagbag.py:451} INFO - Filling up the DagBag from /home/airflow/.local/lib/python3.6/site-packages/airflow/example_dags/example_latest_only.py
[2024-06-26 00:15:36,648] {scheduler_job.py:639} INFO - DAG(s) dict_keys(['latest_only']) retrieved from /home/airflow/.local/lib/python3.6/site-packages/airflow/example_dags/example_latest_only.py
[2024-06-26 00:15:37,024] {logging_mixin.py:104} INFO - [2024-06-26 00:15:37,024] {dag.py:1824} INFO - Sync 1 DAGs
[2024-06-26 00:15:37,054] {logging_mixin.py:104} INFO - [2024-06-26 00:15:37,054] {dag.py:2280} INFO - Setting next_dagrun for latest_only to 2024-06-24 00:00:00+00:00
[2024-06-26 00:15:37,094] {scheduler_job.py:190} INFO - Processing /home/airflow/.local/lib/python3.6/site-packages/airflow/example_dags/example_latest_only.py took 0.707 seconds
[2024-06-26 00:17:49,384] {scheduler_job.py:182} INFO - Started process (PID=1396) to work on /home/airflow/.local/lib/python3.6/site-packages/airflow/example_dags/example_latest_only.py
[2024-06-26 00:17:49,398] {scheduler_job.py:629} INFO - Processing file /home/airflow/.local/lib/python3.6/site-packages/airflow/example_dags/example_latest_only.py for tasks to queue
[2024-06-26 00:17:49,412] {logging_mixin.py:104} INFO - [2024-06-26 00:17:49,412] {dagbag.py:451} INFO - Filling up the DagBag from /home/airflow/.local/lib/python3.6/site-packages/airflow/example_dags/example_latest_only.py
[2024-06-26 00:17:49,531] {scheduler_job.py:639} INFO - DAG(s) dict_keys(['latest_only']) retrieved from /home/airflow/.local/lib/python3.6/site-packages/airflow/example_dags/example_latest_only.py
[2024-06-26 00:17:49,903] {logging_mixin.py:104} INFO - [2024-06-26 00:17:49,899] {dag.py:1824} INFO - Sync 1 DAGs
[2024-06-26 00:17:50,180] {logging_mixin.py:104} INFO - [2024-06-26 00:17:50,161] {dag.py:2280} INFO - Setting next_dagrun for latest_only to 2024-06-24 00:00:00+00:00
[2024-06-26 00:17:50,541] {scheduler_job.py:190} INFO - Processing /home/airflow/.local/lib/python3.6/site-packages/airflow/example_dags/example_latest_only.py took 1.185 seconds
[2024-06-26 00:20:01,348] {scheduler_job.py:182} INFO - Started process (PID=1427) to work on /home/airflow/.local/lib/python3.6/site-packages/airflow/example_dags/example_latest_only.py
[2024-06-26 00:20:01,352] {scheduler_job.py:629} INFO - Processing file /home/airflow/.local/lib/python3.6/site-packages/airflow/example_dags/example_latest_only.py for tasks to queue
[2024-06-26 00:20:01,356] {logging_mixin.py:104} INFO - [2024-06-26 00:20:01,356] {dagbag.py:451} INFO - Filling up the DagBag from /home/airflow/.local/lib/python3.6/site-packages/airflow/example_dags/example_latest_only.py
[2024-06-26 00:20:01,402] {scheduler_job.py:639} INFO - DAG(s) dict_keys(['latest_only']) retrieved from /home/airflow/.local/lib/python3.6/site-packages/airflow/example_dags/example_latest_only.py
[2024-06-26 00:20:01,459] {logging_mixin.py:104} INFO - [2024-06-26 00:20:01,458] {dag.py:1824} INFO - Sync 1 DAGs
[2024-06-26 00:20:01,516] {logging_mixin.py:104} INFO - [2024-06-26 00:20:01,515] {dag.py:2280} INFO - Setting next_dagrun for latest_only to 2024-06-24 00:00:00+00:00
[2024-06-26 00:20:01,683] {scheduler_job.py:190} INFO - Processing /home/airflow/.local/lib/python3.6/site-packages/airflow/example_dags/example_latest_only.py took 0.360 seconds
[2024-06-26 00:22:10,498] {scheduler_job.py:182} INFO - Started process (PID=1453) to work on /home/airflow/.local/lib/python3.6/site-packages/airflow/example_dags/example_latest_only.py
[2024-06-26 00:22:10,516] {scheduler_job.py:629} INFO - Processing file /home/airflow/.local/lib/python3.6/site-packages/airflow/example_dags/example_latest_only.py for tasks to queue
[2024-06-26 00:22:10,523] {logging_mixin.py:104} INFO - [2024-06-26 00:22:10,522] {dagbag.py:451} INFO - Filling up the DagBag from /home/airflow/.local/lib/python3.6/site-packages/airflow/example_dags/example_latest_only.py
[2024-06-26 00:22:10,587] {scheduler_job.py:639} INFO - DAG(s) dict_keys(['latest_only']) retrieved from /home/airflow/.local/lib/python3.6/site-packages/airflow/example_dags/example_latest_only.py
[2024-06-26 00:22:10,707] {logging_mixin.py:104} INFO - [2024-06-26 00:22:10,706] {dag.py:1824} INFO - Sync 1 DAGs
[2024-06-26 00:22:10,923] {logging_mixin.py:104} INFO - [2024-06-26 00:22:10,922] {dag.py:2280} INFO - Setting next_dagrun for latest_only to 2024-06-24 00:00:00+00:00
[2024-06-26 00:22:11,011] {scheduler_job.py:190} INFO - Processing /home/airflow/.local/lib/python3.6/site-packages/airflow/example_dags/example_latest_only.py took 0.557 seconds
[2024-06-26 00:22:54,933] {scheduler_job.py:182} INFO - Started process (PID=1480) to work on /home/airflow/.local/lib/python3.6/site-packages/airflow/example_dags/example_latest_only.py
[2024-06-26 00:22:54,941] {scheduler_job.py:629} INFO - Processing file /home/airflow/.local/lib/python3.6/site-packages/airflow/example_dags/example_latest_only.py for tasks to queue
[2024-06-26 00:22:54,946] {logging_mixin.py:104} INFO - [2024-06-26 00:22:54,946] {dagbag.py:451} INFO - Filling up the DagBag from /home/airflow/.local/lib/python3.6/site-packages/airflow/example_dags/example_latest_only.py
[2024-06-26 00:22:54,982] {scheduler_job.py:639} INFO - DAG(s) dict_keys(['latest_only']) retrieved from /home/airflow/.local/lib/python3.6/site-packages/airflow/example_dags/example_latest_only.py
[2024-06-26 00:22:55,049] {logging_mixin.py:104} INFO - [2024-06-26 00:22:55,049] {dag.py:1824} INFO - Sync 1 DAGs
[2024-06-26 00:22:55,087] {logging_mixin.py:104} INFO - [2024-06-26 00:22:55,087] {dag.py:2280} INFO - Setting next_dagrun for latest_only to 2024-06-24 00:00:00+00:00
[2024-06-26 00:22:55,106] {scheduler_job.py:190} INFO - Processing /home/airflow/.local/lib/python3.6/site-packages/airflow/example_dags/example_latest_only.py took 0.189 seconds
[2024-06-26 00:23:25,588] {scheduler_job.py:182} INFO - Started process (PID=1507) to work on /home/airflow/.local/lib/python3.6/site-packages/airflow/example_dags/example_latest_only.py
[2024-06-26 00:23:25,591] {scheduler_job.py:629} INFO - Processing file /home/airflow/.local/lib/python3.6/site-packages/airflow/example_dags/example_latest_only.py for tasks to queue
[2024-06-26 00:23:25,597] {logging_mixin.py:104} INFO - [2024-06-26 00:23:25,596] {dagbag.py:451} INFO - Filling up the DagBag from /home/airflow/.local/lib/python3.6/site-packages/airflow/example_dags/example_latest_only.py
[2024-06-26 00:23:25,629] {scheduler_job.py:639} INFO - DAG(s) dict_keys(['latest_only']) retrieved from /home/airflow/.local/lib/python3.6/site-packages/airflow/example_dags/example_latest_only.py
[2024-06-26 00:23:25,824] {logging_mixin.py:104} INFO - [2024-06-26 00:23:25,823] {dag.py:1824} INFO - Sync 1 DAGs
[2024-06-26 00:23:25,923] {logging_mixin.py:104} INFO - [2024-06-26 00:23:25,923] {dag.py:2280} INFO - Setting next_dagrun for latest_only to 2024-06-24 00:00:00+00:00
[2024-06-26 00:23:25,997] {scheduler_job.py:190} INFO - Processing /home/airflow/.local/lib/python3.6/site-packages/airflow/example_dags/example_latest_only.py took 0.428 seconds
[2024-06-26 00:23:56,987] {scheduler_job.py:182} INFO - Started process (PID=1535) to work on /home/airflow/.local/lib/python3.6/site-packages/airflow/example_dags/example_latest_only.py
[2024-06-26 00:23:57,013] {scheduler_job.py:629} INFO - Processing file /home/airflow/.local/lib/python3.6/site-packages/airflow/example_dags/example_latest_only.py for tasks to queue
[2024-06-26 00:23:57,028] {logging_mixin.py:104} INFO - [2024-06-26 00:23:57,027] {dagbag.py:451} INFO - Filling up the DagBag from /home/airflow/.local/lib/python3.6/site-packages/airflow/example_dags/example_latest_only.py
[2024-06-26 00:23:57,064] {scheduler_job.py:639} INFO - DAG(s) dict_keys(['latest_only']) retrieved from /home/airflow/.local/lib/python3.6/site-packages/airflow/example_dags/example_latest_only.py
[2024-06-26 00:23:57,344] {logging_mixin.py:104} INFO - [2024-06-26 00:23:57,344] {dag.py:1824} INFO - Sync 1 DAGs
[2024-06-26 00:23:57,678] {logging_mixin.py:104} INFO - [2024-06-26 00:23:57,678] {dag.py:2280} INFO - Setting next_dagrun for latest_only to 2024-06-24 00:00:00+00:00
[2024-06-26 00:23:57,858] {scheduler_job.py:190} INFO - Processing /home/airflow/.local/lib/python3.6/site-packages/airflow/example_dags/example_latest_only.py took 0.893 seconds
[2024-06-26 00:25:06,077] {scheduler_job.py:182} INFO - Started process (PID=1551) to work on /home/airflow/.local/lib/python3.6/site-packages/airflow/example_dags/example_latest_only.py
[2024-06-26 00:25:06,083] {scheduler_job.py:629} INFO - Processing file /home/airflow/.local/lib/python3.6/site-packages/airflow/example_dags/example_latest_only.py for tasks to queue
[2024-06-26 00:25:06,087] {logging_mixin.py:104} INFO - [2024-06-26 00:25:06,086] {dagbag.py:451} INFO - Filling up the DagBag from /home/airflow/.local/lib/python3.6/site-packages/airflow/example_dags/example_latest_only.py
[2024-06-26 00:25:06,108] {scheduler_job.py:639} INFO - DAG(s) dict_keys(['latest_only']) retrieved from /home/airflow/.local/lib/python3.6/site-packages/airflow/example_dags/example_latest_only.py
[2024-06-26 00:25:06,168] {logging_mixin.py:104} INFO - [2024-06-26 00:25:06,168] {dag.py:1824} INFO - Sync 1 DAGs
[2024-06-26 00:25:06,210] {logging_mixin.py:104} INFO - [2024-06-26 00:25:06,210] {dag.py:2280} INFO - Setting next_dagrun for latest_only to 2024-06-24 00:00:00+00:00
[2024-06-26 00:25:06,236] {scheduler_job.py:190} INFO - Processing /home/airflow/.local/lib/python3.6/site-packages/airflow/example_dags/example_latest_only.py took 0.172 seconds
[2024-06-26 00:25:37,105] {scheduler_job.py:182} INFO - Started process (PID=1579) to work on /home/airflow/.local/lib/python3.6/site-packages/airflow/example_dags/example_latest_only.py
[2024-06-26 00:25:37,111] {scheduler_job.py:629} INFO - Processing file /home/airflow/.local/lib/python3.6/site-packages/airflow/example_dags/example_latest_only.py for tasks to queue
[2024-06-26 00:25:37,116] {logging_mixin.py:104} INFO - [2024-06-26 00:25:37,116] {dagbag.py:451} INFO - Filling up the DagBag from /home/airflow/.local/lib/python3.6/site-packages/airflow/example_dags/example_latest_only.py
[2024-06-26 00:25:37,154] {scheduler_job.py:639} INFO - DAG(s) dict_keys(['latest_only']) retrieved from /home/airflow/.local/lib/python3.6/site-packages/airflow/example_dags/example_latest_only.py
[2024-06-26 00:25:37,261] {logging_mixin.py:104} INFO - [2024-06-26 00:25:37,261] {dag.py:1824} INFO - Sync 1 DAGs
[2024-06-26 00:25:37,311] {logging_mixin.py:104} INFO - [2024-06-26 00:25:37,311] {dag.py:2280} INFO - Setting next_dagrun for latest_only to 2024-06-24 00:00:00+00:00
[2024-06-26 00:25:37,359] {scheduler_job.py:190} INFO - Processing /home/airflow/.local/lib/python3.6/site-packages/airflow/example_dags/example_latest_only.py took 0.262 seconds
[2024-06-26 00:26:08,480] {scheduler_job.py:182} INFO - Started process (PID=1606) to work on /home/airflow/.local/lib/python3.6/site-packages/airflow/example_dags/example_latest_only.py
[2024-06-26 00:26:08,489] {scheduler_job.py:629} INFO - Processing file /home/airflow/.local/lib/python3.6/site-packages/airflow/example_dags/example_latest_only.py for tasks to queue
[2024-06-26 00:26:08,492] {logging_mixin.py:104} INFO - [2024-06-26 00:26:08,491] {dagbag.py:451} INFO - Filling up the DagBag from /home/airflow/.local/lib/python3.6/site-packages/airflow/example_dags/example_latest_only.py
[2024-06-26 00:26:08,545] {scheduler_job.py:639} INFO - DAG(s) dict_keys(['latest_only']) retrieved from /home/airflow/.local/lib/python3.6/site-packages/airflow/example_dags/example_latest_only.py
[2024-06-26 00:26:08,853] {logging_mixin.py:104} INFO - [2024-06-26 00:26:08,846] {dag.py:1824} INFO - Sync 1 DAGs
[2024-06-26 00:26:08,965] {logging_mixin.py:104} INFO - [2024-06-26 00:26:08,963] {dag.py:2280} INFO - Setting next_dagrun for latest_only to 2024-06-24 00:00:00+00:00
[2024-06-26 00:26:09,220] {scheduler_job.py:190} INFO - Processing /home/airflow/.local/lib/python3.6/site-packages/airflow/example_dags/example_latest_only.py took 0.774 seconds
[2024-06-26 00:26:51,788] {scheduler_job.py:182} INFO - Started process (PID=1615) to work on /home/airflow/.local/lib/python3.6/site-packages/airflow/example_dags/example_latest_only.py
[2024-06-26 00:26:51,809] {scheduler_job.py:629} INFO - Processing file /home/airflow/.local/lib/python3.6/site-packages/airflow/example_dags/example_latest_only.py for tasks to queue
[2024-06-26 00:26:51,838] {logging_mixin.py:104} INFO - [2024-06-26 00:26:51,837] {dagbag.py:451} INFO - Filling up the DagBag from /home/airflow/.local/lib/python3.6/site-packages/airflow/example_dags/example_latest_only.py
[2024-06-26 00:26:51,893] {scheduler_job.py:639} INFO - DAG(s) dict_keys(['latest_only']) retrieved from /home/airflow/.local/lib/python3.6/site-packages/airflow/example_dags/example_latest_only.py
[2024-06-26 00:26:51,995] {logging_mixin.py:104} INFO - [2024-06-26 00:26:51,993] {dag.py:1824} INFO - Sync 1 DAGs
[2024-06-26 00:26:52,099] {logging_mixin.py:104} INFO - [2024-06-26 00:26:52,099] {dag.py:2280} INFO - Setting next_dagrun for latest_only to 2024-06-24 00:00:00+00:00
[2024-06-26 00:26:52,195] {scheduler_job.py:190} INFO - Processing /home/airflow/.local/lib/python3.6/site-packages/airflow/example_dags/example_latest_only.py took 0.425 seconds
[2024-06-26 00:27:45,454] {scheduler_job.py:182} INFO - Started process (PID=1643) to work on /home/airflow/.local/lib/python3.6/site-packages/airflow/example_dags/example_latest_only.py
[2024-06-26 00:27:45,489] {scheduler_job.py:629} INFO - Processing file /home/airflow/.local/lib/python3.6/site-packages/airflow/example_dags/example_latest_only.py for tasks to queue
[2024-06-26 00:27:45,525] {logging_mixin.py:104} INFO - [2024-06-26 00:27:45,524] {dagbag.py:451} INFO - Filling up the DagBag from /home/airflow/.local/lib/python3.6/site-packages/airflow/example_dags/example_latest_only.py
[2024-06-26 00:27:45,658] {scheduler_job.py:639} INFO - DAG(s) dict_keys(['latest_only']) retrieved from /home/airflow/.local/lib/python3.6/site-packages/airflow/example_dags/example_latest_only.py
[2024-06-26 00:27:46,510] {logging_mixin.py:104} INFO - [2024-06-26 00:27:46,509] {dag.py:1824} INFO - Sync 1 DAGs
[2024-06-26 00:27:46,639] {logging_mixin.py:104} INFO - [2024-06-26 00:27:46,635] {dag.py:2280} INFO - Setting next_dagrun for latest_only to 2024-06-24 00:00:00+00:00
[2024-06-26 00:27:46,695] {scheduler_job.py:190} INFO - Processing /home/airflow/.local/lib/python3.6/site-packages/airflow/example_dags/example_latest_only.py took 1.462 seconds
[2024-06-26 00:29:15,012] {scheduler_job.py:182} INFO - Started process (PID=1673) to work on /home/airflow/.local/lib/python3.6/site-packages/airflow/example_dags/example_latest_only.py
[2024-06-26 00:29:15,034] {scheduler_job.py:629} INFO - Processing file /home/airflow/.local/lib/python3.6/site-packages/airflow/example_dags/example_latest_only.py for tasks to queue
[2024-06-26 00:29:15,043] {logging_mixin.py:104} INFO - [2024-06-26 00:29:15,043] {dagbag.py:451} INFO - Filling up the DagBag from /home/airflow/.local/lib/python3.6/site-packages/airflow/example_dags/example_latest_only.py
[2024-06-26 00:29:15,225] {scheduler_job.py:639} INFO - DAG(s) dict_keys(['latest_only']) retrieved from /home/airflow/.local/lib/python3.6/site-packages/airflow/example_dags/example_latest_only.py
[2024-06-26 00:29:15,686] {logging_mixin.py:104} INFO - [2024-06-26 00:29:15,683] {dag.py:1824} INFO - Sync 1 DAGs
[2024-06-26 00:29:15,936] {logging_mixin.py:104} INFO - [2024-06-26 00:29:15,916] {dag.py:2280} INFO - Setting next_dagrun for latest_only to 2024-06-24 00:00:00+00:00
[2024-06-26 00:29:16,214] {scheduler_job.py:190} INFO - Processing /home/airflow/.local/lib/python3.6/site-packages/airflow/example_dags/example_latest_only.py took 1.222 seconds
[2024-06-26 00:30:09,027] {scheduler_job.py:182} INFO - Started process (PID=1701) to work on /home/airflow/.local/lib/python3.6/site-packages/airflow/example_dags/example_latest_only.py
[2024-06-26 00:30:09,032] {scheduler_job.py:629} INFO - Processing file /home/airflow/.local/lib/python3.6/site-packages/airflow/example_dags/example_latest_only.py for tasks to queue
[2024-06-26 00:30:09,035] {logging_mixin.py:104} INFO - [2024-06-26 00:30:09,034] {dagbag.py:451} INFO - Filling up the DagBag from /home/airflow/.local/lib/python3.6/site-packages/airflow/example_dags/example_latest_only.py
[2024-06-26 00:30:09,068] {scheduler_job.py:639} INFO - DAG(s) dict_keys(['latest_only']) retrieved from /home/airflow/.local/lib/python3.6/site-packages/airflow/example_dags/example_latest_only.py
[2024-06-26 00:30:09,276] {logging_mixin.py:104} INFO - [2024-06-26 00:30:09,276] {dag.py:1824} INFO - Sync 1 DAGs
[2024-06-26 00:30:09,532] {logging_mixin.py:104} INFO - [2024-06-26 00:30:09,532] {dag.py:2280} INFO - Setting next_dagrun for latest_only to 2024-06-24 00:00:00+00:00
[2024-06-26 00:30:09,624] {scheduler_job.py:190} INFO - Processing /home/airflow/.local/lib/python3.6/site-packages/airflow/example_dags/example_latest_only.py took 0.610 seconds
[2024-06-26 00:31:12,272] {scheduler_job.py:182} INFO - Started process (PID=1734) to work on /home/airflow/.local/lib/python3.6/site-packages/airflow/example_dags/example_latest_only.py
[2024-06-26 00:31:12,305] {scheduler_job.py:629} INFO - Processing file /home/airflow/.local/lib/python3.6/site-packages/airflow/example_dags/example_latest_only.py for tasks to queue
[2024-06-26 00:31:12,319] {logging_mixin.py:104} INFO - [2024-06-26 00:31:12,315] {dagbag.py:451} INFO - Filling up the DagBag from /home/airflow/.local/lib/python3.6/site-packages/airflow/example_dags/example_latest_only.py
[2024-06-26 00:31:12,418] {scheduler_job.py:639} INFO - DAG(s) dict_keys(['latest_only']) retrieved from /home/airflow/.local/lib/python3.6/site-packages/airflow/example_dags/example_latest_only.py
[2024-06-26 00:31:12,556] {logging_mixin.py:104} INFO - [2024-06-26 00:31:12,556] {dag.py:1824} INFO - Sync 1 DAGs
[2024-06-26 00:31:12,676] {logging_mixin.py:104} INFO - [2024-06-26 00:31:12,672] {dag.py:2280} INFO - Setting next_dagrun for latest_only to 2024-06-24 00:00:00+00:00
[2024-06-26 00:31:12,818] {scheduler_job.py:190} INFO - Processing /home/airflow/.local/lib/python3.6/site-packages/airflow/example_dags/example_latest_only.py took 0.592 seconds
[2024-06-26 00:32:03,640] {scheduler_job.py:182} INFO - Started process (PID=1761) to work on /home/airflow/.local/lib/python3.6/site-packages/airflow/example_dags/example_latest_only.py
[2024-06-26 00:32:03,644] {scheduler_job.py:629} INFO - Processing file /home/airflow/.local/lib/python3.6/site-packages/airflow/example_dags/example_latest_only.py for tasks to queue
[2024-06-26 00:32:03,646] {logging_mixin.py:104} INFO - [2024-06-26 00:32:03,646] {dagbag.py:451} INFO - Filling up the DagBag from /home/airflow/.local/lib/python3.6/site-packages/airflow/example_dags/example_latest_only.py
[2024-06-26 00:32:03,666] {scheduler_job.py:639} INFO - DAG(s) dict_keys(['latest_only']) retrieved from /home/airflow/.local/lib/python3.6/site-packages/airflow/example_dags/example_latest_only.py
[2024-06-26 00:32:03,715] {logging_mixin.py:104} INFO - [2024-06-26 00:32:03,714] {dag.py:1824} INFO - Sync 1 DAGs
[2024-06-26 00:32:03,768] {logging_mixin.py:104} INFO - [2024-06-26 00:32:03,768] {dag.py:2280} INFO - Setting next_dagrun for latest_only to 2024-06-24 00:00:00+00:00
[2024-06-26 00:32:03,799] {scheduler_job.py:190} INFO - Processing /home/airflow/.local/lib/python3.6/site-packages/airflow/example_dags/example_latest_only.py took 0.169 seconds
[2024-06-26 00:33:19,766] {scheduler_job.py:182} INFO - Started process (PID=1780) to work on /home/airflow/.local/lib/python3.6/site-packages/airflow/example_dags/example_latest_only.py
[2024-06-26 00:33:19,862] {scheduler_job.py:629} INFO - Processing file /home/airflow/.local/lib/python3.6/site-packages/airflow/example_dags/example_latest_only.py for tasks to queue
[2024-06-26 00:33:19,945] {logging_mixin.py:104} INFO - [2024-06-26 00:33:19,945] {dagbag.py:451} INFO - Filling up the DagBag from /home/airflow/.local/lib/python3.6/site-packages/airflow/example_dags/example_latest_only.py
[2024-06-26 00:33:23,160] {scheduler_job.py:639} INFO - DAG(s) dict_keys(['latest_only']) retrieved from /home/airflow/.local/lib/python3.6/site-packages/airflow/example_dags/example_latest_only.py
[2024-06-26 00:33:42,438] {logging_mixin.py:104} INFO - [2024-06-26 00:33:42,416] {dag.py:1824} INFO - Sync 1 DAGs
[2024-06-26 00:34:00,972] {logging_mixin.py:104} INFO - [2024-06-26 00:34:00,972] {dag.py:2280} INFO - Setting next_dagrun for latest_only to 2024-06-24 00:00:00+00:00
[2024-06-26 00:34:01,229] {scheduler_job.py:190} INFO - Processing /home/airflow/.local/lib/python3.6/site-packages/airflow/example_dags/example_latest_only.py took 41.514 seconds
[2024-06-26 00:34:47,546] {scheduler_job.py:182} INFO - Started process (PID=1808) to work on /home/airflow/.local/lib/python3.6/site-packages/airflow/example_dags/example_latest_only.py
[2024-06-26 00:34:47,580] {scheduler_job.py:629} INFO - Processing file /home/airflow/.local/lib/python3.6/site-packages/airflow/example_dags/example_latest_only.py for tasks to queue
[2024-06-26 00:34:47,603] {logging_mixin.py:104} INFO - [2024-06-26 00:34:47,587] {dagbag.py:451} INFO - Filling up the DagBag from /home/airflow/.local/lib/python3.6/site-packages/airflow/example_dags/example_latest_only.py
[2024-06-26 00:34:48,146] {scheduler_job.py:639} INFO - DAG(s) dict_keys(['latest_only']) retrieved from /home/airflow/.local/lib/python3.6/site-packages/airflow/example_dags/example_latest_only.py
[2024-06-26 00:34:48,447] {logging_mixin.py:104} INFO - [2024-06-26 00:34:48,447] {dag.py:1824} INFO - Sync 1 DAGs
[2024-06-26 00:34:48,548] {logging_mixin.py:104} INFO - [2024-06-26 00:34:48,547] {dag.py:2280} INFO - Setting next_dagrun for latest_only to 2024-06-24 00:00:00+00:00
[2024-06-26 00:34:48,726] {scheduler_job.py:190} INFO - Processing /home/airflow/.local/lib/python3.6/site-packages/airflow/example_dags/example_latest_only.py took 1.343 seconds
[2024-06-26 00:35:19,422] {scheduler_job.py:182} INFO - Started process (PID=1835) to work on /home/airflow/.local/lib/python3.6/site-packages/airflow/example_dags/example_latest_only.py
[2024-06-26 00:35:19,455] {scheduler_job.py:629} INFO - Processing file /home/airflow/.local/lib/python3.6/site-packages/airflow/example_dags/example_latest_only.py for tasks to queue
[2024-06-26 00:35:19,495] {logging_mixin.py:104} INFO - [2024-06-26 00:35:19,474] {dagbag.py:451} INFO - Filling up the DagBag from /home/airflow/.local/lib/python3.6/site-packages/airflow/example_dags/example_latest_only.py
[2024-06-26 00:35:19,648] {scheduler_job.py:639} INFO - DAG(s) dict_keys(['latest_only']) retrieved from /home/airflow/.local/lib/python3.6/site-packages/airflow/example_dags/example_latest_only.py
[2024-06-26 00:35:19,895] {logging_mixin.py:104} INFO - [2024-06-26 00:35:19,895] {dag.py:1824} INFO - Sync 1 DAGs
[2024-06-26 00:35:20,032] {logging_mixin.py:104} INFO - [2024-06-26 00:35:20,032] {dag.py:2280} INFO - Setting next_dagrun for latest_only to 2024-06-24 00:00:00+00:00
[2024-06-26 00:35:20,067] {scheduler_job.py:190} INFO - Processing /home/airflow/.local/lib/python3.6/site-packages/airflow/example_dags/example_latest_only.py took 0.665 seconds
[2024-06-26 00:36:25,736] {scheduler_job.py:182} INFO - Started process (PID=1871) to work on /home/airflow/.local/lib/python3.6/site-packages/airflow/example_dags/example_latest_only.py
[2024-06-26 00:36:25,767] {scheduler_job.py:629} INFO - Processing file /home/airflow/.local/lib/python3.6/site-packages/airflow/example_dags/example_latest_only.py for tasks to queue
[2024-06-26 00:36:25,774] {logging_mixin.py:104} INFO - [2024-06-26 00:36:25,773] {dagbag.py:451} INFO - Filling up the DagBag from /home/airflow/.local/lib/python3.6/site-packages/airflow/example_dags/example_latest_only.py
[2024-06-26 00:36:26,173] {scheduler_job.py:639} INFO - DAG(s) dict_keys(['latest_only']) retrieved from /home/airflow/.local/lib/python3.6/site-packages/airflow/example_dags/example_latest_only.py
[2024-06-26 00:36:26,388] {logging_mixin.py:104} INFO - [2024-06-26 00:36:26,388] {dag.py:1824} INFO - Sync 1 DAGs
[2024-06-26 00:36:26,423] {logging_mixin.py:104} INFO - [2024-06-26 00:36:26,423] {dag.py:2280} INFO - Setting next_dagrun for latest_only to 2024-06-24 00:00:00+00:00
[2024-06-26 00:36:26,477] {scheduler_job.py:190} INFO - Processing /home/airflow/.local/lib/python3.6/site-packages/airflow/example_dags/example_latest_only.py took 0.753 seconds
[2024-06-26 00:36:58,532] {scheduler_job.py:182} INFO - Started process (PID=1899) to work on /home/airflow/.local/lib/python3.6/site-packages/airflow/example_dags/example_latest_only.py
[2024-06-26 00:36:58,535] {scheduler_job.py:629} INFO - Processing file /home/airflow/.local/lib/python3.6/site-packages/airflow/example_dags/example_latest_only.py for tasks to queue
[2024-06-26 00:36:58,538] {logging_mixin.py:104} INFO - [2024-06-26 00:36:58,537] {dagbag.py:451} INFO - Filling up the DagBag from /home/airflow/.local/lib/python3.6/site-packages/airflow/example_dags/example_latest_only.py
[2024-06-26 00:36:58,685] {scheduler_job.py:639} INFO - DAG(s) dict_keys(['latest_only']) retrieved from /home/airflow/.local/lib/python3.6/site-packages/airflow/example_dags/example_latest_only.py
[2024-06-26 00:36:58,955] {logging_mixin.py:104} INFO - [2024-06-26 00:36:58,954] {dag.py:1824} INFO - Sync 1 DAGs
[2024-06-26 00:36:59,062] {logging_mixin.py:104} INFO - [2024-06-26 00:36:59,062] {dag.py:2280} INFO - Setting next_dagrun for latest_only to 2024-06-24 00:00:00+00:00
[2024-06-26 00:36:59,127] {scheduler_job.py:190} INFO - Processing /home/airflow/.local/lib/python3.6/site-packages/airflow/example_dags/example_latest_only.py took 0.645 seconds
[2024-06-26 00:37:55,452] {scheduler_job.py:182} INFO - Started process (PID=1921) to work on /home/airflow/.local/lib/python3.6/site-packages/airflow/example_dags/example_latest_only.py
[2024-06-26 00:37:55,456] {scheduler_job.py:629} INFO - Processing file /home/airflow/.local/lib/python3.6/site-packages/airflow/example_dags/example_latest_only.py for tasks to queue
[2024-06-26 00:37:55,462] {logging_mixin.py:104} INFO - [2024-06-26 00:37:55,462] {dagbag.py:451} INFO - Filling up the DagBag from /home/airflow/.local/lib/python3.6/site-packages/airflow/example_dags/example_latest_only.py
[2024-06-26 00:37:55,490] {scheduler_job.py:639} INFO - DAG(s) dict_keys(['latest_only']) retrieved from /home/airflow/.local/lib/python3.6/site-packages/airflow/example_dags/example_latest_only.py
[2024-06-26 00:37:55,559] {logging_mixin.py:104} INFO - [2024-06-26 00:37:55,559] {dag.py:1824} INFO - Sync 1 DAGs
[2024-06-26 00:37:55,645] {logging_mixin.py:104} INFO - [2024-06-26 00:37:55,642] {dag.py:2280} INFO - Setting next_dagrun for latest_only to 2024-06-24 00:00:00+00:00
[2024-06-26 00:37:55,785] {scheduler_job.py:190} INFO - Processing /home/airflow/.local/lib/python3.6/site-packages/airflow/example_dags/example_latest_only.py took 0.330 seconds
[2024-06-26 00:38:27,915] {scheduler_job.py:182} INFO - Started process (PID=1949) to work on /home/airflow/.local/lib/python3.6/site-packages/airflow/example_dags/example_latest_only.py
[2024-06-26 00:38:27,941] {scheduler_job.py:629} INFO - Processing file /home/airflow/.local/lib/python3.6/site-packages/airflow/example_dags/example_latest_only.py for tasks to queue
[2024-06-26 00:38:27,950] {logging_mixin.py:104} INFO - [2024-06-26 00:38:27,950] {dagbag.py:451} INFO - Filling up the DagBag from /home/airflow/.local/lib/python3.6/site-packages/airflow/example_dags/example_latest_only.py
[2024-06-26 00:38:28,234] {scheduler_job.py:639} INFO - DAG(s) dict_keys(['latest_only']) retrieved from /home/airflow/.local/lib/python3.6/site-packages/airflow/example_dags/example_latest_only.py
[2024-06-26 00:38:28,898] {logging_mixin.py:104} INFO - [2024-06-26 00:38:28,881] {dag.py:1824} INFO - Sync 1 DAGs
[2024-06-26 00:38:29,437] {logging_mixin.py:104} INFO - [2024-06-26 00:38:29,411] {dag.py:2280} INFO - Setting next_dagrun for latest_only to 2024-06-24 00:00:00+00:00
[2024-06-26 00:38:29,814] {scheduler_job.py:190} INFO - Processing /home/airflow/.local/lib/python3.6/site-packages/airflow/example_dags/example_latest_only.py took 1.967 seconds
[2024-06-26 00:39:02,897] {scheduler_job.py:182} INFO - Started process (PID=1976) to work on /home/airflow/.local/lib/python3.6/site-packages/airflow/example_dags/example_latest_only.py
[2024-06-26 00:39:02,901] {scheduler_job.py:629} INFO - Processing file /home/airflow/.local/lib/python3.6/site-packages/airflow/example_dags/example_latest_only.py for tasks to queue
[2024-06-26 00:39:02,911] {logging_mixin.py:104} INFO - [2024-06-26 00:39:02,910] {dagbag.py:451} INFO - Filling up the DagBag from /home/airflow/.local/lib/python3.6/site-packages/airflow/example_dags/example_latest_only.py
[2024-06-26 00:39:02,953] {scheduler_job.py:639} INFO - DAG(s) dict_keys(['latest_only']) retrieved from /home/airflow/.local/lib/python3.6/site-packages/airflow/example_dags/example_latest_only.py
[2024-06-26 00:39:03,086] {logging_mixin.py:104} INFO - [2024-06-26 00:39:03,086] {dag.py:1824} INFO - Sync 1 DAGs
[2024-06-26 00:39:03,132] {logging_mixin.py:104} INFO - [2024-06-26 00:39:03,132] {dag.py:2280} INFO - Setting next_dagrun for latest_only to 2024-06-24 00:00:00+00:00
[2024-06-26 00:39:03,164] {scheduler_job.py:190} INFO - Processing /home/airflow/.local/lib/python3.6/site-packages/airflow/example_dags/example_latest_only.py took 0.281 seconds
[2024-06-26 00:40:59,197] {scheduler_job.py:182} INFO - Started process (PID=1988) to work on /home/airflow/.local/lib/python3.6/site-packages/airflow/example_dags/example_latest_only.py
[2024-06-26 00:40:59,202] {scheduler_job.py:629} INFO - Processing file /home/airflow/.local/lib/python3.6/site-packages/airflow/example_dags/example_latest_only.py for tasks to queue
[2024-06-26 00:40:59,205] {logging_mixin.py:104} INFO - [2024-06-26 00:40:59,204] {dagbag.py:451} INFO - Filling up the DagBag from /home/airflow/.local/lib/python3.6/site-packages/airflow/example_dags/example_latest_only.py
[2024-06-26 00:40:59,248] {scheduler_job.py:639} INFO - DAG(s) dict_keys(['latest_only']) retrieved from /home/airflow/.local/lib/python3.6/site-packages/airflow/example_dags/example_latest_only.py
[2024-06-26 00:40:59,538] {logging_mixin.py:104} INFO - [2024-06-26 00:40:59,538] {dag.py:1824} INFO - Sync 1 DAGs
[2024-06-26 00:40:59,661] {logging_mixin.py:104} INFO - [2024-06-26 00:40:59,661] {dag.py:2280} INFO - Setting next_dagrun for latest_only to 2024-06-24 00:00:00+00:00
[2024-06-26 00:40:59,748] {scheduler_job.py:190} INFO - Processing /home/airflow/.local/lib/python3.6/site-packages/airflow/example_dags/example_latest_only.py took 0.563 seconds
[2024-06-26 00:43:00,114] {scheduler_job.py:182} INFO - Started process (PID=2019) to work on /home/airflow/.local/lib/python3.6/site-packages/airflow/example_dags/example_latest_only.py
[2024-06-26 00:43:00,142] {scheduler_job.py:629} INFO - Processing file /home/airflow/.local/lib/python3.6/site-packages/airflow/example_dags/example_latest_only.py for tasks to queue
[2024-06-26 00:43:00,163] {logging_mixin.py:104} INFO - [2024-06-26 00:43:00,163] {dagbag.py:451} INFO - Filling up the DagBag from /home/airflow/.local/lib/python3.6/site-packages/airflow/example_dags/example_latest_only.py
[2024-06-26 00:43:00,303] {scheduler_job.py:639} INFO - DAG(s) dict_keys(['latest_only']) retrieved from /home/airflow/.local/lib/python3.6/site-packages/airflow/example_dags/example_latest_only.py
[2024-06-26 00:43:00,618] {logging_mixin.py:104} INFO - [2024-06-26 00:43:00,617] {dag.py:1824} INFO - Sync 1 DAGs
[2024-06-26 00:43:00,850] {logging_mixin.py:104} INFO - [2024-06-26 00:43:00,850] {dag.py:2280} INFO - Setting next_dagrun for latest_only to 2024-06-24 00:00:00+00:00
[2024-06-26 00:43:00,985] {scheduler_job.py:190} INFO - Processing /home/airflow/.local/lib/python3.6/site-packages/airflow/example_dags/example_latest_only.py took 0.932 seconds
[2024-06-26 00:43:32,134] {scheduler_job.py:182} INFO - Started process (PID=2047) to work on /home/airflow/.local/lib/python3.6/site-packages/airflow/example_dags/example_latest_only.py
[2024-06-26 00:43:32,171] {scheduler_job.py:629} INFO - Processing file /home/airflow/.local/lib/python3.6/site-packages/airflow/example_dags/example_latest_only.py for tasks to queue
[2024-06-26 00:43:32,190] {logging_mixin.py:104} INFO - [2024-06-26 00:43:32,190] {dagbag.py:451} INFO - Filling up the DagBag from /home/airflow/.local/lib/python3.6/site-packages/airflow/example_dags/example_latest_only.py
[2024-06-26 00:43:32,390] {scheduler_job.py:639} INFO - DAG(s) dict_keys(['latest_only']) retrieved from /home/airflow/.local/lib/python3.6/site-packages/airflow/example_dags/example_latest_only.py
[2024-06-26 00:43:35,262] {logging_mixin.py:104} INFO - [2024-06-26 00:43:35,175] {dag.py:1824} INFO - Sync 1 DAGs
[2024-06-26 00:45:09,452] {logging_mixin.py:104} INFO - [2024-06-26 00:45:09,451] {dag.py:2280} INFO - Setting next_dagrun for latest_only to 2024-06-24 00:00:00+00:00
[2024-06-26 00:45:18,323] {scheduler_job.py:182} INFO - Started process (PID=2057) to work on /home/airflow/.local/lib/python3.6/site-packages/airflow/example_dags/example_latest_only.py
[2024-06-26 00:45:18,335] {scheduler_job.py:629} INFO - Processing file /home/airflow/.local/lib/python3.6/site-packages/airflow/example_dags/example_latest_only.py for tasks to queue
[2024-06-26 00:45:18,337] {logging_mixin.py:104} INFO - [2024-06-26 00:45:18,336] {dagbag.py:451} INFO - Filling up the DagBag from /home/airflow/.local/lib/python3.6/site-packages/airflow/example_dags/example_latest_only.py
[2024-06-26 00:45:18,356] {scheduler_job.py:639} INFO - DAG(s) dict_keys(['latest_only']) retrieved from /home/airflow/.local/lib/python3.6/site-packages/airflow/example_dags/example_latest_only.py
[2024-06-26 00:45:18,506] {logging_mixin.py:104} INFO - [2024-06-26 00:45:18,506] {dag.py:1824} INFO - Sync 1 DAGs
[2024-06-26 00:45:18,600] {logging_mixin.py:104} INFO - [2024-06-26 00:45:18,600] {dag.py:2280} INFO - Setting next_dagrun for latest_only to 2024-06-24 00:00:00+00:00
[2024-06-26 00:45:18,650] {scheduler_job.py:190} INFO - Processing /home/airflow/.local/lib/python3.6/site-packages/airflow/example_dags/example_latest_only.py took 0.338 seconds
[2024-06-26 00:47:21,859] {scheduler_job.py:182} INFO - Started process (PID=2091) to work on /home/airflow/.local/lib/python3.6/site-packages/airflow/example_dags/example_latest_only.py
[2024-06-26 00:47:21,872] {scheduler_job.py:629} INFO - Processing file /home/airflow/.local/lib/python3.6/site-packages/airflow/example_dags/example_latest_only.py for tasks to queue
[2024-06-26 00:47:21,939] {logging_mixin.py:104} INFO - [2024-06-26 00:47:21,874] {dagbag.py:451} INFO - Filling up the DagBag from /home/airflow/.local/lib/python3.6/site-packages/airflow/example_dags/example_latest_only.py
[2024-06-26 00:47:22,053] {scheduler_job.py:639} INFO - DAG(s) dict_keys(['latest_only']) retrieved from /home/airflow/.local/lib/python3.6/site-packages/airflow/example_dags/example_latest_only.py
[2024-06-26 00:47:22,640] {logging_mixin.py:104} INFO - [2024-06-26 00:47:22,639] {dag.py:1824} INFO - Sync 1 DAGs
[2024-06-26 00:47:22,810] {logging_mixin.py:104} INFO - [2024-06-26 00:47:22,810] {dag.py:2280} INFO - Setting next_dagrun for latest_only to 2024-06-24 00:00:00+00:00
[2024-06-26 00:47:22,876] {scheduler_job.py:190} INFO - Processing /home/airflow/.local/lib/python3.6/site-packages/airflow/example_dags/example_latest_only.py took 1.250 seconds
[2024-06-26 00:47:54,105] {scheduler_job.py:182} INFO - Started process (PID=2118) to work on /home/airflow/.local/lib/python3.6/site-packages/airflow/example_dags/example_latest_only.py
[2024-06-26 00:47:54,178] {scheduler_job.py:629} INFO - Processing file /home/airflow/.local/lib/python3.6/site-packages/airflow/example_dags/example_latest_only.py for tasks to queue
[2024-06-26 00:47:54,180] {logging_mixin.py:104} INFO - [2024-06-26 00:47:54,179] {dagbag.py:451} INFO - Filling up the DagBag from /home/airflow/.local/lib/python3.6/site-packages/airflow/example_dags/example_latest_only.py
[2024-06-26 00:47:54,412] {scheduler_job.py:639} INFO - DAG(s) dict_keys(['latest_only']) retrieved from /home/airflow/.local/lib/python3.6/site-packages/airflow/example_dags/example_latest_only.py
[2024-06-26 00:47:54,740] {logging_mixin.py:104} INFO - [2024-06-26 00:47:54,740] {dag.py:1824} INFO - Sync 1 DAGs
[2024-06-26 00:47:55,225] {logging_mixin.py:104} INFO - [2024-06-26 00:47:55,224] {dag.py:2280} INFO - Setting next_dagrun for latest_only to 2024-06-24 00:00:00+00:00
[2024-06-26 00:47:55,920] {scheduler_job.py:190} INFO - Processing /home/airflow/.local/lib/python3.6/site-packages/airflow/example_dags/example_latest_only.py took 1.971 seconds
[2024-06-26 00:49:19,557] {scheduler_job.py:182} INFO - Started process (PID=2151) to work on /home/airflow/.local/lib/python3.6/site-packages/airflow/example_dags/example_latest_only.py
[2024-06-26 00:49:19,565] {scheduler_job.py:629} INFO - Processing file /home/airflow/.local/lib/python3.6/site-packages/airflow/example_dags/example_latest_only.py for tasks to queue
[2024-06-26 00:49:19,571] {logging_mixin.py:104} INFO - [2024-06-26 00:49:19,571] {dagbag.py:451} INFO - Filling up the DagBag from /home/airflow/.local/lib/python3.6/site-packages/airflow/example_dags/example_latest_only.py
[2024-06-26 00:49:19,755] {scheduler_job.py:639} INFO - DAG(s) dict_keys(['latest_only']) retrieved from /home/airflow/.local/lib/python3.6/site-packages/airflow/example_dags/example_latest_only.py
[2024-06-26 00:49:19,967] {logging_mixin.py:104} INFO - [2024-06-26 00:49:19,967] {dag.py:1824} INFO - Sync 1 DAGs
[2024-06-26 00:49:20,094] {logging_mixin.py:104} INFO - [2024-06-26 00:49:20,093] {dag.py:2280} INFO - Setting next_dagrun for latest_only to 2024-06-24 00:00:00+00:00
[2024-06-26 00:49:20,208] {scheduler_job.py:190} INFO - Processing /home/airflow/.local/lib/python3.6/site-packages/airflow/example_dags/example_latest_only.py took 0.686 seconds
[2024-06-26 00:51:27,870] {scheduler_job.py:182} INFO - Started process (PID=2184) to work on /home/airflow/.local/lib/python3.6/site-packages/airflow/example_dags/example_latest_only.py
[2024-06-26 00:51:27,885] {scheduler_job.py:629} INFO - Processing file /home/airflow/.local/lib/python3.6/site-packages/airflow/example_dags/example_latest_only.py for tasks to queue
[2024-06-26 00:51:27,919] {logging_mixin.py:104} INFO - [2024-06-26 00:51:27,919] {dagbag.py:451} INFO - Filling up the DagBag from /home/airflow/.local/lib/python3.6/site-packages/airflow/example_dags/example_latest_only.py
[2024-06-26 00:51:28,086] {scheduler_job.py:639} INFO - DAG(s) dict_keys(['latest_only']) retrieved from /home/airflow/.local/lib/python3.6/site-packages/airflow/example_dags/example_latest_only.py
[2024-06-26 00:51:28,352] {logging_mixin.py:104} INFO - [2024-06-26 00:51:28,351] {dag.py:1824} INFO - Sync 1 DAGs
[2024-06-26 00:51:28,605] {logging_mixin.py:104} INFO - [2024-06-26 00:51:28,605] {dag.py:2280} INFO - Setting next_dagrun for latest_only to 2024-06-24 00:00:00+00:00
[2024-06-26 00:51:28,735] {scheduler_job.py:190} INFO - Processing /home/airflow/.local/lib/python3.6/site-packages/airflow/example_dags/example_latest_only.py took 0.914 seconds
[2024-06-26 00:52:00,023] {scheduler_job.py:182} INFO - Started process (PID=2211) to work on /home/airflow/.local/lib/python3.6/site-packages/airflow/example_dags/example_latest_only.py
[2024-06-26 00:52:00,049] {scheduler_job.py:629} INFO - Processing file /home/airflow/.local/lib/python3.6/site-packages/airflow/example_dags/example_latest_only.py for tasks to queue
[2024-06-26 00:52:00,053] {logging_mixin.py:104} INFO - [2024-06-26 00:52:00,052] {dagbag.py:451} INFO - Filling up the DagBag from /home/airflow/.local/lib/python3.6/site-packages/airflow/example_dags/example_latest_only.py
[2024-06-26 00:52:00,149] {scheduler_job.py:639} INFO - DAG(s) dict_keys(['latest_only']) retrieved from /home/airflow/.local/lib/python3.6/site-packages/airflow/example_dags/example_latest_only.py
[2024-06-26 00:52:00,374] {logging_mixin.py:104} INFO - [2024-06-26 00:52:00,374] {dag.py:1824} INFO - Sync 1 DAGs
[2024-06-26 00:52:00,624] {logging_mixin.py:104} INFO - [2024-06-26 00:52:00,624] {dag.py:2280} INFO - Setting next_dagrun for latest_only to 2024-06-24 00:00:00+00:00
[2024-06-26 00:52:01,018] {scheduler_job.py:190} INFO - Processing /home/airflow/.local/lib/python3.6/site-packages/airflow/example_dags/example_latest_only.py took 1.050 seconds
[2024-06-26 00:54:01,952] {scheduler_job.py:182} INFO - Started process (PID=2225) to work on /home/airflow/.local/lib/python3.6/site-packages/airflow/example_dags/example_latest_only.py
[2024-06-26 00:54:01,959] {scheduler_job.py:629} INFO - Processing file /home/airflow/.local/lib/python3.6/site-packages/airflow/example_dags/example_latest_only.py for tasks to queue
[2024-06-26 00:54:01,969] {logging_mixin.py:104} INFO - [2024-06-26 00:54:01,968] {dagbag.py:451} INFO - Filling up the DagBag from /home/airflow/.local/lib/python3.6/site-packages/airflow/example_dags/example_latest_only.py
[2024-06-26 00:54:02,029] {scheduler_job.py:639} INFO - DAG(s) dict_keys(['latest_only']) retrieved from /home/airflow/.local/lib/python3.6/site-packages/airflow/example_dags/example_latest_only.py
[2024-06-26 00:54:02,147] {logging_mixin.py:104} INFO - [2024-06-26 00:54:02,147] {dag.py:1824} INFO - Sync 1 DAGs
[2024-06-26 00:54:02,209] {logging_mixin.py:104} INFO - [2024-06-26 00:54:02,208] {dag.py:2280} INFO - Setting next_dagrun for latest_only to 2024-06-24 00:00:00+00:00
[2024-06-26 00:54:02,243] {scheduler_job.py:190} INFO - Processing /home/airflow/.local/lib/python3.6/site-packages/airflow/example_dags/example_latest_only.py took 0.319 seconds
[2024-06-26 00:57:03,575] {scheduler_job.py:182} INFO - Started process (PID=2261) to work on /home/airflow/.local/lib/python3.6/site-packages/airflow/example_dags/example_latest_only.py
[2024-06-26 00:57:03,589] {scheduler_job.py:629} INFO - Processing file /home/airflow/.local/lib/python3.6/site-packages/airflow/example_dags/example_latest_only.py for tasks to queue
[2024-06-26 00:57:03,592] {logging_mixin.py:104} INFO - [2024-06-26 00:57:03,592] {dagbag.py:451} INFO - Filling up the DagBag from /home/airflow/.local/lib/python3.6/site-packages/airflow/example_dags/example_latest_only.py
[2024-06-26 00:57:03,637] {scheduler_job.py:639} INFO - DAG(s) dict_keys(['latest_only']) retrieved from /home/airflow/.local/lib/python3.6/site-packages/airflow/example_dags/example_latest_only.py
[2024-06-26 00:57:03,724] {logging_mixin.py:104} INFO - [2024-06-26 00:57:03,724] {dag.py:1824} INFO - Sync 1 DAGs
[2024-06-26 00:57:03,809] {logging_mixin.py:104} INFO - [2024-06-26 00:57:03,809] {dag.py:2280} INFO - Setting next_dagrun for latest_only to 2024-06-24 00:00:00+00:00
[2024-06-26 00:57:03,872] {scheduler_job.py:190} INFO - Processing /home/airflow/.local/lib/python3.6/site-packages/airflow/example_dags/example_latest_only.py took 0.311 seconds
[2024-06-26 00:57:51,317] {scheduler_job.py:182} INFO - Started process (PID=2291) to work on /home/airflow/.local/lib/python3.6/site-packages/airflow/example_dags/example_latest_only.py
[2024-06-26 00:57:51,332] {scheduler_job.py:629} INFO - Processing file /home/airflow/.local/lib/python3.6/site-packages/airflow/example_dags/example_latest_only.py for tasks to queue
[2024-06-26 00:57:51,337] {logging_mixin.py:104} INFO - [2024-06-26 00:57:51,337] {dagbag.py:451} INFO - Filling up the DagBag from /home/airflow/.local/lib/python3.6/site-packages/airflow/example_dags/example_latest_only.py
[2024-06-26 00:57:51,610] {scheduler_job.py:639} INFO - DAG(s) dict_keys(['latest_only']) retrieved from /home/airflow/.local/lib/python3.6/site-packages/airflow/example_dags/example_latest_only.py
[2024-06-26 00:59:11,284] {scheduler_job.py:182} INFO - Started process (PID=2301) to work on /home/airflow/.local/lib/python3.6/site-packages/airflow/example_dags/example_latest_only.py
[2024-06-26 00:59:11,301] {scheduler_job.py:629} INFO - Processing file /home/airflow/.local/lib/python3.6/site-packages/airflow/example_dags/example_latest_only.py for tasks to queue
[2024-06-26 00:59:11,332] {logging_mixin.py:104} INFO - [2024-06-26 00:59:11,332] {dagbag.py:451} INFO - Filling up the DagBag from /home/airflow/.local/lib/python3.6/site-packages/airflow/example_dags/example_latest_only.py
[2024-06-26 00:59:11,400] {scheduler_job.py:639} INFO - DAG(s) dict_keys(['latest_only']) retrieved from /home/airflow/.local/lib/python3.6/site-packages/airflow/example_dags/example_latest_only.py
[2024-06-26 00:59:11,594] {logging_mixin.py:104} INFO - [2024-06-26 00:59:11,593] {dag.py:1824} INFO - Sync 1 DAGs
[2024-06-26 00:59:11,675] {logging_mixin.py:104} INFO - [2024-06-26 00:59:11,675] {dag.py:2280} INFO - Setting next_dagrun for latest_only to 2024-06-24 00:00:00+00:00
[2024-06-26 00:59:11,747] {scheduler_job.py:190} INFO - Processing /home/airflow/.local/lib/python3.6/site-packages/airflow/example_dags/example_latest_only.py took 0.530 seconds
[2024-06-26 00:59:42,365] {scheduler_job.py:182} INFO - Started process (PID=2329) to work on /home/airflow/.local/lib/python3.6/site-packages/airflow/example_dags/example_latest_only.py
[2024-06-26 00:59:42,382] {scheduler_job.py:629} INFO - Processing file /home/airflow/.local/lib/python3.6/site-packages/airflow/example_dags/example_latest_only.py for tasks to queue
[2024-06-26 00:59:42,384] {logging_mixin.py:104} INFO - [2024-06-26 00:59:42,384] {dagbag.py:451} INFO - Filling up the DagBag from /home/airflow/.local/lib/python3.6/site-packages/airflow/example_dags/example_latest_only.py
[2024-06-26 00:59:42,518] {scheduler_job.py:639} INFO - DAG(s) dict_keys(['latest_only']) retrieved from /home/airflow/.local/lib/python3.6/site-packages/airflow/example_dags/example_latest_only.py
[2024-06-26 00:59:43,191] {logging_mixin.py:104} INFO - [2024-06-26 00:59:43,170] {dag.py:1824} INFO - Sync 1 DAGs
[2024-06-26 00:59:43,586] {logging_mixin.py:104} INFO - [2024-06-26 00:59:43,577] {dag.py:2280} INFO - Setting next_dagrun for latest_only to 2024-06-24 00:00:00+00:00
[2024-06-26 00:59:43,658] {scheduler_job.py:190} INFO - Processing /home/airflow/.local/lib/python3.6/site-packages/airflow/example_dags/example_latest_only.py took 1.359 seconds
[2024-06-26 01:01:11,423] {scheduler_job.py:182} INFO - Started process (PID=2342) to work on /home/airflow/.local/lib/python3.6/site-packages/airflow/example_dags/example_latest_only.py
[2024-06-26 01:01:11,430] {scheduler_job.py:629} INFO - Processing file /home/airflow/.local/lib/python3.6/site-packages/airflow/example_dags/example_latest_only.py for tasks to queue
[2024-06-26 01:01:11,440] {logging_mixin.py:104} INFO - [2024-06-26 01:01:11,439] {dagbag.py:451} INFO - Filling up the DagBag from /home/airflow/.local/lib/python3.6/site-packages/airflow/example_dags/example_latest_only.py
[2024-06-26 01:01:11,472] {scheduler_job.py:639} INFO - DAG(s) dict_keys(['latest_only']) retrieved from /home/airflow/.local/lib/python3.6/site-packages/airflow/example_dags/example_latest_only.py
[2024-06-26 01:01:11,615] {logging_mixin.py:104} INFO - [2024-06-26 01:01:11,614] {dag.py:1824} INFO - Sync 1 DAGs
[2024-06-26 01:01:11,674] {logging_mixin.py:104} INFO - [2024-06-26 01:01:11,674] {dag.py:2280} INFO - Setting next_dagrun for latest_only to 2024-06-24 00:00:00+00:00
[2024-06-26 01:01:11,718] {scheduler_job.py:190} INFO - Processing /home/airflow/.local/lib/python3.6/site-packages/airflow/example_dags/example_latest_only.py took 0.312 seconds
[2024-06-26 01:02:14,889] {scheduler_job.py:182} INFO - Started process (PID=2370) to work on /home/airflow/.local/lib/python3.6/site-packages/airflow/example_dags/example_latest_only.py
[2024-06-26 01:02:14,894] {scheduler_job.py:629} INFO - Processing file /home/airflow/.local/lib/python3.6/site-packages/airflow/example_dags/example_latest_only.py for tasks to queue
[2024-06-26 01:02:14,897] {logging_mixin.py:104} INFO - [2024-06-26 01:02:14,896] {dagbag.py:451} INFO - Filling up the DagBag from /home/airflow/.local/lib/python3.6/site-packages/airflow/example_dags/example_latest_only.py
[2024-06-26 01:02:14,993] {scheduler_job.py:639} INFO - DAG(s) dict_keys(['latest_only']) retrieved from /home/airflow/.local/lib/python3.6/site-packages/airflow/example_dags/example_latest_only.py
[2024-06-26 01:02:15,268] {logging_mixin.py:104} INFO - [2024-06-26 01:02:15,267] {dag.py:1824} INFO - Sync 1 DAGs
[2024-06-26 01:02:15,400] {logging_mixin.py:104} INFO - [2024-06-26 01:02:15,394] {dag.py:2280} INFO - Setting next_dagrun for latest_only to 2024-06-24 00:00:00+00:00
[2024-06-26 01:02:16,317] {scheduler_job.py:190} INFO - Processing /home/airflow/.local/lib/python3.6/site-packages/airflow/example_dags/example_latest_only.py took 1.434 seconds
[2024-06-26 01:04:05,198] {scheduler_job.py:182} INFO - Started process (PID=2388) to work on /home/airflow/.local/lib/python3.6/site-packages/airflow/example_dags/example_latest_only.py
[2024-06-26 01:04:05,224] {scheduler_job.py:629} INFO - Processing file /home/airflow/.local/lib/python3.6/site-packages/airflow/example_dags/example_latest_only.py for tasks to queue
[2024-06-26 01:04:05,257] {logging_mixin.py:104} INFO - [2024-06-26 01:04:05,248] {dagbag.py:451} INFO - Filling up the DagBag from /home/airflow/.local/lib/python3.6/site-packages/airflow/example_dags/example_latest_only.py
[2024-06-26 01:04:05,529] {scheduler_job.py:639} INFO - DAG(s) dict_keys(['latest_only']) retrieved from /home/airflow/.local/lib/python3.6/site-packages/airflow/example_dags/example_latest_only.py
[2024-06-26 01:04:05,767] {logging_mixin.py:104} INFO - [2024-06-26 01:04:05,766] {dag.py:1824} INFO - Sync 1 DAGs
[2024-06-26 01:04:06,181] {logging_mixin.py:104} INFO - [2024-06-26 01:04:06,180] {dag.py:2280} INFO - Setting next_dagrun for latest_only to 2024-06-24 00:00:00+00:00
[2024-06-26 01:04:06,364] {scheduler_job.py:190} INFO - Processing /home/airflow/.local/lib/python3.6/site-packages/airflow/example_dags/example_latest_only.py took 1.284 seconds
[2024-06-26 01:04:37,218] {scheduler_job.py:182} INFO - Started process (PID=2417) to work on /home/airflow/.local/lib/python3.6/site-packages/airflow/example_dags/example_latest_only.py
[2024-06-26 01:04:37,235] {scheduler_job.py:629} INFO - Processing file /home/airflow/.local/lib/python3.6/site-packages/airflow/example_dags/example_latest_only.py for tasks to queue
[2024-06-26 01:04:37,244] {logging_mixin.py:104} INFO - [2024-06-26 01:04:37,244] {dagbag.py:451} INFO - Filling up the DagBag from /home/airflow/.local/lib/python3.6/site-packages/airflow/example_dags/example_latest_only.py
[2024-06-26 01:04:37,296] {scheduler_job.py:639} INFO - DAG(s) dict_keys(['latest_only']) retrieved from /home/airflow/.local/lib/python3.6/site-packages/airflow/example_dags/example_latest_only.py
[2024-06-26 01:04:37,414] {logging_mixin.py:104} INFO - [2024-06-26 01:04:37,414] {dag.py:1824} INFO - Sync 1 DAGs
[2024-06-26 01:04:37,618] {logging_mixin.py:104} INFO - [2024-06-26 01:04:37,617] {dag.py:2280} INFO - Setting next_dagrun for latest_only to 2024-06-24 00:00:00+00:00
[2024-06-26 01:04:37,945] {scheduler_job.py:190} INFO - Processing /home/airflow/.local/lib/python3.6/site-packages/airflow/example_dags/example_latest_only.py took 0.756 seconds
[2024-06-26 01:06:13,198] {scheduler_job.py:182} INFO - Started process (PID=2444) to work on /home/airflow/.local/lib/python3.6/site-packages/airflow/example_dags/example_latest_only.py
[2024-06-26 01:06:13,207] {scheduler_job.py:629} INFO - Processing file /home/airflow/.local/lib/python3.6/site-packages/airflow/example_dags/example_latest_only.py for tasks to queue
[2024-06-26 01:06:13,215] {logging_mixin.py:104} INFO - [2024-06-26 01:06:13,215] {dagbag.py:451} INFO - Filling up the DagBag from /home/airflow/.local/lib/python3.6/site-packages/airflow/example_dags/example_latest_only.py
[2024-06-26 01:06:13,298] {scheduler_job.py:639} INFO - DAG(s) dict_keys(['latest_only']) retrieved from /home/airflow/.local/lib/python3.6/site-packages/airflow/example_dags/example_latest_only.py
[2024-06-26 01:06:13,428] {logging_mixin.py:104} INFO - [2024-06-26 01:06:13,427] {dag.py:1824} INFO - Sync 1 DAGs
[2024-06-26 01:06:13,521] {logging_mixin.py:104} INFO - [2024-06-26 01:06:13,521] {dag.py:2280} INFO - Setting next_dagrun for latest_only to 2024-06-24 00:00:00+00:00
[2024-06-26 01:06:13,593] {scheduler_job.py:190} INFO - Processing /home/airflow/.local/lib/python3.6/site-packages/airflow/example_dags/example_latest_only.py took 0.440 seconds
[2024-06-26 01:14:14,671] {scheduler_job.py:182} INFO - Started process (PID=54) to work on /home/airflow/.local/lib/python3.6/site-packages/airflow/example_dags/example_latest_only.py
[2024-06-26 01:14:14,673] {scheduler_job.py:629} INFO - Processing file /home/airflow/.local/lib/python3.6/site-packages/airflow/example_dags/example_latest_only.py for tasks to queue
[2024-06-26 01:14:14,681] {logging_mixin.py:104} INFO - [2024-06-26 01:14:14,680] {dagbag.py:451} INFO - Filling up the DagBag from /home/airflow/.local/lib/python3.6/site-packages/airflow/example_dags/example_latest_only.py
[2024-06-26 01:14:14,803] {scheduler_job.py:639} INFO - DAG(s) dict_keys(['latest_only']) retrieved from /home/airflow/.local/lib/python3.6/site-packages/airflow/example_dags/example_latest_only.py
[2024-06-26 01:14:15,022] {logging_mixin.py:104} INFO - [2024-06-26 01:14:15,021] {dag.py:1824} INFO - Sync 1 DAGs
[2024-06-26 01:14:15,120] {logging_mixin.py:104} INFO - [2024-06-26 01:14:15,120] {dag.py:2280} INFO - Setting next_dagrun for latest_only to 2024-06-24 00:00:00+00:00
[2024-06-26 01:14:15,203] {scheduler_job.py:190} INFO - Processing /home/airflow/.local/lib/python3.6/site-packages/airflow/example_dags/example_latest_only.py took 0.547 seconds
[2024-06-26 01:14:46,761] {scheduler_job.py:182} INFO - Started process (PID=82) to work on /home/airflow/.local/lib/python3.6/site-packages/airflow/example_dags/example_latest_only.py
[2024-06-26 01:14:46,769] {scheduler_job.py:629} INFO - Processing file /home/airflow/.local/lib/python3.6/site-packages/airflow/example_dags/example_latest_only.py for tasks to queue
[2024-06-26 01:14:46,778] {logging_mixin.py:104} INFO - [2024-06-26 01:14:46,777] {dagbag.py:451} INFO - Filling up the DagBag from /home/airflow/.local/lib/python3.6/site-packages/airflow/example_dags/example_latest_only.py
[2024-06-26 01:14:46,812] {scheduler_job.py:639} INFO - DAG(s) dict_keys(['latest_only']) retrieved from /home/airflow/.local/lib/python3.6/site-packages/airflow/example_dags/example_latest_only.py
[2024-06-26 01:14:46,926] {logging_mixin.py:104} INFO - [2024-06-26 01:14:46,926] {dag.py:1824} INFO - Sync 1 DAGs
[2024-06-26 01:14:47,074] {logging_mixin.py:104} INFO - [2024-06-26 01:14:47,074] {dag.py:2280} INFO - Setting next_dagrun for latest_only to 2024-06-24 00:00:00+00:00
[2024-06-26 01:14:47,183] {scheduler_job.py:190} INFO - Processing /home/airflow/.local/lib/python3.6/site-packages/airflow/example_dags/example_latest_only.py took 0.434 seconds
[2024-06-26 01:17:01,571] {scheduler_job.py:182} INFO - Started process (PID=110) to work on /home/airflow/.local/lib/python3.6/site-packages/airflow/example_dags/example_latest_only.py
[2024-06-26 01:17:01,989] {scheduler_job.py:629} INFO - Processing file /home/airflow/.local/lib/python3.6/site-packages/airflow/example_dags/example_latest_only.py for tasks to queue
[2024-06-26 01:17:02,082] {logging_mixin.py:104} INFO - [2024-06-26 01:17:02,081] {dagbag.py:451} INFO - Filling up the DagBag from /home/airflow/.local/lib/python3.6/site-packages/airflow/example_dags/example_latest_only.py
[2024-06-26 01:17:02,396] {scheduler_job.py:639} INFO - DAG(s) dict_keys(['latest_only']) retrieved from /home/airflow/.local/lib/python3.6/site-packages/airflow/example_dags/example_latest_only.py
[2024-06-26 01:17:02,683] {logging_mixin.py:104} INFO - [2024-06-26 01:17:02,683] {dag.py:1824} INFO - Sync 1 DAGs
[2024-06-26 01:17:03,095] {logging_mixin.py:104} INFO - [2024-06-26 01:17:03,095] {dag.py:2280} INFO - Setting next_dagrun for latest_only to 2024-06-24 00:00:00+00:00
[2024-06-26 01:17:03,368] {scheduler_job.py:190} INFO - Processing /home/airflow/.local/lib/python3.6/site-packages/airflow/example_dags/example_latest_only.py took 1.949 seconds
[2024-06-26 01:17:21,426] {scheduler_job.py:182} INFO - Started process (PID=139) to work on /home/airflow/.local/lib/python3.6/site-packages/airflow/example_dags/example_latest_only.py
[2024-06-26 01:17:21,433] {scheduler_job.py:629} INFO - Processing file /home/airflow/.local/lib/python3.6/site-packages/airflow/example_dags/example_latest_only.py for tasks to queue
[2024-06-26 01:17:21,436] {logging_mixin.py:104} INFO - [2024-06-26 01:17:21,436] {dagbag.py:451} INFO - Filling up the DagBag from /home/airflow/.local/lib/python3.6/site-packages/airflow/example_dags/example_latest_only.py
[2024-06-26 01:17:21,544] {scheduler_job.py:639} INFO - DAG(s) dict_keys(['latest_only']) retrieved from /home/airflow/.local/lib/python3.6/site-packages/airflow/example_dags/example_latest_only.py
[2024-06-26 01:17:21,703] {logging_mixin.py:104} INFO - [2024-06-26 01:17:21,703] {dag.py:1824} INFO - Sync 1 DAGs
[2024-06-26 01:17:21,758] {logging_mixin.py:104} INFO - [2024-06-26 01:17:21,758] {dag.py:2280} INFO - Setting next_dagrun for latest_only to 2024-06-24 00:00:00+00:00
[2024-06-26 01:17:21,846] {scheduler_job.py:190} INFO - Processing /home/airflow/.local/lib/python3.6/site-packages/airflow/example_dags/example_latest_only.py took 0.451 seconds
[2024-06-26 01:18:15,780] {scheduler_job.py:182} INFO - Started process (PID=167) to work on /home/airflow/.local/lib/python3.6/site-packages/airflow/example_dags/example_latest_only.py
[2024-06-26 01:18:15,796] {scheduler_job.py:629} INFO - Processing file /home/airflow/.local/lib/python3.6/site-packages/airflow/example_dags/example_latest_only.py for tasks to queue
[2024-06-26 01:18:15,801] {logging_mixin.py:104} INFO - [2024-06-26 01:18:15,801] {dagbag.py:451} INFO - Filling up the DagBag from /home/airflow/.local/lib/python3.6/site-packages/airflow/example_dags/example_latest_only.py
[2024-06-26 01:18:16,488] {scheduler_job.py:639} INFO - DAG(s) dict_keys(['latest_only']) retrieved from /home/airflow/.local/lib/python3.6/site-packages/airflow/example_dags/example_latest_only.py
[2024-06-26 01:18:17,357] {logging_mixin.py:104} INFO - [2024-06-26 01:18:17,357] {dag.py:1824} INFO - Sync 1 DAGs
[2024-06-26 01:18:17,972] {logging_mixin.py:104} INFO - [2024-06-26 01:18:17,971] {dag.py:2280} INFO - Setting next_dagrun for latest_only to 2024-06-24 00:00:00+00:00
[2024-06-26 01:18:18,665] {scheduler_job.py:190} INFO - Processing /home/airflow/.local/lib/python3.6/site-packages/airflow/example_dags/example_latest_only.py took 2.972 seconds
[2024-06-26 01:19:40,612] {scheduler_job.py:182} INFO - Started process (PID=208) to work on /home/airflow/.local/lib/python3.6/site-packages/airflow/example_dags/example_latest_only.py
[2024-06-26 01:19:40,620] {scheduler_job.py:629} INFO - Processing file /home/airflow/.local/lib/python3.6/site-packages/airflow/example_dags/example_latest_only.py for tasks to queue
[2024-06-26 01:19:40,622] {logging_mixin.py:104} INFO - [2024-06-26 01:19:40,621] {dagbag.py:451} INFO - Filling up the DagBag from /home/airflow/.local/lib/python3.6/site-packages/airflow/example_dags/example_latest_only.py
[2024-06-26 01:19:40,675] {scheduler_job.py:639} INFO - DAG(s) dict_keys(['latest_only']) retrieved from /home/airflow/.local/lib/python3.6/site-packages/airflow/example_dags/example_latest_only.py
[2024-06-26 01:19:40,784] {logging_mixin.py:104} INFO - [2024-06-26 01:19:40,784] {dag.py:1824} INFO - Sync 1 DAGs
[2024-06-26 01:19:40,882] {logging_mixin.py:104} INFO - [2024-06-26 01:19:40,882] {dag.py:2280} INFO - Setting next_dagrun for latest_only to 2024-06-24 00:00:00+00:00
[2024-06-26 01:19:41,549] {scheduler_job.py:190} INFO - Processing /home/airflow/.local/lib/python3.6/site-packages/airflow/example_dags/example_latest_only.py took 0.954 seconds
