[2024-06-26 00:00:37,120] {scheduler_job.py:182} INFO - Started process (PID=971) to work on /home/airflow/.local/lib/python3.6/site-packages/airflow/example_dags/example_branch_python_dop_operator_3.py
[2024-06-26 00:00:37,140] {scheduler_job.py:629} INFO - Processing file /home/airflow/.local/lib/python3.6/site-packages/airflow/example_dags/example_branch_python_dop_operator_3.py for tasks to queue
[2024-06-26 00:00:37,246] {logging_mixin.py:104} INFO - [2024-06-26 00:00:37,245] {dagbag.py:451} INFO - Filling up the DagBag from /home/airflow/.local/lib/python3.6/site-packages/airflow/example_dags/example_branch_python_dop_operator_3.py
[2024-06-26 00:00:38,244] {scheduler_job.py:639} INFO - DAG(s) dict_keys(['example_branch_dop_operator_v3']) retrieved from /home/airflow/.local/lib/python3.6/site-packages/airflow/example_dags/example_branch_python_dop_operator_3.py
[2024-06-26 00:00:38,676] {logging_mixin.py:104} INFO - [2024-06-26 00:00:38,676] {dag.py:1824} INFO - Sync 1 DAGs
[2024-06-26 00:00:38,963] {logging_mixin.py:104} INFO - [2024-06-26 00:00:38,963] {dag.py:2280} INFO - Setting next_dagrun for example_branch_dop_operator_v3 to 2024-06-24 00:00:00+00:00
[2024-06-26 00:00:39,203] {scheduler_job.py:190} INFO - Processing /home/airflow/.local/lib/python3.6/site-packages/airflow/example_dags/example_branch_python_dop_operator_3.py took 2.112 seconds
[2024-06-26 00:01:09,953] {scheduler_job.py:182} INFO - Started process (PID=1024) to work on /home/airflow/.local/lib/python3.6/site-packages/airflow/example_dags/example_branch_python_dop_operator_3.py
[2024-06-26 00:01:09,956] {scheduler_job.py:629} INFO - Processing file /home/airflow/.local/lib/python3.6/site-packages/airflow/example_dags/example_branch_python_dop_operator_3.py for tasks to queue
[2024-06-26 00:01:09,970] {logging_mixin.py:104} INFO - [2024-06-26 00:01:09,958] {dagbag.py:451} INFO - Filling up the DagBag from /home/airflow/.local/lib/python3.6/site-packages/airflow/example_dags/example_branch_python_dop_operator_3.py
[2024-06-26 00:01:10,227] {scheduler_job.py:639} INFO - DAG(s) dict_keys(['example_branch_dop_operator_v3']) retrieved from /home/airflow/.local/lib/python3.6/site-packages/airflow/example_dags/example_branch_python_dop_operator_3.py
[2024-06-26 00:01:10,742] {logging_mixin.py:104} INFO - [2024-06-26 00:01:10,741] {dag.py:1824} INFO - Sync 1 DAGs
[2024-06-26 00:01:11,197] {logging_mixin.py:104} INFO - [2024-06-26 00:01:11,196] {dag.py:2280} INFO - Setting next_dagrun for example_branch_dop_operator_v3 to 2024-06-24 00:00:00+00:00
[2024-06-26 00:01:11,302] {scheduler_job.py:190} INFO - Processing /home/airflow/.local/lib/python3.6/site-packages/airflow/example_dags/example_branch_python_dop_operator_3.py took 1.356 seconds
[2024-06-26 00:01:46,105] {scheduler_job.py:182} INFO - Started process (PID=1052) to work on /home/airflow/.local/lib/python3.6/site-packages/airflow/example_dags/example_branch_python_dop_operator_3.py
[2024-06-26 00:01:46,213] {scheduler_job.py:629} INFO - Processing file /home/airflow/.local/lib/python3.6/site-packages/airflow/example_dags/example_branch_python_dop_operator_3.py for tasks to queue
[2024-06-26 00:01:46,224] {logging_mixin.py:104} INFO - [2024-06-26 00:01:46,224] {dagbag.py:451} INFO - Filling up the DagBag from /home/airflow/.local/lib/python3.6/site-packages/airflow/example_dags/example_branch_python_dop_operator_3.py
[2024-06-26 00:01:47,201] {scheduler_job.py:639} INFO - DAG(s) dict_keys(['example_branch_dop_operator_v3']) retrieved from /home/airflow/.local/lib/python3.6/site-packages/airflow/example_dags/example_branch_python_dop_operator_3.py
[2024-06-26 00:01:47,437] {logging_mixin.py:104} INFO - [2024-06-26 00:01:47,436] {dag.py:1824} INFO - Sync 1 DAGs
[2024-06-26 00:01:47,713] {logging_mixin.py:104} INFO - [2024-06-26 00:01:47,710] {dag.py:2280} INFO - Setting next_dagrun for example_branch_dop_operator_v3 to 2024-06-24 00:00:00+00:00
[2024-06-26 00:01:47,817] {scheduler_job.py:190} INFO - Processing /home/airflow/.local/lib/python3.6/site-packages/airflow/example_dags/example_branch_python_dop_operator_3.py took 1.851 seconds
[2024-06-26 00:02:46,513] {scheduler_job.py:182} INFO - Started process (PID=1084) to work on /home/airflow/.local/lib/python3.6/site-packages/airflow/example_dags/example_branch_python_dop_operator_3.py
[2024-06-26 00:02:46,522] {scheduler_job.py:629} INFO - Processing file /home/airflow/.local/lib/python3.6/site-packages/airflow/example_dags/example_branch_python_dop_operator_3.py for tasks to queue
[2024-06-26 00:02:46,524] {logging_mixin.py:104} INFO - [2024-06-26 00:02:46,523] {dagbag.py:451} INFO - Filling up the DagBag from /home/airflow/.local/lib/python3.6/site-packages/airflow/example_dags/example_branch_python_dop_operator_3.py
[2024-06-26 00:02:46,983] {scheduler_job.py:639} INFO - DAG(s) dict_keys(['example_branch_dop_operator_v3']) retrieved from /home/airflow/.local/lib/python3.6/site-packages/airflow/example_dags/example_branch_python_dop_operator_3.py
[2024-06-26 00:02:47,628] {logging_mixin.py:104} INFO - [2024-06-26 00:02:47,628] {dag.py:1824} INFO - Sync 1 DAGs
[2024-06-26 00:02:48,110] {logging_mixin.py:104} INFO - [2024-06-26 00:02:48,110] {dag.py:2280} INFO - Setting next_dagrun for example_branch_dop_operator_v3 to 2024-06-24 00:00:00+00:00
[2024-06-26 00:02:48,303] {scheduler_job.py:190} INFO - Processing /home/airflow/.local/lib/python3.6/site-packages/airflow/example_dags/example_branch_python_dop_operator_3.py took 1.860 seconds
[2024-06-26 00:03:24,420] {scheduler_job.py:182} INFO - Started process (PID=1111) to work on /home/airflow/.local/lib/python3.6/site-packages/airflow/example_dags/example_branch_python_dop_operator_3.py
[2024-06-26 00:03:24,446] {scheduler_job.py:629} INFO - Processing file /home/airflow/.local/lib/python3.6/site-packages/airflow/example_dags/example_branch_python_dop_operator_3.py for tasks to queue
[2024-06-26 00:03:24,454] {logging_mixin.py:104} INFO - [2024-06-26 00:03:24,454] {dagbag.py:451} INFO - Filling up the DagBag from /home/airflow/.local/lib/python3.6/site-packages/airflow/example_dags/example_branch_python_dop_operator_3.py
[2024-06-26 00:03:24,808] {scheduler_job.py:639} INFO - DAG(s) dict_keys(['example_branch_dop_operator_v3']) retrieved from /home/airflow/.local/lib/python3.6/site-packages/airflow/example_dags/example_branch_python_dop_operator_3.py
[2024-06-26 00:03:25,352] {logging_mixin.py:104} INFO - [2024-06-26 00:03:25,344] {dag.py:1824} INFO - Sync 1 DAGs
[2024-06-26 00:03:25,605] {logging_mixin.py:104} INFO - [2024-06-26 00:03:25,605] {dag.py:2280} INFO - Setting next_dagrun for example_branch_dop_operator_v3 to 2024-06-24 00:00:00+00:00
[2024-06-26 00:03:25,650] {scheduler_job.py:190} INFO - Processing /home/airflow/.local/lib/python3.6/site-packages/airflow/example_dags/example_branch_python_dop_operator_3.py took 1.300 seconds
[2024-06-26 00:04:17,558] {scheduler_job.py:182} INFO - Started process (PID=1135) to work on /home/airflow/.local/lib/python3.6/site-packages/airflow/example_dags/example_branch_python_dop_operator_3.py
[2024-06-26 00:04:17,561] {scheduler_job.py:629} INFO - Processing file /home/airflow/.local/lib/python3.6/site-packages/airflow/example_dags/example_branch_python_dop_operator_3.py for tasks to queue
[2024-06-26 00:04:17,565] {logging_mixin.py:104} INFO - [2024-06-26 00:04:17,565] {dagbag.py:451} INFO - Filling up the DagBag from /home/airflow/.local/lib/python3.6/site-packages/airflow/example_dags/example_branch_python_dop_operator_3.py
[2024-06-26 00:04:17,694] {scheduler_job.py:639} INFO - DAG(s) dict_keys(['example_branch_dop_operator_v3']) retrieved from /home/airflow/.local/lib/python3.6/site-packages/airflow/example_dags/example_branch_python_dop_operator_3.py
[2024-06-26 00:04:17,989] {logging_mixin.py:104} INFO - [2024-06-26 00:04:17,989] {dag.py:1824} INFO - Sync 1 DAGs
[2024-06-26 00:04:18,164] {logging_mixin.py:104} INFO - [2024-06-26 00:04:18,163] {dag.py:2280} INFO - Setting next_dagrun for example_branch_dop_operator_v3 to 2024-06-24 00:00:00+00:00
[2024-06-26 00:04:18,278] {scheduler_job.py:190} INFO - Processing /home/airflow/.local/lib/python3.6/site-packages/airflow/example_dags/example_branch_python_dop_operator_3.py took 0.743 seconds
[2024-06-26 00:04:49,375] {scheduler_job.py:182} INFO - Started process (PID=1164) to work on /home/airflow/.local/lib/python3.6/site-packages/airflow/example_dags/example_branch_python_dop_operator_3.py
[2024-06-26 00:04:49,378] {scheduler_job.py:629} INFO - Processing file /home/airflow/.local/lib/python3.6/site-packages/airflow/example_dags/example_branch_python_dop_operator_3.py for tasks to queue
[2024-06-26 00:04:49,380] {logging_mixin.py:104} INFO - [2024-06-26 00:04:49,380] {dagbag.py:451} INFO - Filling up the DagBag from /home/airflow/.local/lib/python3.6/site-packages/airflow/example_dags/example_branch_python_dop_operator_3.py
[2024-06-26 00:04:49,404] {scheduler_job.py:639} INFO - DAG(s) dict_keys(['example_branch_dop_operator_v3']) retrieved from /home/airflow/.local/lib/python3.6/site-packages/airflow/example_dags/example_branch_python_dop_operator_3.py
[2024-06-26 00:04:49,726] {logging_mixin.py:104} INFO - [2024-06-26 00:04:49,725] {dag.py:1824} INFO - Sync 1 DAGs
[2024-06-26 00:04:49,860] {logging_mixin.py:104} INFO - [2024-06-26 00:04:49,860] {dag.py:2280} INFO - Setting next_dagrun for example_branch_dop_operator_v3 to 2024-06-24 00:00:00+00:00
[2024-06-26 00:04:49,882] {scheduler_job.py:190} INFO - Processing /home/airflow/.local/lib/python3.6/site-packages/airflow/example_dags/example_branch_python_dop_operator_3.py took 0.514 seconds
[2024-06-26 00:05:21,474] {scheduler_job.py:182} INFO - Started process (PID=1193) to work on /home/airflow/.local/lib/python3.6/site-packages/airflow/example_dags/example_branch_python_dop_operator_3.py
[2024-06-26 00:05:21,483] {scheduler_job.py:629} INFO - Processing file /home/airflow/.local/lib/python3.6/site-packages/airflow/example_dags/example_branch_python_dop_operator_3.py for tasks to queue
[2024-06-26 00:05:21,485] {logging_mixin.py:104} INFO - [2024-06-26 00:05:21,485] {dagbag.py:451} INFO - Filling up the DagBag from /home/airflow/.local/lib/python3.6/site-packages/airflow/example_dags/example_branch_python_dop_operator_3.py
[2024-06-26 00:05:21,603] {scheduler_job.py:639} INFO - DAG(s) dict_keys(['example_branch_dop_operator_v3']) retrieved from /home/airflow/.local/lib/python3.6/site-packages/airflow/example_dags/example_branch_python_dop_operator_3.py
[2024-06-26 00:05:21,780] {logging_mixin.py:104} INFO - [2024-06-26 00:05:21,779] {dag.py:1824} INFO - Sync 1 DAGs
[2024-06-26 00:05:21,902] {logging_mixin.py:104} INFO - [2024-06-26 00:05:21,902] {dag.py:2280} INFO - Setting next_dagrun for example_branch_dop_operator_v3 to 2024-06-24 00:00:00+00:00
[2024-06-26 00:05:21,944] {scheduler_job.py:190} INFO - Processing /home/airflow/.local/lib/python3.6/site-packages/airflow/example_dags/example_branch_python_dop_operator_3.py took 0.487 seconds
[2024-06-26 00:07:51,886] {scheduler_job.py:182} INFO - Started process (PID=1225) to work on /home/airflow/.local/lib/python3.6/site-packages/airflow/example_dags/example_branch_python_dop_operator_3.py
[2024-06-26 00:07:51,911] {scheduler_job.py:629} INFO - Processing file /home/airflow/.local/lib/python3.6/site-packages/airflow/example_dags/example_branch_python_dop_operator_3.py for tasks to queue
[2024-06-26 00:07:51,956] {logging_mixin.py:104} INFO - [2024-06-26 00:07:51,945] {dagbag.py:451} INFO - Filling up the DagBag from /home/airflow/.local/lib/python3.6/site-packages/airflow/example_dags/example_branch_python_dop_operator_3.py
[2024-06-26 00:07:52,191] {scheduler_job.py:639} INFO - DAG(s) dict_keys(['example_branch_dop_operator_v3']) retrieved from /home/airflow/.local/lib/python3.6/site-packages/airflow/example_dags/example_branch_python_dop_operator_3.py
[2024-06-26 00:07:52,506] {logging_mixin.py:104} INFO - [2024-06-26 00:07:52,497] {dag.py:1824} INFO - Sync 1 DAGs
[2024-06-26 00:07:52,698] {logging_mixin.py:104} INFO - [2024-06-26 00:07:52,697] {dag.py:2280} INFO - Setting next_dagrun for example_branch_dop_operator_v3 to 2024-06-24 00:00:00+00:00
[2024-06-26 00:07:52,792] {scheduler_job.py:190} INFO - Processing /home/airflow/.local/lib/python3.6/site-packages/airflow/example_dags/example_branch_python_dop_operator_3.py took 0.940 seconds
[2024-06-26 00:09:24,293] {scheduler_job.py:182} INFO - Started process (PID=1255) to work on /home/airflow/.local/lib/python3.6/site-packages/airflow/example_dags/example_branch_python_dop_operator_3.py
[2024-06-26 00:09:24,408] {scheduler_job.py:629} INFO - Processing file /home/airflow/.local/lib/python3.6/site-packages/airflow/example_dags/example_branch_python_dop_operator_3.py for tasks to queue
[2024-06-26 00:09:24,500] {logging_mixin.py:104} INFO - [2024-06-26 00:09:24,499] {dagbag.py:451} INFO - Filling up the DagBag from /home/airflow/.local/lib/python3.6/site-packages/airflow/example_dags/example_branch_python_dop_operator_3.py
[2024-06-26 00:09:25,484] {scheduler_job.py:639} INFO - DAG(s) dict_keys(['example_branch_dop_operator_v3']) retrieved from /home/airflow/.local/lib/python3.6/site-packages/airflow/example_dags/example_branch_python_dop_operator_3.py
[2024-06-26 00:09:26,355] {logging_mixin.py:104} INFO - [2024-06-26 00:09:26,354] {dag.py:1824} INFO - Sync 1 DAGs
[2024-06-26 00:09:26,805] {logging_mixin.py:104} INFO - [2024-06-26 00:09:26,804] {dag.py:2280} INFO - Setting next_dagrun for example_branch_dop_operator_v3 to 2024-06-24 00:00:00+00:00
[2024-06-26 00:09:27,227] {scheduler_job.py:190} INFO - Processing /home/airflow/.local/lib/python3.6/site-packages/airflow/example_dags/example_branch_python_dop_operator_3.py took 3.024 seconds
[2024-06-26 00:09:57,411] {scheduler_job.py:182} INFO - Started process (PID=1282) to work on /home/airflow/.local/lib/python3.6/site-packages/airflow/example_dags/example_branch_python_dop_operator_3.py
[2024-06-26 00:09:57,418] {scheduler_job.py:629} INFO - Processing file /home/airflow/.local/lib/python3.6/site-packages/airflow/example_dags/example_branch_python_dop_operator_3.py for tasks to queue
[2024-06-26 00:09:57,422] {logging_mixin.py:104} INFO - [2024-06-26 00:09:57,421] {dagbag.py:451} INFO - Filling up the DagBag from /home/airflow/.local/lib/python3.6/site-packages/airflow/example_dags/example_branch_python_dop_operator_3.py
[2024-06-26 00:09:57,484] {scheduler_job.py:639} INFO - DAG(s) dict_keys(['example_branch_dop_operator_v3']) retrieved from /home/airflow/.local/lib/python3.6/site-packages/airflow/example_dags/example_branch_python_dop_operator_3.py
[2024-06-26 00:09:57,550] {logging_mixin.py:104} INFO - [2024-06-26 00:09:57,548] {dag.py:1824} INFO - Sync 1 DAGs
[2024-06-26 00:09:57,634] {logging_mixin.py:104} INFO - [2024-06-26 00:09:57,633] {dag.py:2280} INFO - Setting next_dagrun for example_branch_dop_operator_v3 to 2024-06-24 00:00:00+00:00
[2024-06-26 00:09:57,672] {scheduler_job.py:190} INFO - Processing /home/airflow/.local/lib/python3.6/site-packages/airflow/example_dags/example_branch_python_dop_operator_3.py took 0.281 seconds
[2024-06-26 00:10:27,815] {scheduler_job.py:182} INFO - Started process (PID=1309) to work on /home/airflow/.local/lib/python3.6/site-packages/airflow/example_dags/example_branch_python_dop_operator_3.py
[2024-06-26 00:10:27,821] {scheduler_job.py:629} INFO - Processing file /home/airflow/.local/lib/python3.6/site-packages/airflow/example_dags/example_branch_python_dop_operator_3.py for tasks to queue
[2024-06-26 00:10:27,825] {logging_mixin.py:104} INFO - [2024-06-26 00:10:27,825] {dagbag.py:451} INFO - Filling up the DagBag from /home/airflow/.local/lib/python3.6/site-packages/airflow/example_dags/example_branch_python_dop_operator_3.py
[2024-06-26 00:10:27,881] {scheduler_job.py:639} INFO - DAG(s) dict_keys(['example_branch_dop_operator_v3']) retrieved from /home/airflow/.local/lib/python3.6/site-packages/airflow/example_dags/example_branch_python_dop_operator_3.py
[2024-06-26 00:10:27,957] {logging_mixin.py:104} INFO - [2024-06-26 00:10:27,957] {dag.py:1824} INFO - Sync 1 DAGs
[2024-06-26 00:10:28,040] {logging_mixin.py:104} INFO - [2024-06-26 00:10:28,040] {dag.py:2280} INFO - Setting next_dagrun for example_branch_dop_operator_v3 to 2024-06-24 00:00:00+00:00
[2024-06-26 00:10:28,113] {scheduler_job.py:190} INFO - Processing /home/airflow/.local/lib/python3.6/site-packages/airflow/example_dags/example_branch_python_dop_operator_3.py took 0.318 seconds
[2024-06-26 00:13:18,775] {scheduler_job.py:182} INFO - Started process (PID=1335) to work on /home/airflow/.local/lib/python3.6/site-packages/airflow/example_dags/example_branch_python_dop_operator_3.py
[2024-06-26 00:13:18,794] {scheduler_job.py:629} INFO - Processing file /home/airflow/.local/lib/python3.6/site-packages/airflow/example_dags/example_branch_python_dop_operator_3.py for tasks to queue
[2024-06-26 00:13:18,865] {logging_mixin.py:104} INFO - [2024-06-26 00:13:18,860] {dagbag.py:451} INFO - Filling up the DagBag from /home/airflow/.local/lib/python3.6/site-packages/airflow/example_dags/example_branch_python_dop_operator_3.py
[2024-06-26 00:13:19,038] {scheduler_job.py:639} INFO - DAG(s) dict_keys(['example_branch_dop_operator_v3']) retrieved from /home/airflow/.local/lib/python3.6/site-packages/airflow/example_dags/example_branch_python_dop_operator_3.py
[2024-06-26 00:13:19,298] {logging_mixin.py:104} INFO - [2024-06-26 00:13:19,298] {dag.py:1824} INFO - Sync 1 DAGs
[2024-06-26 00:13:19,424] {logging_mixin.py:104} INFO - [2024-06-26 00:13:19,424] {dag.py:2280} INFO - Setting next_dagrun for example_branch_dop_operator_v3 to 2024-06-24 00:00:00+00:00
[2024-06-26 00:13:19,486] {scheduler_job.py:190} INFO - Processing /home/airflow/.local/lib/python3.6/site-packages/airflow/example_dags/example_branch_python_dop_operator_3.py took 0.759 seconds
[2024-06-26 00:15:37,848] {scheduler_job.py:182} INFO - Started process (PID=1368) to work on /home/airflow/.local/lib/python3.6/site-packages/airflow/example_dags/example_branch_python_dop_operator_3.py
[2024-06-26 00:15:37,852] {scheduler_job.py:629} INFO - Processing file /home/airflow/.local/lib/python3.6/site-packages/airflow/example_dags/example_branch_python_dop_operator_3.py for tasks to queue
[2024-06-26 00:15:37,855] {logging_mixin.py:104} INFO - [2024-06-26 00:15:37,854] {dagbag.py:451} INFO - Filling up the DagBag from /home/airflow/.local/lib/python3.6/site-packages/airflow/example_dags/example_branch_python_dop_operator_3.py
[2024-06-26 00:15:37,925] {scheduler_job.py:639} INFO - DAG(s) dict_keys(['example_branch_dop_operator_v3']) retrieved from /home/airflow/.local/lib/python3.6/site-packages/airflow/example_dags/example_branch_python_dop_operator_3.py
[2024-06-26 00:15:38,029] {logging_mixin.py:104} INFO - [2024-06-26 00:15:38,029] {dag.py:1824} INFO - Sync 1 DAGs
[2024-06-26 00:15:38,294] {logging_mixin.py:104} INFO - [2024-06-26 00:15:38,293] {dag.py:2280} INFO - Setting next_dagrun for example_branch_dop_operator_v3 to 2024-06-24 00:00:00+00:00
[2024-06-26 00:15:38,370] {scheduler_job.py:190} INFO - Processing /home/airflow/.local/lib/python3.6/site-packages/airflow/example_dags/example_branch_python_dop_operator_3.py took 0.528 seconds
[2024-06-26 00:17:52,866] {scheduler_job.py:182} INFO - Started process (PID=1400) to work on /home/airflow/.local/lib/python3.6/site-packages/airflow/example_dags/example_branch_python_dop_operator_3.py
[2024-06-26 00:17:52,874] {scheduler_job.py:629} INFO - Processing file /home/airflow/.local/lib/python3.6/site-packages/airflow/example_dags/example_branch_python_dop_operator_3.py for tasks to queue
[2024-06-26 00:17:52,881] {logging_mixin.py:104} INFO - [2024-06-26 00:17:52,881] {dagbag.py:451} INFO - Filling up the DagBag from /home/airflow/.local/lib/python3.6/site-packages/airflow/example_dags/example_branch_python_dop_operator_3.py
[2024-06-26 00:17:52,956] {scheduler_job.py:639} INFO - DAG(s) dict_keys(['example_branch_dop_operator_v3']) retrieved from /home/airflow/.local/lib/python3.6/site-packages/airflow/example_dags/example_branch_python_dop_operator_3.py
[2024-06-26 00:17:53,015] {logging_mixin.py:104} INFO - [2024-06-26 00:17:53,015] {dag.py:1824} INFO - Sync 1 DAGs
[2024-06-26 00:17:53,193] {logging_mixin.py:104} INFO - [2024-06-26 00:17:53,192] {dag.py:2280} INFO - Setting next_dagrun for example_branch_dop_operator_v3 to 2024-06-24 00:00:00+00:00
[2024-06-26 00:17:53,234] {scheduler_job.py:190} INFO - Processing /home/airflow/.local/lib/python3.6/site-packages/airflow/example_dags/example_branch_python_dop_operator_3.py took 0.399 seconds
[2024-06-26 00:20:03,244] {scheduler_job.py:182} INFO - Started process (PID=1431) to work on /home/airflow/.local/lib/python3.6/site-packages/airflow/example_dags/example_branch_python_dop_operator_3.py
[2024-06-26 00:20:03,270] {scheduler_job.py:629} INFO - Processing file /home/airflow/.local/lib/python3.6/site-packages/airflow/example_dags/example_branch_python_dop_operator_3.py for tasks to queue
[2024-06-26 00:20:03,272] {logging_mixin.py:104} INFO - [2024-06-26 00:20:03,272] {dagbag.py:451} INFO - Filling up the DagBag from /home/airflow/.local/lib/python3.6/site-packages/airflow/example_dags/example_branch_python_dop_operator_3.py
[2024-06-26 00:20:03,737] {scheduler_job.py:639} INFO - DAG(s) dict_keys(['example_branch_dop_operator_v3']) retrieved from /home/airflow/.local/lib/python3.6/site-packages/airflow/example_dags/example_branch_python_dop_operator_3.py
[2024-06-26 00:20:06,413] {logging_mixin.py:104} INFO - [2024-06-26 00:20:06,144] {dag.py:1824} INFO - Sync 1 DAGs
[2024-06-26 00:20:07,241] {logging_mixin.py:104} INFO - [2024-06-26 00:20:07,240] {dag.py:2280} INFO - Setting next_dagrun for example_branch_dop_operator_v3 to 2024-06-24 00:00:00+00:00
[2024-06-26 00:20:07,589] {scheduler_job.py:190} INFO - Processing /home/airflow/.local/lib/python3.6/site-packages/airflow/example_dags/example_branch_python_dop_operator_3.py took 4.365 seconds
[2024-06-26 00:22:12,394] {scheduler_job.py:182} INFO - Started process (PID=1457) to work on /home/airflow/.local/lib/python3.6/site-packages/airflow/example_dags/example_branch_python_dop_operator_3.py
[2024-06-26 00:22:12,397] {scheduler_job.py:629} INFO - Processing file /home/airflow/.local/lib/python3.6/site-packages/airflow/example_dags/example_branch_python_dop_operator_3.py for tasks to queue
[2024-06-26 00:22:12,401] {logging_mixin.py:104} INFO - [2024-06-26 00:22:12,400] {dagbag.py:451} INFO - Filling up the DagBag from /home/airflow/.local/lib/python3.6/site-packages/airflow/example_dags/example_branch_python_dop_operator_3.py
[2024-06-26 00:22:12,436] {scheduler_job.py:639} INFO - DAG(s) dict_keys(['example_branch_dop_operator_v3']) retrieved from /home/airflow/.local/lib/python3.6/site-packages/airflow/example_dags/example_branch_python_dop_operator_3.py
[2024-06-26 00:22:12,492] {logging_mixin.py:104} INFO - [2024-06-26 00:22:12,491] {dag.py:1824} INFO - Sync 1 DAGs
[2024-06-26 00:22:12,548] {logging_mixin.py:104} INFO - [2024-06-26 00:22:12,548] {dag.py:2280} INFO - Setting next_dagrun for example_branch_dop_operator_v3 to 2024-06-24 00:00:00+00:00
[2024-06-26 00:22:12,571] {scheduler_job.py:190} INFO - Processing /home/airflow/.local/lib/python3.6/site-packages/airflow/example_dags/example_branch_python_dop_operator_3.py took 0.185 seconds
[2024-06-26 00:22:55,619] {scheduler_job.py:182} INFO - Started process (PID=1484) to work on /home/airflow/.local/lib/python3.6/site-packages/airflow/example_dags/example_branch_python_dop_operator_3.py
[2024-06-26 00:22:55,632] {scheduler_job.py:629} INFO - Processing file /home/airflow/.local/lib/python3.6/site-packages/airflow/example_dags/example_branch_python_dop_operator_3.py for tasks to queue
[2024-06-26 00:22:55,636] {logging_mixin.py:104} INFO - [2024-06-26 00:22:55,635] {dagbag.py:451} INFO - Filling up the DagBag from /home/airflow/.local/lib/python3.6/site-packages/airflow/example_dags/example_branch_python_dop_operator_3.py
[2024-06-26 00:22:55,671] {scheduler_job.py:639} INFO - DAG(s) dict_keys(['example_branch_dop_operator_v3']) retrieved from /home/airflow/.local/lib/python3.6/site-packages/airflow/example_dags/example_branch_python_dop_operator_3.py
[2024-06-26 00:22:55,729] {logging_mixin.py:104} INFO - [2024-06-26 00:22:55,728] {dag.py:1824} INFO - Sync 1 DAGs
[2024-06-26 00:22:55,810] {logging_mixin.py:104} INFO - [2024-06-26 00:22:55,809] {dag.py:2280} INFO - Setting next_dagrun for example_branch_dop_operator_v3 to 2024-06-24 00:00:00+00:00
[2024-06-26 00:22:55,844] {scheduler_job.py:190} INFO - Processing /home/airflow/.local/lib/python3.6/site-packages/airflow/example_dags/example_branch_python_dop_operator_3.py took 0.232 seconds
[2024-06-26 00:23:28,809] {scheduler_job.py:182} INFO - Started process (PID=1515) to work on /home/airflow/.local/lib/python3.6/site-packages/airflow/example_dags/example_branch_python_dop_operator_3.py
[2024-06-26 00:23:28,814] {scheduler_job.py:629} INFO - Processing file /home/airflow/.local/lib/python3.6/site-packages/airflow/example_dags/example_branch_python_dop_operator_3.py for tasks to queue
[2024-06-26 00:23:28,817] {logging_mixin.py:104} INFO - [2024-06-26 00:23:28,817] {dagbag.py:451} INFO - Filling up the DagBag from /home/airflow/.local/lib/python3.6/site-packages/airflow/example_dags/example_branch_python_dop_operator_3.py
[2024-06-26 00:23:28,859] {scheduler_job.py:639} INFO - DAG(s) dict_keys(['example_branch_dop_operator_v3']) retrieved from /home/airflow/.local/lib/python3.6/site-packages/airflow/example_dags/example_branch_python_dop_operator_3.py
[2024-06-26 00:23:29,039] {logging_mixin.py:104} INFO - [2024-06-26 00:23:29,038] {dag.py:1824} INFO - Sync 1 DAGs
[2024-06-26 00:23:29,366] {logging_mixin.py:104} INFO - [2024-06-26 00:23:29,365] {dag.py:2280} INFO - Setting next_dagrun for example_branch_dop_operator_v3 to 2024-06-24 00:00:00+00:00
[2024-06-26 00:23:29,538] {scheduler_job.py:190} INFO - Processing /home/airflow/.local/lib/python3.6/site-packages/airflow/example_dags/example_branch_python_dop_operator_3.py took 0.741 seconds
[2024-06-26 00:24:24,115] {scheduler_job.py:182} INFO - Started process (PID=1541) to work on /home/airflow/.local/lib/python3.6/site-packages/airflow/example_dags/example_branch_python_dop_operator_3.py
[2024-06-26 00:24:24,207] {scheduler_job.py:629} INFO - Processing file /home/airflow/.local/lib/python3.6/site-packages/airflow/example_dags/example_branch_python_dop_operator_3.py for tasks to queue
[2024-06-26 00:24:24,230] {logging_mixin.py:104} INFO - [2024-06-26 00:24:24,225] {dagbag.py:451} INFO - Filling up the DagBag from /home/airflow/.local/lib/python3.6/site-packages/airflow/example_dags/example_branch_python_dop_operator_3.py
[2024-06-26 00:24:25,691] {scheduler_job.py:639} INFO - DAG(s) dict_keys(['example_branch_dop_operator_v3']) retrieved from /home/airflow/.local/lib/python3.6/site-packages/airflow/example_dags/example_branch_python_dop_operator_3.py
[2024-06-26 00:25:02,055] {logging_mixin.py:104} INFO - [2024-06-26 00:25:02,054] {dag.py:1824} INFO - Sync 1 DAGs
[2024-06-26 00:25:02,182] {logging_mixin.py:104} INFO - [2024-06-26 00:25:02,182] {dag.py:2280} INFO - Setting next_dagrun for example_branch_dop_operator_v3 to 2024-06-24 00:00:00+00:00
[2024-06-26 00:25:02,251] {scheduler_job.py:190} INFO - Processing /home/airflow/.local/lib/python3.6/site-packages/airflow/example_dags/example_branch_python_dop_operator_3.py took 38.198 seconds
[2024-06-26 00:25:07,138] {scheduler_job.py:182} INFO - Started process (PID=1555) to work on /home/airflow/.local/lib/python3.6/site-packages/airflow/example_dags/example_branch_python_dop_operator_3.py
[2024-06-26 00:25:07,142] {scheduler_job.py:629} INFO - Processing file /home/airflow/.local/lib/python3.6/site-packages/airflow/example_dags/example_branch_python_dop_operator_3.py for tasks to queue
[2024-06-26 00:25:07,147] {logging_mixin.py:104} INFO - [2024-06-26 00:25:07,147] {dagbag.py:451} INFO - Filling up the DagBag from /home/airflow/.local/lib/python3.6/site-packages/airflow/example_dags/example_branch_python_dop_operator_3.py
[2024-06-26 00:25:07,181] {scheduler_job.py:639} INFO - DAG(s) dict_keys(['example_branch_dop_operator_v3']) retrieved from /home/airflow/.local/lib/python3.6/site-packages/airflow/example_dags/example_branch_python_dop_operator_3.py
[2024-06-26 00:25:07,253] {logging_mixin.py:104} INFO - [2024-06-26 00:25:07,253] {dag.py:1824} INFO - Sync 1 DAGs
[2024-06-26 00:25:07,417] {logging_mixin.py:104} INFO - [2024-06-26 00:25:07,417] {dag.py:2280} INFO - Setting next_dagrun for example_branch_dop_operator_v3 to 2024-06-24 00:00:00+00:00
[2024-06-26 00:25:07,504] {scheduler_job.py:190} INFO - Processing /home/airflow/.local/lib/python3.6/site-packages/airflow/example_dags/example_branch_python_dop_operator_3.py took 0.379 seconds
[2024-06-26 00:25:38,813] {scheduler_job.py:182} INFO - Started process (PID=1586) to work on /home/airflow/.local/lib/python3.6/site-packages/airflow/example_dags/example_branch_python_dop_operator_3.py
[2024-06-26 00:25:38,825] {scheduler_job.py:629} INFO - Processing file /home/airflow/.local/lib/python3.6/site-packages/airflow/example_dags/example_branch_python_dop_operator_3.py for tasks to queue
[2024-06-26 00:25:38,836] {logging_mixin.py:104} INFO - [2024-06-26 00:25:38,833] {dagbag.py:451} INFO - Filling up the DagBag from /home/airflow/.local/lib/python3.6/site-packages/airflow/example_dags/example_branch_python_dop_operator_3.py
[2024-06-26 00:25:38,922] {scheduler_job.py:639} INFO - DAG(s) dict_keys(['example_branch_dop_operator_v3']) retrieved from /home/airflow/.local/lib/python3.6/site-packages/airflow/example_dags/example_branch_python_dop_operator_3.py
[2024-06-26 00:25:39,234] {logging_mixin.py:104} INFO - [2024-06-26 00:25:39,234] {dag.py:1824} INFO - Sync 1 DAGs
[2024-06-26 00:25:39,432] {logging_mixin.py:104} INFO - [2024-06-26 00:25:39,432] {dag.py:2280} INFO - Setting next_dagrun for example_branch_dop_operator_v3 to 2024-06-24 00:00:00+00:00
[2024-06-26 00:25:39,478] {scheduler_job.py:190} INFO - Processing /home/airflow/.local/lib/python3.6/site-packages/airflow/example_dags/example_branch_python_dop_operator_3.py took 0.692 seconds
[2024-06-26 00:26:52,405] {scheduler_job.py:182} INFO - Started process (PID=1618) to work on /home/airflow/.local/lib/python3.6/site-packages/airflow/example_dags/example_branch_python_dop_operator_3.py
[2024-06-26 00:26:52,409] {scheduler_job.py:629} INFO - Processing file /home/airflow/.local/lib/python3.6/site-packages/airflow/example_dags/example_branch_python_dop_operator_3.py for tasks to queue
[2024-06-26 00:26:52,412] {logging_mixin.py:104} INFO - [2024-06-26 00:26:52,411] {dagbag.py:451} INFO - Filling up the DagBag from /home/airflow/.local/lib/python3.6/site-packages/airflow/example_dags/example_branch_python_dop_operator_3.py
[2024-06-26 00:26:52,471] {scheduler_job.py:639} INFO - DAG(s) dict_keys(['example_branch_dop_operator_v3']) retrieved from /home/airflow/.local/lib/python3.6/site-packages/airflow/example_dags/example_branch_python_dop_operator_3.py
[2024-06-26 00:26:52,529] {logging_mixin.py:104} INFO - [2024-06-26 00:26:52,529] {dag.py:1824} INFO - Sync 1 DAGs
[2024-06-26 00:26:52,618] {logging_mixin.py:104} INFO - [2024-06-26 00:26:52,618] {dag.py:2280} INFO - Setting next_dagrun for example_branch_dop_operator_v3 to 2024-06-24 00:00:00+00:00
[2024-06-26 00:26:52,675] {scheduler_job.py:190} INFO - Processing /home/airflow/.local/lib/python3.6/site-packages/airflow/example_dags/example_branch_python_dop_operator_3.py took 0.303 seconds
[2024-06-26 00:27:47,840] {scheduler_job.py:182} INFO - Started process (PID=1646) to work on /home/airflow/.local/lib/python3.6/site-packages/airflow/example_dags/example_branch_python_dop_operator_3.py
[2024-06-26 00:27:47,855] {scheduler_job.py:629} INFO - Processing file /home/airflow/.local/lib/python3.6/site-packages/airflow/example_dags/example_branch_python_dop_operator_3.py for tasks to queue
[2024-06-26 00:27:47,858] {logging_mixin.py:104} INFO - [2024-06-26 00:27:47,857] {dagbag.py:451} INFO - Filling up the DagBag from /home/airflow/.local/lib/python3.6/site-packages/airflow/example_dags/example_branch_python_dop_operator_3.py
[2024-06-26 00:27:48,140] {scheduler_job.py:639} INFO - DAG(s) dict_keys(['example_branch_dop_operator_v3']) retrieved from /home/airflow/.local/lib/python3.6/site-packages/airflow/example_dags/example_branch_python_dop_operator_3.py
[2024-06-26 00:27:48,618] {logging_mixin.py:104} INFO - [2024-06-26 00:27:48,617] {dag.py:1824} INFO - Sync 1 DAGs
[2024-06-26 00:27:48,971] {logging_mixin.py:104} INFO - [2024-06-26 00:27:48,964] {dag.py:2280} INFO - Setting next_dagrun for example_branch_dop_operator_v3 to 2024-06-24 00:00:00+00:00
[2024-06-26 00:27:49,183] {scheduler_job.py:190} INFO - Processing /home/airflow/.local/lib/python3.6/site-packages/airflow/example_dags/example_branch_python_dop_operator_3.py took 1.371 seconds
[2024-06-26 00:29:17,908] {scheduler_job.py:182} INFO - Started process (PID=1677) to work on /home/airflow/.local/lib/python3.6/site-packages/airflow/example_dags/example_branch_python_dop_operator_3.py
[2024-06-26 00:29:17,915] {scheduler_job.py:629} INFO - Processing file /home/airflow/.local/lib/python3.6/site-packages/airflow/example_dags/example_branch_python_dop_operator_3.py for tasks to queue
[2024-06-26 00:29:17,933] {logging_mixin.py:104} INFO - [2024-06-26 00:29:17,933] {dagbag.py:451} INFO - Filling up the DagBag from /home/airflow/.local/lib/python3.6/site-packages/airflow/example_dags/example_branch_python_dop_operator_3.py
[2024-06-26 00:29:18,138] {scheduler_job.py:639} INFO - DAG(s) dict_keys(['example_branch_dop_operator_v3']) retrieved from /home/airflow/.local/lib/python3.6/site-packages/airflow/example_dags/example_branch_python_dop_operator_3.py
[2024-06-26 00:29:18,863] {logging_mixin.py:104} INFO - [2024-06-26 00:29:18,851] {dag.py:1824} INFO - Sync 1 DAGs
[2024-06-26 00:29:19,428] {logging_mixin.py:104} INFO - [2024-06-26 00:29:19,427] {dag.py:2280} INFO - Setting next_dagrun for example_branch_dop_operator_v3 to 2024-06-24 00:00:00+00:00
[2024-06-26 00:29:20,311] {scheduler_job.py:190} INFO - Processing /home/airflow/.local/lib/python3.6/site-packages/airflow/example_dags/example_branch_python_dop_operator_3.py took 2.444 seconds
[2024-06-26 00:30:11,011] {scheduler_job.py:182} INFO - Started process (PID=1705) to work on /home/airflow/.local/lib/python3.6/site-packages/airflow/example_dags/example_branch_python_dop_operator_3.py
[2024-06-26 00:30:11,026] {scheduler_job.py:629} INFO - Processing file /home/airflow/.local/lib/python3.6/site-packages/airflow/example_dags/example_branch_python_dop_operator_3.py for tasks to queue
[2024-06-26 00:30:11,037] {logging_mixin.py:104} INFO - [2024-06-26 00:30:11,036] {dagbag.py:451} INFO - Filling up the DagBag from /home/airflow/.local/lib/python3.6/site-packages/airflow/example_dags/example_branch_python_dop_operator_3.py
[2024-06-26 00:30:11,119] {scheduler_job.py:639} INFO - DAG(s) dict_keys(['example_branch_dop_operator_v3']) retrieved from /home/airflow/.local/lib/python3.6/site-packages/airflow/example_dags/example_branch_python_dop_operator_3.py
[2024-06-26 00:30:12,342] {logging_mixin.py:104} INFO - [2024-06-26 00:30:12,342] {dag.py:1824} INFO - Sync 1 DAGs
[2024-06-26 00:30:12,785] {logging_mixin.py:104} INFO - [2024-06-26 00:30:12,785] {dag.py:2280} INFO - Setting next_dagrun for example_branch_dop_operator_v3 to 2024-06-24 00:00:00+00:00
[2024-06-26 00:30:12,911] {scheduler_job.py:190} INFO - Processing /home/airflow/.local/lib/python3.6/site-packages/airflow/example_dags/example_branch_python_dop_operator_3.py took 1.912 seconds
[2024-06-26 00:31:13,068] {scheduler_job.py:182} INFO - Started process (PID=1737) to work on /home/airflow/.local/lib/python3.6/site-packages/airflow/example_dags/example_branch_python_dop_operator_3.py
[2024-06-26 00:31:13,079] {scheduler_job.py:629} INFO - Processing file /home/airflow/.local/lib/python3.6/site-packages/airflow/example_dags/example_branch_python_dop_operator_3.py for tasks to queue
[2024-06-26 00:31:13,083] {logging_mixin.py:104} INFO - [2024-06-26 00:31:13,082] {dagbag.py:451} INFO - Filling up the DagBag from /home/airflow/.local/lib/python3.6/site-packages/airflow/example_dags/example_branch_python_dop_operator_3.py
[2024-06-26 00:31:13,126] {scheduler_job.py:639} INFO - DAG(s) dict_keys(['example_branch_dop_operator_v3']) retrieved from /home/airflow/.local/lib/python3.6/site-packages/airflow/example_dags/example_branch_python_dop_operator_3.py
[2024-06-26 00:31:13,180] {logging_mixin.py:104} INFO - [2024-06-26 00:31:13,179] {dag.py:1824} INFO - Sync 1 DAGs
[2024-06-26 00:31:13,288] {logging_mixin.py:104} INFO - [2024-06-26 00:31:13,288] {dag.py:2280} INFO - Setting next_dagrun for example_branch_dop_operator_v3 to 2024-06-24 00:00:00+00:00
[2024-06-26 00:31:13,360] {scheduler_job.py:190} INFO - Processing /home/airflow/.local/lib/python3.6/site-packages/airflow/example_dags/example_branch_python_dop_operator_3.py took 0.303 seconds
[2024-06-26 00:32:05,015] {scheduler_job.py:182} INFO - Started process (PID=1765) to work on /home/airflow/.local/lib/python3.6/site-packages/airflow/example_dags/example_branch_python_dop_operator_3.py
[2024-06-26 00:32:05,025] {scheduler_job.py:629} INFO - Processing file /home/airflow/.local/lib/python3.6/site-packages/airflow/example_dags/example_branch_python_dop_operator_3.py for tasks to queue
[2024-06-26 00:32:05,034] {logging_mixin.py:104} INFO - [2024-06-26 00:32:05,034] {dagbag.py:451} INFO - Filling up the DagBag from /home/airflow/.local/lib/python3.6/site-packages/airflow/example_dags/example_branch_python_dop_operator_3.py
[2024-06-26 00:32:05,205] {scheduler_job.py:639} INFO - DAG(s) dict_keys(['example_branch_dop_operator_v3']) retrieved from /home/airflow/.local/lib/python3.6/site-packages/airflow/example_dags/example_branch_python_dop_operator_3.py
[2024-06-26 00:32:05,498] {logging_mixin.py:104} INFO - [2024-06-26 00:32:05,498] {dag.py:1824} INFO - Sync 1 DAGs
[2024-06-26 00:32:05,771] {logging_mixin.py:104} INFO - [2024-06-26 00:32:05,771] {dag.py:2280} INFO - Setting next_dagrun for example_branch_dop_operator_v3 to 2024-06-24 00:00:00+00:00
[2024-06-26 00:32:05,805] {scheduler_job.py:190} INFO - Processing /home/airflow/.local/lib/python3.6/site-packages/airflow/example_dags/example_branch_python_dop_operator_3.py took 0.830 seconds
[2024-06-26 00:34:02,586] {scheduler_job.py:182} INFO - Started process (PID=1784) to work on /home/airflow/.local/lib/python3.6/site-packages/airflow/example_dags/example_branch_python_dop_operator_3.py
[2024-06-26 00:34:02,611] {scheduler_job.py:629} INFO - Processing file /home/airflow/.local/lib/python3.6/site-packages/airflow/example_dags/example_branch_python_dop_operator_3.py for tasks to queue
[2024-06-26 00:34:02,633] {logging_mixin.py:104} INFO - [2024-06-26 00:34:02,633] {dagbag.py:451} INFO - Filling up the DagBag from /home/airflow/.local/lib/python3.6/site-packages/airflow/example_dags/example_branch_python_dop_operator_3.py
[2024-06-26 00:34:03,011] {scheduler_job.py:639} INFO - DAG(s) dict_keys(['example_branch_dop_operator_v3']) retrieved from /home/airflow/.local/lib/python3.6/site-packages/airflow/example_dags/example_branch_python_dop_operator_3.py
[2024-06-26 00:34:03,306] {logging_mixin.py:104} INFO - [2024-06-26 00:34:03,306] {dag.py:1824} INFO - Sync 1 DAGs
[2024-06-26 00:34:03,584] {logging_mixin.py:104} INFO - [2024-06-26 00:34:03,583] {dag.py:2280} INFO - Setting next_dagrun for example_branch_dop_operator_v3 to 2024-06-24 00:00:00+00:00
[2024-06-26 00:34:03,635] {scheduler_job.py:190} INFO - Processing /home/airflow/.local/lib/python3.6/site-packages/airflow/example_dags/example_branch_python_dop_operator_3.py took 1.077 seconds
[2024-06-26 00:35:04,237] {scheduler_job.py:182} INFO - Started process (PID=1819) to work on /home/airflow/.local/lib/python3.6/site-packages/airflow/example_dags/example_branch_python_dop_operator_3.py
[2024-06-26 00:35:04,339] {scheduler_job.py:629} INFO - Processing file /home/airflow/.local/lib/python3.6/site-packages/airflow/example_dags/example_branch_python_dop_operator_3.py for tasks to queue
[2024-06-26 00:35:04,500] {logging_mixin.py:104} INFO - [2024-06-26 00:35:04,499] {dagbag.py:451} INFO - Filling up the DagBag from /home/airflow/.local/lib/python3.6/site-packages/airflow/example_dags/example_branch_python_dop_operator_3.py
[2024-06-26 00:35:04,674] {scheduler_job.py:639} INFO - DAG(s) dict_keys(['example_branch_dop_operator_v3']) retrieved from /home/airflow/.local/lib/python3.6/site-packages/airflow/example_dags/example_branch_python_dop_operator_3.py
[2024-06-26 00:35:05,290] {logging_mixin.py:104} INFO - [2024-06-26 00:35:05,281] {dag.py:1824} INFO - Sync 1 DAGs
[2024-06-26 00:35:05,718] {logging_mixin.py:104} INFO - [2024-06-26 00:35:05,718] {dag.py:2280} INFO - Setting next_dagrun for example_branch_dop_operator_v3 to 2024-06-24 00:00:00+00:00
[2024-06-26 00:35:05,933] {scheduler_job.py:190} INFO - Processing /home/airflow/.local/lib/python3.6/site-packages/airflow/example_dags/example_branch_python_dop_operator_3.py took 1.832 seconds
[2024-06-26 00:35:41,157] {scheduler_job.py:182} INFO - Started process (PID=1849) to work on /home/airflow/.local/lib/python3.6/site-packages/airflow/example_dags/example_branch_python_dop_operator_3.py
[2024-06-26 00:35:41,162] {scheduler_job.py:629} INFO - Processing file /home/airflow/.local/lib/python3.6/site-packages/airflow/example_dags/example_branch_python_dop_operator_3.py for tasks to queue
[2024-06-26 00:35:41,165] {logging_mixin.py:104} INFO - [2024-06-26 00:35:41,164] {dagbag.py:451} INFO - Filling up the DagBag from /home/airflow/.local/lib/python3.6/site-packages/airflow/example_dags/example_branch_python_dop_operator_3.py
[2024-06-26 00:35:41,267] {scheduler_job.py:639} INFO - DAG(s) dict_keys(['example_branch_dop_operator_v3']) retrieved from /home/airflow/.local/lib/python3.6/site-packages/airflow/example_dags/example_branch_python_dop_operator_3.py
[2024-06-26 00:35:41,433] {logging_mixin.py:104} INFO - [2024-06-26 00:35:41,433] {dag.py:1824} INFO - Sync 1 DAGs
[2024-06-26 00:35:41,593] {logging_mixin.py:104} INFO - [2024-06-26 00:35:41,591] {dag.py:2280} INFO - Setting next_dagrun for example_branch_dop_operator_v3 to 2024-06-24 00:00:00+00:00
[2024-06-26 00:35:41,978] {scheduler_job.py:190} INFO - Processing /home/airflow/.local/lib/python3.6/site-packages/airflow/example_dags/example_branch_python_dop_operator_3.py took 0.835 seconds
[2024-06-26 00:36:28,963] {scheduler_job.py:182} INFO - Started process (PID=1875) to work on /home/airflow/.local/lib/python3.6/site-packages/airflow/example_dags/example_branch_python_dop_operator_3.py
[2024-06-26 00:36:28,972] {scheduler_job.py:629} INFO - Processing file /home/airflow/.local/lib/python3.6/site-packages/airflow/example_dags/example_branch_python_dop_operator_3.py for tasks to queue
[2024-06-26 00:36:28,981] {logging_mixin.py:104} INFO - [2024-06-26 00:36:28,978] {dagbag.py:451} INFO - Filling up the DagBag from /home/airflow/.local/lib/python3.6/site-packages/airflow/example_dags/example_branch_python_dop_operator_3.py
[2024-06-26 00:36:29,211] {scheduler_job.py:639} INFO - DAG(s) dict_keys(['example_branch_dop_operator_v3']) retrieved from /home/airflow/.local/lib/python3.6/site-packages/airflow/example_dags/example_branch_python_dop_operator_3.py
[2024-06-26 00:36:29,823] {logging_mixin.py:104} INFO - [2024-06-26 00:36:29,822] {dag.py:1824} INFO - Sync 1 DAGs
[2024-06-26 00:36:30,025] {logging_mixin.py:104} INFO - [2024-06-26 00:36:30,023] {dag.py:2280} INFO - Setting next_dagrun for example_branch_dop_operator_v3 to 2024-06-24 00:00:00+00:00
[2024-06-26 00:36:30,175] {scheduler_job.py:190} INFO - Processing /home/airflow/.local/lib/python3.6/site-packages/airflow/example_dags/example_branch_python_dop_operator_3.py took 1.275 seconds
[2024-06-26 00:37:01,732] {scheduler_job.py:182} INFO - Started process (PID=1904) to work on /home/airflow/.local/lib/python3.6/site-packages/airflow/example_dags/example_branch_python_dop_operator_3.py
[2024-06-26 00:37:01,747] {scheduler_job.py:629} INFO - Processing file /home/airflow/.local/lib/python3.6/site-packages/airflow/example_dags/example_branch_python_dop_operator_3.py for tasks to queue
[2024-06-26 00:37:01,752] {logging_mixin.py:104} INFO - [2024-06-26 00:37:01,749] {dagbag.py:451} INFO - Filling up the DagBag from /home/airflow/.local/lib/python3.6/site-packages/airflow/example_dags/example_branch_python_dop_operator_3.py
[2024-06-26 00:37:01,811] {scheduler_job.py:639} INFO - DAG(s) dict_keys(['example_branch_dop_operator_v3']) retrieved from /home/airflow/.local/lib/python3.6/site-packages/airflow/example_dags/example_branch_python_dop_operator_3.py
[2024-06-26 00:37:01,892] {logging_mixin.py:104} INFO - [2024-06-26 00:37:01,891] {dag.py:1824} INFO - Sync 1 DAGs
[2024-06-26 00:37:01,971] {logging_mixin.py:104} INFO - [2024-06-26 00:37:01,970] {dag.py:2280} INFO - Setting next_dagrun for example_branch_dop_operator_v3 to 2024-06-24 00:00:00+00:00
[2024-06-26 00:37:01,997] {scheduler_job.py:190} INFO - Processing /home/airflow/.local/lib/python3.6/site-packages/airflow/example_dags/example_branch_python_dop_operator_3.py took 0.290 seconds
[2024-06-26 00:37:57,020] {scheduler_job.py:182} INFO - Started process (PID=1925) to work on /home/airflow/.local/lib/python3.6/site-packages/airflow/example_dags/example_branch_python_dop_operator_3.py
[2024-06-26 00:37:57,032] {scheduler_job.py:629} INFO - Processing file /home/airflow/.local/lib/python3.6/site-packages/airflow/example_dags/example_branch_python_dop_operator_3.py for tasks to queue
[2024-06-26 00:37:57,040] {logging_mixin.py:104} INFO - [2024-06-26 00:37:57,039] {dagbag.py:451} INFO - Filling up the DagBag from /home/airflow/.local/lib/python3.6/site-packages/airflow/example_dags/example_branch_python_dop_operator_3.py
[2024-06-26 00:37:57,355] {scheduler_job.py:639} INFO - DAG(s) dict_keys(['example_branch_dop_operator_v3']) retrieved from /home/airflow/.local/lib/python3.6/site-packages/airflow/example_dags/example_branch_python_dop_operator_3.py
[2024-06-26 00:37:57,811] {logging_mixin.py:104} INFO - [2024-06-26 00:37:57,811] {dag.py:1824} INFO - Sync 1 DAGs
[2024-06-26 00:37:58,084] {logging_mixin.py:104} INFO - [2024-06-26 00:37:58,083] {dag.py:2280} INFO - Setting next_dagrun for example_branch_dop_operator_v3 to 2024-06-24 00:00:00+00:00
[2024-06-26 00:37:58,143] {scheduler_job.py:190} INFO - Processing /home/airflow/.local/lib/python3.6/site-packages/airflow/example_dags/example_branch_python_dop_operator_3.py took 1.135 seconds
[2024-06-26 00:38:56,187] {scheduler_job.py:182} INFO - Started process (PID=1953) to work on /home/airflow/.local/lib/python3.6/site-packages/airflow/example_dags/example_branch_python_dop_operator_3.py
[2024-06-26 00:38:56,218] {scheduler_job.py:629} INFO - Processing file /home/airflow/.local/lib/python3.6/site-packages/airflow/example_dags/example_branch_python_dop_operator_3.py for tasks to queue
[2024-06-26 00:38:56,226] {logging_mixin.py:104} INFO - [2024-06-26 00:38:56,226] {dagbag.py:451} INFO - Filling up the DagBag from /home/airflow/.local/lib/python3.6/site-packages/airflow/example_dags/example_branch_python_dop_operator_3.py
[2024-06-26 00:38:56,321] {scheduler_job.py:639} INFO - DAG(s) dict_keys(['example_branch_dop_operator_v3']) retrieved from /home/airflow/.local/lib/python3.6/site-packages/airflow/example_dags/example_branch_python_dop_operator_3.py
[2024-06-26 00:38:56,504] {logging_mixin.py:104} INFO - [2024-06-26 00:38:56,503] {dag.py:1824} INFO - Sync 1 DAGs
[2024-06-26 00:38:56,693] {logging_mixin.py:104} INFO - [2024-06-26 00:38:56,693] {dag.py:2280} INFO - Setting next_dagrun for example_branch_dop_operator_v3 to 2024-06-24 00:00:00+00:00
[2024-06-26 00:38:56,741] {scheduler_job.py:190} INFO - Processing /home/airflow/.local/lib/python3.6/site-packages/airflow/example_dags/example_branch_python_dop_operator_3.py took 0.590 seconds
[2024-06-26 00:41:01,269] {scheduler_job.py:182} INFO - Started process (PID=1992) to work on /home/airflow/.local/lib/python3.6/site-packages/airflow/example_dags/example_branch_python_dop_operator_3.py
[2024-06-26 00:41:01,275] {scheduler_job.py:629} INFO - Processing file /home/airflow/.local/lib/python3.6/site-packages/airflow/example_dags/example_branch_python_dop_operator_3.py for tasks to queue
[2024-06-26 00:41:01,281] {logging_mixin.py:104} INFO - [2024-06-26 00:41:01,278] {dagbag.py:451} INFO - Filling up the DagBag from /home/airflow/.local/lib/python3.6/site-packages/airflow/example_dags/example_branch_python_dop_operator_3.py
[2024-06-26 00:41:01,324] {scheduler_job.py:639} INFO - DAG(s) dict_keys(['example_branch_dop_operator_v3']) retrieved from /home/airflow/.local/lib/python3.6/site-packages/airflow/example_dags/example_branch_python_dop_operator_3.py
[2024-06-26 00:41:01,426] {logging_mixin.py:104} INFO - [2024-06-26 00:41:01,425] {dag.py:1824} INFO - Sync 1 DAGs
[2024-06-26 00:41:01,611] {logging_mixin.py:104} INFO - [2024-06-26 00:41:01,611] {dag.py:2280} INFO - Setting next_dagrun for example_branch_dop_operator_v3 to 2024-06-24 00:00:00+00:00
[2024-06-26 00:41:01,664] {scheduler_job.py:190} INFO - Processing /home/airflow/.local/lib/python3.6/site-packages/airflow/example_dags/example_branch_python_dop_operator_3.py took 0.407 seconds
[2024-06-26 00:43:03,398] {scheduler_job.py:182} INFO - Started process (PID=2023) to work on /home/airflow/.local/lib/python3.6/site-packages/airflow/example_dags/example_branch_python_dop_operator_3.py
[2024-06-26 00:43:03,406] {scheduler_job.py:629} INFO - Processing file /home/airflow/.local/lib/python3.6/site-packages/airflow/example_dags/example_branch_python_dop_operator_3.py for tasks to queue
[2024-06-26 00:43:03,432] {logging_mixin.py:104} INFO - [2024-06-26 00:43:03,431] {dagbag.py:451} INFO - Filling up the DagBag from /home/airflow/.local/lib/python3.6/site-packages/airflow/example_dags/example_branch_python_dop_operator_3.py
[2024-06-26 00:43:04,067] {scheduler_job.py:639} INFO - DAG(s) dict_keys(['example_branch_dop_operator_v3']) retrieved from /home/airflow/.local/lib/python3.6/site-packages/airflow/example_dags/example_branch_python_dop_operator_3.py
[2024-06-26 00:43:05,244] {logging_mixin.py:104} INFO - [2024-06-26 00:43:05,244] {dag.py:1824} INFO - Sync 1 DAGs
[2024-06-26 00:43:05,918] {logging_mixin.py:104} INFO - [2024-06-26 00:43:05,918] {dag.py:2280} INFO - Setting next_dagrun for example_branch_dop_operator_v3 to 2024-06-24 00:00:00+00:00
[2024-06-26 00:43:06,039] {scheduler_job.py:190} INFO - Processing /home/airflow/.local/lib/python3.6/site-packages/airflow/example_dags/example_branch_python_dop_operator_3.py took 2.750 seconds
[2024-06-26 00:45:22,441] {scheduler_job.py:182} INFO - Started process (PID=2061) to work on /home/airflow/.local/lib/python3.6/site-packages/airflow/example_dags/example_branch_python_dop_operator_3.py
[2024-06-26 00:45:22,455] {scheduler_job.py:629} INFO - Processing file /home/airflow/.local/lib/python3.6/site-packages/airflow/example_dags/example_branch_python_dop_operator_3.py for tasks to queue
[2024-06-26 00:45:22,457] {logging_mixin.py:104} INFO - [2024-06-26 00:45:22,457] {dagbag.py:451} INFO - Filling up the DagBag from /home/airflow/.local/lib/python3.6/site-packages/airflow/example_dags/example_branch_python_dop_operator_3.py
[2024-06-26 00:45:22,492] {scheduler_job.py:639} INFO - DAG(s) dict_keys(['example_branch_dop_operator_v3']) retrieved from /home/airflow/.local/lib/python3.6/site-packages/airflow/example_dags/example_branch_python_dop_operator_3.py
[2024-06-26 00:45:22,581] {logging_mixin.py:104} INFO - [2024-06-26 00:45:22,581] {dag.py:1824} INFO - Sync 1 DAGs
[2024-06-26 00:45:22,662] {logging_mixin.py:104} INFO - [2024-06-26 00:45:22,662] {dag.py:2280} INFO - Setting next_dagrun for example_branch_dop_operator_v3 to 2024-06-24 00:00:00+00:00
[2024-06-26 00:45:22,699] {scheduler_job.py:190} INFO - Processing /home/airflow/.local/lib/python3.6/site-packages/airflow/example_dags/example_branch_python_dop_operator_3.py took 0.283 seconds
[2024-06-26 00:47:24,147] {scheduler_job.py:182} INFO - Started process (PID=2095) to work on /home/airflow/.local/lib/python3.6/site-packages/airflow/example_dags/example_branch_python_dop_operator_3.py
[2024-06-26 00:47:24,153] {scheduler_job.py:629} INFO - Processing file /home/airflow/.local/lib/python3.6/site-packages/airflow/example_dags/example_branch_python_dop_operator_3.py for tasks to queue
[2024-06-26 00:47:24,180] {logging_mixin.py:104} INFO - [2024-06-26 00:47:24,179] {dagbag.py:451} INFO - Filling up the DagBag from /home/airflow/.local/lib/python3.6/site-packages/airflow/example_dags/example_branch_python_dop_operator_3.py
[2024-06-26 00:47:24,315] {scheduler_job.py:639} INFO - DAG(s) dict_keys(['example_branch_dop_operator_v3']) retrieved from /home/airflow/.local/lib/python3.6/site-packages/airflow/example_dags/example_branch_python_dop_operator_3.py
[2024-06-26 00:47:24,485] {logging_mixin.py:104} INFO - [2024-06-26 00:47:24,482] {dag.py:1824} INFO - Sync 1 DAGs
[2024-06-26 00:47:24,879] {logging_mixin.py:104} INFO - [2024-06-26 00:47:24,879] {dag.py:2280} INFO - Setting next_dagrun for example_branch_dop_operator_v3 to 2024-06-24 00:00:00+00:00
[2024-06-26 00:47:24,971] {scheduler_job.py:190} INFO - Processing /home/airflow/.local/lib/python3.6/site-packages/airflow/example_dags/example_branch_python_dop_operator_3.py took 0.858 seconds
[2024-06-26 00:48:22,224] {scheduler_job.py:182} INFO - Started process (PID=2126) to work on /home/airflow/.local/lib/python3.6/site-packages/airflow/example_dags/example_branch_python_dop_operator_3.py
[2024-06-26 00:48:22,248] {scheduler_job.py:629} INFO - Processing file /home/airflow/.local/lib/python3.6/site-packages/airflow/example_dags/example_branch_python_dop_operator_3.py for tasks to queue
[2024-06-26 00:48:22,257] {logging_mixin.py:104} INFO - [2024-06-26 00:48:22,256] {dagbag.py:451} INFO - Filling up the DagBag from /home/airflow/.local/lib/python3.6/site-packages/airflow/example_dags/example_branch_python_dop_operator_3.py
[2024-06-26 00:48:22,621] {scheduler_job.py:639} INFO - DAG(s) dict_keys(['example_branch_dop_operator_v3']) retrieved from /home/airflow/.local/lib/python3.6/site-packages/airflow/example_dags/example_branch_python_dop_operator_3.py
[2024-06-26 00:48:23,458] {logging_mixin.py:104} INFO - [2024-06-26 00:48:23,447] {dag.py:1824} INFO - Sync 1 DAGs
[2024-06-26 00:48:24,215] {logging_mixin.py:104} INFO - [2024-06-26 00:48:24,215] {dag.py:2280} INFO - Setting next_dagrun for example_branch_dop_operator_v3 to 2024-06-24 00:00:00+00:00
[2024-06-26 00:48:24,509] {scheduler_job.py:190} INFO - Processing /home/airflow/.local/lib/python3.6/site-packages/airflow/example_dags/example_branch_python_dop_operator_3.py took 2.498 seconds
[2024-06-26 00:49:21,995] {scheduler_job.py:182} INFO - Started process (PID=2155) to work on /home/airflow/.local/lib/python3.6/site-packages/airflow/example_dags/example_branch_python_dop_operator_3.py
[2024-06-26 00:49:22,245] {scheduler_job.py:629} INFO - Processing file /home/airflow/.local/lib/python3.6/site-packages/airflow/example_dags/example_branch_python_dop_operator_3.py for tasks to queue
[2024-06-26 00:49:22,263] {logging_mixin.py:104} INFO - [2024-06-26 00:49:22,247] {dagbag.py:451} INFO - Filling up the DagBag from /home/airflow/.local/lib/python3.6/site-packages/airflow/example_dags/example_branch_python_dop_operator_3.py
[2024-06-26 00:49:22,526] {scheduler_job.py:639} INFO - DAG(s) dict_keys(['example_branch_dop_operator_v3']) retrieved from /home/airflow/.local/lib/python3.6/site-packages/airflow/example_dags/example_branch_python_dop_operator_3.py
[2024-06-26 00:49:22,701] {logging_mixin.py:104} INFO - [2024-06-26 00:49:22,698] {dag.py:1824} INFO - Sync 1 DAGs
[2024-06-26 00:49:22,916] {logging_mixin.py:104} INFO - [2024-06-26 00:49:22,916] {dag.py:2280} INFO - Setting next_dagrun for example_branch_dop_operator_v3 to 2024-06-24 00:00:00+00:00
[2024-06-26 00:49:22,953] {scheduler_job.py:190} INFO - Processing /home/airflow/.local/lib/python3.6/site-packages/airflow/example_dags/example_branch_python_dop_operator_3.py took 1.549 seconds
[2024-06-26 00:51:30,205] {scheduler_job.py:182} INFO - Started process (PID=2188) to work on /home/airflow/.local/lib/python3.6/site-packages/airflow/example_dags/example_branch_python_dop_operator_3.py
[2024-06-26 00:51:30,213] {scheduler_job.py:629} INFO - Processing file /home/airflow/.local/lib/python3.6/site-packages/airflow/example_dags/example_branch_python_dop_operator_3.py for tasks to queue
[2024-06-26 00:51:30,216] {logging_mixin.py:104} INFO - [2024-06-26 00:51:30,215] {dagbag.py:451} INFO - Filling up the DagBag from /home/airflow/.local/lib/python3.6/site-packages/airflow/example_dags/example_branch_python_dop_operator_3.py
[2024-06-26 00:51:30,288] {scheduler_job.py:639} INFO - DAG(s) dict_keys(['example_branch_dop_operator_v3']) retrieved from /home/airflow/.local/lib/python3.6/site-packages/airflow/example_dags/example_branch_python_dop_operator_3.py
[2024-06-26 00:51:30,391] {logging_mixin.py:104} INFO - [2024-06-26 00:51:30,390] {dag.py:1824} INFO - Sync 1 DAGs
[2024-06-26 00:51:30,790] {logging_mixin.py:104} INFO - [2024-06-26 00:51:30,790] {dag.py:2280} INFO - Setting next_dagrun for example_branch_dop_operator_v3 to 2024-06-24 00:00:00+00:00
[2024-06-26 00:51:30,890] {scheduler_job.py:190} INFO - Processing /home/airflow/.local/lib/python3.6/site-packages/airflow/example_dags/example_branch_python_dop_operator_3.py took 0.711 seconds
[2024-06-26 00:54:03,023] {scheduler_job.py:182} INFO - Started process (PID=2229) to work on /home/airflow/.local/lib/python3.6/site-packages/airflow/example_dags/example_branch_python_dop_operator_3.py
[2024-06-26 00:54:03,028] {scheduler_job.py:629} INFO - Processing file /home/airflow/.local/lib/python3.6/site-packages/airflow/example_dags/example_branch_python_dop_operator_3.py for tasks to queue
[2024-06-26 00:54:03,030] {logging_mixin.py:104} INFO - [2024-06-26 00:54:03,030] {dagbag.py:451} INFO - Filling up the DagBag from /home/airflow/.local/lib/python3.6/site-packages/airflow/example_dags/example_branch_python_dop_operator_3.py
[2024-06-26 00:54:03,077] {scheduler_job.py:639} INFO - DAG(s) dict_keys(['example_branch_dop_operator_v3']) retrieved from /home/airflow/.local/lib/python3.6/site-packages/airflow/example_dags/example_branch_python_dop_operator_3.py
[2024-06-26 00:54:03,200] {logging_mixin.py:104} INFO - [2024-06-26 00:54:03,200] {dag.py:1824} INFO - Sync 1 DAGs
[2024-06-26 00:54:03,309] {logging_mixin.py:104} INFO - [2024-06-26 00:54:03,308] {dag.py:2280} INFO - Setting next_dagrun for example_branch_dop_operator_v3 to 2024-06-24 00:00:00+00:00
[2024-06-26 00:54:03,344] {scheduler_job.py:190} INFO - Processing /home/airflow/.local/lib/python3.6/site-packages/airflow/example_dags/example_branch_python_dop_operator_3.py took 0.368 seconds
[2024-06-26 00:57:06,096] {scheduler_job.py:182} INFO - Started process (PID=2265) to work on /home/airflow/.local/lib/python3.6/site-packages/airflow/example_dags/example_branch_python_dop_operator_3.py
[2024-06-26 00:57:06,123] {scheduler_job.py:629} INFO - Processing file /home/airflow/.local/lib/python3.6/site-packages/airflow/example_dags/example_branch_python_dop_operator_3.py for tasks to queue
[2024-06-26 00:57:06,133] {logging_mixin.py:104} INFO - [2024-06-26 00:57:06,132] {dagbag.py:451} INFO - Filling up the DagBag from /home/airflow/.local/lib/python3.6/site-packages/airflow/example_dags/example_branch_python_dop_operator_3.py
[2024-06-26 00:57:06,359] {scheduler_job.py:639} INFO - DAG(s) dict_keys(['example_branch_dop_operator_v3']) retrieved from /home/airflow/.local/lib/python3.6/site-packages/airflow/example_dags/example_branch_python_dop_operator_3.py
[2024-06-26 00:57:06,834] {logging_mixin.py:104} INFO - [2024-06-26 00:57:06,834] {dag.py:1824} INFO - Sync 1 DAGs
[2024-06-26 00:57:07,719] {logging_mixin.py:104} INFO - [2024-06-26 00:57:07,718] {dag.py:2280} INFO - Setting next_dagrun for example_branch_dop_operator_v3 to 2024-06-24 00:00:00+00:00
[2024-06-26 00:57:07,837] {scheduler_job.py:190} INFO - Processing /home/airflow/.local/lib/python3.6/site-packages/airflow/example_dags/example_branch_python_dop_operator_3.py took 2.214 seconds
[2024-06-26 00:59:13,750] {scheduler_job.py:182} INFO - Started process (PID=2305) to work on /home/airflow/.local/lib/python3.6/site-packages/airflow/example_dags/example_branch_python_dop_operator_3.py
[2024-06-26 00:59:13,780] {scheduler_job.py:629} INFO - Processing file /home/airflow/.local/lib/python3.6/site-packages/airflow/example_dags/example_branch_python_dop_operator_3.py for tasks to queue
[2024-06-26 00:59:13,816] {logging_mixin.py:104} INFO - [2024-06-26 00:59:13,815] {dagbag.py:451} INFO - Filling up the DagBag from /home/airflow/.local/lib/python3.6/site-packages/airflow/example_dags/example_branch_python_dop_operator_3.py
[2024-06-26 00:59:13,935] {scheduler_job.py:639} INFO - DAG(s) dict_keys(['example_branch_dop_operator_v3']) retrieved from /home/airflow/.local/lib/python3.6/site-packages/airflow/example_dags/example_branch_python_dop_operator_3.py
[2024-06-26 00:59:14,673] {logging_mixin.py:104} INFO - [2024-06-26 00:59:14,656] {dag.py:1824} INFO - Sync 1 DAGs
[2024-06-26 00:59:14,987] {logging_mixin.py:104} INFO - [2024-06-26 00:59:14,982] {dag.py:2280} INFO - Setting next_dagrun for example_branch_dop_operator_v3 to 2024-06-24 00:00:00+00:00
[2024-06-26 00:59:15,086] {scheduler_job.py:190} INFO - Processing /home/airflow/.local/lib/python3.6/site-packages/airflow/example_dags/example_branch_python_dop_operator_3.py took 1.536 seconds
[2024-06-26 01:01:12,735] {scheduler_job.py:182} INFO - Started process (PID=2346) to work on /home/airflow/.local/lib/python3.6/site-packages/airflow/example_dags/example_branch_python_dop_operator_3.py
[2024-06-26 01:01:12,773] {scheduler_job.py:629} INFO - Processing file /home/airflow/.local/lib/python3.6/site-packages/airflow/example_dags/example_branch_python_dop_operator_3.py for tasks to queue
[2024-06-26 01:01:12,785] {logging_mixin.py:104} INFO - [2024-06-26 01:01:12,785] {dagbag.py:451} INFO - Filling up the DagBag from /home/airflow/.local/lib/python3.6/site-packages/airflow/example_dags/example_branch_python_dop_operator_3.py
[2024-06-26 01:01:12,962] {scheduler_job.py:639} INFO - DAG(s) dict_keys(['example_branch_dop_operator_v3']) retrieved from /home/airflow/.local/lib/python3.6/site-packages/airflow/example_dags/example_branch_python_dop_operator_3.py
[2024-06-26 01:01:13,210] {logging_mixin.py:104} INFO - [2024-06-26 01:01:13,210] {dag.py:1824} INFO - Sync 1 DAGs
[2024-06-26 01:01:13,455] {logging_mixin.py:104} INFO - [2024-06-26 01:01:13,455] {dag.py:2280} INFO - Setting next_dagrun for example_branch_dop_operator_v3 to 2024-06-24 00:00:00+00:00
[2024-06-26 01:01:13,576] {scheduler_job.py:190} INFO - Processing /home/airflow/.local/lib/python3.6/site-packages/airflow/example_dags/example_branch_python_dop_operator_3.py took 0.850 seconds
[2024-06-26 01:02:18,655] {scheduler_job.py:182} INFO - Started process (PID=2374) to work on /home/airflow/.local/lib/python3.6/site-packages/airflow/example_dags/example_branch_python_dop_operator_3.py
[2024-06-26 01:02:18,661] {scheduler_job.py:629} INFO - Processing file /home/airflow/.local/lib/python3.6/site-packages/airflow/example_dags/example_branch_python_dop_operator_3.py for tasks to queue
[2024-06-26 01:02:18,666] {logging_mixin.py:104} INFO - [2024-06-26 01:02:18,666] {dagbag.py:451} INFO - Filling up the DagBag from /home/airflow/.local/lib/python3.6/site-packages/airflow/example_dags/example_branch_python_dop_operator_3.py
[2024-06-26 01:02:18,957] {scheduler_job.py:639} INFO - DAG(s) dict_keys(['example_branch_dop_operator_v3']) retrieved from /home/airflow/.local/lib/python3.6/site-packages/airflow/example_dags/example_branch_python_dop_operator_3.py
[2024-06-26 01:02:19,515] {logging_mixin.py:104} INFO - [2024-06-26 01:02:19,515] {dag.py:1824} INFO - Sync 1 DAGs
[2024-06-26 01:02:19,769] {logging_mixin.py:104} INFO - [2024-06-26 01:02:19,764] {dag.py:2280} INFO - Setting next_dagrun for example_branch_dop_operator_v3 to 2024-06-24 00:00:00+00:00
[2024-06-26 01:02:20,048] {scheduler_job.py:190} INFO - Processing /home/airflow/.local/lib/python3.6/site-packages/airflow/example_dags/example_branch_python_dop_operator_3.py took 1.405 seconds
[2024-06-26 01:04:07,978] {scheduler_job.py:182} INFO - Started process (PID=2392) to work on /home/airflow/.local/lib/python3.6/site-packages/airflow/example_dags/example_branch_python_dop_operator_3.py
[2024-06-26 01:04:07,982] {scheduler_job.py:629} INFO - Processing file /home/airflow/.local/lib/python3.6/site-packages/airflow/example_dags/example_branch_python_dop_operator_3.py for tasks to queue
[2024-06-26 01:04:07,989] {logging_mixin.py:104} INFO - [2024-06-26 01:04:07,988] {dagbag.py:451} INFO - Filling up the DagBag from /home/airflow/.local/lib/python3.6/site-packages/airflow/example_dags/example_branch_python_dop_operator_3.py
[2024-06-26 01:04:08,196] {scheduler_job.py:639} INFO - DAG(s) dict_keys(['example_branch_dop_operator_v3']) retrieved from /home/airflow/.local/lib/python3.6/site-packages/airflow/example_dags/example_branch_python_dop_operator_3.py
[2024-06-26 01:04:08,905] {logging_mixin.py:104} INFO - [2024-06-26 01:04:08,904] {dag.py:1824} INFO - Sync 1 DAGs
[2024-06-26 01:04:09,813] {logging_mixin.py:104} INFO - [2024-06-26 01:04:09,768] {dag.py:2280} INFO - Setting next_dagrun for example_branch_dop_operator_v3 to 2024-06-24 00:00:00+00:00
[2024-06-26 01:04:10,059] {scheduler_job.py:190} INFO - Processing /home/airflow/.local/lib/python3.6/site-packages/airflow/example_dags/example_branch_python_dop_operator_3.py took 2.119 seconds
[2024-06-26 01:04:40,416] {scheduler_job.py:182} INFO - Started process (PID=2421) to work on /home/airflow/.local/lib/python3.6/site-packages/airflow/example_dags/example_branch_python_dop_operator_3.py
[2024-06-26 01:04:40,442] {scheduler_job.py:629} INFO - Processing file /home/airflow/.local/lib/python3.6/site-packages/airflow/example_dags/example_branch_python_dop_operator_3.py for tasks to queue
[2024-06-26 01:04:40,462] {logging_mixin.py:104} INFO - [2024-06-26 01:04:40,461] {dagbag.py:451} INFO - Filling up the DagBag from /home/airflow/.local/lib/python3.6/site-packages/airflow/example_dags/example_branch_python_dop_operator_3.py
[2024-06-26 01:04:40,537] {scheduler_job.py:639} INFO - DAG(s) dict_keys(['example_branch_dop_operator_v3']) retrieved from /home/airflow/.local/lib/python3.6/site-packages/airflow/example_dags/example_branch_python_dop_operator_3.py
[2024-06-26 01:04:40,648] {logging_mixin.py:104} INFO - [2024-06-26 01:04:40,648] {dag.py:1824} INFO - Sync 1 DAGs
[2024-06-26 01:04:40,866] {logging_mixin.py:104} INFO - [2024-06-26 01:04:40,866] {dag.py:2280} INFO - Setting next_dagrun for example_branch_dop_operator_v3 to 2024-06-24 00:00:00+00:00
[2024-06-26 01:04:40,908] {scheduler_job.py:190} INFO - Processing /home/airflow/.local/lib/python3.6/site-packages/airflow/example_dags/example_branch_python_dop_operator_3.py took 0.546 seconds
[2024-06-26 01:06:14,489] {scheduler_job.py:182} INFO - Started process (PID=2448) to work on /home/airflow/.local/lib/python3.6/site-packages/airflow/example_dags/example_branch_python_dop_operator_3.py
[2024-06-26 01:06:14,496] {scheduler_job.py:629} INFO - Processing file /home/airflow/.local/lib/python3.6/site-packages/airflow/example_dags/example_branch_python_dop_operator_3.py for tasks to queue
[2024-06-26 01:06:14,501] {logging_mixin.py:104} INFO - [2024-06-26 01:06:14,500] {dagbag.py:451} INFO - Filling up the DagBag from /home/airflow/.local/lib/python3.6/site-packages/airflow/example_dags/example_branch_python_dop_operator_3.py
[2024-06-26 01:06:14,546] {scheduler_job.py:639} INFO - DAG(s) dict_keys(['example_branch_dop_operator_v3']) retrieved from /home/airflow/.local/lib/python3.6/site-packages/airflow/example_dags/example_branch_python_dop_operator_3.py
[2024-06-26 01:06:14,705] {logging_mixin.py:104} INFO - [2024-06-26 01:06:14,704] {dag.py:1824} INFO - Sync 1 DAGs
[2024-06-26 01:06:14,935] {logging_mixin.py:104} INFO - [2024-06-26 01:06:14,935] {dag.py:2280} INFO - Setting next_dagrun for example_branch_dop_operator_v3 to 2024-06-24 00:00:00+00:00
[2024-06-26 01:06:14,973] {scheduler_job.py:190} INFO - Processing /home/airflow/.local/lib/python3.6/site-packages/airflow/example_dags/example_branch_python_dop_operator_3.py took 0.491 seconds
[2024-06-26 01:13:57,102] {scheduler_job.py:182} INFO - Started process (PID=38) to work on /home/airflow/.local/lib/python3.6/site-packages/airflow/example_dags/example_branch_python_dop_operator_3.py
[2024-06-26 01:13:57,171] {scheduler_job.py:629} INFO - Processing file /home/airflow/.local/lib/python3.6/site-packages/airflow/example_dags/example_branch_python_dop_operator_3.py for tasks to queue
[2024-06-26 01:13:57,190] {logging_mixin.py:104} INFO - [2024-06-26 01:13:57,190] {dagbag.py:451} INFO - Filling up the DagBag from /home/airflow/.local/lib/python3.6/site-packages/airflow/example_dags/example_branch_python_dop_operator_3.py
[2024-06-26 01:13:57,336] {scheduler_job.py:639} INFO - DAG(s) dict_keys(['example_branch_dop_operator_v3']) retrieved from /home/airflow/.local/lib/python3.6/site-packages/airflow/example_dags/example_branch_python_dop_operator_3.py
[2024-06-26 01:13:57,908] {logging_mixin.py:104} INFO - [2024-06-26 01:13:57,908] {dag.py:1824} INFO - Sync 1 DAGs
[2024-06-26 01:13:58,481] {logging_mixin.py:104} INFO - [2024-06-26 01:13:58,481] {dag.py:2280} INFO - Setting next_dagrun for example_branch_dop_operator_v3 to 2024-06-24 00:00:00+00:00
[2024-06-26 01:13:58,760] {scheduler_job.py:190} INFO - Processing /home/airflow/.local/lib/python3.6/site-packages/airflow/example_dags/example_branch_python_dop_operator_3.py took 1.804 seconds
[2024-06-26 01:14:28,969] {scheduler_job.py:182} INFO - Started process (PID=65) to work on /home/airflow/.local/lib/python3.6/site-packages/airflow/example_dags/example_branch_python_dop_operator_3.py
[2024-06-26 01:14:28,973] {scheduler_job.py:629} INFO - Processing file /home/airflow/.local/lib/python3.6/site-packages/airflow/example_dags/example_branch_python_dop_operator_3.py for tasks to queue
[2024-06-26 01:14:28,976] {logging_mixin.py:104} INFO - [2024-06-26 01:14:28,976] {dagbag.py:451} INFO - Filling up the DagBag from /home/airflow/.local/lib/python3.6/site-packages/airflow/example_dags/example_branch_python_dop_operator_3.py
[2024-06-26 01:14:29,076] {scheduler_job.py:639} INFO - DAG(s) dict_keys(['example_branch_dop_operator_v3']) retrieved from /home/airflow/.local/lib/python3.6/site-packages/airflow/example_dags/example_branch_python_dop_operator_3.py
[2024-06-26 01:14:29,181] {logging_mixin.py:104} INFO - [2024-06-26 01:14:29,181] {dag.py:1824} INFO - Sync 1 DAGs
[2024-06-26 01:14:29,321] {logging_mixin.py:104} INFO - [2024-06-26 01:14:29,320] {dag.py:2280} INFO - Setting next_dagrun for example_branch_dop_operator_v3 to 2024-06-24 00:00:00+00:00
[2024-06-26 01:14:29,358] {scheduler_job.py:190} INFO - Processing /home/airflow/.local/lib/python3.6/site-packages/airflow/example_dags/example_branch_python_dop_operator_3.py took 0.404 seconds
[2024-06-26 01:14:59,830] {scheduler_job.py:182} INFO - Started process (PID=93) to work on /home/airflow/.local/lib/python3.6/site-packages/airflow/example_dags/example_branch_python_dop_operator_3.py
[2024-06-26 01:14:59,835] {scheduler_job.py:629} INFO - Processing file /home/airflow/.local/lib/python3.6/site-packages/airflow/example_dags/example_branch_python_dop_operator_3.py for tasks to queue
[2024-06-26 01:14:59,844] {logging_mixin.py:104} INFO - [2024-06-26 01:14:59,844] {dagbag.py:451} INFO - Filling up the DagBag from /home/airflow/.local/lib/python3.6/site-packages/airflow/example_dags/example_branch_python_dop_operator_3.py
[2024-06-26 01:14:59,894] {scheduler_job.py:639} INFO - DAG(s) dict_keys(['example_branch_dop_operator_v3']) retrieved from /home/airflow/.local/lib/python3.6/site-packages/airflow/example_dags/example_branch_python_dop_operator_3.py
[2024-06-26 01:15:00,197] {logging_mixin.py:104} INFO - [2024-06-26 01:15:00,191] {dag.py:1824} INFO - Sync 1 DAGs
[2024-06-26 01:15:00,584] {logging_mixin.py:104} INFO - [2024-06-26 01:15:00,583] {dag.py:2280} INFO - Setting next_dagrun for example_branch_dop_operator_v3 to 2024-06-24 00:00:00+00:00
[2024-06-26 01:15:00,628] {scheduler_job.py:190} INFO - Processing /home/airflow/.local/lib/python3.6/site-packages/airflow/example_dags/example_branch_python_dop_operator_3.py took 0.816 seconds
[2024-06-26 01:17:12,968] {scheduler_job.py:182} INFO - Started process (PID=122) to work on /home/airflow/.local/lib/python3.6/site-packages/airflow/example_dags/example_branch_python_dop_operator_3.py
[2024-06-26 01:17:12,971] {scheduler_job.py:629} INFO - Processing file /home/airflow/.local/lib/python3.6/site-packages/airflow/example_dags/example_branch_python_dop_operator_3.py for tasks to queue
[2024-06-26 01:17:12,972] {logging_mixin.py:104} INFO - [2024-06-26 01:17:12,972] {dagbag.py:451} INFO - Filling up the DagBag from /home/airflow/.local/lib/python3.6/site-packages/airflow/example_dags/example_branch_python_dop_operator_3.py
[2024-06-26 01:17:13,052] {scheduler_job.py:639} INFO - DAG(s) dict_keys(['example_branch_dop_operator_v3']) retrieved from /home/airflow/.local/lib/python3.6/site-packages/airflow/example_dags/example_branch_python_dop_operator_3.py
[2024-06-26 01:17:13,360] {logging_mixin.py:104} INFO - [2024-06-26 01:17:13,360] {dag.py:1824} INFO - Sync 1 DAGs
[2024-06-26 01:17:13,734] {logging_mixin.py:104} INFO - [2024-06-26 01:17:13,734] {dag.py:2280} INFO - Setting next_dagrun for example_branch_dop_operator_v3 to 2024-06-24 00:00:00+00:00
[2024-06-26 01:17:13,923] {scheduler_job.py:190} INFO - Processing /home/airflow/.local/lib/python3.6/site-packages/airflow/example_dags/example_branch_python_dop_operator_3.py took 0.964 seconds
[2024-06-26 01:17:44,352] {scheduler_job.py:182} INFO - Started process (PID=149) to work on /home/airflow/.local/lib/python3.6/site-packages/airflow/example_dags/example_branch_python_dop_operator_3.py
[2024-06-26 01:17:44,362] {scheduler_job.py:629} INFO - Processing file /home/airflow/.local/lib/python3.6/site-packages/airflow/example_dags/example_branch_python_dop_operator_3.py for tasks to queue
[2024-06-26 01:17:44,366] {logging_mixin.py:104} INFO - [2024-06-26 01:17:44,365] {dagbag.py:451} INFO - Filling up the DagBag from /home/airflow/.local/lib/python3.6/site-packages/airflow/example_dags/example_branch_python_dop_operator_3.py
[2024-06-26 01:17:44,527] {scheduler_job.py:639} INFO - DAG(s) dict_keys(['example_branch_dop_operator_v3']) retrieved from /home/airflow/.local/lib/python3.6/site-packages/airflow/example_dags/example_branch_python_dop_operator_3.py
[2024-06-26 01:17:44,649] {logging_mixin.py:104} INFO - [2024-06-26 01:17:44,648] {dag.py:1824} INFO - Sync 1 DAGs
[2024-06-26 01:17:44,937] {logging_mixin.py:104} INFO - [2024-06-26 01:17:44,937] {dag.py:2280} INFO - Setting next_dagrun for example_branch_dop_operator_v3 to 2024-06-24 00:00:00+00:00
[2024-06-26 01:17:44,994] {scheduler_job.py:190} INFO - Processing /home/airflow/.local/lib/python3.6/site-packages/airflow/example_dags/example_branch_python_dop_operator_3.py took 0.658 seconds
[2024-06-26 01:18:24,228] {scheduler_job.py:182} INFO - Started process (PID=177) to work on /home/airflow/.local/lib/python3.6/site-packages/airflow/example_dags/example_branch_python_dop_operator_3.py
[2024-06-26 01:18:24,235] {scheduler_job.py:629} INFO - Processing file /home/airflow/.local/lib/python3.6/site-packages/airflow/example_dags/example_branch_python_dop_operator_3.py for tasks to queue
[2024-06-26 01:18:24,239] {logging_mixin.py:104} INFO - [2024-06-26 01:18:24,238] {dagbag.py:451} INFO - Filling up the DagBag from /home/airflow/.local/lib/python3.6/site-packages/airflow/example_dags/example_branch_python_dop_operator_3.py
[2024-06-26 01:18:24,516] {scheduler_job.py:639} INFO - DAG(s) dict_keys(['example_branch_dop_operator_v3']) retrieved from /home/airflow/.local/lib/python3.6/site-packages/airflow/example_dags/example_branch_python_dop_operator_3.py
[2024-06-26 01:18:24,662] {logging_mixin.py:104} INFO - [2024-06-26 01:18:24,661] {dag.py:1824} INFO - Sync 1 DAGs
[2024-06-26 01:18:24,872] {logging_mixin.py:104} INFO - [2024-06-26 01:18:24,868] {dag.py:2280} INFO - Setting next_dagrun for example_branch_dop_operator_v3 to 2024-06-24 00:00:00+00:00
[2024-06-26 01:18:25,056] {scheduler_job.py:190} INFO - Processing /home/airflow/.local/lib/python3.6/site-packages/airflow/example_dags/example_branch_python_dop_operator_3.py took 0.866 seconds
[2024-06-26 01:19:16,997] {scheduler_job.py:182} INFO - Started process (PID=196) to work on /home/airflow/.local/lib/python3.6/site-packages/airflow/example_dags/example_branch_python_dop_operator_3.py
[2024-06-26 01:19:17,053] {scheduler_job.py:629} INFO - Processing file /home/airflow/.local/lib/python3.6/site-packages/airflow/example_dags/example_branch_python_dop_operator_3.py for tasks to queue
[2024-06-26 01:19:17,109] {logging_mixin.py:104} INFO - [2024-06-26 01:19:17,108] {dagbag.py:451} INFO - Filling up the DagBag from /home/airflow/.local/lib/python3.6/site-packages/airflow/example_dags/example_branch_python_dop_operator_3.py
[2024-06-26 01:19:17,382] {scheduler_job.py:639} INFO - DAG(s) dict_keys(['example_branch_dop_operator_v3']) retrieved from /home/airflow/.local/lib/python3.6/site-packages/airflow/example_dags/example_branch_python_dop_operator_3.py
[2024-06-26 01:19:17,805] {logging_mixin.py:104} INFO - [2024-06-26 01:19:17,805] {dag.py:1824} INFO - Sync 1 DAGs
[2024-06-26 01:19:18,919] {logging_mixin.py:104} INFO - [2024-06-26 01:19:18,919] {dag.py:2280} INFO - Setting next_dagrun for example_branch_dop_operator_v3 to 2024-06-24 00:00:00+00:00
[2024-06-26 01:19:21,637] {scheduler_job.py:190} INFO - Processing /home/airflow/.local/lib/python3.6/site-packages/airflow/example_dags/example_branch_python_dop_operator_3.py took 4.771 seconds
[2024-06-26 01:19:54,002] {scheduler_job.py:182} INFO - Started process (PID=224) to work on /home/airflow/.local/lib/python3.6/site-packages/airflow/example_dags/example_branch_python_dop_operator_3.py
[2024-06-26 01:19:54,005] {scheduler_job.py:629} INFO - Processing file /home/airflow/.local/lib/python3.6/site-packages/airflow/example_dags/example_branch_python_dop_operator_3.py for tasks to queue
[2024-06-26 01:19:54,009] {logging_mixin.py:104} INFO - [2024-06-26 01:19:54,008] {dagbag.py:451} INFO - Filling up the DagBag from /home/airflow/.local/lib/python3.6/site-packages/airflow/example_dags/example_branch_python_dop_operator_3.py
[2024-06-26 01:19:54,066] {scheduler_job.py:639} INFO - DAG(s) dict_keys(['example_branch_dop_operator_v3']) retrieved from /home/airflow/.local/lib/python3.6/site-packages/airflow/example_dags/example_branch_python_dop_operator_3.py
[2024-06-26 01:19:54,231] {logging_mixin.py:104} INFO - [2024-06-26 01:19:54,230] {dag.py:1824} INFO - Sync 1 DAGs
[2024-06-26 01:19:54,658] {logging_mixin.py:104} INFO - [2024-06-26 01:19:54,657] {dag.py:2280} INFO - Setting next_dagrun for example_branch_dop_operator_v3 to 2024-06-24 00:00:00+00:00
[2024-06-26 01:19:54,705] {scheduler_job.py:190} INFO - Processing /home/airflow/.local/lib/python3.6/site-packages/airflow/example_dags/example_branch_python_dop_operator_3.py took 0.709 seconds
