[2024-06-26 00:01:01,741] {scheduler_job.py:182} INFO - Started process (PID=1010) to work on /home/airflow/.local/lib/python3.6/site-packages/airflow/example_dags/example_xcomargs.py
[2024-06-26 00:01:01,747] {scheduler_job.py:629} INFO - Processing file /home/airflow/.local/lib/python3.6/site-packages/airflow/example_dags/example_xcomargs.py for tasks to queue
[2024-06-26 00:01:01,751] {logging_mixin.py:104} INFO - [2024-06-26 00:01:01,750] {dagbag.py:451} INFO - Filling up the DagBag from /home/airflow/.local/lib/python3.6/site-packages/airflow/example_dags/example_xcomargs.py
[2024-06-26 00:01:02,810] {scheduler_job.py:639} INFO - DAG(s) dict_keys(['example_xcom_args', 'example_xcom_args_with_operators']) retrieved from /home/airflow/.local/lib/python3.6/site-packages/airflow/example_dags/example_xcomargs.py
[2024-06-26 00:01:05,030] {logging_mixin.py:104} INFO - [2024-06-26 00:01:05,029] {dag.py:1824} INFO - Sync 2 DAGs
[2024-06-26 00:01:05,167] {logging_mixin.py:104} INFO - [2024-06-26 00:01:05,167] {dag.py:2280} INFO - Setting next_dagrun for example_xcom_args to None
[2024-06-26 00:01:05,173] {logging_mixin.py:104} INFO - [2024-06-26 00:01:05,173] {dag.py:2280} INFO - Setting next_dagrun for example_xcom_args_with_operators to None
[2024-06-26 00:01:05,404] {scheduler_job.py:190} INFO - Processing /home/airflow/.local/lib/python3.6/site-packages/airflow/example_dags/example_xcomargs.py took 3.721 seconds
[2024-06-26 00:01:36,161] {scheduler_job.py:182} INFO - Started process (PID=1043) to work on /home/airflow/.local/lib/python3.6/site-packages/airflow/example_dags/example_xcomargs.py
[2024-06-26 00:01:36,172] {scheduler_job.py:629} INFO - Processing file /home/airflow/.local/lib/python3.6/site-packages/airflow/example_dags/example_xcomargs.py for tasks to queue
[2024-06-26 00:01:36,178] {logging_mixin.py:104} INFO - [2024-06-26 00:01:36,178] {dagbag.py:451} INFO - Filling up the DagBag from /home/airflow/.local/lib/python3.6/site-packages/airflow/example_dags/example_xcomargs.py
[2024-06-26 00:01:37,515] {scheduler_job.py:639} INFO - DAG(s) dict_keys(['example_xcom_args', 'example_xcom_args_with_operators']) retrieved from /home/airflow/.local/lib/python3.6/site-packages/airflow/example_dags/example_xcomargs.py
[2024-06-26 00:01:38,195] {logging_mixin.py:104} INFO - [2024-06-26 00:01:38,195] {dag.py:1824} INFO - Sync 2 DAGs
[2024-06-26 00:01:38,426] {logging_mixin.py:104} INFO - [2024-06-26 00:01:38,426] {dag.py:2280} INFO - Setting next_dagrun for example_xcom_args to None
[2024-06-26 00:01:38,432] {logging_mixin.py:104} INFO - [2024-06-26 00:01:38,432] {dag.py:2280} INFO - Setting next_dagrun for example_xcom_args_with_operators to None
[2024-06-26 00:01:38,738] {scheduler_job.py:190} INFO - Processing /home/airflow/.local/lib/python3.6/site-packages/airflow/example_dags/example_xcomargs.py took 2.617 seconds
[2024-06-26 00:02:41,640] {scheduler_job.py:182} INFO - Started process (PID=1073) to work on /home/airflow/.local/lib/python3.6/site-packages/airflow/example_dags/example_xcomargs.py
[2024-06-26 00:02:41,643] {scheduler_job.py:629} INFO - Processing file /home/airflow/.local/lib/python3.6/site-packages/airflow/example_dags/example_xcomargs.py for tasks to queue
[2024-06-26 00:02:41,646] {logging_mixin.py:104} INFO - [2024-06-26 00:02:41,645] {dagbag.py:451} INFO - Filling up the DagBag from /home/airflow/.local/lib/python3.6/site-packages/airflow/example_dags/example_xcomargs.py
[2024-06-26 00:02:41,769] {scheduler_job.py:639} INFO - DAG(s) dict_keys(['example_xcom_args', 'example_xcom_args_with_operators']) retrieved from /home/airflow/.local/lib/python3.6/site-packages/airflow/example_dags/example_xcomargs.py
[2024-06-26 00:02:42,025] {logging_mixin.py:104} INFO - [2024-06-26 00:02:42,025] {dag.py:1824} INFO - Sync 2 DAGs
[2024-06-26 00:02:42,124] {logging_mixin.py:104} INFO - [2024-06-26 00:02:42,124] {dag.py:2280} INFO - Setting next_dagrun for example_xcom_args to None
[2024-06-26 00:02:42,155] {logging_mixin.py:104} INFO - [2024-06-26 00:02:42,155] {dag.py:2280} INFO - Setting next_dagrun for example_xcom_args_with_operators to None
[2024-06-26 00:02:42,279] {scheduler_job.py:190} INFO - Processing /home/airflow/.local/lib/python3.6/site-packages/airflow/example_dags/example_xcomargs.py took 0.649 seconds
[2024-06-26 00:03:14,264] {scheduler_job.py:182} INFO - Started process (PID=1100) to work on /home/airflow/.local/lib/python3.6/site-packages/airflow/example_dags/example_xcomargs.py
[2024-06-26 00:03:14,311] {scheduler_job.py:629} INFO - Processing file /home/airflow/.local/lib/python3.6/site-packages/airflow/example_dags/example_xcomargs.py for tasks to queue
[2024-06-26 00:03:14,324] {logging_mixin.py:104} INFO - [2024-06-26 00:03:14,320] {dagbag.py:451} INFO - Filling up the DagBag from /home/airflow/.local/lib/python3.6/site-packages/airflow/example_dags/example_xcomargs.py
[2024-06-26 00:03:15,003] {scheduler_job.py:639} INFO - DAG(s) dict_keys(['example_xcom_args', 'example_xcom_args_with_operators']) retrieved from /home/airflow/.local/lib/python3.6/site-packages/airflow/example_dags/example_xcomargs.py
[2024-06-26 00:03:15,798] {logging_mixin.py:104} INFO - [2024-06-26 00:03:15,797] {dag.py:1824} INFO - Sync 2 DAGs
[2024-06-26 00:03:16,148] {logging_mixin.py:104} INFO - [2024-06-26 00:03:16,117] {dag.py:2280} INFO - Setting next_dagrun for example_xcom_args to None
[2024-06-26 00:03:16,158] {logging_mixin.py:104} INFO - [2024-06-26 00:03:16,155] {dag.py:2280} INFO - Setting next_dagrun for example_xcom_args_with_operators to None
[2024-06-26 00:03:16,579] {scheduler_job.py:190} INFO - Processing /home/airflow/.local/lib/python3.6/site-packages/airflow/example_dags/example_xcomargs.py took 2.390 seconds
[2024-06-26 00:04:20,282] {scheduler_job.py:182} INFO - Started process (PID=1147) to work on /home/airflow/.local/lib/python3.6/site-packages/airflow/example_dags/example_xcomargs.py
[2024-06-26 00:04:20,287] {scheduler_job.py:629} INFO - Processing file /home/airflow/.local/lib/python3.6/site-packages/airflow/example_dags/example_xcomargs.py for tasks to queue
[2024-06-26 00:04:20,289] {logging_mixin.py:104} INFO - [2024-06-26 00:04:20,289] {dagbag.py:451} INFO - Filling up the DagBag from /home/airflow/.local/lib/python3.6/site-packages/airflow/example_dags/example_xcomargs.py
[2024-06-26 00:04:20,334] {scheduler_job.py:639} INFO - DAG(s) dict_keys(['example_xcom_args', 'example_xcom_args_with_operators']) retrieved from /home/airflow/.local/lib/python3.6/site-packages/airflow/example_dags/example_xcomargs.py
[2024-06-26 00:04:20,545] {logging_mixin.py:104} INFO - [2024-06-26 00:04:20,545] {dag.py:1824} INFO - Sync 2 DAGs
[2024-06-26 00:04:20,579] {logging_mixin.py:104} INFO - [2024-06-26 00:04:20,579] {dag.py:2280} INFO - Setting next_dagrun for example_xcom_args to None
[2024-06-26 00:04:20,588] {logging_mixin.py:104} INFO - [2024-06-26 00:04:20,587] {dag.py:2280} INFO - Setting next_dagrun for example_xcom_args_with_operators to None
[2024-06-26 00:04:20,755] {scheduler_job.py:190} INFO - Processing /home/airflow/.local/lib/python3.6/site-packages/airflow/example_dags/example_xcomargs.py took 0.489 seconds
[2024-06-26 00:04:52,013] {scheduler_job.py:182} INFO - Started process (PID=1175) to work on /home/airflow/.local/lib/python3.6/site-packages/airflow/example_dags/example_xcomargs.py
[2024-06-26 00:04:52,026] {scheduler_job.py:629} INFO - Processing file /home/airflow/.local/lib/python3.6/site-packages/airflow/example_dags/example_xcomargs.py for tasks to queue
[2024-06-26 00:04:52,034] {logging_mixin.py:104} INFO - [2024-06-26 00:04:52,033] {dagbag.py:451} INFO - Filling up the DagBag from /home/airflow/.local/lib/python3.6/site-packages/airflow/example_dags/example_xcomargs.py
[2024-06-26 00:04:52,093] {scheduler_job.py:639} INFO - DAG(s) dict_keys(['example_xcom_args', 'example_xcom_args_with_operators']) retrieved from /home/airflow/.local/lib/python3.6/site-packages/airflow/example_dags/example_xcomargs.py
[2024-06-26 00:04:52,260] {logging_mixin.py:104} INFO - [2024-06-26 00:04:52,260] {dag.py:1824} INFO - Sync 2 DAGs
[2024-06-26 00:04:52,299] {logging_mixin.py:104} INFO - [2024-06-26 00:04:52,299] {dag.py:2280} INFO - Setting next_dagrun for example_xcom_args to None
[2024-06-26 00:04:52,302] {logging_mixin.py:104} INFO - [2024-06-26 00:04:52,301] {dag.py:2280} INFO - Setting next_dagrun for example_xcom_args_with_operators to None
[2024-06-26 00:04:52,350] {scheduler_job.py:190} INFO - Processing /home/airflow/.local/lib/python3.6/site-packages/airflow/example_dags/example_xcomargs.py took 0.344 seconds
[2024-06-26 00:05:25,030] {scheduler_job.py:182} INFO - Started process (PID=1200) to work on /home/airflow/.local/lib/python3.6/site-packages/airflow/example_dags/example_xcomargs.py
[2024-06-26 00:05:25,037] {scheduler_job.py:629} INFO - Processing file /home/airflow/.local/lib/python3.6/site-packages/airflow/example_dags/example_xcomargs.py for tasks to queue
[2024-06-26 00:05:25,042] {logging_mixin.py:104} INFO - [2024-06-26 00:05:25,042] {dagbag.py:451} INFO - Filling up the DagBag from /home/airflow/.local/lib/python3.6/site-packages/airflow/example_dags/example_xcomargs.py
[2024-06-26 00:05:25,458] {scheduler_job.py:639} INFO - DAG(s) dict_keys(['example_xcom_args', 'example_xcom_args_with_operators']) retrieved from /home/airflow/.local/lib/python3.6/site-packages/airflow/example_dags/example_xcomargs.py
[2024-06-26 00:05:26,188] {logging_mixin.py:104} INFO - [2024-06-26 00:05:26,188] {dag.py:1824} INFO - Sync 2 DAGs
[2024-06-26 00:05:26,414] {logging_mixin.py:104} INFO - [2024-06-26 00:05:26,413] {dag.py:2280} INFO - Setting next_dagrun for example_xcom_args to None
[2024-06-26 00:05:26,437] {logging_mixin.py:104} INFO - [2024-06-26 00:05:26,436] {dag.py:2280} INFO - Setting next_dagrun for example_xcom_args_with_operators to None
[2024-06-26 00:05:26,694] {scheduler_job.py:190} INFO - Processing /home/airflow/.local/lib/python3.6/site-packages/airflow/example_dags/example_xcomargs.py took 1.682 seconds
[2024-06-26 00:07:56,101] {scheduler_job.py:182} INFO - Started process (PID=1239) to work on /home/airflow/.local/lib/python3.6/site-packages/airflow/example_dags/example_xcomargs.py
[2024-06-26 00:07:56,107] {scheduler_job.py:629} INFO - Processing file /home/airflow/.local/lib/python3.6/site-packages/airflow/example_dags/example_xcomargs.py for tasks to queue
[2024-06-26 00:07:56,110] {logging_mixin.py:104} INFO - [2024-06-26 00:07:56,109] {dagbag.py:451} INFO - Filling up the DagBag from /home/airflow/.local/lib/python3.6/site-packages/airflow/example_dags/example_xcomargs.py
[2024-06-26 00:07:56,142] {scheduler_job.py:639} INFO - DAG(s) dict_keys(['example_xcom_args', 'example_xcom_args_with_operators']) retrieved from /home/airflow/.local/lib/python3.6/site-packages/airflow/example_dags/example_xcomargs.py
[2024-06-26 00:07:56,256] {logging_mixin.py:104} INFO - [2024-06-26 00:07:56,256] {dag.py:1824} INFO - Sync 2 DAGs
[2024-06-26 00:07:56,292] {logging_mixin.py:104} INFO - [2024-06-26 00:07:56,292] {dag.py:2280} INFO - Setting next_dagrun for example_xcom_args to None
[2024-06-26 00:07:56,295] {logging_mixin.py:104} INFO - [2024-06-26 00:07:56,294] {dag.py:2280} INFO - Setting next_dagrun for example_xcom_args_with_operators to None
[2024-06-26 00:07:56,329] {scheduler_job.py:190} INFO - Processing /home/airflow/.local/lib/python3.6/site-packages/airflow/example_dags/example_xcomargs.py took 0.238 seconds
[2024-06-26 00:09:51,912] {scheduler_job.py:182} INFO - Started process (PID=1269) to work on /home/airflow/.local/lib/python3.6/site-packages/airflow/example_dags/example_xcomargs.py
[2024-06-26 00:09:51,914] {scheduler_job.py:629} INFO - Processing file /home/airflow/.local/lib/python3.6/site-packages/airflow/example_dags/example_xcomargs.py for tasks to queue
[2024-06-26 00:09:51,916] {logging_mixin.py:104} INFO - [2024-06-26 00:09:51,916] {dagbag.py:451} INFO - Filling up the DagBag from /home/airflow/.local/lib/python3.6/site-packages/airflow/example_dags/example_xcomargs.py
[2024-06-26 00:09:51,978] {scheduler_job.py:639} INFO - DAG(s) dict_keys(['example_xcom_args', 'example_xcom_args_with_operators']) retrieved from /home/airflow/.local/lib/python3.6/site-packages/airflow/example_dags/example_xcomargs.py
[2024-06-26 00:09:52,109] {logging_mixin.py:104} INFO - [2024-06-26 00:09:52,109] {dag.py:1824} INFO - Sync 2 DAGs
[2024-06-26 00:09:52,180] {logging_mixin.py:104} INFO - [2024-06-26 00:09:52,180] {dag.py:2280} INFO - Setting next_dagrun for example_xcom_args to None
[2024-06-26 00:09:52,187] {logging_mixin.py:104} INFO - [2024-06-26 00:09:52,187] {dag.py:2280} INFO - Setting next_dagrun for example_xcom_args_with_operators to None
[2024-06-26 00:09:52,243] {scheduler_job.py:190} INFO - Processing /home/airflow/.local/lib/python3.6/site-packages/airflow/example_dags/example_xcomargs.py took 0.338 seconds
[2024-06-26 00:10:23,430] {scheduler_job.py:182} INFO - Started process (PID=1295) to work on /home/airflow/.local/lib/python3.6/site-packages/airflow/example_dags/example_xcomargs.py
[2024-06-26 00:10:23,433] {scheduler_job.py:629} INFO - Processing file /home/airflow/.local/lib/python3.6/site-packages/airflow/example_dags/example_xcomargs.py for tasks to queue
[2024-06-26 00:10:23,435] {logging_mixin.py:104} INFO - [2024-06-26 00:10:23,435] {dagbag.py:451} INFO - Filling up the DagBag from /home/airflow/.local/lib/python3.6/site-packages/airflow/example_dags/example_xcomargs.py
[2024-06-26 00:10:23,481] {scheduler_job.py:639} INFO - DAG(s) dict_keys(['example_xcom_args', 'example_xcom_args_with_operators']) retrieved from /home/airflow/.local/lib/python3.6/site-packages/airflow/example_dags/example_xcomargs.py
[2024-06-26 00:10:23,547] {logging_mixin.py:104} INFO - [2024-06-26 00:10:23,546] {dag.py:1824} INFO - Sync 2 DAGs
[2024-06-26 00:10:23,582] {logging_mixin.py:104} INFO - [2024-06-26 00:10:23,582] {dag.py:2280} INFO - Setting next_dagrun for example_xcom_args to None
[2024-06-26 00:10:23,584] {logging_mixin.py:104} INFO - [2024-06-26 00:10:23,584] {dag.py:2280} INFO - Setting next_dagrun for example_xcom_args_with_operators to None
[2024-06-26 00:10:23,624] {scheduler_job.py:190} INFO - Processing /home/airflow/.local/lib/python3.6/site-packages/airflow/example_dags/example_xcomargs.py took 0.210 seconds
[2024-06-26 00:13:21,518] {scheduler_job.py:182} INFO - Started process (PID=1349) to work on /home/airflow/.local/lib/python3.6/site-packages/airflow/example_dags/example_xcomargs.py
[2024-06-26 00:13:21,522] {scheduler_job.py:629} INFO - Processing file /home/airflow/.local/lib/python3.6/site-packages/airflow/example_dags/example_xcomargs.py for tasks to queue
[2024-06-26 00:13:21,524] {logging_mixin.py:104} INFO - [2024-06-26 00:13:21,524] {dagbag.py:451} INFO - Filling up the DagBag from /home/airflow/.local/lib/python3.6/site-packages/airflow/example_dags/example_xcomargs.py
[2024-06-26 00:13:21,585] {scheduler_job.py:639} INFO - DAG(s) dict_keys(['example_xcom_args', 'example_xcom_args_with_operators']) retrieved from /home/airflow/.local/lib/python3.6/site-packages/airflow/example_dags/example_xcomargs.py
[2024-06-26 00:13:21,698] {logging_mixin.py:104} INFO - [2024-06-26 00:13:21,698] {dag.py:1824} INFO - Sync 2 DAGs
[2024-06-26 00:13:21,846] {logging_mixin.py:104} INFO - [2024-06-26 00:13:21,846] {dag.py:2280} INFO - Setting next_dagrun for example_xcom_args to None
[2024-06-26 00:13:21,850] {logging_mixin.py:104} INFO - [2024-06-26 00:13:21,850] {dag.py:2280} INFO - Setting next_dagrun for example_xcom_args_with_operators to None
[2024-06-26 00:13:21,882] {scheduler_job.py:190} INFO - Processing /home/airflow/.local/lib/python3.6/site-packages/airflow/example_dags/example_xcomargs.py took 0.376 seconds
[2024-06-26 00:18:00,934] {scheduler_job.py:182} INFO - Started process (PID=1414) to work on /home/airflow/.local/lib/python3.6/site-packages/airflow/example_dags/example_xcomargs.py
[2024-06-26 00:18:00,947] {scheduler_job.py:629} INFO - Processing file /home/airflow/.local/lib/python3.6/site-packages/airflow/example_dags/example_xcomargs.py for tasks to queue
[2024-06-26 00:18:00,952] {logging_mixin.py:104} INFO - [2024-06-26 00:18:00,950] {dagbag.py:451} INFO - Filling up the DagBag from /home/airflow/.local/lib/python3.6/site-packages/airflow/example_dags/example_xcomargs.py
[2024-06-26 00:18:01,048] {scheduler_job.py:639} INFO - DAG(s) dict_keys(['example_xcom_args', 'example_xcom_args_with_operators']) retrieved from /home/airflow/.local/lib/python3.6/site-packages/airflow/example_dags/example_xcomargs.py
[2024-06-26 00:18:02,478] {logging_mixin.py:104} INFO - [2024-06-26 00:18:02,461] {dag.py:1824} INFO - Sync 2 DAGs
[2024-06-26 00:18:03,185] {logging_mixin.py:104} INFO - [2024-06-26 00:18:03,087] {dag.py:2280} INFO - Setting next_dagrun for example_xcom_args to None
[2024-06-26 00:18:03,595] {logging_mixin.py:104} INFO - [2024-06-26 00:18:03,457] {dag.py:2280} INFO - Setting next_dagrun for example_xcom_args_with_operators to None
[2024-06-26 00:18:27,811] {scheduler_job.py:190} INFO - Processing /home/airflow/.local/lib/python3.6/site-packages/airflow/example_dags/example_xcomargs.py took 26.944 seconds
[2024-06-26 00:22:15,586] {scheduler_job.py:182} INFO - Started process (PID=1470) to work on /home/airflow/.local/lib/python3.6/site-packages/airflow/example_dags/example_xcomargs.py
[2024-06-26 00:22:15,636] {scheduler_job.py:629} INFO - Processing file /home/airflow/.local/lib/python3.6/site-packages/airflow/example_dags/example_xcomargs.py for tasks to queue
[2024-06-26 00:22:15,646] {logging_mixin.py:104} INFO - [2024-06-26 00:22:15,643] {dagbag.py:451} INFO - Filling up the DagBag from /home/airflow/.local/lib/python3.6/site-packages/airflow/example_dags/example_xcomargs.py
[2024-06-26 00:22:15,773] {scheduler_job.py:639} INFO - DAG(s) dict_keys(['example_xcom_args', 'example_xcom_args_with_operators']) retrieved from /home/airflow/.local/lib/python3.6/site-packages/airflow/example_dags/example_xcomargs.py
[2024-06-26 00:22:16,356] {logging_mixin.py:104} INFO - [2024-06-26 00:22:16,356] {dag.py:1824} INFO - Sync 2 DAGs
[2024-06-26 00:22:16,707] {logging_mixin.py:104} INFO - [2024-06-26 00:22:16,707] {dag.py:2280} INFO - Setting next_dagrun for example_xcom_args to None
[2024-06-26 00:22:16,736] {logging_mixin.py:104} INFO - [2024-06-26 00:22:16,736] {dag.py:2280} INFO - Setting next_dagrun for example_xcom_args_with_operators to None
[2024-06-26 00:22:16,858] {scheduler_job.py:190} INFO - Processing /home/airflow/.local/lib/python3.6/site-packages/airflow/example_dags/example_xcomargs.py took 1.299 seconds
[2024-06-26 00:22:58,627] {scheduler_job.py:182} INFO - Started process (PID=1498) to work on /home/airflow/.local/lib/python3.6/site-packages/airflow/example_dags/example_xcomargs.py
[2024-06-26 00:22:58,634] {scheduler_job.py:629} INFO - Processing file /home/airflow/.local/lib/python3.6/site-packages/airflow/example_dags/example_xcomargs.py for tasks to queue
[2024-06-26 00:22:58,640] {logging_mixin.py:104} INFO - [2024-06-26 00:22:58,639] {dagbag.py:451} INFO - Filling up the DagBag from /home/airflow/.local/lib/python3.6/site-packages/airflow/example_dags/example_xcomargs.py
[2024-06-26 00:22:58,673] {scheduler_job.py:639} INFO - DAG(s) dict_keys(['example_xcom_args', 'example_xcom_args_with_operators']) retrieved from /home/airflow/.local/lib/python3.6/site-packages/airflow/example_dags/example_xcomargs.py
[2024-06-26 00:22:58,760] {logging_mixin.py:104} INFO - [2024-06-26 00:22:58,759] {dag.py:1824} INFO - Sync 2 DAGs
[2024-06-26 00:22:58,800] {logging_mixin.py:104} INFO - [2024-06-26 00:22:58,800] {dag.py:2280} INFO - Setting next_dagrun for example_xcom_args to None
[2024-06-26 00:22:58,804] {logging_mixin.py:104} INFO - [2024-06-26 00:22:58,804] {dag.py:2280} INFO - Setting next_dagrun for example_xcom_args_with_operators to None
[2024-06-26 00:22:58,872] {scheduler_job.py:190} INFO - Processing /home/airflow/.local/lib/python3.6/site-packages/airflow/example_dags/example_xcomargs.py took 0.259 seconds
[2024-06-26 00:23:31,442] {scheduler_job.py:182} INFO - Started process (PID=1524) to work on /home/airflow/.local/lib/python3.6/site-packages/airflow/example_dags/example_xcomargs.py
[2024-06-26 00:23:31,455] {scheduler_job.py:629} INFO - Processing file /home/airflow/.local/lib/python3.6/site-packages/airflow/example_dags/example_xcomargs.py for tasks to queue
[2024-06-26 00:23:31,469] {logging_mixin.py:104} INFO - [2024-06-26 00:23:31,468] {dagbag.py:451} INFO - Filling up the DagBag from /home/airflow/.local/lib/python3.6/site-packages/airflow/example_dags/example_xcomargs.py
[2024-06-26 00:23:31,529] {scheduler_job.py:639} INFO - DAG(s) dict_keys(['example_xcom_args', 'example_xcom_args_with_operators']) retrieved from /home/airflow/.local/lib/python3.6/site-packages/airflow/example_dags/example_xcomargs.py
[2024-06-26 00:23:31,639] {logging_mixin.py:104} INFO - [2024-06-26 00:23:31,638] {dag.py:1824} INFO - Sync 2 DAGs
[2024-06-26 00:23:31,667] {logging_mixin.py:104} INFO - [2024-06-26 00:23:31,667] {dag.py:2280} INFO - Setting next_dagrun for example_xcom_args to None
[2024-06-26 00:23:31,689] {logging_mixin.py:104} INFO - [2024-06-26 00:23:31,688] {dag.py:2280} INFO - Setting next_dagrun for example_xcom_args_with_operators to None
[2024-06-26 00:23:31,738] {scheduler_job.py:190} INFO - Processing /home/airflow/.local/lib/python3.6/site-packages/airflow/example_dags/example_xcomargs.py took 0.307 seconds
[2024-06-26 00:25:09,289] {scheduler_job.py:182} INFO - Started process (PID=1569) to work on /home/airflow/.local/lib/python3.6/site-packages/airflow/example_dags/example_xcomargs.py
[2024-06-26 00:25:09,292] {scheduler_job.py:629} INFO - Processing file /home/airflow/.local/lib/python3.6/site-packages/airflow/example_dags/example_xcomargs.py for tasks to queue
[2024-06-26 00:25:09,295] {logging_mixin.py:104} INFO - [2024-06-26 00:25:09,295] {dagbag.py:451} INFO - Filling up the DagBag from /home/airflow/.local/lib/python3.6/site-packages/airflow/example_dags/example_xcomargs.py
[2024-06-26 00:25:09,338] {scheduler_job.py:639} INFO - DAG(s) dict_keys(['example_xcom_args', 'example_xcom_args_with_operators']) retrieved from /home/airflow/.local/lib/python3.6/site-packages/airflow/example_dags/example_xcomargs.py
[2024-06-26 00:25:09,432] {logging_mixin.py:104} INFO - [2024-06-26 00:25:09,432] {dag.py:1824} INFO - Sync 2 DAGs
[2024-06-26 00:25:09,494] {logging_mixin.py:104} INFO - [2024-06-26 00:25:09,493] {dag.py:2280} INFO - Setting next_dagrun for example_xcom_args to None
[2024-06-26 00:25:09,497] {logging_mixin.py:104} INFO - [2024-06-26 00:25:09,496] {dag.py:2280} INFO - Setting next_dagrun for example_xcom_args_with_operators to None
[2024-06-26 00:25:09,524] {scheduler_job.py:190} INFO - Processing /home/airflow/.local/lib/python3.6/site-packages/airflow/example_dags/example_xcomargs.py took 0.251 seconds
[2024-06-26 00:25:42,872] {scheduler_job.py:182} INFO - Started process (PID=1598) to work on /home/airflow/.local/lib/python3.6/site-packages/airflow/example_dags/example_xcomargs.py
[2024-06-26 00:25:42,876] {scheduler_job.py:629} INFO - Processing file /home/airflow/.local/lib/python3.6/site-packages/airflow/example_dags/example_xcomargs.py for tasks to queue
[2024-06-26 00:25:42,884] {logging_mixin.py:104} INFO - [2024-06-26 00:25:42,884] {dagbag.py:451} INFO - Filling up the DagBag from /home/airflow/.local/lib/python3.6/site-packages/airflow/example_dags/example_xcomargs.py
[2024-06-26 00:25:42,943] {scheduler_job.py:639} INFO - DAG(s) dict_keys(['example_xcom_args', 'example_xcom_args_with_operators']) retrieved from /home/airflow/.local/lib/python3.6/site-packages/airflow/example_dags/example_xcomargs.py
[2024-06-26 00:25:43,058] {logging_mixin.py:104} INFO - [2024-06-26 00:25:43,056] {dag.py:1824} INFO - Sync 2 DAGs
[2024-06-26 00:25:43,116] {logging_mixin.py:104} INFO - [2024-06-26 00:25:43,116] {dag.py:2280} INFO - Setting next_dagrun for example_xcom_args to None
[2024-06-26 00:25:43,124] {logging_mixin.py:104} INFO - [2024-06-26 00:25:43,123] {dag.py:2280} INFO - Setting next_dagrun for example_xcom_args_with_operators to None
[2024-06-26 00:25:43,167] {scheduler_job.py:190} INFO - Processing /home/airflow/.local/lib/python3.6/site-packages/airflow/example_dags/example_xcomargs.py took 0.341 seconds
[2024-06-26 00:26:55,220] {scheduler_job.py:182} INFO - Started process (PID=1632) to work on /home/airflow/.local/lib/python3.6/site-packages/airflow/example_dags/example_xcomargs.py
[2024-06-26 00:26:55,231] {scheduler_job.py:629} INFO - Processing file /home/airflow/.local/lib/python3.6/site-packages/airflow/example_dags/example_xcomargs.py for tasks to queue
[2024-06-26 00:26:55,245] {logging_mixin.py:104} INFO - [2024-06-26 00:26:55,244] {dagbag.py:451} INFO - Filling up the DagBag from /home/airflow/.local/lib/python3.6/site-packages/airflow/example_dags/example_xcomargs.py
[2024-06-26 00:26:55,468] {scheduler_job.py:639} INFO - DAG(s) dict_keys(['example_xcom_args', 'example_xcom_args_with_operators']) retrieved from /home/airflow/.local/lib/python3.6/site-packages/airflow/example_dags/example_xcomargs.py
[2024-06-26 00:26:55,850] {logging_mixin.py:104} INFO - [2024-06-26 00:26:55,850] {dag.py:1824} INFO - Sync 2 DAGs
[2024-06-26 00:26:56,016] {logging_mixin.py:104} INFO - [2024-06-26 00:26:56,011] {dag.py:2280} INFO - Setting next_dagrun for example_xcom_args to None
[2024-06-26 00:26:56,043] {logging_mixin.py:104} INFO - [2024-06-26 00:26:56,043] {dag.py:2280} INFO - Setting next_dagrun for example_xcom_args_with_operators to None
[2024-06-26 00:26:56,519] {scheduler_job.py:190} INFO - Processing /home/airflow/.local/lib/python3.6/site-packages/airflow/example_dags/example_xcomargs.py took 1.360 seconds
[2024-06-26 00:27:53,652] {scheduler_job.py:182} INFO - Started process (PID=1660) to work on /home/airflow/.local/lib/python3.6/site-packages/airflow/example_dags/example_xcomargs.py
[2024-06-26 00:27:53,656] {scheduler_job.py:629} INFO - Processing file /home/airflow/.local/lib/python3.6/site-packages/airflow/example_dags/example_xcomargs.py for tasks to queue
[2024-06-26 00:27:53,659] {logging_mixin.py:104} INFO - [2024-06-26 00:27:53,659] {dagbag.py:451} INFO - Filling up the DagBag from /home/airflow/.local/lib/python3.6/site-packages/airflow/example_dags/example_xcomargs.py
[2024-06-26 00:27:53,703] {scheduler_job.py:639} INFO - DAG(s) dict_keys(['example_xcom_args', 'example_xcom_args_with_operators']) retrieved from /home/airflow/.local/lib/python3.6/site-packages/airflow/example_dags/example_xcomargs.py
[2024-06-26 00:27:53,786] {logging_mixin.py:104} INFO - [2024-06-26 00:27:53,785] {dag.py:1824} INFO - Sync 2 DAGs
[2024-06-26 00:27:53,818] {logging_mixin.py:104} INFO - [2024-06-26 00:27:53,817] {dag.py:2280} INFO - Setting next_dagrun for example_xcom_args to None
[2024-06-26 00:27:53,821] {logging_mixin.py:104} INFO - [2024-06-26 00:27:53,820] {dag.py:2280} INFO - Setting next_dagrun for example_xcom_args_with_operators to None
[2024-06-26 00:27:53,870] {scheduler_job.py:190} INFO - Processing /home/airflow/.local/lib/python3.6/site-packages/airflow/example_dags/example_xcomargs.py took 0.236 seconds
[2024-06-26 00:29:49,091] {scheduler_job.py:182} INFO - Started process (PID=1691) to work on /home/airflow/.local/lib/python3.6/site-packages/airflow/example_dags/example_xcomargs.py
[2024-06-26 00:29:49,148] {scheduler_job.py:629} INFO - Processing file /home/airflow/.local/lib/python3.6/site-packages/airflow/example_dags/example_xcomargs.py for tasks to queue
[2024-06-26 00:29:49,474] {logging_mixin.py:104} INFO - [2024-06-26 00:29:49,470] {dagbag.py:451} INFO - Filling up the DagBag from /home/airflow/.local/lib/python3.6/site-packages/airflow/example_dags/example_xcomargs.py
[2024-06-26 00:29:50,292] {scheduler_job.py:639} INFO - DAG(s) dict_keys(['example_xcom_args', 'example_xcom_args_with_operators']) retrieved from /home/airflow/.local/lib/python3.6/site-packages/airflow/example_dags/example_xcomargs.py
[2024-06-26 00:29:51,326] {logging_mixin.py:104} INFO - [2024-06-26 00:29:51,326] {dag.py:1824} INFO - Sync 2 DAGs
[2024-06-26 00:29:51,582] {logging_mixin.py:104} INFO - [2024-06-26 00:29:51,572] {dag.py:2280} INFO - Setting next_dagrun for example_xcom_args to None
[2024-06-26 00:29:51,664] {logging_mixin.py:104} INFO - [2024-06-26 00:29:51,664] {dag.py:2280} INFO - Setting next_dagrun for example_xcom_args_with_operators to None
[2024-06-26 00:29:51,992] {scheduler_job.py:190} INFO - Processing /home/airflow/.local/lib/python3.6/site-packages/airflow/example_dags/example_xcomargs.py took 3.222 seconds
[2024-06-26 00:30:23,989] {scheduler_job.py:182} INFO - Started process (PID=1720) to work on /home/airflow/.local/lib/python3.6/site-packages/airflow/example_dags/example_xcomargs.py
[2024-06-26 00:30:23,994] {scheduler_job.py:629} INFO - Processing file /home/airflow/.local/lib/python3.6/site-packages/airflow/example_dags/example_xcomargs.py for tasks to queue
[2024-06-26 00:30:23,998] {logging_mixin.py:104} INFO - [2024-06-26 00:30:23,997] {dagbag.py:451} INFO - Filling up the DagBag from /home/airflow/.local/lib/python3.6/site-packages/airflow/example_dags/example_xcomargs.py
[2024-06-26 00:30:24,215] {scheduler_job.py:639} INFO - DAG(s) dict_keys(['example_xcom_args', 'example_xcom_args_with_operators']) retrieved from /home/airflow/.local/lib/python3.6/site-packages/airflow/example_dags/example_xcomargs.py
[2024-06-26 00:30:24,666] {logging_mixin.py:104} INFO - [2024-06-26 00:30:24,666] {dag.py:1824} INFO - Sync 2 DAGs
[2024-06-26 00:30:24,781] {logging_mixin.py:104} INFO - [2024-06-26 00:30:24,780] {dag.py:2280} INFO - Setting next_dagrun for example_xcom_args to None
[2024-06-26 00:30:24,820] {logging_mixin.py:104} INFO - [2024-06-26 00:30:24,784] {dag.py:2280} INFO - Setting next_dagrun for example_xcom_args_with_operators to None
[2024-06-26 00:30:24,940] {scheduler_job.py:190} INFO - Processing /home/airflow/.local/lib/python3.6/site-packages/airflow/example_dags/example_xcomargs.py took 0.961 seconds
[2024-06-26 00:32:00,740] {scheduler_job.py:182} INFO - Started process (PID=1751) to work on /home/airflow/.local/lib/python3.6/site-packages/airflow/example_dags/example_xcomargs.py
[2024-06-26 00:32:00,750] {scheduler_job.py:629} INFO - Processing file /home/airflow/.local/lib/python3.6/site-packages/airflow/example_dags/example_xcomargs.py for tasks to queue
[2024-06-26 00:32:00,757] {logging_mixin.py:104} INFO - [2024-06-26 00:32:00,757] {dagbag.py:451} INFO - Filling up the DagBag from /home/airflow/.local/lib/python3.6/site-packages/airflow/example_dags/example_xcomargs.py
[2024-06-26 00:32:00,817] {scheduler_job.py:639} INFO - DAG(s) dict_keys(['example_xcom_args', 'example_xcom_args_with_operators']) retrieved from /home/airflow/.local/lib/python3.6/site-packages/airflow/example_dags/example_xcomargs.py
[2024-06-26 00:32:01,100] {logging_mixin.py:104} INFO - [2024-06-26 00:32:01,100] {dag.py:1824} INFO - Sync 2 DAGs
[2024-06-26 00:32:01,199] {logging_mixin.py:104} INFO - [2024-06-26 00:32:01,198] {dag.py:2280} INFO - Setting next_dagrun for example_xcom_args to None
[2024-06-26 00:32:01,210] {logging_mixin.py:104} INFO - [2024-06-26 00:32:01,209] {dag.py:2280} INFO - Setting next_dagrun for example_xcom_args_with_operators to None
[2024-06-26 00:32:01,278] {scheduler_job.py:190} INFO - Processing /home/airflow/.local/lib/python3.6/site-packages/airflow/example_dags/example_xcomargs.py took 0.567 seconds
[2024-06-26 00:34:06,843] {scheduler_job.py:182} INFO - Started process (PID=1798) to work on /home/airflow/.local/lib/python3.6/site-packages/airflow/example_dags/example_xcomargs.py
[2024-06-26 00:34:06,889] {scheduler_job.py:629} INFO - Processing file /home/airflow/.local/lib/python3.6/site-packages/airflow/example_dags/example_xcomargs.py for tasks to queue
[2024-06-26 00:34:06,922] {logging_mixin.py:104} INFO - [2024-06-26 00:34:06,921] {dagbag.py:451} INFO - Filling up the DagBag from /home/airflow/.local/lib/python3.6/site-packages/airflow/example_dags/example_xcomargs.py
[2024-06-26 00:34:07,090] {scheduler_job.py:639} INFO - DAG(s) dict_keys(['example_xcom_args', 'example_xcom_args_with_operators']) retrieved from /home/airflow/.local/lib/python3.6/site-packages/airflow/example_dags/example_xcomargs.py
[2024-06-26 00:34:07,554] {logging_mixin.py:104} INFO - [2024-06-26 00:34:07,554] {dag.py:1824} INFO - Sync 2 DAGs
[2024-06-26 00:34:07,709] {logging_mixin.py:104} INFO - [2024-06-26 00:34:07,709] {dag.py:2280} INFO - Setting next_dagrun for example_xcom_args to None
[2024-06-26 00:34:07,725] {logging_mixin.py:104} INFO - [2024-06-26 00:34:07,725] {dag.py:2280} INFO - Setting next_dagrun for example_xcom_args_with_operators to None
[2024-06-26 00:34:07,846] {scheduler_job.py:190} INFO - Processing /home/airflow/.local/lib/python3.6/site-packages/airflow/example_dags/example_xcomargs.py took 1.092 seconds
[2024-06-26 00:35:12,545] {scheduler_job.py:182} INFO - Started process (PID=1833) to work on /home/airflow/.local/lib/python3.6/site-packages/airflow/example_dags/example_xcomargs.py
[2024-06-26 00:35:12,556] {scheduler_job.py:629} INFO - Processing file /home/airflow/.local/lib/python3.6/site-packages/airflow/example_dags/example_xcomargs.py for tasks to queue
[2024-06-26 00:35:12,570] {logging_mixin.py:104} INFO - [2024-06-26 00:35:12,570] {dagbag.py:451} INFO - Filling up the DagBag from /home/airflow/.local/lib/python3.6/site-packages/airflow/example_dags/example_xcomargs.py
[2024-06-26 00:35:12,659] {scheduler_job.py:639} INFO - DAG(s) dict_keys(['example_xcom_args', 'example_xcom_args_with_operators']) retrieved from /home/airflow/.local/lib/python3.6/site-packages/airflow/example_dags/example_xcomargs.py
[2024-06-26 00:35:13,182] {logging_mixin.py:104} INFO - [2024-06-26 00:35:13,182] {dag.py:1824} INFO - Sync 2 DAGs
[2024-06-26 00:35:13,286] {logging_mixin.py:104} INFO - [2024-06-26 00:35:13,286] {dag.py:2280} INFO - Setting next_dagrun for example_xcom_args to None
[2024-06-26 00:35:13,300] {logging_mixin.py:104} INFO - [2024-06-26 00:35:13,299] {dag.py:2280} INFO - Setting next_dagrun for example_xcom_args_with_operators to None
[2024-06-26 00:35:14,134] {scheduler_job.py:190} INFO - Processing /home/airflow/.local/lib/python3.6/site-packages/airflow/example_dags/example_xcomargs.py took 1.588 seconds
[2024-06-26 00:36:20,031] {scheduler_job.py:182} INFO - Started process (PID=1861) to work on /home/airflow/.local/lib/python3.6/site-packages/airflow/example_dags/example_xcomargs.py
[2024-06-26 00:36:20,043] {scheduler_job.py:629} INFO - Processing file /home/airflow/.local/lib/python3.6/site-packages/airflow/example_dags/example_xcomargs.py for tasks to queue
[2024-06-26 00:36:20,047] {logging_mixin.py:104} INFO - [2024-06-26 00:36:20,046] {dagbag.py:451} INFO - Filling up the DagBag from /home/airflow/.local/lib/python3.6/site-packages/airflow/example_dags/example_xcomargs.py
[2024-06-26 00:36:20,146] {scheduler_job.py:639} INFO - DAG(s) dict_keys(['example_xcom_args', 'example_xcom_args_with_operators']) retrieved from /home/airflow/.local/lib/python3.6/site-packages/airflow/example_dags/example_xcomargs.py
[2024-06-26 00:36:20,306] {logging_mixin.py:104} INFO - [2024-06-26 00:36:20,305] {dag.py:1824} INFO - Sync 2 DAGs
[2024-06-26 00:36:20,364] {logging_mixin.py:104} INFO - [2024-06-26 00:36:20,364] {dag.py:2280} INFO - Setting next_dagrun for example_xcom_args to None
[2024-06-26 00:36:20,367] {logging_mixin.py:104} INFO - [2024-06-26 00:36:20,367] {dag.py:2280} INFO - Setting next_dagrun for example_xcom_args_with_operators to None
[2024-06-26 00:36:20,418] {scheduler_job.py:190} INFO - Processing /home/airflow/.local/lib/python3.6/site-packages/airflow/example_dags/example_xcomargs.py took 0.414 seconds
[2024-06-26 00:36:50,548] {scheduler_job.py:182} INFO - Started process (PID=1889) to work on /home/airflow/.local/lib/python3.6/site-packages/airflow/example_dags/example_xcomargs.py
[2024-06-26 00:36:50,552] {scheduler_job.py:629} INFO - Processing file /home/airflow/.local/lib/python3.6/site-packages/airflow/example_dags/example_xcomargs.py for tasks to queue
[2024-06-26 00:36:50,555] {logging_mixin.py:104} INFO - [2024-06-26 00:36:50,554] {dagbag.py:451} INFO - Filling up the DagBag from /home/airflow/.local/lib/python3.6/site-packages/airflow/example_dags/example_xcomargs.py
[2024-06-26 00:36:50,702] {scheduler_job.py:639} INFO - DAG(s) dict_keys(['example_xcom_args', 'example_xcom_args_with_operators']) retrieved from /home/airflow/.local/lib/python3.6/site-packages/airflow/example_dags/example_xcomargs.py
[2024-06-26 00:36:51,017] {logging_mixin.py:104} INFO - [2024-06-26 00:36:51,017] {dag.py:1824} INFO - Sync 2 DAGs
[2024-06-26 00:36:51,178] {logging_mixin.py:104} INFO - [2024-06-26 00:36:51,177] {dag.py:2280} INFO - Setting next_dagrun for example_xcom_args to None
[2024-06-26 00:36:51,185] {logging_mixin.py:104} INFO - [2024-06-26 00:36:51,185] {dag.py:2280} INFO - Setting next_dagrun for example_xcom_args_with_operators to None
[2024-06-26 00:36:51,235] {scheduler_job.py:190} INFO - Processing /home/airflow/.local/lib/python3.6/site-packages/airflow/example_dags/example_xcomargs.py took 0.693 seconds
[2024-06-26 00:38:02,128] {scheduler_job.py:182} INFO - Started process (PID=1936) to work on /home/airflow/.local/lib/python3.6/site-packages/airflow/example_dags/example_xcomargs.py
[2024-06-26 00:38:02,160] {scheduler_job.py:629} INFO - Processing file /home/airflow/.local/lib/python3.6/site-packages/airflow/example_dags/example_xcomargs.py for tasks to queue
[2024-06-26 00:38:02,177] {logging_mixin.py:104} INFO - [2024-06-26 00:38:02,176] {dagbag.py:451} INFO - Filling up the DagBag from /home/airflow/.local/lib/python3.6/site-packages/airflow/example_dags/example_xcomargs.py
[2024-06-26 00:38:02,610] {scheduler_job.py:639} INFO - DAG(s) dict_keys(['example_xcom_args', 'example_xcom_args_with_operators']) retrieved from /home/airflow/.local/lib/python3.6/site-packages/airflow/example_dags/example_xcomargs.py
[2024-06-26 00:38:04,516] {logging_mixin.py:104} INFO - [2024-06-26 00:38:04,513] {dag.py:1824} INFO - Sync 2 DAGs
[2024-06-26 00:38:04,890] {logging_mixin.py:104} INFO - [2024-06-26 00:38:04,884] {dag.py:2280} INFO - Setting next_dagrun for example_xcom_args to None
[2024-06-26 00:38:04,899] {logging_mixin.py:104} INFO - [2024-06-26 00:38:04,899] {dag.py:2280} INFO - Setting next_dagrun for example_xcom_args_with_operators to None
[2024-06-26 00:38:06,017] {scheduler_job.py:190} INFO - Processing /home/airflow/.local/lib/python3.6/site-packages/airflow/example_dags/example_xcomargs.py took 3.944 seconds
[2024-06-26 00:39:02,302] {scheduler_job.py:182} INFO - Started process (PID=1973) to work on /home/airflow/.local/lib/python3.6/site-packages/airflow/example_dags/example_xcomargs.py
[2024-06-26 00:39:02,306] {scheduler_job.py:629} INFO - Processing file /home/airflow/.local/lib/python3.6/site-packages/airflow/example_dags/example_xcomargs.py for tasks to queue
[2024-06-26 00:39:02,310] {logging_mixin.py:104} INFO - [2024-06-26 00:39:02,310] {dagbag.py:451} INFO - Filling up the DagBag from /home/airflow/.local/lib/python3.6/site-packages/airflow/example_dags/example_xcomargs.py
[2024-06-26 00:39:02,382] {scheduler_job.py:639} INFO - DAG(s) dict_keys(['example_xcom_args', 'example_xcom_args_with_operators']) retrieved from /home/airflow/.local/lib/python3.6/site-packages/airflow/example_dags/example_xcomargs.py
[2024-06-26 00:39:02,480] {logging_mixin.py:104} INFO - [2024-06-26 00:39:02,480] {dag.py:1824} INFO - Sync 2 DAGs
[2024-06-26 00:39:02,517] {logging_mixin.py:104} INFO - [2024-06-26 00:39:02,517] {dag.py:2280} INFO - Setting next_dagrun for example_xcom_args to None
[2024-06-26 00:39:02,523] {logging_mixin.py:104} INFO - [2024-06-26 00:39:02,523] {dag.py:2280} INFO - Setting next_dagrun for example_xcom_args_with_operators to None
[2024-06-26 00:39:02,564] {scheduler_job.py:190} INFO - Processing /home/airflow/.local/lib/python3.6/site-packages/airflow/example_dags/example_xcomargs.py took 0.271 seconds
[2024-06-26 00:41:04,135] {scheduler_job.py:182} INFO - Started process (PID=2006) to work on /home/airflow/.local/lib/python3.6/site-packages/airflow/example_dags/example_xcomargs.py
[2024-06-26 00:41:04,143] {scheduler_job.py:629} INFO - Processing file /home/airflow/.local/lib/python3.6/site-packages/airflow/example_dags/example_xcomargs.py for tasks to queue
[2024-06-26 00:41:04,155] {logging_mixin.py:104} INFO - [2024-06-26 00:41:04,155] {dagbag.py:451} INFO - Filling up the DagBag from /home/airflow/.local/lib/python3.6/site-packages/airflow/example_dags/example_xcomargs.py
[2024-06-26 00:41:04,195] {scheduler_job.py:639} INFO - DAG(s) dict_keys(['example_xcom_args', 'example_xcom_args_with_operators']) retrieved from /home/airflow/.local/lib/python3.6/site-packages/airflow/example_dags/example_xcomargs.py
[2024-06-26 00:41:04,299] {logging_mixin.py:104} INFO - [2024-06-26 00:41:04,299] {dag.py:1824} INFO - Sync 2 DAGs
[2024-06-26 00:41:04,369] {logging_mixin.py:104} INFO - [2024-06-26 00:41:04,369] {dag.py:2280} INFO - Setting next_dagrun for example_xcom_args to None
[2024-06-26 00:41:04,376] {logging_mixin.py:104} INFO - [2024-06-26 00:41:04,376] {dag.py:2280} INFO - Setting next_dagrun for example_xcom_args_with_operators to None
[2024-06-26 00:41:04,462] {scheduler_job.py:190} INFO - Processing /home/airflow/.local/lib/python3.6/site-packages/airflow/example_dags/example_xcomargs.py took 0.339 seconds
[2024-06-26 00:43:11,341] {scheduler_job.py:182} INFO - Started process (PID=2037) to work on /home/airflow/.local/lib/python3.6/site-packages/airflow/example_dags/example_xcomargs.py
[2024-06-26 00:43:11,346] {scheduler_job.py:629} INFO - Processing file /home/airflow/.local/lib/python3.6/site-packages/airflow/example_dags/example_xcomargs.py for tasks to queue
[2024-06-26 00:43:11,350] {logging_mixin.py:104} INFO - [2024-06-26 00:43:11,349] {dagbag.py:451} INFO - Filling up the DagBag from /home/airflow/.local/lib/python3.6/site-packages/airflow/example_dags/example_xcomargs.py
[2024-06-26 00:43:11,646] {scheduler_job.py:639} INFO - DAG(s) dict_keys(['example_xcom_args', 'example_xcom_args_with_operators']) retrieved from /home/airflow/.local/lib/python3.6/site-packages/airflow/example_dags/example_xcomargs.py
[2024-06-26 00:43:12,040] {logging_mixin.py:104} INFO - [2024-06-26 00:43:12,039] {dag.py:1824} INFO - Sync 2 DAGs
[2024-06-26 00:43:12,177] {logging_mixin.py:104} INFO - [2024-06-26 00:43:12,177] {dag.py:2280} INFO - Setting next_dagrun for example_xcom_args to None
[2024-06-26 00:43:12,196] {logging_mixin.py:104} INFO - [2024-06-26 00:43:12,195] {dag.py:2280} INFO - Setting next_dagrun for example_xcom_args_with_operators to None
[2024-06-26 00:43:12,446] {scheduler_job.py:190} INFO - Processing /home/airflow/.local/lib/python3.6/site-packages/airflow/example_dags/example_xcomargs.py took 1.163 seconds
[2024-06-26 00:45:27,418] {scheduler_job.py:182} INFO - Started process (PID=2075) to work on /home/airflow/.local/lib/python3.6/site-packages/airflow/example_dags/example_xcomargs.py
[2024-06-26 00:45:27,422] {scheduler_job.py:629} INFO - Processing file /home/airflow/.local/lib/python3.6/site-packages/airflow/example_dags/example_xcomargs.py for tasks to queue
[2024-06-26 00:45:27,424] {logging_mixin.py:104} INFO - [2024-06-26 00:45:27,424] {dagbag.py:451} INFO - Filling up the DagBag from /home/airflow/.local/lib/python3.6/site-packages/airflow/example_dags/example_xcomargs.py
[2024-06-26 00:45:27,476] {scheduler_job.py:639} INFO - DAG(s) dict_keys(['example_xcom_args', 'example_xcom_args_with_operators']) retrieved from /home/airflow/.local/lib/python3.6/site-packages/airflow/example_dags/example_xcomargs.py
[2024-06-26 00:45:27,771] {logging_mixin.py:104} INFO - [2024-06-26 00:45:27,770] {dag.py:1824} INFO - Sync 2 DAGs
[2024-06-26 00:45:27,906] {logging_mixin.py:104} INFO - [2024-06-26 00:45:27,906] {dag.py:2280} INFO - Setting next_dagrun for example_xcom_args to None
[2024-06-26 00:45:27,916] {logging_mixin.py:104} INFO - [2024-06-26 00:45:27,916] {dag.py:2280} INFO - Setting next_dagrun for example_xcom_args_with_operators to None
[2024-06-26 00:45:28,008] {scheduler_job.py:190} INFO - Processing /home/airflow/.local/lib/python3.6/site-packages/airflow/example_dags/example_xcomargs.py took 0.600 seconds
[2024-06-26 00:47:31,382] {scheduler_job.py:182} INFO - Started process (PID=2109) to work on /home/airflow/.local/lib/python3.6/site-packages/airflow/example_dags/example_xcomargs.py
[2024-06-26 00:47:31,407] {scheduler_job.py:629} INFO - Processing file /home/airflow/.local/lib/python3.6/site-packages/airflow/example_dags/example_xcomargs.py for tasks to queue
[2024-06-26 00:47:31,434] {logging_mixin.py:104} INFO - [2024-06-26 00:47:31,434] {dagbag.py:451} INFO - Filling up the DagBag from /home/airflow/.local/lib/python3.6/site-packages/airflow/example_dags/example_xcomargs.py
[2024-06-26 00:47:31,862] {scheduler_job.py:639} INFO - DAG(s) dict_keys(['example_xcom_args', 'example_xcom_args_with_operators']) retrieved from /home/airflow/.local/lib/python3.6/site-packages/airflow/example_dags/example_xcomargs.py
[2024-06-26 00:47:33,208] {logging_mixin.py:104} INFO - [2024-06-26 00:47:33,208] {dag.py:1824} INFO - Sync 2 DAGs
[2024-06-26 00:47:33,343] {logging_mixin.py:104} INFO - [2024-06-26 00:47:33,343] {dag.py:2280} INFO - Setting next_dagrun for example_xcom_args to None
[2024-06-26 00:47:33,345] {logging_mixin.py:104} INFO - [2024-06-26 00:47:33,345] {dag.py:2280} INFO - Setting next_dagrun for example_xcom_args_with_operators to None
[2024-06-26 00:47:33,548] {scheduler_job.py:190} INFO - Processing /home/airflow/.local/lib/python3.6/site-packages/airflow/example_dags/example_xcomargs.py took 2.217 seconds
[2024-06-26 00:49:07,583] {scheduler_job.py:182} INFO - Started process (PID=2141) to work on /home/airflow/.local/lib/python3.6/site-packages/airflow/example_dags/example_xcomargs.py
[2024-06-26 00:49:07,621] {scheduler_job.py:629} INFO - Processing file /home/airflow/.local/lib/python3.6/site-packages/airflow/example_dags/example_xcomargs.py for tasks to queue
[2024-06-26 00:49:07,630] {logging_mixin.py:104} INFO - [2024-06-26 00:49:07,630] {dagbag.py:451} INFO - Filling up the DagBag from /home/airflow/.local/lib/python3.6/site-packages/airflow/example_dags/example_xcomargs.py
[2024-06-26 00:49:08,145] {scheduler_job.py:639} INFO - DAG(s) dict_keys(['example_xcom_args', 'example_xcom_args_with_operators']) retrieved from /home/airflow/.local/lib/python3.6/site-packages/airflow/example_dags/example_xcomargs.py
[2024-06-26 00:49:08,714] {logging_mixin.py:104} INFO - [2024-06-26 00:49:08,713] {dag.py:1824} INFO - Sync 2 DAGs
[2024-06-26 00:49:08,807] {logging_mixin.py:104} INFO - [2024-06-26 00:49:08,805] {dag.py:2280} INFO - Setting next_dagrun for example_xcom_args to None
[2024-06-26 00:49:08,831] {logging_mixin.py:104} INFO - [2024-06-26 00:49:08,827] {dag.py:2280} INFO - Setting next_dagrun for example_xcom_args_with_operators to None
[2024-06-26 00:49:09,064] {scheduler_job.py:190} INFO - Processing /home/airflow/.local/lib/python3.6/site-packages/airflow/example_dags/example_xcomargs.py took 1.569 seconds
[2024-06-26 00:49:39,470] {scheduler_job.py:182} INFO - Started process (PID=2169) to work on /home/airflow/.local/lib/python3.6/site-packages/airflow/example_dags/example_xcomargs.py
[2024-06-26 00:49:39,486] {scheduler_job.py:629} INFO - Processing file /home/airflow/.local/lib/python3.6/site-packages/airflow/example_dags/example_xcomargs.py for tasks to queue
[2024-06-26 00:49:39,500] {logging_mixin.py:104} INFO - [2024-06-26 00:49:39,499] {dagbag.py:451} INFO - Filling up the DagBag from /home/airflow/.local/lib/python3.6/site-packages/airflow/example_dags/example_xcomargs.py
[2024-06-26 00:49:39,741] {scheduler_job.py:639} INFO - DAG(s) dict_keys(['example_xcom_args', 'example_xcom_args_with_operators']) retrieved from /home/airflow/.local/lib/python3.6/site-packages/airflow/example_dags/example_xcomargs.py
[2024-06-26 00:49:40,120] {logging_mixin.py:104} INFO - [2024-06-26 00:49:40,120] {dag.py:1824} INFO - Sync 2 DAGs
[2024-06-26 00:49:40,300] {logging_mixin.py:104} INFO - [2024-06-26 00:49:40,300] {dag.py:2280} INFO - Setting next_dagrun for example_xcom_args to None
[2024-06-26 00:49:40,307] {logging_mixin.py:104} INFO - [2024-06-26 00:49:40,307] {dag.py:2280} INFO - Setting next_dagrun for example_xcom_args_with_operators to None
[2024-06-26 00:49:40,462] {scheduler_job.py:190} INFO - Processing /home/airflow/.local/lib/python3.6/site-packages/airflow/example_dags/example_xcomargs.py took 1.005 seconds
[2024-06-26 00:51:36,001] {scheduler_job.py:182} INFO - Started process (PID=2202) to work on /home/airflow/.local/lib/python3.6/site-packages/airflow/example_dags/example_xcomargs.py
[2024-06-26 00:51:36,009] {scheduler_job.py:629} INFO - Processing file /home/airflow/.local/lib/python3.6/site-packages/airflow/example_dags/example_xcomargs.py for tasks to queue
[2024-06-26 00:51:36,011] {logging_mixin.py:104} INFO - [2024-06-26 00:51:36,011] {dagbag.py:451} INFO - Filling up the DagBag from /home/airflow/.local/lib/python3.6/site-packages/airflow/example_dags/example_xcomargs.py
[2024-06-26 00:51:36,059] {scheduler_job.py:639} INFO - DAG(s) dict_keys(['example_xcom_args', 'example_xcom_args_with_operators']) retrieved from /home/airflow/.local/lib/python3.6/site-packages/airflow/example_dags/example_xcomargs.py
[2024-06-26 00:51:36,231] {logging_mixin.py:104} INFO - [2024-06-26 00:51:36,231] {dag.py:1824} INFO - Sync 2 DAGs
[2024-06-26 00:51:36,318] {logging_mixin.py:104} INFO - [2024-06-26 00:51:36,318] {dag.py:2280} INFO - Setting next_dagrun for example_xcom_args to None
[2024-06-26 00:51:36,324] {logging_mixin.py:104} INFO - [2024-06-26 00:51:36,324] {dag.py:2280} INFO - Setting next_dagrun for example_xcom_args_with_operators to None
[2024-06-26 00:51:36,410] {scheduler_job.py:190} INFO - Processing /home/airflow/.local/lib/python3.6/site-packages/airflow/example_dags/example_xcomargs.py took 0.447 seconds
[2024-06-26 00:54:07,993] {scheduler_job.py:182} INFO - Started process (PID=2243) to work on /home/airflow/.local/lib/python3.6/site-packages/airflow/example_dags/example_xcomargs.py
[2024-06-26 00:54:08,006] {scheduler_job.py:629} INFO - Processing file /home/airflow/.local/lib/python3.6/site-packages/airflow/example_dags/example_xcomargs.py for tasks to queue
[2024-06-26 00:54:08,009] {logging_mixin.py:104} INFO - [2024-06-26 00:54:08,008] {dagbag.py:451} INFO - Filling up the DagBag from /home/airflow/.local/lib/python3.6/site-packages/airflow/example_dags/example_xcomargs.py
[2024-06-26 00:54:08,067] {scheduler_job.py:639} INFO - DAG(s) dict_keys(['example_xcom_args', 'example_xcom_args_with_operators']) retrieved from /home/airflow/.local/lib/python3.6/site-packages/airflow/example_dags/example_xcomargs.py
[2024-06-26 00:54:08,167] {logging_mixin.py:104} INFO - [2024-06-26 00:54:08,167] {dag.py:1824} INFO - Sync 2 DAGs
[2024-06-26 00:54:08,205] {logging_mixin.py:104} INFO - [2024-06-26 00:54:08,205] {dag.py:2280} INFO - Setting next_dagrun for example_xcom_args to None
[2024-06-26 00:54:08,209] {logging_mixin.py:104} INFO - [2024-06-26 00:54:08,209] {dag.py:2280} INFO - Setting next_dagrun for example_xcom_args_with_operators to None
[2024-06-26 00:54:08,280] {scheduler_job.py:190} INFO - Processing /home/airflow/.local/lib/python3.6/site-packages/airflow/example_dags/example_xcomargs.py took 0.297 seconds
[2024-06-26 00:57:13,377] {scheduler_job.py:182} INFO - Started process (PID=2279) to work on /home/airflow/.local/lib/python3.6/site-packages/airflow/example_dags/example_xcomargs.py
[2024-06-26 00:57:13,383] {scheduler_job.py:629} INFO - Processing file /home/airflow/.local/lib/python3.6/site-packages/airflow/example_dags/example_xcomargs.py for tasks to queue
[2024-06-26 00:57:13,391] {logging_mixin.py:104} INFO - [2024-06-26 00:57:13,391] {dagbag.py:451} INFO - Filling up the DagBag from /home/airflow/.local/lib/python3.6/site-packages/airflow/example_dags/example_xcomargs.py
[2024-06-26 00:57:13,581] {scheduler_job.py:639} INFO - DAG(s) dict_keys(['example_xcom_args', 'example_xcom_args_with_operators']) retrieved from /home/airflow/.local/lib/python3.6/site-packages/airflow/example_dags/example_xcomargs.py
[2024-06-26 00:57:13,700] {logging_mixin.py:104} INFO - [2024-06-26 00:57:13,699] {dag.py:1824} INFO - Sync 2 DAGs
[2024-06-26 00:57:13,749] {logging_mixin.py:104} INFO - [2024-06-26 00:57:13,749] {dag.py:2280} INFO - Setting next_dagrun for example_xcom_args to None
[2024-06-26 00:57:13,755] {logging_mixin.py:104} INFO - [2024-06-26 00:57:13,754] {dag.py:2280} INFO - Setting next_dagrun for example_xcom_args_with_operators to None
[2024-06-26 00:57:13,898] {scheduler_job.py:190} INFO - Processing /home/airflow/.local/lib/python3.6/site-packages/airflow/example_dags/example_xcomargs.py took 0.580 seconds
[2024-06-26 00:59:26,227] {scheduler_job.py:182} INFO - Started process (PID=2319) to work on /home/airflow/.local/lib/python3.6/site-packages/airflow/example_dags/example_xcomargs.py
[2024-06-26 00:59:26,243] {scheduler_job.py:629} INFO - Processing file /home/airflow/.local/lib/python3.6/site-packages/airflow/example_dags/example_xcomargs.py for tasks to queue
[2024-06-26 00:59:26,267] {logging_mixin.py:104} INFO - [2024-06-26 00:59:26,255] {dagbag.py:451} INFO - Filling up the DagBag from /home/airflow/.local/lib/python3.6/site-packages/airflow/example_dags/example_xcomargs.py
[2024-06-26 00:59:26,402] {scheduler_job.py:639} INFO - DAG(s) dict_keys(['example_xcom_args', 'example_xcom_args_with_operators']) retrieved from /home/airflow/.local/lib/python3.6/site-packages/airflow/example_dags/example_xcomargs.py
[2024-06-26 00:59:26,762] {logging_mixin.py:104} INFO - [2024-06-26 00:59:26,761] {dag.py:1824} INFO - Sync 2 DAGs
[2024-06-26 00:59:26,829] {logging_mixin.py:104} INFO - [2024-06-26 00:59:26,829] {dag.py:2280} INFO - Setting next_dagrun for example_xcom_args to None
[2024-06-26 00:59:26,840] {logging_mixin.py:104} INFO - [2024-06-26 00:59:26,840] {dag.py:2280} INFO - Setting next_dagrun for example_xcom_args_with_operators to None
[2024-06-26 00:59:26,950] {scheduler_job.py:190} INFO - Processing /home/airflow/.local/lib/python3.6/site-packages/airflow/example_dags/example_xcomargs.py took 0.729 seconds
[2024-06-26 01:01:17,097] {scheduler_job.py:182} INFO - Started process (PID=2360) to work on /home/airflow/.local/lib/python3.6/site-packages/airflow/example_dags/example_xcomargs.py
[2024-06-26 01:01:17,112] {scheduler_job.py:629} INFO - Processing file /home/airflow/.local/lib/python3.6/site-packages/airflow/example_dags/example_xcomargs.py for tasks to queue
[2024-06-26 01:01:17,145] {logging_mixin.py:104} INFO - [2024-06-26 01:01:17,144] {dagbag.py:451} INFO - Filling up the DagBag from /home/airflow/.local/lib/python3.6/site-packages/airflow/example_dags/example_xcomargs.py
[2024-06-26 01:01:17,456] {scheduler_job.py:639} INFO - DAG(s) dict_keys(['example_xcom_args', 'example_xcom_args_with_operators']) retrieved from /home/airflow/.local/lib/python3.6/site-packages/airflow/example_dags/example_xcomargs.py
[2024-06-26 01:01:17,794] {logging_mixin.py:104} INFO - [2024-06-26 01:01:17,793] {dag.py:1824} INFO - Sync 2 DAGs
[2024-06-26 01:01:17,954] {logging_mixin.py:104} INFO - [2024-06-26 01:01:17,954] {dag.py:2280} INFO - Setting next_dagrun for example_xcom_args to None
[2024-06-26 01:01:17,960] {logging_mixin.py:104} INFO - [2024-06-26 01:01:17,960] {dag.py:2280} INFO - Setting next_dagrun for example_xcom_args_with_operators to None
[2024-06-26 01:01:18,101] {scheduler_job.py:190} INFO - Processing /home/airflow/.local/lib/python3.6/site-packages/airflow/example_dags/example_xcomargs.py took 1.116 seconds
[2024-06-26 01:04:18,467] {scheduler_job.py:182} INFO - Started process (PID=2406) to work on /home/airflow/.local/lib/python3.6/site-packages/airflow/example_dags/example_xcomargs.py
[2024-06-26 01:04:18,475] {scheduler_job.py:629} INFO - Processing file /home/airflow/.local/lib/python3.6/site-packages/airflow/example_dags/example_xcomargs.py for tasks to queue
[2024-06-26 01:04:18,489] {logging_mixin.py:104} INFO - [2024-06-26 01:04:18,488] {dagbag.py:451} INFO - Filling up the DagBag from /home/airflow/.local/lib/python3.6/site-packages/airflow/example_dags/example_xcomargs.py
[2024-06-26 01:04:18,570] {scheduler_job.py:639} INFO - DAG(s) dict_keys(['example_xcom_args', 'example_xcom_args_with_operators']) retrieved from /home/airflow/.local/lib/python3.6/site-packages/airflow/example_dags/example_xcomargs.py
[2024-06-26 01:04:18,875] {logging_mixin.py:104} INFO - [2024-06-26 01:04:18,869] {dag.py:1824} INFO - Sync 2 DAGs
[2024-06-26 01:04:18,971] {logging_mixin.py:104} INFO - [2024-06-26 01:04:18,970] {dag.py:2280} INFO - Setting next_dagrun for example_xcom_args to None
[2024-06-26 01:04:18,988] {logging_mixin.py:104} INFO - [2024-06-26 01:04:18,988] {dag.py:2280} INFO - Setting next_dagrun for example_xcom_args_with_operators to None
[2024-06-26 01:04:19,073] {scheduler_job.py:190} INFO - Processing /home/airflow/.local/lib/python3.6/site-packages/airflow/example_dags/example_xcomargs.py took 0.622 seconds
[2024-06-26 01:06:17,491] {scheduler_job.py:182} INFO - Started process (PID=2462) to work on /home/airflow/.local/lib/python3.6/site-packages/airflow/example_dags/example_xcomargs.py
[2024-06-26 01:06:17,497] {scheduler_job.py:629} INFO - Processing file /home/airflow/.local/lib/python3.6/site-packages/airflow/example_dags/example_xcomargs.py for tasks to queue
[2024-06-26 01:06:17,499] {logging_mixin.py:104} INFO - [2024-06-26 01:06:17,498] {dagbag.py:451} INFO - Filling up the DagBag from /home/airflow/.local/lib/python3.6/site-packages/airflow/example_dags/example_xcomargs.py
[2024-06-26 01:06:17,565] {scheduler_job.py:639} INFO - DAG(s) dict_keys(['example_xcom_args', 'example_xcom_args_with_operators']) retrieved from /home/airflow/.local/lib/python3.6/site-packages/airflow/example_dags/example_xcomargs.py
[2024-06-26 01:06:18,612] {logging_mixin.py:104} INFO - [2024-06-26 01:06:18,612] {dag.py:1824} INFO - Sync 2 DAGs
[2024-06-26 01:06:18,713] {logging_mixin.py:104} INFO - [2024-06-26 01:06:18,688] {dag.py:2280} INFO - Setting next_dagrun for example_xcom_args to None
[2024-06-26 01:06:18,715] {logging_mixin.py:104} INFO - [2024-06-26 01:06:18,715] {dag.py:2280} INFO - Setting next_dagrun for example_xcom_args_with_operators to None
[2024-06-26 01:06:18,824] {scheduler_job.py:190} INFO - Processing /home/airflow/.local/lib/python3.6/site-packages/airflow/example_dags/example_xcomargs.py took 1.339 seconds
[2024-06-26 01:14:06,290] {scheduler_job.py:182} INFO - Started process (PID=44) to work on /home/airflow/.local/lib/python3.6/site-packages/airflow/example_dags/example_xcomargs.py
[2024-06-26 01:14:06,506] {scheduler_job.py:629} INFO - Processing file /home/airflow/.local/lib/python3.6/site-packages/airflow/example_dags/example_xcomargs.py for tasks to queue
[2024-06-26 01:14:06,518] {logging_mixin.py:104} INFO - [2024-06-26 01:14:06,518] {dagbag.py:451} INFO - Filling up the DagBag from /home/airflow/.local/lib/python3.6/site-packages/airflow/example_dags/example_xcomargs.py
[2024-06-26 01:14:07,004] {scheduler_job.py:639} INFO - DAG(s) dict_keys(['example_xcom_args', 'example_xcom_args_with_operators']) retrieved from /home/airflow/.local/lib/python3.6/site-packages/airflow/example_dags/example_xcomargs.py
[2024-06-26 01:14:07,723] {logging_mixin.py:104} INFO - [2024-06-26 01:14:07,723] {dag.py:1824} INFO - Sync 2 DAGs
[2024-06-26 01:14:08,854] {logging_mixin.py:104} INFO - [2024-06-26 01:14:08,854] {dag.py:2280} INFO - Setting next_dagrun for example_xcom_args to None
[2024-06-26 01:14:09,107] {logging_mixin.py:104} INFO - [2024-06-26 01:14:08,960] {dag.py:2280} INFO - Setting next_dagrun for example_xcom_args_with_operators to None
[2024-06-26 01:14:09,746] {scheduler_job.py:190} INFO - Processing /home/airflow/.local/lib/python3.6/site-packages/airflow/example_dags/example_xcomargs.py took 3.687 seconds
[2024-06-26 01:14:40,368] {scheduler_job.py:182} INFO - Started process (PID=72) to work on /home/airflow/.local/lib/python3.6/site-packages/airflow/example_dags/example_xcomargs.py
[2024-06-26 01:14:40,374] {scheduler_job.py:629} INFO - Processing file /home/airflow/.local/lib/python3.6/site-packages/airflow/example_dags/example_xcomargs.py for tasks to queue
[2024-06-26 01:14:40,381] {logging_mixin.py:104} INFO - [2024-06-26 01:14:40,381] {dagbag.py:451} INFO - Filling up the DagBag from /home/airflow/.local/lib/python3.6/site-packages/airflow/example_dags/example_xcomargs.py
[2024-06-26 01:14:40,476] {scheduler_job.py:639} INFO - DAG(s) dict_keys(['example_xcom_args', 'example_xcom_args_with_operators']) retrieved from /home/airflow/.local/lib/python3.6/site-packages/airflow/example_dags/example_xcomargs.py
[2024-06-26 01:14:40,716] {logging_mixin.py:104} INFO - [2024-06-26 01:14:40,715] {dag.py:1824} INFO - Sync 2 DAGs
[2024-06-26 01:14:41,055] {logging_mixin.py:104} INFO - [2024-06-26 01:14:41,055] {dag.py:2280} INFO - Setting next_dagrun for example_xcom_args to None
[2024-06-26 01:14:41,076] {logging_mixin.py:104} INFO - [2024-06-26 01:14:41,076] {dag.py:2280} INFO - Setting next_dagrun for example_xcom_args_with_operators to None
[2024-06-26 01:14:41,489] {scheduler_job.py:190} INFO - Processing /home/airflow/.local/lib/python3.6/site-packages/airflow/example_dags/example_xcomargs.py took 1.127 seconds
[2024-06-26 01:15:12,258] {scheduler_job.py:182} INFO - Started process (PID=100) to work on /home/airflow/.local/lib/python3.6/site-packages/airflow/example_dags/example_xcomargs.py
[2024-06-26 01:15:12,278] {scheduler_job.py:629} INFO - Processing file /home/airflow/.local/lib/python3.6/site-packages/airflow/example_dags/example_xcomargs.py for tasks to queue
[2024-06-26 01:15:12,283] {logging_mixin.py:104} INFO - [2024-06-26 01:15:12,283] {dagbag.py:451} INFO - Filling up the DagBag from /home/airflow/.local/lib/python3.6/site-packages/airflow/example_dags/example_xcomargs.py
[2024-06-26 01:15:12,597] {scheduler_job.py:639} INFO - DAG(s) dict_keys(['example_xcom_args', 'example_xcom_args_with_operators']) retrieved from /home/airflow/.local/lib/python3.6/site-packages/airflow/example_dags/example_xcomargs.py
[2024-06-26 01:15:13,032] {logging_mixin.py:104} INFO - [2024-06-26 01:15:13,032] {dag.py:1824} INFO - Sync 2 DAGs
[2024-06-26 01:15:13,098] {logging_mixin.py:104} INFO - [2024-06-26 01:15:13,098] {dag.py:2280} INFO - Setting next_dagrun for example_xcom_args to None
[2024-06-26 01:15:13,101] {logging_mixin.py:104} INFO - [2024-06-26 01:15:13,100] {dag.py:2280} INFO - Setting next_dagrun for example_xcom_args_with_operators to None
[2024-06-26 01:15:13,194] {scheduler_job.py:190} INFO - Processing /home/airflow/.local/lib/python3.6/site-packages/airflow/example_dags/example_xcomargs.py took 1.322 seconds
[2024-06-26 01:17:15,560] {scheduler_job.py:182} INFO - Started process (PID=128) to work on /home/airflow/.local/lib/python3.6/site-packages/airflow/example_dags/example_xcomargs.py
[2024-06-26 01:17:15,569] {scheduler_job.py:629} INFO - Processing file /home/airflow/.local/lib/python3.6/site-packages/airflow/example_dags/example_xcomargs.py for tasks to queue
[2024-06-26 01:17:15,578] {logging_mixin.py:104} INFO - [2024-06-26 01:17:15,578] {dagbag.py:451} INFO - Filling up the DagBag from /home/airflow/.local/lib/python3.6/site-packages/airflow/example_dags/example_xcomargs.py
[2024-06-26 01:17:15,739] {scheduler_job.py:639} INFO - DAG(s) dict_keys(['example_xcom_args', 'example_xcom_args_with_operators']) retrieved from /home/airflow/.local/lib/python3.6/site-packages/airflow/example_dags/example_xcomargs.py
[2024-06-26 01:17:16,178] {logging_mixin.py:104} INFO - [2024-06-26 01:17:16,178] {dag.py:1824} INFO - Sync 2 DAGs
[2024-06-26 01:17:16,281] {logging_mixin.py:104} INFO - [2024-06-26 01:17:16,281] {dag.py:2280} INFO - Setting next_dagrun for example_xcom_args to None
[2024-06-26 01:17:16,296] {logging_mixin.py:104} INFO - [2024-06-26 01:17:16,296] {dag.py:2280} INFO - Setting next_dagrun for example_xcom_args_with_operators to None
[2024-06-26 01:17:17,654] {scheduler_job.py:190} INFO - Processing /home/airflow/.local/lib/python3.6/site-packages/airflow/example_dags/example_xcomargs.py took 2.130 seconds
[2024-06-26 01:18:09,954] {scheduler_job.py:182} INFO - Started process (PID=165) to work on /home/airflow/.local/lib/python3.6/site-packages/airflow/example_dags/example_xcomargs.py
[2024-06-26 01:18:09,969] {scheduler_job.py:629} INFO - Processing file /home/airflow/.local/lib/python3.6/site-packages/airflow/example_dags/example_xcomargs.py for tasks to queue
[2024-06-26 01:18:10,001] {logging_mixin.py:104} INFO - [2024-06-26 01:18:10,000] {dagbag.py:451} INFO - Filling up the DagBag from /home/airflow/.local/lib/python3.6/site-packages/airflow/example_dags/example_xcomargs.py
[2024-06-26 01:18:11,808] {scheduler_job.py:639} INFO - DAG(s) dict_keys(['example_xcom_args', 'example_xcom_args_with_operators']) retrieved from /home/airflow/.local/lib/python3.6/site-packages/airflow/example_dags/example_xcomargs.py
[2024-06-26 01:18:12,929] {logging_mixin.py:104} INFO - [2024-06-26 01:18:12,928] {dag.py:1824} INFO - Sync 2 DAGs
[2024-06-26 01:18:13,131] {logging_mixin.py:104} INFO - [2024-06-26 01:18:13,131] {dag.py:2280} INFO - Setting next_dagrun for example_xcom_args to None
[2024-06-26 01:18:13,146] {logging_mixin.py:104} INFO - [2024-06-26 01:18:13,146] {dag.py:2280} INFO - Setting next_dagrun for example_xcom_args_with_operators to None
[2024-06-26 01:18:15,278] {scheduler_job.py:190} INFO - Processing /home/airflow/.local/lib/python3.6/site-packages/airflow/example_dags/example_xcomargs.py took 5.872 seconds
[2024-06-26 01:19:40,601] {scheduler_job.py:182} INFO - Started process (PID=207) to work on /home/airflow/.local/lib/python3.6/site-packages/airflow/example_dags/example_xcomargs.py
[2024-06-26 01:19:40,609] {scheduler_job.py:629} INFO - Processing file /home/airflow/.local/lib/python3.6/site-packages/airflow/example_dags/example_xcomargs.py for tasks to queue
[2024-06-26 01:19:40,611] {logging_mixin.py:104} INFO - [2024-06-26 01:19:40,611] {dagbag.py:451} INFO - Filling up the DagBag from /home/airflow/.local/lib/python3.6/site-packages/airflow/example_dags/example_xcomargs.py
[2024-06-26 01:19:40,686] {scheduler_job.py:639} INFO - DAG(s) dict_keys(['example_xcom_args', 'example_xcom_args_with_operators']) retrieved from /home/airflow/.local/lib/python3.6/site-packages/airflow/example_dags/example_xcomargs.py
[2024-06-26 01:19:40,921] {logging_mixin.py:104} INFO - [2024-06-26 01:19:40,921] {dag.py:1824} INFO - Sync 2 DAGs
[2024-06-26 01:19:41,370] {logging_mixin.py:104} INFO - [2024-06-26 01:19:41,370] {dag.py:2280} INFO - Setting next_dagrun for example_xcom_args to None
[2024-06-26 01:19:41,372] {logging_mixin.py:104} INFO - [2024-06-26 01:19:41,372] {dag.py:2280} INFO - Setting next_dagrun for example_xcom_args_with_operators to None
[2024-06-26 01:19:41,477] {scheduler_job.py:190} INFO - Processing /home/airflow/.local/lib/python3.6/site-packages/airflow/example_dags/example_xcomargs.py took 0.916 seconds
[2024-06-26 01:20:14,672] {scheduler_job.py:182} INFO - Started process (PID=234) to work on /home/airflow/.local/lib/python3.6/site-packages/airflow/example_dags/example_xcomargs.py
[2024-06-26 01:20:14,792] {scheduler_job.py:629} INFO - Processing file /home/airflow/.local/lib/python3.6/site-packages/airflow/example_dags/example_xcomargs.py for tasks to queue
[2024-06-26 01:20:14,831] {logging_mixin.py:104} INFO - [2024-06-26 01:20:14,830] {dagbag.py:451} INFO - Filling up the DagBag from /home/airflow/.local/lib/python3.6/site-packages/airflow/example_dags/example_xcomargs.py
[2024-06-26 01:20:15,311] {scheduler_job.py:639} INFO - DAG(s) dict_keys(['example_xcom_args', 'example_xcom_args_with_operators']) retrieved from /home/airflow/.local/lib/python3.6/site-packages/airflow/example_dags/example_xcomargs.py
[2024-06-26 01:20:15,782] {logging_mixin.py:104} INFO - [2024-06-26 01:20:15,782] {dag.py:1824} INFO - Sync 2 DAGs
[2024-06-26 01:20:16,880] {logging_mixin.py:104} INFO - [2024-06-26 01:20:16,880] {dag.py:2280} INFO - Setting next_dagrun for example_xcom_args to None
[2024-06-26 01:20:16,885] {logging_mixin.py:104} INFO - [2024-06-26 01:20:16,885] {dag.py:2280} INFO - Setting next_dagrun for example_xcom_args_with_operators to None
[2024-06-26 01:20:17,025] {scheduler_job.py:190} INFO - Processing /home/airflow/.local/lib/python3.6/site-packages/airflow/example_dags/example_xcomargs.py took 2.380 seconds
