[2024-06-26 00:00:49,555] {scheduler_job.py:182} INFO - Started process (PID=994) to work on /home/airflow/.local/lib/python3.6/site-packages/airflow/example_dags/example_python_operator.py
[2024-06-26 00:00:49,559] {scheduler_job.py:629} INFO - Processing file /home/airflow/.local/lib/python3.6/site-packages/airflow/example_dags/example_python_operator.py for tasks to queue
[2024-06-26 00:00:49,562] {logging_mixin.py:104} INFO - [2024-06-26 00:00:49,561] {dagbag.py:451} INFO - Filling up the DagBag from /home/airflow/.local/lib/python3.6/site-packages/airflow/example_dags/example_python_operator.py
[2024-06-26 00:00:50,610] {scheduler_job.py:639} INFO - DAG(s) dict_keys(['example_python_operator']) retrieved from /home/airflow/.local/lib/python3.6/site-packages/airflow/example_dags/example_python_operator.py
[2024-06-26 00:00:51,207] {logging_mixin.py:104} INFO - [2024-06-26 00:00:51,202] {dag.py:1824} INFO - Sync 1 DAGs
[2024-06-26 00:00:55,353] {logging_mixin.py:104} INFO - [2024-06-26 00:00:55,353] {dag.py:2280} INFO - Setting next_dagrun for example_python_operator to None
[2024-06-26 00:00:56,724] {scheduler_job.py:190} INFO - Processing /home/airflow/.local/lib/python3.6/site-packages/airflow/example_dags/example_python_operator.py took 7.139 seconds
[2024-06-26 00:01:28,068] {scheduler_job.py:182} INFO - Started process (PID=1039) to work on /home/airflow/.local/lib/python3.6/site-packages/airflow/example_dags/example_python_operator.py
[2024-06-26 00:01:28,077] {scheduler_job.py:629} INFO - Processing file /home/airflow/.local/lib/python3.6/site-packages/airflow/example_dags/example_python_operator.py for tasks to queue
[2024-06-26 00:01:28,081] {logging_mixin.py:104} INFO - [2024-06-26 00:01:28,080] {dagbag.py:451} INFO - Filling up the DagBag from /home/airflow/.local/lib/python3.6/site-packages/airflow/example_dags/example_python_operator.py
[2024-06-26 00:01:28,563] {scheduler_job.py:639} INFO - DAG(s) dict_keys(['example_python_operator']) retrieved from /home/airflow/.local/lib/python3.6/site-packages/airflow/example_dags/example_python_operator.py
[2024-06-26 00:01:28,721] {logging_mixin.py:104} INFO - [2024-06-26 00:01:28,721] {dag.py:1824} INFO - Sync 1 DAGs
[2024-06-26 00:01:28,874] {logging_mixin.py:104} INFO - [2024-06-26 00:01:28,873] {dag.py:2280} INFO - Setting next_dagrun for example_python_operator to None
[2024-06-26 00:01:28,899] {scheduler_job.py:190} INFO - Processing /home/airflow/.local/lib/python3.6/site-packages/airflow/example_dags/example_python_operator.py took 0.863 seconds
[2024-06-26 00:01:59,470] {scheduler_job.py:182} INFO - Started process (PID=1066) to work on /home/airflow/.local/lib/python3.6/site-packages/airflow/example_dags/example_python_operator.py
[2024-06-26 00:01:59,482] {scheduler_job.py:629} INFO - Processing file /home/airflow/.local/lib/python3.6/site-packages/airflow/example_dags/example_python_operator.py for tasks to queue
[2024-06-26 00:01:59,489] {logging_mixin.py:104} INFO - [2024-06-26 00:01:59,488] {dagbag.py:451} INFO - Filling up the DagBag from /home/airflow/.local/lib/python3.6/site-packages/airflow/example_dags/example_python_operator.py
[2024-06-26 00:01:59,784] {scheduler_job.py:639} INFO - DAG(s) dict_keys(['example_python_operator']) retrieved from /home/airflow/.local/lib/python3.6/site-packages/airflow/example_dags/example_python_operator.py
[2024-06-26 00:02:00,484] {logging_mixin.py:104} INFO - [2024-06-26 00:02:00,484] {dag.py:1824} INFO - Sync 1 DAGs
[2024-06-26 00:02:01,574] {logging_mixin.py:104} INFO - [2024-06-26 00:02:01,557] {dag.py:2280} INFO - Setting next_dagrun for example_python_operator to None
[2024-06-26 00:02:04,669] {scheduler_job.py:190} INFO - Processing /home/airflow/.local/lib/python3.6/site-packages/airflow/example_dags/example_python_operator.py took 5.241 seconds
[2024-06-26 00:02:54,396] {scheduler_job.py:182} INFO - Started process (PID=1093) to work on /home/airflow/.local/lib/python3.6/site-packages/airflow/example_dags/example_python_operator.py
[2024-06-26 00:02:54,399] {scheduler_job.py:629} INFO - Processing file /home/airflow/.local/lib/python3.6/site-packages/airflow/example_dags/example_python_operator.py for tasks to queue
[2024-06-26 00:02:54,403] {logging_mixin.py:104} INFO - [2024-06-26 00:02:54,403] {dagbag.py:451} INFO - Filling up the DagBag from /home/airflow/.local/lib/python3.6/site-packages/airflow/example_dags/example_python_operator.py
[2024-06-26 00:02:54,847] {scheduler_job.py:639} INFO - DAG(s) dict_keys(['example_python_operator']) retrieved from /home/airflow/.local/lib/python3.6/site-packages/airflow/example_dags/example_python_operator.py
[2024-06-26 00:02:55,541] {logging_mixin.py:104} INFO - [2024-06-26 00:02:55,538] {dag.py:1824} INFO - Sync 1 DAGs
[2024-06-26 00:02:55,755] {logging_mixin.py:104} INFO - [2024-06-26 00:02:55,738] {dag.py:2280} INFO - Setting next_dagrun for example_python_operator to None
[2024-06-26 00:02:56,057] {scheduler_job.py:190} INFO - Processing /home/airflow/.local/lib/python3.6/site-packages/airflow/example_dags/example_python_operator.py took 1.708 seconds
[2024-06-26 00:03:26,664] {scheduler_job.py:182} INFO - Started process (PID=1116) to work on /home/airflow/.local/lib/python3.6/site-packages/airflow/example_dags/example_python_operator.py
[2024-06-26 00:03:26,678] {scheduler_job.py:629} INFO - Processing file /home/airflow/.local/lib/python3.6/site-packages/airflow/example_dags/example_python_operator.py for tasks to queue
[2024-06-26 00:03:26,679] {logging_mixin.py:104} INFO - [2024-06-26 00:03:26,679] {dagbag.py:451} INFO - Filling up the DagBag from /home/airflow/.local/lib/python3.6/site-packages/airflow/example_dags/example_python_operator.py
[2024-06-26 00:03:26,775] {scheduler_job.py:639} INFO - DAG(s) dict_keys(['example_python_operator']) retrieved from /home/airflow/.local/lib/python3.6/site-packages/airflow/example_dags/example_python_operator.py
[2024-06-26 00:03:26,868] {logging_mixin.py:104} INFO - [2024-06-26 00:03:26,867] {dag.py:1824} INFO - Sync 1 DAGs
[2024-06-26 00:03:26,912] {logging_mixin.py:104} INFO - [2024-06-26 00:03:26,912] {dag.py:2280} INFO - Setting next_dagrun for example_python_operator to None
[2024-06-26 00:03:26,940] {scheduler_job.py:190} INFO - Processing /home/airflow/.local/lib/python3.6/site-packages/airflow/example_dags/example_python_operator.py took 0.281 seconds
[2024-06-26 00:04:19,963] {scheduler_job.py:182} INFO - Started process (PID=1145) to work on /home/airflow/.local/lib/python3.6/site-packages/airflow/example_dags/example_python_operator.py
[2024-06-26 00:04:19,968] {scheduler_job.py:629} INFO - Processing file /home/airflow/.local/lib/python3.6/site-packages/airflow/example_dags/example_python_operator.py for tasks to queue
[2024-06-26 00:04:19,985] {logging_mixin.py:104} INFO - [2024-06-26 00:04:19,979] {dagbag.py:451} INFO - Filling up the DagBag from /home/airflow/.local/lib/python3.6/site-packages/airflow/example_dags/example_python_operator.py
[2024-06-26 00:04:20,058] {scheduler_job.py:639} INFO - DAG(s) dict_keys(['example_python_operator']) retrieved from /home/airflow/.local/lib/python3.6/site-packages/airflow/example_dags/example_python_operator.py
[2024-06-26 00:04:20,144] {logging_mixin.py:104} INFO - [2024-06-26 00:04:20,144] {dag.py:1824} INFO - Sync 1 DAGs
[2024-06-26 00:04:20,190] {logging_mixin.py:104} INFO - [2024-06-26 00:04:20,189] {dag.py:2280} INFO - Setting next_dagrun for example_python_operator to None
[2024-06-26 00:04:20,213] {scheduler_job.py:190} INFO - Processing /home/airflow/.local/lib/python3.6/site-packages/airflow/example_dags/example_python_operator.py took 0.258 seconds
[2024-06-26 00:04:50,751] {scheduler_job.py:182} INFO - Started process (PID=1170) to work on /home/airflow/.local/lib/python3.6/site-packages/airflow/example_dags/example_python_operator.py
[2024-06-26 00:04:50,754] {scheduler_job.py:629} INFO - Processing file /home/airflow/.local/lib/python3.6/site-packages/airflow/example_dags/example_python_operator.py for tasks to queue
[2024-06-26 00:04:50,755] {logging_mixin.py:104} INFO - [2024-06-26 00:04:50,755] {dagbag.py:451} INFO - Filling up the DagBag from /home/airflow/.local/lib/python3.6/site-packages/airflow/example_dags/example_python_operator.py
[2024-06-26 00:04:50,788] {scheduler_job.py:639} INFO - DAG(s) dict_keys(['example_python_operator']) retrieved from /home/airflow/.local/lib/python3.6/site-packages/airflow/example_dags/example_python_operator.py
[2024-06-26 00:04:50,836] {logging_mixin.py:104} INFO - [2024-06-26 00:04:50,836] {dag.py:1824} INFO - Sync 1 DAGs
[2024-06-26 00:04:50,862] {logging_mixin.py:104} INFO - [2024-06-26 00:04:50,862] {dag.py:2280} INFO - Setting next_dagrun for example_python_operator to None
[2024-06-26 00:04:50,882] {scheduler_job.py:190} INFO - Processing /home/airflow/.local/lib/python3.6/site-packages/airflow/example_dags/example_python_operator.py took 0.138 seconds
[2024-06-26 00:05:21,694] {scheduler_job.py:182} INFO - Started process (PID=1194) to work on /home/airflow/.local/lib/python3.6/site-packages/airflow/example_dags/example_python_operator.py
[2024-06-26 00:05:21,698] {scheduler_job.py:629} INFO - Processing file /home/airflow/.local/lib/python3.6/site-packages/airflow/example_dags/example_python_operator.py for tasks to queue
[2024-06-26 00:05:21,701] {logging_mixin.py:104} INFO - [2024-06-26 00:05:21,701] {dagbag.py:451} INFO - Filling up the DagBag from /home/airflow/.local/lib/python3.6/site-packages/airflow/example_dags/example_python_operator.py
[2024-06-26 00:05:21,845] {scheduler_job.py:639} INFO - DAG(s) dict_keys(['example_python_operator']) retrieved from /home/airflow/.local/lib/python3.6/site-packages/airflow/example_dags/example_python_operator.py
[2024-06-26 00:05:22,055] {logging_mixin.py:104} INFO - [2024-06-26 00:05:22,054] {dag.py:1824} INFO - Sync 1 DAGs
[2024-06-26 00:05:22,155] {logging_mixin.py:104} INFO - [2024-06-26 00:05:22,155] {dag.py:2280} INFO - Setting next_dagrun for example_python_operator to None
[2024-06-26 00:05:22,243] {scheduler_job.py:190} INFO - Processing /home/airflow/.local/lib/python3.6/site-packages/airflow/example_dags/example_python_operator.py took 0.562 seconds
[2024-06-26 00:07:55,162] {scheduler_job.py:182} INFO - Started process (PID=1235) to work on /home/airflow/.local/lib/python3.6/site-packages/airflow/example_dags/example_python_operator.py
[2024-06-26 00:07:55,172] {scheduler_job.py:629} INFO - Processing file /home/airflow/.local/lib/python3.6/site-packages/airflow/example_dags/example_python_operator.py for tasks to queue
[2024-06-26 00:07:55,179] {logging_mixin.py:104} INFO - [2024-06-26 00:07:55,178] {dagbag.py:451} INFO - Filling up the DagBag from /home/airflow/.local/lib/python3.6/site-packages/airflow/example_dags/example_python_operator.py
[2024-06-26 00:07:55,249] {scheduler_job.py:639} INFO - DAG(s) dict_keys(['example_python_operator']) retrieved from /home/airflow/.local/lib/python3.6/site-packages/airflow/example_dags/example_python_operator.py
[2024-06-26 00:07:55,373] {logging_mixin.py:104} INFO - [2024-06-26 00:07:55,371] {dag.py:1824} INFO - Sync 1 DAGs
[2024-06-26 00:07:55,511] {logging_mixin.py:104} INFO - [2024-06-26 00:07:55,507] {dag.py:2280} INFO - Setting next_dagrun for example_python_operator to None
[2024-06-26 00:07:55,653] {scheduler_job.py:190} INFO - Processing /home/airflow/.local/lib/python3.6/site-packages/airflow/example_dags/example_python_operator.py took 0.498 seconds
[2024-06-26 00:09:50,919] {scheduler_job.py:182} INFO - Started process (PID=1265) to work on /home/airflow/.local/lib/python3.6/site-packages/airflow/example_dags/example_python_operator.py
[2024-06-26 00:09:50,942] {scheduler_job.py:629} INFO - Processing file /home/airflow/.local/lib/python3.6/site-packages/airflow/example_dags/example_python_operator.py for tasks to queue
[2024-06-26 00:09:50,944] {logging_mixin.py:104} INFO - [2024-06-26 00:09:50,944] {dagbag.py:451} INFO - Filling up the DagBag from /home/airflow/.local/lib/python3.6/site-packages/airflow/example_dags/example_python_operator.py
[2024-06-26 00:09:51,030] {scheduler_job.py:639} INFO - DAG(s) dict_keys(['example_python_operator']) retrieved from /home/airflow/.local/lib/python3.6/site-packages/airflow/example_dags/example_python_operator.py
[2024-06-26 00:09:51,124] {logging_mixin.py:104} INFO - [2024-06-26 00:09:51,124] {dag.py:1824} INFO - Sync 1 DAGs
[2024-06-26 00:09:51,241] {logging_mixin.py:104} INFO - [2024-06-26 00:09:51,241] {dag.py:2280} INFO - Setting next_dagrun for example_python_operator to None
[2024-06-26 00:09:51,351] {scheduler_job.py:190} INFO - Processing /home/airflow/.local/lib/python3.6/site-packages/airflow/example_dags/example_python_operator.py took 0.453 seconds
[2024-06-26 00:10:22,718] {scheduler_job.py:182} INFO - Started process (PID=1291) to work on /home/airflow/.local/lib/python3.6/site-packages/airflow/example_dags/example_python_operator.py
[2024-06-26 00:10:22,736] {scheduler_job.py:629} INFO - Processing file /home/airflow/.local/lib/python3.6/site-packages/airflow/example_dags/example_python_operator.py for tasks to queue
[2024-06-26 00:10:22,746] {logging_mixin.py:104} INFO - [2024-06-26 00:10:22,746] {dagbag.py:451} INFO - Filling up the DagBag from /home/airflow/.local/lib/python3.6/site-packages/airflow/example_dags/example_python_operator.py
[2024-06-26 00:10:22,812] {scheduler_job.py:639} INFO - DAG(s) dict_keys(['example_python_operator']) retrieved from /home/airflow/.local/lib/python3.6/site-packages/airflow/example_dags/example_python_operator.py
[2024-06-26 00:10:22,925] {logging_mixin.py:104} INFO - [2024-06-26 00:10:22,925] {dag.py:1824} INFO - Sync 1 DAGs
[2024-06-26 00:10:22,994] {logging_mixin.py:104} INFO - [2024-06-26 00:10:22,993] {dag.py:2280} INFO - Setting next_dagrun for example_python_operator to None
[2024-06-26 00:10:23,046] {scheduler_job.py:190} INFO - Processing /home/airflow/.local/lib/python3.6/site-packages/airflow/example_dags/example_python_operator.py took 0.336 seconds
[2024-06-26 00:13:20,772] {scheduler_job.py:182} INFO - Started process (PID=1345) to work on /home/airflow/.local/lib/python3.6/site-packages/airflow/example_dags/example_python_operator.py
[2024-06-26 00:13:20,778] {scheduler_job.py:629} INFO - Processing file /home/airflow/.local/lib/python3.6/site-packages/airflow/example_dags/example_python_operator.py for tasks to queue
[2024-06-26 00:13:20,780] {logging_mixin.py:104} INFO - [2024-06-26 00:13:20,780] {dagbag.py:451} INFO - Filling up the DagBag from /home/airflow/.local/lib/python3.6/site-packages/airflow/example_dags/example_python_operator.py
[2024-06-26 00:13:20,809] {scheduler_job.py:639} INFO - DAG(s) dict_keys(['example_python_operator']) retrieved from /home/airflow/.local/lib/python3.6/site-packages/airflow/example_dags/example_python_operator.py
[2024-06-26 00:13:20,952] {logging_mixin.py:104} INFO - [2024-06-26 00:13:20,952] {dag.py:1824} INFO - Sync 1 DAGs
[2024-06-26 00:13:21,061] {logging_mixin.py:104} INFO - [2024-06-26 00:13:21,060] {dag.py:2280} INFO - Setting next_dagrun for example_python_operator to None
[2024-06-26 00:13:21,088] {scheduler_job.py:190} INFO - Processing /home/airflow/.local/lib/python3.6/site-packages/airflow/example_dags/example_python_operator.py took 0.323 seconds
[2024-06-26 00:15:45,430] {scheduler_job.py:182} INFO - Started process (PID=1384) to work on /home/airflow/.local/lib/python3.6/site-packages/airflow/example_dags/example_python_operator.py
[2024-06-26 00:15:45,492] {scheduler_job.py:629} INFO - Processing file /home/airflow/.local/lib/python3.6/site-packages/airflow/example_dags/example_python_operator.py for tasks to queue
[2024-06-26 00:15:45,587] {logging_mixin.py:104} INFO - [2024-06-26 00:15:45,506] {dagbag.py:451} INFO - Filling up the DagBag from /home/airflow/.local/lib/python3.6/site-packages/airflow/example_dags/example_python_operator.py
[2024-06-26 00:15:46,058] {scheduler_job.py:639} INFO - DAG(s) dict_keys(['example_python_operator']) retrieved from /home/airflow/.local/lib/python3.6/site-packages/airflow/example_dags/example_python_operator.py
[2024-06-26 00:15:46,974] {logging_mixin.py:104} INFO - [2024-06-26 00:15:46,959] {dag.py:1824} INFO - Sync 1 DAGs
[2024-06-26 00:15:48,637] {logging_mixin.py:104} INFO - [2024-06-26 00:15:48,619] {dag.py:2280} INFO - Setting next_dagrun for example_python_operator to None
[2024-06-26 00:15:49,047] {scheduler_job.py:190} INFO - Processing /home/airflow/.local/lib/python3.6/site-packages/airflow/example_dags/example_python_operator.py took 4.058 seconds
[2024-06-26 00:17:58,479] {scheduler_job.py:182} INFO - Started process (PID=1410) to work on /home/airflow/.local/lib/python3.6/site-packages/airflow/example_dags/example_python_operator.py
[2024-06-26 00:17:58,488] {scheduler_job.py:629} INFO - Processing file /home/airflow/.local/lib/python3.6/site-packages/airflow/example_dags/example_python_operator.py for tasks to queue
[2024-06-26 00:17:58,504] {logging_mixin.py:104} INFO - [2024-06-26 00:17:58,490] {dagbag.py:451} INFO - Filling up the DagBag from /home/airflow/.local/lib/python3.6/site-packages/airflow/example_dags/example_python_operator.py
[2024-06-26 00:17:58,656] {scheduler_job.py:639} INFO - DAG(s) dict_keys(['example_python_operator']) retrieved from /home/airflow/.local/lib/python3.6/site-packages/airflow/example_dags/example_python_operator.py
[2024-06-26 00:17:58,973] {logging_mixin.py:104} INFO - [2024-06-26 00:17:58,971] {dag.py:1824} INFO - Sync 1 DAGs
[2024-06-26 00:17:59,141] {logging_mixin.py:104} INFO - [2024-06-26 00:17:59,136] {dag.py:2280} INFO - Setting next_dagrun for example_python_operator to None
[2024-06-26 00:17:59,348] {scheduler_job.py:190} INFO - Processing /home/airflow/.local/lib/python3.6/site-packages/airflow/example_dags/example_python_operator.py took 0.886 seconds
[2024-06-26 00:20:12,527] {scheduler_job.py:182} INFO - Started process (PID=1441) to work on /home/airflow/.local/lib/python3.6/site-packages/airflow/example_dags/example_python_operator.py
[2024-06-26 00:20:12,560] {scheduler_job.py:629} INFO - Processing file /home/airflow/.local/lib/python3.6/site-packages/airflow/example_dags/example_python_operator.py for tasks to queue
[2024-06-26 00:20:12,577] {logging_mixin.py:104} INFO - [2024-06-26 00:20:12,576] {dagbag.py:451} INFO - Filling up the DagBag from /home/airflow/.local/lib/python3.6/site-packages/airflow/example_dags/example_python_operator.py
[2024-06-26 00:20:12,865] {scheduler_job.py:639} INFO - DAG(s) dict_keys(['example_python_operator']) retrieved from /home/airflow/.local/lib/python3.6/site-packages/airflow/example_dags/example_python_operator.py
[2024-06-26 00:20:13,423] {logging_mixin.py:104} INFO - [2024-06-26 00:20:13,402] {dag.py:1824} INFO - Sync 1 DAGs
[2024-06-26 00:20:14,128] {logging_mixin.py:104} INFO - [2024-06-26 00:20:14,103] {dag.py:2280} INFO - Setting next_dagrun for example_python_operator to None
[2024-06-26 00:22:03,755] {scheduler_job.py:190} INFO - Processing /home/airflow/.local/lib/python3.6/site-packages/airflow/example_dags/example_python_operator.py took 111.182 seconds
[2024-06-26 00:22:13,831] {scheduler_job.py:182} INFO - Started process (PID=1466) to work on /home/airflow/.local/lib/python3.6/site-packages/airflow/example_dags/example_python_operator.py
[2024-06-26 00:22:13,835] {scheduler_job.py:629} INFO - Processing file /home/airflow/.local/lib/python3.6/site-packages/airflow/example_dags/example_python_operator.py for tasks to queue
[2024-06-26 00:22:13,837] {logging_mixin.py:104} INFO - [2024-06-26 00:22:13,836] {dagbag.py:451} INFO - Filling up the DagBag from /home/airflow/.local/lib/python3.6/site-packages/airflow/example_dags/example_python_operator.py
[2024-06-26 00:22:13,858] {scheduler_job.py:639} INFO - DAG(s) dict_keys(['example_python_operator']) retrieved from /home/airflow/.local/lib/python3.6/site-packages/airflow/example_dags/example_python_operator.py
[2024-06-26 00:22:14,021] {logging_mixin.py:104} INFO - [2024-06-26 00:22:14,021] {dag.py:1824} INFO - Sync 1 DAGs
[2024-06-26 00:22:14,163] {logging_mixin.py:104} INFO - [2024-06-26 00:22:14,162] {dag.py:2280} INFO - Setting next_dagrun for example_python_operator to None
[2024-06-26 00:22:14,290] {scheduler_job.py:190} INFO - Processing /home/airflow/.local/lib/python3.6/site-packages/airflow/example_dags/example_python_operator.py took 0.468 seconds
[2024-06-26 00:22:57,988] {scheduler_job.py:182} INFO - Started process (PID=1494) to work on /home/airflow/.local/lib/python3.6/site-packages/airflow/example_dags/example_python_operator.py
[2024-06-26 00:22:57,992] {scheduler_job.py:629} INFO - Processing file /home/airflow/.local/lib/python3.6/site-packages/airflow/example_dags/example_python_operator.py for tasks to queue
[2024-06-26 00:22:57,995] {logging_mixin.py:104} INFO - [2024-06-26 00:22:57,994] {dagbag.py:451} INFO - Filling up the DagBag from /home/airflow/.local/lib/python3.6/site-packages/airflow/example_dags/example_python_operator.py
[2024-06-26 00:22:58,038] {scheduler_job.py:639} INFO - DAG(s) dict_keys(['example_python_operator']) retrieved from /home/airflow/.local/lib/python3.6/site-packages/airflow/example_dags/example_python_operator.py
[2024-06-26 00:22:58,166] {logging_mixin.py:104} INFO - [2024-06-26 00:22:58,166] {dag.py:1824} INFO - Sync 1 DAGs
[2024-06-26 00:22:58,227] {logging_mixin.py:104} INFO - [2024-06-26 00:22:58,227] {dag.py:2280} INFO - Setting next_dagrun for example_python_operator to None
[2024-06-26 00:22:58,259] {scheduler_job.py:190} INFO - Processing /home/airflow/.local/lib/python3.6/site-packages/airflow/example_dags/example_python_operator.py took 0.300 seconds
[2024-06-26 00:23:30,371] {scheduler_job.py:182} INFO - Started process (PID=1520) to work on /home/airflow/.local/lib/python3.6/site-packages/airflow/example_dags/example_python_operator.py
[2024-06-26 00:23:30,375] {scheduler_job.py:629} INFO - Processing file /home/airflow/.local/lib/python3.6/site-packages/airflow/example_dags/example_python_operator.py for tasks to queue
[2024-06-26 00:23:30,377] {logging_mixin.py:104} INFO - [2024-06-26 00:23:30,377] {dagbag.py:451} INFO - Filling up the DagBag from /home/airflow/.local/lib/python3.6/site-packages/airflow/example_dags/example_python_operator.py
[2024-06-26 00:23:30,629] {scheduler_job.py:639} INFO - DAG(s) dict_keys(['example_python_operator']) retrieved from /home/airflow/.local/lib/python3.6/site-packages/airflow/example_dags/example_python_operator.py
[2024-06-26 00:23:30,904] {logging_mixin.py:104} INFO - [2024-06-26 00:23:30,904] {dag.py:1824} INFO - Sync 1 DAGs
[2024-06-26 00:23:30,998] {logging_mixin.py:104} INFO - [2024-06-26 00:23:30,998] {dag.py:2280} INFO - Setting next_dagrun for example_python_operator to None
[2024-06-26 00:23:31,040] {scheduler_job.py:190} INFO - Processing /home/airflow/.local/lib/python3.6/site-packages/airflow/example_dags/example_python_operator.py took 0.677 seconds
[2024-06-26 00:25:08,559] {scheduler_job.py:182} INFO - Started process (PID=1565) to work on /home/airflow/.local/lib/python3.6/site-packages/airflow/example_dags/example_python_operator.py
[2024-06-26 00:25:08,563] {scheduler_job.py:629} INFO - Processing file /home/airflow/.local/lib/python3.6/site-packages/airflow/example_dags/example_python_operator.py for tasks to queue
[2024-06-26 00:25:08,565] {logging_mixin.py:104} INFO - [2024-06-26 00:25:08,564] {dagbag.py:451} INFO - Filling up the DagBag from /home/airflow/.local/lib/python3.6/site-packages/airflow/example_dags/example_python_operator.py
[2024-06-26 00:25:08,589] {scheduler_job.py:639} INFO - DAG(s) dict_keys(['example_python_operator']) retrieved from /home/airflow/.local/lib/python3.6/site-packages/airflow/example_dags/example_python_operator.py
[2024-06-26 00:25:08,636] {logging_mixin.py:104} INFO - [2024-06-26 00:25:08,636] {dag.py:1824} INFO - Sync 1 DAGs
[2024-06-26 00:25:08,668] {logging_mixin.py:104} INFO - [2024-06-26 00:25:08,668] {dag.py:2280} INFO - Setting next_dagrun for example_python_operator to None
[2024-06-26 00:25:08,705] {scheduler_job.py:190} INFO - Processing /home/airflow/.local/lib/python3.6/site-packages/airflow/example_dags/example_python_operator.py took 0.152 seconds
[2024-06-26 00:25:40,647] {scheduler_job.py:182} INFO - Started process (PID=1591) to work on /home/airflow/.local/lib/python3.6/site-packages/airflow/example_dags/example_python_operator.py
[2024-06-26 00:25:40,656] {scheduler_job.py:629} INFO - Processing file /home/airflow/.local/lib/python3.6/site-packages/airflow/example_dags/example_python_operator.py for tasks to queue
[2024-06-26 00:25:40,673] {logging_mixin.py:104} INFO - [2024-06-26 00:25:40,672] {dagbag.py:451} INFO - Filling up the DagBag from /home/airflow/.local/lib/python3.6/site-packages/airflow/example_dags/example_python_operator.py
[2024-06-26 00:25:40,804] {scheduler_job.py:639} INFO - DAG(s) dict_keys(['example_python_operator']) retrieved from /home/airflow/.local/lib/python3.6/site-packages/airflow/example_dags/example_python_operator.py
[2024-06-26 00:25:40,898] {logging_mixin.py:104} INFO - [2024-06-26 00:25:40,898] {dag.py:1824} INFO - Sync 1 DAGs
[2024-06-26 00:25:40,943] {logging_mixin.py:104} INFO - [2024-06-26 00:25:40,943] {dag.py:2280} INFO - Setting next_dagrun for example_python_operator to None
[2024-06-26 00:25:40,988] {scheduler_job.py:190} INFO - Processing /home/airflow/.local/lib/python3.6/site-packages/airflow/example_dags/example_python_operator.py took 0.369 seconds
[2024-06-26 00:26:53,823] {scheduler_job.py:182} INFO - Started process (PID=1628) to work on /home/airflow/.local/lib/python3.6/site-packages/airflow/example_dags/example_python_operator.py
[2024-06-26 00:26:53,852] {scheduler_job.py:629} INFO - Processing file /home/airflow/.local/lib/python3.6/site-packages/airflow/example_dags/example_python_operator.py for tasks to queue
[2024-06-26 00:26:53,855] {logging_mixin.py:104} INFO - [2024-06-26 00:26:53,854] {dagbag.py:451} INFO - Filling up the DagBag from /home/airflow/.local/lib/python3.6/site-packages/airflow/example_dags/example_python_operator.py
[2024-06-26 00:26:53,885] {scheduler_job.py:639} INFO - DAG(s) dict_keys(['example_python_operator']) retrieved from /home/airflow/.local/lib/python3.6/site-packages/airflow/example_dags/example_python_operator.py
[2024-06-26 00:26:53,991] {logging_mixin.py:104} INFO - [2024-06-26 00:26:53,990] {dag.py:1824} INFO - Sync 1 DAGs
[2024-06-26 00:26:54,046] {logging_mixin.py:104} INFO - [2024-06-26 00:26:54,046] {dag.py:2280} INFO - Setting next_dagrun for example_python_operator to None
[2024-06-26 00:26:54,081] {scheduler_job.py:190} INFO - Processing /home/airflow/.local/lib/python3.6/site-packages/airflow/example_dags/example_python_operator.py took 0.264 seconds
[2024-06-26 00:27:52,687] {scheduler_job.py:182} INFO - Started process (PID=1656) to work on /home/airflow/.local/lib/python3.6/site-packages/airflow/example_dags/example_python_operator.py
[2024-06-26 00:27:52,696] {scheduler_job.py:629} INFO - Processing file /home/airflow/.local/lib/python3.6/site-packages/airflow/example_dags/example_python_operator.py for tasks to queue
[2024-06-26 00:27:52,709] {logging_mixin.py:104} INFO - [2024-06-26 00:27:52,709] {dagbag.py:451} INFO - Filling up the DagBag from /home/airflow/.local/lib/python3.6/site-packages/airflow/example_dags/example_python_operator.py
[2024-06-26 00:27:52,738] {scheduler_job.py:639} INFO - DAG(s) dict_keys(['example_python_operator']) retrieved from /home/airflow/.local/lib/python3.6/site-packages/airflow/example_dags/example_python_operator.py
[2024-06-26 00:27:52,810] {logging_mixin.py:104} INFO - [2024-06-26 00:27:52,810] {dag.py:1824} INFO - Sync 1 DAGs
[2024-06-26 00:27:52,851] {logging_mixin.py:104} INFO - [2024-06-26 00:27:52,850] {dag.py:2280} INFO - Setting next_dagrun for example_python_operator to None
[2024-06-26 00:27:52,875] {scheduler_job.py:190} INFO - Processing /home/airflow/.local/lib/python3.6/site-packages/airflow/example_dags/example_python_operator.py took 0.229 seconds
[2024-06-26 00:29:29,924] {scheduler_job.py:182} INFO - Started process (PID=1687) to work on /home/airflow/.local/lib/python3.6/site-packages/airflow/example_dags/example_python_operator.py
[2024-06-26 00:29:29,929] {scheduler_job.py:629} INFO - Processing file /home/airflow/.local/lib/python3.6/site-packages/airflow/example_dags/example_python_operator.py for tasks to queue
[2024-06-26 00:29:29,936] {logging_mixin.py:104} INFO - [2024-06-26 00:29:29,935] {dagbag.py:451} INFO - Filling up the DagBag from /home/airflow/.local/lib/python3.6/site-packages/airflow/example_dags/example_python_operator.py
[2024-06-26 00:29:30,044] {scheduler_job.py:639} INFO - DAG(s) dict_keys(['example_python_operator']) retrieved from /home/airflow/.local/lib/python3.6/site-packages/airflow/example_dags/example_python_operator.py
[2024-06-26 00:29:32,121] {logging_mixin.py:104} INFO - [2024-06-26 00:29:32,111] {dag.py:1824} INFO - Sync 1 DAGs
[2024-06-26 00:29:36,522] {logging_mixin.py:104} INFO - [2024-06-26 00:29:36,384] {dag.py:2280} INFO - Setting next_dagrun for example_python_operator to None
[2024-06-26 00:29:43,148] {scheduler_job.py:190} INFO - Processing /home/airflow/.local/lib/python3.6/site-packages/airflow/example_dags/example_python_operator.py took 13.235 seconds
[2024-06-26 00:30:19,782] {scheduler_job.py:182} INFO - Started process (PID=1714) to work on /home/airflow/.local/lib/python3.6/site-packages/airflow/example_dags/example_python_operator.py
[2024-06-26 00:30:19,791] {scheduler_job.py:629} INFO - Processing file /home/airflow/.local/lib/python3.6/site-packages/airflow/example_dags/example_python_operator.py for tasks to queue
[2024-06-26 00:30:19,799] {logging_mixin.py:104} INFO - [2024-06-26 00:30:19,798] {dagbag.py:451} INFO - Filling up the DagBag from /home/airflow/.local/lib/python3.6/site-packages/airflow/example_dags/example_python_operator.py
[2024-06-26 00:30:19,921] {scheduler_job.py:639} INFO - DAG(s) dict_keys(['example_python_operator']) retrieved from /home/airflow/.local/lib/python3.6/site-packages/airflow/example_dags/example_python_operator.py
[2024-06-26 00:30:20,017] {logging_mixin.py:104} INFO - [2024-06-26 00:30:20,017] {dag.py:1824} INFO - Sync 1 DAGs
[2024-06-26 00:30:20,138] {logging_mixin.py:104} INFO - [2024-06-26 00:30:20,138] {dag.py:2280} INFO - Setting next_dagrun for example_python_operator to None
[2024-06-26 00:30:20,234] {scheduler_job.py:190} INFO - Processing /home/airflow/.local/lib/python3.6/site-packages/airflow/example_dags/example_python_operator.py took 0.515 seconds
[2024-06-26 00:31:59,593] {scheduler_job.py:182} INFO - Started process (PID=1747) to work on /home/airflow/.local/lib/python3.6/site-packages/airflow/example_dags/example_python_operator.py
[2024-06-26 00:31:59,597] {scheduler_job.py:629} INFO - Processing file /home/airflow/.local/lib/python3.6/site-packages/airflow/example_dags/example_python_operator.py for tasks to queue
[2024-06-26 00:31:59,604] {logging_mixin.py:104} INFO - [2024-06-26 00:31:59,603] {dagbag.py:451} INFO - Filling up the DagBag from /home/airflow/.local/lib/python3.6/site-packages/airflow/example_dags/example_python_operator.py
[2024-06-26 00:31:59,679] {scheduler_job.py:639} INFO - DAG(s) dict_keys(['example_python_operator']) retrieved from /home/airflow/.local/lib/python3.6/site-packages/airflow/example_dags/example_python_operator.py
[2024-06-26 00:31:59,905] {logging_mixin.py:104} INFO - [2024-06-26 00:31:59,905] {dag.py:1824} INFO - Sync 1 DAGs
[2024-06-26 00:32:00,031] {logging_mixin.py:104} INFO - [2024-06-26 00:32:00,030] {dag.py:2280} INFO - Setting next_dagrun for example_python_operator to None
[2024-06-26 00:32:00,115] {scheduler_job.py:190} INFO - Processing /home/airflow/.local/lib/python3.6/site-packages/airflow/example_dags/example_python_operator.py took 0.527 seconds
[2024-06-26 00:34:05,423] {scheduler_job.py:182} INFO - Started process (PID=1794) to work on /home/airflow/.local/lib/python3.6/site-packages/airflow/example_dags/example_python_operator.py
[2024-06-26 00:34:05,426] {scheduler_job.py:629} INFO - Processing file /home/airflow/.local/lib/python3.6/site-packages/airflow/example_dags/example_python_operator.py for tasks to queue
[2024-06-26 00:34:05,447] {logging_mixin.py:104} INFO - [2024-06-26 00:34:05,447] {dagbag.py:451} INFO - Filling up the DagBag from /home/airflow/.local/lib/python3.6/site-packages/airflow/example_dags/example_python_operator.py
[2024-06-26 00:34:05,495] {scheduler_job.py:639} INFO - DAG(s) dict_keys(['example_python_operator']) retrieved from /home/airflow/.local/lib/python3.6/site-packages/airflow/example_dags/example_python_operator.py
[2024-06-26 00:34:05,582] {logging_mixin.py:104} INFO - [2024-06-26 00:34:05,582] {dag.py:1824} INFO - Sync 1 DAGs
[2024-06-26 00:34:05,631] {logging_mixin.py:104} INFO - [2024-06-26 00:34:05,631] {dag.py:2280} INFO - Setting next_dagrun for example_python_operator to None
[2024-06-26 00:34:05,722] {scheduler_job.py:190} INFO - Processing /home/airflow/.local/lib/python3.6/site-packages/airflow/example_dags/example_python_operator.py took 0.319 seconds
[2024-06-26 00:35:09,888] {scheduler_job.py:182} INFO - Started process (PID=1829) to work on /home/airflow/.local/lib/python3.6/site-packages/airflow/example_dags/example_python_operator.py
[2024-06-26 00:35:09,902] {scheduler_job.py:629} INFO - Processing file /home/airflow/.local/lib/python3.6/site-packages/airflow/example_dags/example_python_operator.py for tasks to queue
[2024-06-26 00:35:09,910] {logging_mixin.py:104} INFO - [2024-06-26 00:35:09,909] {dagbag.py:451} INFO - Filling up the DagBag from /home/airflow/.local/lib/python3.6/site-packages/airflow/example_dags/example_python_operator.py
[2024-06-26 00:35:09,983] {scheduler_job.py:639} INFO - DAG(s) dict_keys(['example_python_operator']) retrieved from /home/airflow/.local/lib/python3.6/site-packages/airflow/example_dags/example_python_operator.py
[2024-06-26 00:35:10,205] {logging_mixin.py:104} INFO - [2024-06-26 00:35:10,205] {dag.py:1824} INFO - Sync 1 DAGs
[2024-06-26 00:35:10,559] {logging_mixin.py:104} INFO - [2024-06-26 00:35:10,558] {dag.py:2280} INFO - Setting next_dagrun for example_python_operator to None
[2024-06-26 00:35:10,799] {scheduler_job.py:190} INFO - Processing /home/airflow/.local/lib/python3.6/site-packages/airflow/example_dags/example_python_operator.py took 0.938 seconds
[2024-06-26 00:35:43,121] {scheduler_job.py:182} INFO - Started process (PID=1854) to work on /home/airflow/.local/lib/python3.6/site-packages/airflow/example_dags/example_python_operator.py
[2024-06-26 00:35:43,129] {scheduler_job.py:629} INFO - Processing file /home/airflow/.local/lib/python3.6/site-packages/airflow/example_dags/example_python_operator.py for tasks to queue
[2024-06-26 00:35:43,133] {logging_mixin.py:104} INFO - [2024-06-26 00:35:43,132] {dagbag.py:451} INFO - Filling up the DagBag from /home/airflow/.local/lib/python3.6/site-packages/airflow/example_dags/example_python_operator.py
[2024-06-26 00:35:43,192] {scheduler_job.py:639} INFO - DAG(s) dict_keys(['example_python_operator']) retrieved from /home/airflow/.local/lib/python3.6/site-packages/airflow/example_dags/example_python_operator.py
[2024-06-26 00:35:43,328] {logging_mixin.py:104} INFO - [2024-06-26 00:35:43,327] {dag.py:1824} INFO - Sync 1 DAGs
[2024-06-26 00:35:43,383] {logging_mixin.py:104} INFO - [2024-06-26 00:35:43,383] {dag.py:2280} INFO - Setting next_dagrun for example_python_operator to None
[2024-06-26 00:35:43,517] {scheduler_job.py:190} INFO - Processing /home/airflow/.local/lib/python3.6/site-packages/airflow/example_dags/example_python_operator.py took 0.403 seconds
[2024-06-26 00:36:39,624] {scheduler_job.py:182} INFO - Started process (PID=1884) to work on /home/airflow/.local/lib/python3.6/site-packages/airflow/example_dags/example_python_operator.py
[2024-06-26 00:36:39,632] {scheduler_job.py:629} INFO - Processing file /home/airflow/.local/lib/python3.6/site-packages/airflow/example_dags/example_python_operator.py for tasks to queue
[2024-06-26 00:36:39,634] {logging_mixin.py:104} INFO - [2024-06-26 00:36:39,634] {dagbag.py:451} INFO - Filling up the DagBag from /home/airflow/.local/lib/python3.6/site-packages/airflow/example_dags/example_python_operator.py
[2024-06-26 00:36:39,890] {scheduler_job.py:639} INFO - DAG(s) dict_keys(['example_python_operator']) retrieved from /home/airflow/.local/lib/python3.6/site-packages/airflow/example_dags/example_python_operator.py
[2024-06-26 00:36:45,922] {logging_mixin.py:104} INFO - [2024-06-26 00:36:45,876] {dag.py:1824} INFO - Sync 1 DAGs
[2024-06-26 00:36:46,766] {logging_mixin.py:104} INFO - [2024-06-26 00:36:46,751] {dag.py:2280} INFO - Setting next_dagrun for example_python_operator to None
[2024-06-26 00:36:47,162] {scheduler_job.py:190} INFO - Processing /home/airflow/.local/lib/python3.6/site-packages/airflow/example_dags/example_python_operator.py took 7.563 seconds
[2024-06-26 00:37:51,131] {scheduler_job.py:182} INFO - Started process (PID=1912) to work on /home/airflow/.local/lib/python3.6/site-packages/airflow/example_dags/example_python_operator.py
[2024-06-26 00:37:51,139] {scheduler_job.py:629} INFO - Processing file /home/airflow/.local/lib/python3.6/site-packages/airflow/example_dags/example_python_operator.py for tasks to queue
[2024-06-26 00:37:51,151] {logging_mixin.py:104} INFO - [2024-06-26 00:37:51,151] {dagbag.py:451} INFO - Filling up the DagBag from /home/airflow/.local/lib/python3.6/site-packages/airflow/example_dags/example_python_operator.py
[2024-06-26 00:37:51,300] {scheduler_job.py:639} INFO - DAG(s) dict_keys(['example_python_operator']) retrieved from /home/airflow/.local/lib/python3.6/site-packages/airflow/example_dags/example_python_operator.py
[2024-06-26 00:37:51,534] {logging_mixin.py:104} INFO - [2024-06-26 00:37:51,534] {dag.py:1824} INFO - Sync 1 DAGs
[2024-06-26 00:37:51,645] {logging_mixin.py:104} INFO - [2024-06-26 00:37:51,626] {dag.py:2280} INFO - Setting next_dagrun for example_python_operator to None
[2024-06-26 00:37:51,719] {scheduler_job.py:190} INFO - Processing /home/airflow/.local/lib/python3.6/site-packages/airflow/example_dags/example_python_operator.py took 0.627 seconds
[2024-06-26 00:38:21,950] {scheduler_job.py:182} INFO - Started process (PID=1940) to work on /home/airflow/.local/lib/python3.6/site-packages/airflow/example_dags/example_python_operator.py
[2024-06-26 00:38:21,960] {scheduler_job.py:629} INFO - Processing file /home/airflow/.local/lib/python3.6/site-packages/airflow/example_dags/example_python_operator.py for tasks to queue
[2024-06-26 00:38:21,975] {logging_mixin.py:104} INFO - [2024-06-26 00:38:21,974] {dagbag.py:451} INFO - Filling up the DagBag from /home/airflow/.local/lib/python3.6/site-packages/airflow/example_dags/example_python_operator.py
[2024-06-26 00:38:22,132] {scheduler_job.py:639} INFO - DAG(s) dict_keys(['example_python_operator']) retrieved from /home/airflow/.local/lib/python3.6/site-packages/airflow/example_dags/example_python_operator.py
[2024-06-26 00:38:22,361] {logging_mixin.py:104} INFO - [2024-06-26 00:38:22,361] {dag.py:1824} INFO - Sync 1 DAGs
[2024-06-26 00:38:22,450] {logging_mixin.py:104} INFO - [2024-06-26 00:38:22,449] {dag.py:2280} INFO - Setting next_dagrun for example_python_operator to None
[2024-06-26 00:38:22,509] {scheduler_job.py:190} INFO - Processing /home/airflow/.local/lib/python3.6/site-packages/airflow/example_dags/example_python_operator.py took 0.568 seconds
[2024-06-26 00:39:01,344] {scheduler_job.py:182} INFO - Started process (PID=1969) to work on /home/airflow/.local/lib/python3.6/site-packages/airflow/example_dags/example_python_operator.py
[2024-06-26 00:39:01,350] {scheduler_job.py:629} INFO - Processing file /home/airflow/.local/lib/python3.6/site-packages/airflow/example_dags/example_python_operator.py for tasks to queue
[2024-06-26 00:39:01,352] {logging_mixin.py:104} INFO - [2024-06-26 00:39:01,352] {dagbag.py:451} INFO - Filling up the DagBag from /home/airflow/.local/lib/python3.6/site-packages/airflow/example_dags/example_python_operator.py
[2024-06-26 00:39:01,410] {scheduler_job.py:639} INFO - DAG(s) dict_keys(['example_python_operator']) retrieved from /home/airflow/.local/lib/python3.6/site-packages/airflow/example_dags/example_python_operator.py
[2024-06-26 00:39:01,477] {logging_mixin.py:104} INFO - [2024-06-26 00:39:01,476] {dag.py:1824} INFO - Sync 1 DAGs
[2024-06-26 00:39:01,587] {logging_mixin.py:104} INFO - [2024-06-26 00:39:01,587] {dag.py:2280} INFO - Setting next_dagrun for example_python_operator to None
[2024-06-26 00:39:01,682] {scheduler_job.py:190} INFO - Processing /home/airflow/.local/lib/python3.6/site-packages/airflow/example_dags/example_python_operator.py took 0.346 seconds
[2024-06-26 00:41:03,583] {scheduler_job.py:182} INFO - Started process (PID=2002) to work on /home/airflow/.local/lib/python3.6/site-packages/airflow/example_dags/example_python_operator.py
[2024-06-26 00:41:03,586] {scheduler_job.py:629} INFO - Processing file /home/airflow/.local/lib/python3.6/site-packages/airflow/example_dags/example_python_operator.py for tasks to queue
[2024-06-26 00:41:03,591] {logging_mixin.py:104} INFO - [2024-06-26 00:41:03,591] {dagbag.py:451} INFO - Filling up the DagBag from /home/airflow/.local/lib/python3.6/site-packages/airflow/example_dags/example_python_operator.py
[2024-06-26 00:41:03,625] {scheduler_job.py:639} INFO - DAG(s) dict_keys(['example_python_operator']) retrieved from /home/airflow/.local/lib/python3.6/site-packages/airflow/example_dags/example_python_operator.py
[2024-06-26 00:41:03,686] {logging_mixin.py:104} INFO - [2024-06-26 00:41:03,686] {dag.py:1824} INFO - Sync 1 DAGs
[2024-06-26 00:41:03,716] {logging_mixin.py:104} INFO - [2024-06-26 00:41:03,716] {dag.py:2280} INFO - Setting next_dagrun for example_python_operator to None
[2024-06-26 00:41:03,766] {scheduler_job.py:190} INFO - Processing /home/airflow/.local/lib/python3.6/site-packages/airflow/example_dags/example_python_operator.py took 0.201 seconds
[2024-06-26 00:43:09,611] {scheduler_job.py:182} INFO - Started process (PID=2033) to work on /home/airflow/.local/lib/python3.6/site-packages/airflow/example_dags/example_python_operator.py
[2024-06-26 00:43:09,626] {scheduler_job.py:629} INFO - Processing file /home/airflow/.local/lib/python3.6/site-packages/airflow/example_dags/example_python_operator.py for tasks to queue
[2024-06-26 00:43:09,631] {logging_mixin.py:104} INFO - [2024-06-26 00:43:09,630] {dagbag.py:451} INFO - Filling up the DagBag from /home/airflow/.local/lib/python3.6/site-packages/airflow/example_dags/example_python_operator.py
[2024-06-26 00:43:09,695] {scheduler_job.py:639} INFO - DAG(s) dict_keys(['example_python_operator']) retrieved from /home/airflow/.local/lib/python3.6/site-packages/airflow/example_dags/example_python_operator.py
[2024-06-26 00:43:09,841] {logging_mixin.py:104} INFO - [2024-06-26 00:43:09,841] {dag.py:1824} INFO - Sync 1 DAGs
[2024-06-26 00:43:09,910] {logging_mixin.py:104} INFO - [2024-06-26 00:43:09,909] {dag.py:2280} INFO - Setting next_dagrun for example_python_operator to None
[2024-06-26 00:43:10,073] {scheduler_job.py:190} INFO - Processing /home/airflow/.local/lib/python3.6/site-packages/airflow/example_dags/example_python_operator.py took 0.473 seconds
[2024-06-26 00:45:25,150] {scheduler_job.py:182} INFO - Started process (PID=2071) to work on /home/airflow/.local/lib/python3.6/site-packages/airflow/example_dags/example_python_operator.py
[2024-06-26 00:45:25,154] {scheduler_job.py:629} INFO - Processing file /home/airflow/.local/lib/python3.6/site-packages/airflow/example_dags/example_python_operator.py for tasks to queue
[2024-06-26 00:45:25,158] {logging_mixin.py:104} INFO - [2024-06-26 00:45:25,157] {dagbag.py:451} INFO - Filling up the DagBag from /home/airflow/.local/lib/python3.6/site-packages/airflow/example_dags/example_python_operator.py
[2024-06-26 00:45:25,210] {scheduler_job.py:639} INFO - DAG(s) dict_keys(['example_python_operator']) retrieved from /home/airflow/.local/lib/python3.6/site-packages/airflow/example_dags/example_python_operator.py
[2024-06-26 00:45:25,357] {logging_mixin.py:104} INFO - [2024-06-26 00:45:25,354] {dag.py:1824} INFO - Sync 1 DAGs
[2024-06-26 00:45:25,563] {logging_mixin.py:104} INFO - [2024-06-26 00:45:25,563] {dag.py:2280} INFO - Setting next_dagrun for example_python_operator to None
[2024-06-26 00:45:25,832] {scheduler_job.py:190} INFO - Processing /home/airflow/.local/lib/python3.6/site-packages/airflow/example_dags/example_python_operator.py took 0.701 seconds
[2024-06-26 00:47:28,661] {scheduler_job.py:182} INFO - Started process (PID=2105) to work on /home/airflow/.local/lib/python3.6/site-packages/airflow/example_dags/example_python_operator.py
[2024-06-26 00:47:28,682] {scheduler_job.py:629} INFO - Processing file /home/airflow/.local/lib/python3.6/site-packages/airflow/example_dags/example_python_operator.py for tasks to queue
[2024-06-26 00:47:28,683] {logging_mixin.py:104} INFO - [2024-06-26 00:47:28,683] {dagbag.py:451} INFO - Filling up the DagBag from /home/airflow/.local/lib/python3.6/site-packages/airflow/example_dags/example_python_operator.py
[2024-06-26 00:47:28,779] {scheduler_job.py:639} INFO - DAG(s) dict_keys(['example_python_operator']) retrieved from /home/airflow/.local/lib/python3.6/site-packages/airflow/example_dags/example_python_operator.py
[2024-06-26 00:47:29,067] {logging_mixin.py:104} INFO - [2024-06-26 00:47:29,067] {dag.py:1824} INFO - Sync 1 DAGs
[2024-06-26 00:47:29,168] {logging_mixin.py:104} INFO - [2024-06-26 00:47:29,167] {dag.py:2280} INFO - Setting next_dagrun for example_python_operator to None
[2024-06-26 00:47:29,460] {scheduler_job.py:190} INFO - Processing /home/airflow/.local/lib/python3.6/site-packages/airflow/example_dags/example_python_operator.py took 0.909 seconds
[2024-06-26 00:49:03,002] {scheduler_job.py:182} INFO - Started process (PID=2137) to work on /home/airflow/.local/lib/python3.6/site-packages/airflow/example_dags/example_python_operator.py
[2024-06-26 00:49:03,009] {scheduler_job.py:629} INFO - Processing file /home/airflow/.local/lib/python3.6/site-packages/airflow/example_dags/example_python_operator.py for tasks to queue
[2024-06-26 00:49:03,011] {logging_mixin.py:104} INFO - [2024-06-26 00:49:03,011] {dagbag.py:451} INFO - Filling up the DagBag from /home/airflow/.local/lib/python3.6/site-packages/airflow/example_dags/example_python_operator.py
[2024-06-26 00:49:03,703] {scheduler_job.py:639} INFO - DAG(s) dict_keys(['example_python_operator']) retrieved from /home/airflow/.local/lib/python3.6/site-packages/airflow/example_dags/example_python_operator.py
[2024-06-26 00:49:04,702] {logging_mixin.py:104} INFO - [2024-06-26 00:49:04,698] {dag.py:1824} INFO - Sync 1 DAGs
[2024-06-26 00:49:04,994] {logging_mixin.py:104} INFO - [2024-06-26 00:49:04,993] {dag.py:2280} INFO - Setting next_dagrun for example_python_operator to None
[2024-06-26 00:49:05,374] {scheduler_job.py:190} INFO - Processing /home/airflow/.local/lib/python3.6/site-packages/airflow/example_dags/example_python_operator.py took 2.420 seconds
[2024-06-26 00:49:36,130] {scheduler_job.py:182} INFO - Started process (PID=2164) to work on /home/airflow/.local/lib/python3.6/site-packages/airflow/example_dags/example_python_operator.py
[2024-06-26 00:49:36,164] {scheduler_job.py:629} INFO - Processing file /home/airflow/.local/lib/python3.6/site-packages/airflow/example_dags/example_python_operator.py for tasks to queue
[2024-06-26 00:49:36,180] {logging_mixin.py:104} INFO - [2024-06-26 00:49:36,180] {dagbag.py:451} INFO - Filling up the DagBag from /home/airflow/.local/lib/python3.6/site-packages/airflow/example_dags/example_python_operator.py
[2024-06-26 00:49:36,447] {scheduler_job.py:639} INFO - DAG(s) dict_keys(['example_python_operator']) retrieved from /home/airflow/.local/lib/python3.6/site-packages/airflow/example_dags/example_python_operator.py
[2024-06-26 00:49:36,767] {logging_mixin.py:104} INFO - [2024-06-26 00:49:36,767] {dag.py:1824} INFO - Sync 1 DAGs
[2024-06-26 00:49:36,825] {logging_mixin.py:104} INFO - [2024-06-26 00:49:36,825] {dag.py:2280} INFO - Setting next_dagrun for example_python_operator to None
[2024-06-26 00:49:36,893] {scheduler_job.py:190} INFO - Processing /home/airflow/.local/lib/python3.6/site-packages/airflow/example_dags/example_python_operator.py took 0.818 seconds
[2024-06-26 00:51:34,515] {scheduler_job.py:182} INFO - Started process (PID=2198) to work on /home/airflow/.local/lib/python3.6/site-packages/airflow/example_dags/example_python_operator.py
[2024-06-26 00:51:34,531] {scheduler_job.py:629} INFO - Processing file /home/airflow/.local/lib/python3.6/site-packages/airflow/example_dags/example_python_operator.py for tasks to queue
[2024-06-26 00:51:34,578] {logging_mixin.py:104} INFO - [2024-06-26 00:51:34,578] {dagbag.py:451} INFO - Filling up the DagBag from /home/airflow/.local/lib/python3.6/site-packages/airflow/example_dags/example_python_operator.py
[2024-06-26 00:51:34,774] {scheduler_job.py:639} INFO - DAG(s) dict_keys(['example_python_operator']) retrieved from /home/airflow/.local/lib/python3.6/site-packages/airflow/example_dags/example_python_operator.py
[2024-06-26 00:51:35,019] {logging_mixin.py:104} INFO - [2024-06-26 00:51:35,018] {dag.py:1824} INFO - Sync 1 DAGs
[2024-06-26 00:51:35,144] {logging_mixin.py:104} INFO - [2024-06-26 00:51:35,144] {dag.py:2280} INFO - Setting next_dagrun for example_python_operator to None
[2024-06-26 00:51:35,276] {scheduler_job.py:190} INFO - Processing /home/airflow/.local/lib/python3.6/site-packages/airflow/example_dags/example_python_operator.py took 0.818 seconds
[2024-06-26 00:54:06,604] {scheduler_job.py:182} INFO - Started process (PID=2239) to work on /home/airflow/.local/lib/python3.6/site-packages/airflow/example_dags/example_python_operator.py
[2024-06-26 00:54:06,692] {scheduler_job.py:629} INFO - Processing file /home/airflow/.local/lib/python3.6/site-packages/airflow/example_dags/example_python_operator.py for tasks to queue
[2024-06-26 00:54:06,707] {logging_mixin.py:104} INFO - [2024-06-26 00:54:06,707] {dagbag.py:451} INFO - Filling up the DagBag from /home/airflow/.local/lib/python3.6/site-packages/airflow/example_dags/example_python_operator.py
[2024-06-26 00:54:06,763] {scheduler_job.py:639} INFO - DAG(s) dict_keys(['example_python_operator']) retrieved from /home/airflow/.local/lib/python3.6/site-packages/airflow/example_dags/example_python_operator.py
[2024-06-26 00:54:07,062] {logging_mixin.py:104} INFO - [2024-06-26 00:54:07,062] {dag.py:1824} INFO - Sync 1 DAGs
[2024-06-26 00:54:07,162] {logging_mixin.py:104} INFO - [2024-06-26 00:54:07,162] {dag.py:2280} INFO - Setting next_dagrun for example_python_operator to None
[2024-06-26 00:54:07,239] {scheduler_job.py:190} INFO - Processing /home/airflow/.local/lib/python3.6/site-packages/airflow/example_dags/example_python_operator.py took 0.673 seconds
[2024-06-26 00:57:10,820] {scheduler_job.py:182} INFO - Started process (PID=2275) to work on /home/airflow/.local/lib/python3.6/site-packages/airflow/example_dags/example_python_operator.py
[2024-06-26 00:57:10,826] {scheduler_job.py:629} INFO - Processing file /home/airflow/.local/lib/python3.6/site-packages/airflow/example_dags/example_python_operator.py for tasks to queue
[2024-06-26 00:57:10,831] {logging_mixin.py:104} INFO - [2024-06-26 00:57:10,831] {dagbag.py:451} INFO - Filling up the DagBag from /home/airflow/.local/lib/python3.6/site-packages/airflow/example_dags/example_python_operator.py
[2024-06-26 00:57:10,863] {scheduler_job.py:639} INFO - DAG(s) dict_keys(['example_python_operator']) retrieved from /home/airflow/.local/lib/python3.6/site-packages/airflow/example_dags/example_python_operator.py
[2024-06-26 00:57:11,143] {logging_mixin.py:104} INFO - [2024-06-26 00:57:11,143] {dag.py:1824} INFO - Sync 1 DAGs
[2024-06-26 00:57:11,188] {logging_mixin.py:104} INFO - [2024-06-26 00:57:11,187] {dag.py:2280} INFO - Setting next_dagrun for example_python_operator to None
[2024-06-26 00:57:11,230] {scheduler_job.py:190} INFO - Processing /home/airflow/.local/lib/python3.6/site-packages/airflow/example_dags/example_python_operator.py took 0.484 seconds
[2024-06-26 00:59:22,633] {scheduler_job.py:182} INFO - Started process (PID=2315) to work on /home/airflow/.local/lib/python3.6/site-packages/airflow/example_dags/example_python_operator.py
[2024-06-26 00:59:22,642] {scheduler_job.py:629} INFO - Processing file /home/airflow/.local/lib/python3.6/site-packages/airflow/example_dags/example_python_operator.py for tasks to queue
[2024-06-26 00:59:22,663] {logging_mixin.py:104} INFO - [2024-06-26 00:59:22,663] {dagbag.py:451} INFO - Filling up the DagBag from /home/airflow/.local/lib/python3.6/site-packages/airflow/example_dags/example_python_operator.py
[2024-06-26 00:59:22,819] {scheduler_job.py:639} INFO - DAG(s) dict_keys(['example_python_operator']) retrieved from /home/airflow/.local/lib/python3.6/site-packages/airflow/example_dags/example_python_operator.py
[2024-06-26 00:59:23,045] {logging_mixin.py:104} INFO - [2024-06-26 00:59:23,045] {dag.py:1824} INFO - Sync 1 DAGs
[2024-06-26 00:59:23,132] {logging_mixin.py:104} INFO - [2024-06-26 00:59:23,132] {dag.py:2280} INFO - Setting next_dagrun for example_python_operator to None
[2024-06-26 00:59:23,552] {scheduler_job.py:190} INFO - Processing /home/airflow/.local/lib/python3.6/site-packages/airflow/example_dags/example_python_operator.py took 0.935 seconds
[2024-06-26 01:01:16,022] {scheduler_job.py:182} INFO - Started process (PID=2356) to work on /home/airflow/.local/lib/python3.6/site-packages/airflow/example_dags/example_python_operator.py
[2024-06-26 01:01:16,032] {scheduler_job.py:629} INFO - Processing file /home/airflow/.local/lib/python3.6/site-packages/airflow/example_dags/example_python_operator.py for tasks to queue
[2024-06-26 01:01:16,035] {logging_mixin.py:104} INFO - [2024-06-26 01:01:16,035] {dagbag.py:451} INFO - Filling up the DagBag from /home/airflow/.local/lib/python3.6/site-packages/airflow/example_dags/example_python_operator.py
[2024-06-26 01:01:16,104] {scheduler_job.py:639} INFO - DAG(s) dict_keys(['example_python_operator']) retrieved from /home/airflow/.local/lib/python3.6/site-packages/airflow/example_dags/example_python_operator.py
[2024-06-26 01:01:16,273] {logging_mixin.py:104} INFO - [2024-06-26 01:01:16,272] {dag.py:1824} INFO - Sync 1 DAGs
[2024-06-26 01:01:16,314] {logging_mixin.py:104} INFO - [2024-06-26 01:01:16,313] {dag.py:2280} INFO - Setting next_dagrun for example_python_operator to None
[2024-06-26 01:01:16,360] {scheduler_job.py:190} INFO - Processing /home/airflow/.local/lib/python3.6/site-packages/airflow/example_dags/example_python_operator.py took 0.356 seconds
[2024-06-26 01:04:14,398] {scheduler_job.py:182} INFO - Started process (PID=2402) to work on /home/airflow/.local/lib/python3.6/site-packages/airflow/example_dags/example_python_operator.py
[2024-06-26 01:04:14,409] {scheduler_job.py:629} INFO - Processing file /home/airflow/.local/lib/python3.6/site-packages/airflow/example_dags/example_python_operator.py for tasks to queue
[2024-06-26 01:04:14,459] {logging_mixin.py:104} INFO - [2024-06-26 01:04:14,459] {dagbag.py:451} INFO - Filling up the DagBag from /home/airflow/.local/lib/python3.6/site-packages/airflow/example_dags/example_python_operator.py
[2024-06-26 01:04:14,675] {scheduler_job.py:639} INFO - DAG(s) dict_keys(['example_python_operator']) retrieved from /home/airflow/.local/lib/python3.6/site-packages/airflow/example_dags/example_python_operator.py
[2024-06-26 01:04:15,045] {logging_mixin.py:104} INFO - [2024-06-26 01:04:15,045] {dag.py:1824} INFO - Sync 1 DAGs
[2024-06-26 01:04:15,384] {logging_mixin.py:104} INFO - [2024-06-26 01:04:15,384] {dag.py:2280} INFO - Setting next_dagrun for example_python_operator to None
[2024-06-26 01:04:15,667] {scheduler_job.py:190} INFO - Processing /home/airflow/.local/lib/python3.6/site-packages/airflow/example_dags/example_python_operator.py took 1.381 seconds
[2024-06-26 01:04:46,587] {scheduler_job.py:182} INFO - Started process (PID=2429) to work on /home/airflow/.local/lib/python3.6/site-packages/airflow/example_dags/example_python_operator.py
[2024-06-26 01:04:46,597] {scheduler_job.py:629} INFO - Processing file /home/airflow/.local/lib/python3.6/site-packages/airflow/example_dags/example_python_operator.py for tasks to queue
[2024-06-26 01:04:46,602] {logging_mixin.py:104} INFO - [2024-06-26 01:04:46,601] {dagbag.py:451} INFO - Filling up the DagBag from /home/airflow/.local/lib/python3.6/site-packages/airflow/example_dags/example_python_operator.py
[2024-06-26 01:04:46,710] {scheduler_job.py:639} INFO - DAG(s) dict_keys(['example_python_operator']) retrieved from /home/airflow/.local/lib/python3.6/site-packages/airflow/example_dags/example_python_operator.py
[2024-06-26 01:04:47,468] {logging_mixin.py:104} INFO - [2024-06-26 01:04:47,458] {dag.py:1824} INFO - Sync 1 DAGs
[2024-06-26 01:04:47,989] {logging_mixin.py:104} INFO - [2024-06-26 01:04:47,989] {dag.py:2280} INFO - Setting next_dagrun for example_python_operator to None
[2024-06-26 01:04:48,701] {scheduler_job.py:190} INFO - Processing /home/airflow/.local/lib/python3.6/site-packages/airflow/example_dags/example_python_operator.py took 2.129 seconds
[2024-06-26 01:06:16,545] {scheduler_job.py:182} INFO - Started process (PID=2458) to work on /home/airflow/.local/lib/python3.6/site-packages/airflow/example_dags/example_python_operator.py
[2024-06-26 01:06:16,552] {scheduler_job.py:629} INFO - Processing file /home/airflow/.local/lib/python3.6/site-packages/airflow/example_dags/example_python_operator.py for tasks to queue
[2024-06-26 01:06:16,558] {logging_mixin.py:104} INFO - [2024-06-26 01:06:16,558] {dagbag.py:451} INFO - Filling up the DagBag from /home/airflow/.local/lib/python3.6/site-packages/airflow/example_dags/example_python_operator.py
[2024-06-26 01:06:16,617] {scheduler_job.py:639} INFO - DAG(s) dict_keys(['example_python_operator']) retrieved from /home/airflow/.local/lib/python3.6/site-packages/airflow/example_dags/example_python_operator.py
[2024-06-26 01:06:16,727] {logging_mixin.py:104} INFO - [2024-06-26 01:06:16,727] {dag.py:1824} INFO - Sync 1 DAGs
[2024-06-26 01:06:16,810] {logging_mixin.py:104} INFO - [2024-06-26 01:06:16,810] {dag.py:2280} INFO - Setting next_dagrun for example_python_operator to None
[2024-06-26 01:06:16,906] {scheduler_job.py:190} INFO - Processing /home/airflow/.local/lib/python3.6/site-packages/airflow/example_dags/example_python_operator.py took 0.370 seconds
[2024-06-26 01:14:14,507] {scheduler_job.py:182} INFO - Started process (PID=53) to work on /home/airflow/.local/lib/python3.6/site-packages/airflow/example_dags/example_python_operator.py
[2024-06-26 01:14:14,512] {scheduler_job.py:629} INFO - Processing file /home/airflow/.local/lib/python3.6/site-packages/airflow/example_dags/example_python_operator.py for tasks to queue
[2024-06-26 01:14:14,520] {logging_mixin.py:104} INFO - [2024-06-26 01:14:14,518] {dagbag.py:451} INFO - Filling up the DagBag from /home/airflow/.local/lib/python3.6/site-packages/airflow/example_dags/example_python_operator.py
[2024-06-26 01:14:14,631] {scheduler_job.py:639} INFO - DAG(s) dict_keys(['example_python_operator']) retrieved from /home/airflow/.local/lib/python3.6/site-packages/airflow/example_dags/example_python_operator.py
[2024-06-26 01:14:14,729] {logging_mixin.py:104} INFO - [2024-06-26 01:14:14,729] {dag.py:1824} INFO - Sync 1 DAGs
[2024-06-26 01:14:14,825] {logging_mixin.py:104} INFO - [2024-06-26 01:14:14,824] {dag.py:2280} INFO - Setting next_dagrun for example_python_operator to None
[2024-06-26 01:14:14,854] {scheduler_job.py:190} INFO - Processing /home/airflow/.local/lib/python3.6/site-packages/airflow/example_dags/example_python_operator.py took 0.362 seconds
[2024-06-26 01:14:46,714] {scheduler_job.py:182} INFO - Started process (PID=81) to work on /home/airflow/.local/lib/python3.6/site-packages/airflow/example_dags/example_python_operator.py
[2024-06-26 01:14:46,735] {scheduler_job.py:629} INFO - Processing file /home/airflow/.local/lib/python3.6/site-packages/airflow/example_dags/example_python_operator.py for tasks to queue
[2024-06-26 01:14:46,751] {logging_mixin.py:104} INFO - [2024-06-26 01:14:46,750] {dagbag.py:451} INFO - Filling up the DagBag from /home/airflow/.local/lib/python3.6/site-packages/airflow/example_dags/example_python_operator.py
[2024-06-26 01:14:46,848] {scheduler_job.py:639} INFO - DAG(s) dict_keys(['example_python_operator']) retrieved from /home/airflow/.local/lib/python3.6/site-packages/airflow/example_dags/example_python_operator.py
[2024-06-26 01:14:46,988] {logging_mixin.py:104} INFO - [2024-06-26 01:14:46,987] {dag.py:1824} INFO - Sync 1 DAGs
[2024-06-26 01:14:47,110] {logging_mixin.py:104} INFO - [2024-06-26 01:14:47,110] {dag.py:2280} INFO - Setting next_dagrun for example_python_operator to None
[2024-06-26 01:14:47,186] {scheduler_job.py:190} INFO - Processing /home/airflow/.local/lib/python3.6/site-packages/airflow/example_dags/example_python_operator.py took 0.496 seconds
[2024-06-26 01:15:25,558] {scheduler_job.py:182} INFO - Started process (PID=109) to work on /home/airflow/.local/lib/python3.6/site-packages/airflow/example_dags/example_python_operator.py
[2024-06-26 01:15:25,586] {scheduler_job.py:629} INFO - Processing file /home/airflow/.local/lib/python3.6/site-packages/airflow/example_dags/example_python_operator.py for tasks to queue
[2024-06-26 01:15:25,604] {logging_mixin.py:104} INFO - [2024-06-26 01:15:25,602] {dagbag.py:451} INFO - Filling up the DagBag from /home/airflow/.local/lib/python3.6/site-packages/airflow/example_dags/example_python_operator.py
[2024-06-26 01:15:26,303] {scheduler_job.py:639} INFO - DAG(s) dict_keys(['example_python_operator']) retrieved from /home/airflow/.local/lib/python3.6/site-packages/airflow/example_dags/example_python_operator.py
[2024-06-26 01:15:52,408] {logging_mixin.py:104} INFO - [2024-06-26 01:15:48,521] {dag.py:1824} INFO - Sync 1 DAGs
[2024-06-26 01:17:21,272] {scheduler_job.py:182} INFO - Started process (PID=138) to work on /home/airflow/.local/lib/python3.6/site-packages/airflow/example_dags/example_python_operator.py
[2024-06-26 01:17:21,276] {scheduler_job.py:629} INFO - Processing file /home/airflow/.local/lib/python3.6/site-packages/airflow/example_dags/example_python_operator.py for tasks to queue
[2024-06-26 01:17:21,279] {logging_mixin.py:104} INFO - [2024-06-26 01:17:21,279] {dagbag.py:451} INFO - Filling up the DagBag from /home/airflow/.local/lib/python3.6/site-packages/airflow/example_dags/example_python_operator.py
[2024-06-26 01:17:21,372] {scheduler_job.py:639} INFO - DAG(s) dict_keys(['example_python_operator']) retrieved from /home/airflow/.local/lib/python3.6/site-packages/airflow/example_dags/example_python_operator.py
[2024-06-26 01:17:21,494] {logging_mixin.py:104} INFO - [2024-06-26 01:17:21,494] {dag.py:1824} INFO - Sync 1 DAGs
[2024-06-26 01:17:21,548] {logging_mixin.py:104} INFO - [2024-06-26 01:17:21,548] {dag.py:2280} INFO - Setting next_dagrun for example_python_operator to None
[2024-06-26 01:17:21,641] {scheduler_job.py:190} INFO - Processing /home/airflow/.local/lib/python3.6/site-packages/airflow/example_dags/example_python_operator.py took 0.378 seconds
[2024-06-26 01:18:04,534] {scheduler_job.py:182} INFO - Started process (PID=160) to work on /home/airflow/.local/lib/python3.6/site-packages/airflow/example_dags/example_python_operator.py
[2024-06-26 01:18:04,563] {scheduler_job.py:629} INFO - Processing file /home/airflow/.local/lib/python3.6/site-packages/airflow/example_dags/example_python_operator.py for tasks to queue
[2024-06-26 01:18:04,593] {logging_mixin.py:104} INFO - [2024-06-26 01:18:04,593] {dagbag.py:451} INFO - Filling up the DagBag from /home/airflow/.local/lib/python3.6/site-packages/airflow/example_dags/example_python_operator.py
[2024-06-26 01:18:05,216] {scheduler_job.py:639} INFO - DAG(s) dict_keys(['example_python_operator']) retrieved from /home/airflow/.local/lib/python3.6/site-packages/airflow/example_dags/example_python_operator.py
[2024-06-26 01:18:06,012] {logging_mixin.py:104} INFO - [2024-06-26 01:18:06,009] {dag.py:1824} INFO - Sync 1 DAGs
[2024-06-26 01:18:06,465] {logging_mixin.py:104} INFO - [2024-06-26 01:18:06,464] {dag.py:2280} INFO - Setting next_dagrun for example_python_operator to None
[2024-06-26 01:18:06,671] {scheduler_job.py:190} INFO - Processing /home/airflow/.local/lib/python3.6/site-packages/airflow/example_dags/example_python_operator.py took 2.291 seconds
[2024-06-26 01:19:38,348] {scheduler_job.py:182} INFO - Started process (PID=203) to work on /home/airflow/.local/lib/python3.6/site-packages/airflow/example_dags/example_python_operator.py
[2024-06-26 01:19:38,351] {scheduler_job.py:629} INFO - Processing file /home/airflow/.local/lib/python3.6/site-packages/airflow/example_dags/example_python_operator.py for tasks to queue
[2024-06-26 01:19:38,353] {logging_mixin.py:104} INFO - [2024-06-26 01:19:38,353] {dagbag.py:451} INFO - Filling up the DagBag from /home/airflow/.local/lib/python3.6/site-packages/airflow/example_dags/example_python_operator.py
[2024-06-26 01:19:38,400] {scheduler_job.py:639} INFO - DAG(s) dict_keys(['example_python_operator']) retrieved from /home/airflow/.local/lib/python3.6/site-packages/airflow/example_dags/example_python_operator.py
[2024-06-26 01:19:38,516] {logging_mixin.py:104} INFO - [2024-06-26 01:19:38,516] {dag.py:1824} INFO - Sync 1 DAGs
[2024-06-26 01:19:38,640] {logging_mixin.py:104} INFO - [2024-06-26 01:19:38,639] {dag.py:2280} INFO - Setting next_dagrun for example_python_operator to None
[2024-06-26 01:19:39,227] {scheduler_job.py:190} INFO - Processing /home/airflow/.local/lib/python3.6/site-packages/airflow/example_dags/example_python_operator.py took 0.886 seconds
[2024-06-26 01:20:11,313] {scheduler_job.py:182} INFO - Started process (PID=231) to work on /home/airflow/.local/lib/python3.6/site-packages/airflow/example_dags/example_python_operator.py
[2024-06-26 01:20:11,362] {scheduler_job.py:629} INFO - Processing file /home/airflow/.local/lib/python3.6/site-packages/airflow/example_dags/example_python_operator.py for tasks to queue
[2024-06-26 01:20:11,369] {logging_mixin.py:104} INFO - [2024-06-26 01:20:11,368] {dagbag.py:451} INFO - Filling up the DagBag from /home/airflow/.local/lib/python3.6/site-packages/airflow/example_dags/example_python_operator.py
[2024-06-26 01:20:11,479] {scheduler_job.py:639} INFO - DAG(s) dict_keys(['example_python_operator']) retrieved from /home/airflow/.local/lib/python3.6/site-packages/airflow/example_dags/example_python_operator.py
[2024-06-26 01:20:11,769] {logging_mixin.py:104} INFO - [2024-06-26 01:20:11,769] {dag.py:1824} INFO - Sync 1 DAGs
[2024-06-26 01:20:12,232] {logging_mixin.py:104} INFO - [2024-06-26 01:20:12,232] {dag.py:2280} INFO - Setting next_dagrun for example_python_operator to None
[2024-06-26 01:20:12,831] {scheduler_job.py:190} INFO - Processing /home/airflow/.local/lib/python3.6/site-packages/airflow/example_dags/example_python_operator.py took 1.552 seconds
