[2024-06-26 00:00:39,747] {scheduler_job.py:182} INFO - Started process (PID=974) to work on /home/airflow/.local/lib/python3.6/site-packages/airflow/example_dags/example_branch_operator.py
[2024-06-26 00:00:39,888] {scheduler_job.py:629} INFO - Processing file /home/airflow/.local/lib/python3.6/site-packages/airflow/example_dags/example_branch_operator.py for tasks to queue
[2024-06-26 00:00:39,910] {logging_mixin.py:104} INFO - [2024-06-26 00:00:39,910] {dagbag.py:451} INFO - Filling up the DagBag from /home/airflow/.local/lib/python3.6/site-packages/airflow/example_dags/example_branch_operator.py
[2024-06-26 00:00:40,224] {scheduler_job.py:639} INFO - DAG(s) dict_keys(['example_branch_operator']) retrieved from /home/airflow/.local/lib/python3.6/site-packages/airflow/example_dags/example_branch_operator.py
[2024-06-26 00:00:40,483] {logging_mixin.py:104} INFO - [2024-06-26 00:00:40,483] {dag.py:1824} INFO - Sync 1 DAGs
[2024-06-26 00:00:40,628] {logging_mixin.py:104} INFO - [2024-06-26 00:00:40,628] {dag.py:2280} INFO - Setting next_dagrun for example_branch_operator to 2024-06-24 00:00:00+00:00
[2024-06-26 00:00:40,659] {scheduler_job.py:190} INFO - Processing /home/airflow/.local/lib/python3.6/site-packages/airflow/example_dags/example_branch_operator.py took 1.003 seconds
[2024-06-26 00:01:11,503] {scheduler_job.py:182} INFO - Started process (PID=1025) to work on /home/airflow/.local/lib/python3.6/site-packages/airflow/example_dags/example_branch_operator.py
[2024-06-26 00:01:11,511] {scheduler_job.py:629} INFO - Processing file /home/airflow/.local/lib/python3.6/site-packages/airflow/example_dags/example_branch_operator.py for tasks to queue
[2024-06-26 00:01:11,539] {logging_mixin.py:104} INFO - [2024-06-26 00:01:11,539] {dagbag.py:451} INFO - Filling up the DagBag from /home/airflow/.local/lib/python3.6/site-packages/airflow/example_dags/example_branch_operator.py
[2024-06-26 00:01:11,790] {scheduler_job.py:639} INFO - DAG(s) dict_keys(['example_branch_operator']) retrieved from /home/airflow/.local/lib/python3.6/site-packages/airflow/example_dags/example_branch_operator.py
[2024-06-26 00:01:12,046] {logging_mixin.py:104} INFO - [2024-06-26 00:01:12,046] {dag.py:1824} INFO - Sync 1 DAGs
[2024-06-26 00:01:12,261] {logging_mixin.py:104} INFO - [2024-06-26 00:01:12,261] {dag.py:2280} INFO - Setting next_dagrun for example_branch_operator to 2024-06-24 00:00:00+00:00
[2024-06-26 00:01:12,454] {scheduler_job.py:190} INFO - Processing /home/airflow/.local/lib/python3.6/site-packages/airflow/example_dags/example_branch_operator.py took 0.968 seconds
[2024-06-26 00:01:44,748] {scheduler_job.py:182} INFO - Started process (PID=1051) to work on /home/airflow/.local/lib/python3.6/site-packages/airflow/example_dags/example_branch_operator.py
[2024-06-26 00:01:44,806] {scheduler_job.py:629} INFO - Processing file /home/airflow/.local/lib/python3.6/site-packages/airflow/example_dags/example_branch_operator.py for tasks to queue
[2024-06-26 00:01:44,809] {logging_mixin.py:104} INFO - [2024-06-26 00:01:44,809] {dagbag.py:451} INFO - Filling up the DagBag from /home/airflow/.local/lib/python3.6/site-packages/airflow/example_dags/example_branch_operator.py
[2024-06-26 00:01:45,117] {scheduler_job.py:639} INFO - DAG(s) dict_keys(['example_branch_operator']) retrieved from /home/airflow/.local/lib/python3.6/site-packages/airflow/example_dags/example_branch_operator.py
[2024-06-26 00:01:46,004] {logging_mixin.py:104} INFO - [2024-06-26 00:01:45,982] {dag.py:1824} INFO - Sync 1 DAGs
[2024-06-26 00:01:46,775] {logging_mixin.py:104} INFO - [2024-06-26 00:01:46,769] {dag.py:2280} INFO - Setting next_dagrun for example_branch_operator to 2024-06-24 00:00:00+00:00
[2024-06-26 00:01:47,239] {scheduler_job.py:190} INFO - Processing /home/airflow/.local/lib/python3.6/site-packages/airflow/example_dags/example_branch_operator.py took 2.551 seconds
[2024-06-26 00:02:50,213] {scheduler_job.py:182} INFO - Started process (PID=1087) to work on /home/airflow/.local/lib/python3.6/site-packages/airflow/example_dags/example_branch_operator.py
[2024-06-26 00:02:50,221] {scheduler_job.py:629} INFO - Processing file /home/airflow/.local/lib/python3.6/site-packages/airflow/example_dags/example_branch_operator.py for tasks to queue
[2024-06-26 00:02:50,233] {logging_mixin.py:104} INFO - [2024-06-26 00:02:50,233] {dagbag.py:451} INFO - Filling up the DagBag from /home/airflow/.local/lib/python3.6/site-packages/airflow/example_dags/example_branch_operator.py
[2024-06-26 00:02:50,359] {scheduler_job.py:639} INFO - DAG(s) dict_keys(['example_branch_operator']) retrieved from /home/airflow/.local/lib/python3.6/site-packages/airflow/example_dags/example_branch_operator.py
[2024-06-26 00:02:50,832] {logging_mixin.py:104} INFO - [2024-06-26 00:02:50,832] {dag.py:1824} INFO - Sync 1 DAGs
[2024-06-26 00:02:50,996] {logging_mixin.py:104} INFO - [2024-06-26 00:02:50,996] {dag.py:2280} INFO - Setting next_dagrun for example_branch_operator to 2024-06-24 00:00:00+00:00
[2024-06-26 00:02:51,388] {scheduler_job.py:190} INFO - Processing /home/airflow/.local/lib/python3.6/site-packages/airflow/example_dags/example_branch_operator.py took 1.182 seconds
[2024-06-26 00:03:26,171] {scheduler_job.py:182} INFO - Started process (PID=1114) to work on /home/airflow/.local/lib/python3.6/site-packages/airflow/example_dags/example_branch_operator.py
[2024-06-26 00:03:26,201] {scheduler_job.py:629} INFO - Processing file /home/airflow/.local/lib/python3.6/site-packages/airflow/example_dags/example_branch_operator.py for tasks to queue
[2024-06-26 00:03:26,218] {logging_mixin.py:104} INFO - [2024-06-26 00:03:26,206] {dagbag.py:451} INFO - Filling up the DagBag from /home/airflow/.local/lib/python3.6/site-packages/airflow/example_dags/example_branch_operator.py
[2024-06-26 00:03:26,350] {scheduler_job.py:639} INFO - DAG(s) dict_keys(['example_branch_operator']) retrieved from /home/airflow/.local/lib/python3.6/site-packages/airflow/example_dags/example_branch_operator.py
[2024-06-26 00:03:26,492] {logging_mixin.py:104} INFO - [2024-06-26 00:03:26,491] {dag.py:1824} INFO - Sync 1 DAGs
[2024-06-26 00:03:26,550] {logging_mixin.py:104} INFO - [2024-06-26 00:03:26,550] {dag.py:2280} INFO - Setting next_dagrun for example_branch_operator to 2024-06-24 00:00:00+00:00
[2024-06-26 00:03:26,584] {scheduler_job.py:190} INFO - Processing /home/airflow/.local/lib/python3.6/site-packages/airflow/example_dags/example_branch_operator.py took 0.475 seconds
[2024-06-26 00:04:18,649] {scheduler_job.py:182} INFO - Started process (PID=1138) to work on /home/airflow/.local/lib/python3.6/site-packages/airflow/example_dags/example_branch_operator.py
[2024-06-26 00:04:18,652] {scheduler_job.py:629} INFO - Processing file /home/airflow/.local/lib/python3.6/site-packages/airflow/example_dags/example_branch_operator.py for tasks to queue
[2024-06-26 00:04:18,654] {logging_mixin.py:104} INFO - [2024-06-26 00:04:18,654] {dagbag.py:451} INFO - Filling up the DagBag from /home/airflow/.local/lib/python3.6/site-packages/airflow/example_dags/example_branch_operator.py
[2024-06-26 00:04:18,703] {scheduler_job.py:639} INFO - DAG(s) dict_keys(['example_branch_operator']) retrieved from /home/airflow/.local/lib/python3.6/site-packages/airflow/example_dags/example_branch_operator.py
[2024-06-26 00:04:18,758] {logging_mixin.py:104} INFO - [2024-06-26 00:04:18,758] {dag.py:1824} INFO - Sync 1 DAGs
[2024-06-26 00:04:18,963] {logging_mixin.py:104} INFO - [2024-06-26 00:04:18,963] {dag.py:2280} INFO - Setting next_dagrun for example_branch_operator to 2024-06-24 00:00:00+00:00
[2024-06-26 00:04:19,070] {scheduler_job.py:190} INFO - Processing /home/airflow/.local/lib/python3.6/site-packages/airflow/example_dags/example_branch_operator.py took 0.428 seconds
[2024-06-26 00:04:49,923] {scheduler_job.py:182} INFO - Started process (PID=1165) to work on /home/airflow/.local/lib/python3.6/site-packages/airflow/example_dags/example_branch_operator.py
[2024-06-26 00:04:49,927] {scheduler_job.py:629} INFO - Processing file /home/airflow/.local/lib/python3.6/site-packages/airflow/example_dags/example_branch_operator.py for tasks to queue
[2024-06-26 00:04:49,929] {logging_mixin.py:104} INFO - [2024-06-26 00:04:49,929] {dagbag.py:451} INFO - Filling up the DagBag from /home/airflow/.local/lib/python3.6/site-packages/airflow/example_dags/example_branch_operator.py
[2024-06-26 00:04:50,008] {scheduler_job.py:639} INFO - DAG(s) dict_keys(['example_branch_operator']) retrieved from /home/airflow/.local/lib/python3.6/site-packages/airflow/example_dags/example_branch_operator.py
[2024-06-26 00:04:50,082] {logging_mixin.py:104} INFO - [2024-06-26 00:04:50,081] {dag.py:1824} INFO - Sync 1 DAGs
[2024-06-26 00:04:50,229] {logging_mixin.py:104} INFO - [2024-06-26 00:04:50,229] {dag.py:2280} INFO - Setting next_dagrun for example_branch_operator to 2024-06-24 00:00:00+00:00
[2024-06-26 00:04:50,255] {scheduler_job.py:190} INFO - Processing /home/airflow/.local/lib/python3.6/site-packages/airflow/example_dags/example_branch_operator.py took 0.338 seconds
[2024-06-26 00:05:22,354] {scheduler_job.py:182} INFO - Started process (PID=1196) to work on /home/airflow/.local/lib/python3.6/site-packages/airflow/example_dags/example_branch_operator.py
[2024-06-26 00:05:22,362] {scheduler_job.py:629} INFO - Processing file /home/airflow/.local/lib/python3.6/site-packages/airflow/example_dags/example_branch_operator.py for tasks to queue
[2024-06-26 00:05:22,383] {logging_mixin.py:104} INFO - [2024-06-26 00:05:22,383] {dagbag.py:451} INFO - Filling up the DagBag from /home/airflow/.local/lib/python3.6/site-packages/airflow/example_dags/example_branch_operator.py
[2024-06-26 00:05:22,623] {scheduler_job.py:639} INFO - DAG(s) dict_keys(['example_branch_operator']) retrieved from /home/airflow/.local/lib/python3.6/site-packages/airflow/example_dags/example_branch_operator.py
[2024-06-26 00:05:22,860] {logging_mixin.py:104} INFO - [2024-06-26 00:05:22,855] {dag.py:1824} INFO - Sync 1 DAGs
[2024-06-26 00:05:23,039] {logging_mixin.py:104} INFO - [2024-06-26 00:05:23,035] {dag.py:2280} INFO - Setting next_dagrun for example_branch_operator to 2024-06-24 00:00:00+00:00
[2024-06-26 00:05:23,147] {scheduler_job.py:190} INFO - Processing /home/airflow/.local/lib/python3.6/site-packages/airflow/example_dags/example_branch_operator.py took 0.807 seconds
[2024-06-26 00:07:53,340] {scheduler_job.py:182} INFO - Started process (PID=1228) to work on /home/airflow/.local/lib/python3.6/site-packages/airflow/example_dags/example_branch_operator.py
[2024-06-26 00:07:53,346] {scheduler_job.py:629} INFO - Processing file /home/airflow/.local/lib/python3.6/site-packages/airflow/example_dags/example_branch_operator.py for tasks to queue
[2024-06-26 00:07:53,349] {logging_mixin.py:104} INFO - [2024-06-26 00:07:53,349] {dagbag.py:451} INFO - Filling up the DagBag from /home/airflow/.local/lib/python3.6/site-packages/airflow/example_dags/example_branch_operator.py
[2024-06-26 00:07:53,414] {scheduler_job.py:639} INFO - DAG(s) dict_keys(['example_branch_operator']) retrieved from /home/airflow/.local/lib/python3.6/site-packages/airflow/example_dags/example_branch_operator.py
[2024-06-26 00:07:53,584] {logging_mixin.py:104} INFO - [2024-06-26 00:07:53,576] {dag.py:1824} INFO - Sync 1 DAGs
[2024-06-26 00:07:53,829] {logging_mixin.py:104} INFO - [2024-06-26 00:07:53,815] {dag.py:2280} INFO - Setting next_dagrun for example_branch_operator to 2024-06-24 00:00:00+00:00
[2024-06-26 00:07:53,927] {scheduler_job.py:190} INFO - Processing /home/airflow/.local/lib/python3.6/site-packages/airflow/example_dags/example_branch_operator.py took 0.608 seconds
[2024-06-26 00:09:49,257] {scheduler_job.py:182} INFO - Started process (PID=1258) to work on /home/airflow/.local/lib/python3.6/site-packages/airflow/example_dags/example_branch_operator.py
[2024-06-26 00:09:49,267] {scheduler_job.py:629} INFO - Processing file /home/airflow/.local/lib/python3.6/site-packages/airflow/example_dags/example_branch_operator.py for tasks to queue
[2024-06-26 00:09:49,275] {logging_mixin.py:104} INFO - [2024-06-26 00:09:49,275] {dagbag.py:451} INFO - Filling up the DagBag from /home/airflow/.local/lib/python3.6/site-packages/airflow/example_dags/example_branch_operator.py
[2024-06-26 00:09:49,570] {scheduler_job.py:639} INFO - DAG(s) dict_keys(['example_branch_operator']) retrieved from /home/airflow/.local/lib/python3.6/site-packages/airflow/example_dags/example_branch_operator.py
[2024-06-26 00:09:49,780] {logging_mixin.py:104} INFO - [2024-06-26 00:09:49,779] {dag.py:1824} INFO - Sync 1 DAGs
[2024-06-26 00:09:49,893] {logging_mixin.py:104} INFO - [2024-06-26 00:09:49,892] {dag.py:2280} INFO - Setting next_dagrun for example_branch_operator to 2024-06-24 00:00:00+00:00
[2024-06-26 00:09:49,978] {scheduler_job.py:190} INFO - Processing /home/airflow/.local/lib/python3.6/site-packages/airflow/example_dags/example_branch_operator.py took 0.741 seconds
[2024-06-26 00:10:20,413] {scheduler_job.py:182} INFO - Started process (PID=1285) to work on /home/airflow/.local/lib/python3.6/site-packages/airflow/example_dags/example_branch_operator.py
[2024-06-26 00:10:20,425] {scheduler_job.py:629} INFO - Processing file /home/airflow/.local/lib/python3.6/site-packages/airflow/example_dags/example_branch_operator.py for tasks to queue
[2024-06-26 00:10:20,444] {logging_mixin.py:104} INFO - [2024-06-26 00:10:20,444] {dagbag.py:451} INFO - Filling up the DagBag from /home/airflow/.local/lib/python3.6/site-packages/airflow/example_dags/example_branch_operator.py
[2024-06-26 00:10:20,523] {scheduler_job.py:639} INFO - DAG(s) dict_keys(['example_branch_operator']) retrieved from /home/airflow/.local/lib/python3.6/site-packages/airflow/example_dags/example_branch_operator.py
[2024-06-26 00:10:20,636] {logging_mixin.py:104} INFO - [2024-06-26 00:10:20,636] {dag.py:1824} INFO - Sync 1 DAGs
[2024-06-26 00:10:21,006] {logging_mixin.py:104} INFO - [2024-06-26 00:10:21,005] {dag.py:2280} INFO - Setting next_dagrun for example_branch_operator to 2024-06-24 00:00:00+00:00
[2024-06-26 00:10:21,099] {scheduler_job.py:190} INFO - Processing /home/airflow/.local/lib/python3.6/site-packages/airflow/example_dags/example_branch_operator.py took 0.776 seconds
[2024-06-26 00:10:52,053] {scheduler_job.py:182} INFO - Started process (PID=1311) to work on /home/airflow/.local/lib/python3.6/site-packages/airflow/example_dags/example_branch_operator.py
[2024-06-26 00:10:52,099] {scheduler_job.py:629} INFO - Processing file /home/airflow/.local/lib/python3.6/site-packages/airflow/example_dags/example_branch_operator.py for tasks to queue
[2024-06-26 00:10:52,117] {logging_mixin.py:104} INFO - [2024-06-26 00:10:52,117] {dagbag.py:451} INFO - Filling up the DagBag from /home/airflow/.local/lib/python3.6/site-packages/airflow/example_dags/example_branch_operator.py
[2024-06-26 00:10:52,504] {scheduler_job.py:639} INFO - DAG(s) dict_keys(['example_branch_operator']) retrieved from /home/airflow/.local/lib/python3.6/site-packages/airflow/example_dags/example_branch_operator.py
[2024-06-26 00:10:53,527] {logging_mixin.py:104} INFO - [2024-06-26 00:10:53,501] {dag.py:1824} INFO - Sync 1 DAGs
[2024-06-26 00:10:54,437] {logging_mixin.py:104} INFO - [2024-06-26 00:10:54,433] {dag.py:2280} INFO - Setting next_dagrun for example_branch_operator to 2024-06-24 00:00:00+00:00
[2024-06-26 00:10:56,365] {scheduler_job.py:190} INFO - Processing /home/airflow/.local/lib/python3.6/site-packages/airflow/example_dags/example_branch_operator.py took 4.398 seconds
[2024-06-26 00:13:19,561] {scheduler_job.py:182} INFO - Started process (PID=1338) to work on /home/airflow/.local/lib/python3.6/site-packages/airflow/example_dags/example_branch_operator.py
[2024-06-26 00:13:19,564] {scheduler_job.py:629} INFO - Processing file /home/airflow/.local/lib/python3.6/site-packages/airflow/example_dags/example_branch_operator.py for tasks to queue
[2024-06-26 00:13:19,567] {logging_mixin.py:104} INFO - [2024-06-26 00:13:19,567] {dagbag.py:451} INFO - Filling up the DagBag from /home/airflow/.local/lib/python3.6/site-packages/airflow/example_dags/example_branch_operator.py
[2024-06-26 00:13:19,612] {scheduler_job.py:639} INFO - DAG(s) dict_keys(['example_branch_operator']) retrieved from /home/airflow/.local/lib/python3.6/site-packages/airflow/example_dags/example_branch_operator.py
[2024-06-26 00:13:19,691] {logging_mixin.py:104} INFO - [2024-06-26 00:13:19,691] {dag.py:1824} INFO - Sync 1 DAGs
[2024-06-26 00:13:19,774] {logging_mixin.py:104} INFO - [2024-06-26 00:13:19,774] {dag.py:2280} INFO - Setting next_dagrun for example_branch_operator to 2024-06-24 00:00:00+00:00
[2024-06-26 00:13:19,798] {scheduler_job.py:190} INFO - Processing /home/airflow/.local/lib/python3.6/site-packages/airflow/example_dags/example_branch_operator.py took 0.244 seconds
[2024-06-26 00:15:39,186] {scheduler_job.py:182} INFO - Started process (PID=1377) to work on /home/airflow/.local/lib/python3.6/site-packages/airflow/example_dags/example_branch_operator.py
[2024-06-26 00:15:39,215] {scheduler_job.py:629} INFO - Processing file /home/airflow/.local/lib/python3.6/site-packages/airflow/example_dags/example_branch_operator.py for tasks to queue
[2024-06-26 00:15:39,227] {logging_mixin.py:104} INFO - [2024-06-26 00:15:39,227] {dagbag.py:451} INFO - Filling up the DagBag from /home/airflow/.local/lib/python3.6/site-packages/airflow/example_dags/example_branch_operator.py
[2024-06-26 00:15:39,341] {scheduler_job.py:639} INFO - DAG(s) dict_keys(['example_branch_operator']) retrieved from /home/airflow/.local/lib/python3.6/site-packages/airflow/example_dags/example_branch_operator.py
[2024-06-26 00:15:39,824] {logging_mixin.py:104} INFO - [2024-06-26 00:15:39,823] {dag.py:1824} INFO - Sync 1 DAGs
[2024-06-26 00:15:40,431] {logging_mixin.py:104} INFO - [2024-06-26 00:15:40,431] {dag.py:2280} INFO - Setting next_dagrun for example_branch_operator to 2024-06-24 00:00:00+00:00
[2024-06-26 00:15:40,633] {scheduler_job.py:190} INFO - Processing /home/airflow/.local/lib/python3.6/site-packages/airflow/example_dags/example_branch_operator.py took 1.544 seconds
[2024-06-26 00:17:53,504] {scheduler_job.py:182} INFO - Started process (PID=1404) to work on /home/airflow/.local/lib/python3.6/site-packages/airflow/example_dags/example_branch_operator.py
[2024-06-26 00:17:53,506] {scheduler_job.py:629} INFO - Processing file /home/airflow/.local/lib/python3.6/site-packages/airflow/example_dags/example_branch_operator.py for tasks to queue
[2024-06-26 00:17:53,508] {logging_mixin.py:104} INFO - [2024-06-26 00:17:53,508] {dagbag.py:451} INFO - Filling up the DagBag from /home/airflow/.local/lib/python3.6/site-packages/airflow/example_dags/example_branch_operator.py
[2024-06-26 00:17:53,579] {scheduler_job.py:639} INFO - DAG(s) dict_keys(['example_branch_operator']) retrieved from /home/airflow/.local/lib/python3.6/site-packages/airflow/example_dags/example_branch_operator.py
[2024-06-26 00:17:53,679] {logging_mixin.py:104} INFO - [2024-06-26 00:17:53,679] {dag.py:1824} INFO - Sync 1 DAGs
[2024-06-26 00:17:53,987] {logging_mixin.py:104} INFO - [2024-06-26 00:17:53,986] {dag.py:2280} INFO - Setting next_dagrun for example_branch_operator to 2024-06-24 00:00:00+00:00
[2024-06-26 00:17:54,290] {scheduler_job.py:190} INFO - Processing /home/airflow/.local/lib/python3.6/site-packages/airflow/example_dags/example_branch_operator.py took 0.793 seconds
[2024-06-26 00:20:08,507] {scheduler_job.py:182} INFO - Started process (PID=1434) to work on /home/airflow/.local/lib/python3.6/site-packages/airflow/example_dags/example_branch_operator.py
[2024-06-26 00:20:08,512] {scheduler_job.py:629} INFO - Processing file /home/airflow/.local/lib/python3.6/site-packages/airflow/example_dags/example_branch_operator.py for tasks to queue
[2024-06-26 00:20:08,518] {logging_mixin.py:104} INFO - [2024-06-26 00:20:08,518] {dagbag.py:451} INFO - Filling up the DagBag from /home/airflow/.local/lib/python3.6/site-packages/airflow/example_dags/example_branch_operator.py
[2024-06-26 00:20:08,660] {scheduler_job.py:639} INFO - DAG(s) dict_keys(['example_branch_operator']) retrieved from /home/airflow/.local/lib/python3.6/site-packages/airflow/example_dags/example_branch_operator.py
[2024-06-26 00:20:09,282] {logging_mixin.py:104} INFO - [2024-06-26 00:20:09,279] {dag.py:1824} INFO - Sync 1 DAGs
[2024-06-26 00:20:09,492] {logging_mixin.py:104} INFO - [2024-06-26 00:20:09,491] {dag.py:2280} INFO - Setting next_dagrun for example_branch_operator to 2024-06-24 00:00:00+00:00
[2024-06-26 00:20:09,648] {scheduler_job.py:190} INFO - Processing /home/airflow/.local/lib/python3.6/site-packages/airflow/example_dags/example_branch_operator.py took 1.170 seconds
[2024-06-26 00:22:12,970] {scheduler_job.py:182} INFO - Started process (PID=1460) to work on /home/airflow/.local/lib/python3.6/site-packages/airflow/example_dags/example_branch_operator.py
[2024-06-26 00:22:12,977] {scheduler_job.py:629} INFO - Processing file /home/airflow/.local/lib/python3.6/site-packages/airflow/example_dags/example_branch_operator.py for tasks to queue
[2024-06-26 00:22:12,979] {logging_mixin.py:104} INFO - [2024-06-26 00:22:12,979] {dagbag.py:451} INFO - Filling up the DagBag from /home/airflow/.local/lib/python3.6/site-packages/airflow/example_dags/example_branch_operator.py
[2024-06-26 00:22:13,014] {scheduler_job.py:639} INFO - DAG(s) dict_keys(['example_branch_operator']) retrieved from /home/airflow/.local/lib/python3.6/site-packages/airflow/example_dags/example_branch_operator.py
[2024-06-26 00:22:13,084] {logging_mixin.py:104} INFO - [2024-06-26 00:22:13,083] {dag.py:1824} INFO - Sync 1 DAGs
[2024-06-26 00:22:13,159] {logging_mixin.py:104} INFO - [2024-06-26 00:22:13,159] {dag.py:2280} INFO - Setting next_dagrun for example_branch_operator to 2024-06-24 00:00:00+00:00
[2024-06-26 00:22:13,192] {scheduler_job.py:190} INFO - Processing /home/airflow/.local/lib/python3.6/site-packages/airflow/example_dags/example_branch_operator.py took 0.244 seconds
[2024-06-26 00:22:55,909] {scheduler_job.py:182} INFO - Started process (PID=1487) to work on /home/airflow/.local/lib/python3.6/site-packages/airflow/example_dags/example_branch_operator.py
[2024-06-26 00:22:55,912] {scheduler_job.py:629} INFO - Processing file /home/airflow/.local/lib/python3.6/site-packages/airflow/example_dags/example_branch_operator.py for tasks to queue
[2024-06-26 00:22:55,914] {logging_mixin.py:104} INFO - [2024-06-26 00:22:55,914] {dagbag.py:451} INFO - Filling up the DagBag from /home/airflow/.local/lib/python3.6/site-packages/airflow/example_dags/example_branch_operator.py
[2024-06-26 00:22:55,939] {scheduler_job.py:639} INFO - DAG(s) dict_keys(['example_branch_operator']) retrieved from /home/airflow/.local/lib/python3.6/site-packages/airflow/example_dags/example_branch_operator.py
[2024-06-26 00:22:55,991] {logging_mixin.py:104} INFO - [2024-06-26 00:22:55,991] {dag.py:1824} INFO - Sync 1 DAGs
[2024-06-26 00:22:56,116] {logging_mixin.py:104} INFO - [2024-06-26 00:22:56,116] {dag.py:2280} INFO - Setting next_dagrun for example_branch_operator to 2024-06-24 00:00:00+00:00
[2024-06-26 00:22:56,219] {scheduler_job.py:190} INFO - Processing /home/airflow/.local/lib/python3.6/site-packages/airflow/example_dags/example_branch_operator.py took 0.315 seconds
[2024-06-26 00:23:27,717] {scheduler_job.py:182} INFO - Started process (PID=1512) to work on /home/airflow/.local/lib/python3.6/site-packages/airflow/example_dags/example_branch_operator.py
[2024-06-26 00:23:27,761] {scheduler_job.py:629} INFO - Processing file /home/airflow/.local/lib/python3.6/site-packages/airflow/example_dags/example_branch_operator.py for tasks to queue
[2024-06-26 00:23:27,817] {logging_mixin.py:104} INFO - [2024-06-26 00:23:27,816] {dagbag.py:451} INFO - Filling up the DagBag from /home/airflow/.local/lib/python3.6/site-packages/airflow/example_dags/example_branch_operator.py
[2024-06-26 00:23:27,994] {scheduler_job.py:639} INFO - DAG(s) dict_keys(['example_branch_operator']) retrieved from /home/airflow/.local/lib/python3.6/site-packages/airflow/example_dags/example_branch_operator.py
[2024-06-26 00:23:28,408] {logging_mixin.py:104} INFO - [2024-06-26 00:23:28,408] {dag.py:1824} INFO - Sync 1 DAGs
[2024-06-26 00:23:28,497] {logging_mixin.py:104} INFO - [2024-06-26 00:23:28,497] {dag.py:2280} INFO - Setting next_dagrun for example_branch_operator to 2024-06-24 00:00:00+00:00
[2024-06-26 00:23:28,540] {scheduler_job.py:190} INFO - Processing /home/airflow/.local/lib/python3.6/site-packages/airflow/example_dags/example_branch_operator.py took 1.042 seconds
[2024-06-26 00:25:07,560] {scheduler_job.py:182} INFO - Started process (PID=1558) to work on /home/airflow/.local/lib/python3.6/site-packages/airflow/example_dags/example_branch_operator.py
[2024-06-26 00:25:07,564] {scheduler_job.py:629} INFO - Processing file /home/airflow/.local/lib/python3.6/site-packages/airflow/example_dags/example_branch_operator.py for tasks to queue
[2024-06-26 00:25:07,567] {logging_mixin.py:104} INFO - [2024-06-26 00:25:07,566] {dagbag.py:451} INFO - Filling up the DagBag from /home/airflow/.local/lib/python3.6/site-packages/airflow/example_dags/example_branch_operator.py
[2024-06-26 00:25:07,592] {scheduler_job.py:639} INFO - DAG(s) dict_keys(['example_branch_operator']) retrieved from /home/airflow/.local/lib/python3.6/site-packages/airflow/example_dags/example_branch_operator.py
[2024-06-26 00:25:07,683] {logging_mixin.py:104} INFO - [2024-06-26 00:25:07,682] {dag.py:1824} INFO - Sync 1 DAGs
[2024-06-26 00:25:07,796] {logging_mixin.py:104} INFO - [2024-06-26 00:25:07,796] {dag.py:2280} INFO - Setting next_dagrun for example_branch_operator to 2024-06-24 00:00:00+00:00
[2024-06-26 00:25:07,896] {scheduler_job.py:190} INFO - Processing /home/airflow/.local/lib/python3.6/site-packages/airflow/example_dags/example_branch_operator.py took 0.349 seconds
[2024-06-26 00:25:38,722] {scheduler_job.py:182} INFO - Started process (PID=1585) to work on /home/airflow/.local/lib/python3.6/site-packages/airflow/example_dags/example_branch_operator.py
[2024-06-26 00:25:38,741] {scheduler_job.py:629} INFO - Processing file /home/airflow/.local/lib/python3.6/site-packages/airflow/example_dags/example_branch_operator.py for tasks to queue
[2024-06-26 00:25:38,749] {logging_mixin.py:104} INFO - [2024-06-26 00:25:38,749] {dagbag.py:451} INFO - Filling up the DagBag from /home/airflow/.local/lib/python3.6/site-packages/airflow/example_dags/example_branch_operator.py
[2024-06-26 00:25:38,843] {scheduler_job.py:639} INFO - DAG(s) dict_keys(['example_branch_operator']) retrieved from /home/airflow/.local/lib/python3.6/site-packages/airflow/example_dags/example_branch_operator.py
[2024-06-26 00:25:39,051] {logging_mixin.py:104} INFO - [2024-06-26 00:25:39,051] {dag.py:1824} INFO - Sync 1 DAGs
[2024-06-26 00:25:39,313] {logging_mixin.py:104} INFO - [2024-06-26 00:25:39,313] {dag.py:2280} INFO - Setting next_dagrun for example_branch_operator to 2024-06-24 00:00:00+00:00
[2024-06-26 00:25:39,377] {scheduler_job.py:190} INFO - Processing /home/airflow/.local/lib/python3.6/site-packages/airflow/example_dags/example_branch_operator.py took 0.664 seconds
[2024-06-26 00:26:52,913] {scheduler_job.py:182} INFO - Started process (PID=1621) to work on /home/airflow/.local/lib/python3.6/site-packages/airflow/example_dags/example_branch_operator.py
[2024-06-26 00:26:52,916] {scheduler_job.py:629} INFO - Processing file /home/airflow/.local/lib/python3.6/site-packages/airflow/example_dags/example_branch_operator.py for tasks to queue
[2024-06-26 00:26:52,920] {logging_mixin.py:104} INFO - [2024-06-26 00:26:52,919] {dagbag.py:451} INFO - Filling up the DagBag from /home/airflow/.local/lib/python3.6/site-packages/airflow/example_dags/example_branch_operator.py
[2024-06-26 00:26:52,966] {scheduler_job.py:639} INFO - DAG(s) dict_keys(['example_branch_operator']) retrieved from /home/airflow/.local/lib/python3.6/site-packages/airflow/example_dags/example_branch_operator.py
[2024-06-26 00:26:53,035] {logging_mixin.py:104} INFO - [2024-06-26 00:26:53,035] {dag.py:1824} INFO - Sync 1 DAGs
[2024-06-26 00:26:53,109] {logging_mixin.py:104} INFO - [2024-06-26 00:26:53,109] {dag.py:2280} INFO - Setting next_dagrun for example_branch_operator to 2024-06-24 00:00:00+00:00
[2024-06-26 00:26:53,156] {scheduler_job.py:190} INFO - Processing /home/airflow/.local/lib/python3.6/site-packages/airflow/example_dags/example_branch_operator.py took 0.254 seconds
[2024-06-26 00:27:49,703] {scheduler_job.py:182} INFO - Started process (PID=1649) to work on /home/airflow/.local/lib/python3.6/site-packages/airflow/example_dags/example_branch_operator.py
[2024-06-26 00:27:49,714] {scheduler_job.py:629} INFO - Processing file /home/airflow/.local/lib/python3.6/site-packages/airflow/example_dags/example_branch_operator.py for tasks to queue
[2024-06-26 00:27:49,722] {logging_mixin.py:104} INFO - [2024-06-26 00:27:49,722] {dagbag.py:451} INFO - Filling up the DagBag from /home/airflow/.local/lib/python3.6/site-packages/airflow/example_dags/example_branch_operator.py
[2024-06-26 00:27:50,102] {scheduler_job.py:639} INFO - DAG(s) dict_keys(['example_branch_operator']) retrieved from /home/airflow/.local/lib/python3.6/site-packages/airflow/example_dags/example_branch_operator.py
[2024-06-26 00:27:50,716] {logging_mixin.py:104} INFO - [2024-06-26 00:27:50,716] {dag.py:1824} INFO - Sync 1 DAGs
[2024-06-26 00:27:50,840] {logging_mixin.py:104} INFO - [2024-06-26 00:27:50,840] {dag.py:2280} INFO - Setting next_dagrun for example_branch_operator to 2024-06-24 00:00:00+00:00
[2024-06-26 00:27:50,915] {scheduler_job.py:190} INFO - Processing /home/airflow/.local/lib/python3.6/site-packages/airflow/example_dags/example_branch_operator.py took 1.278 seconds
[2024-06-26 00:29:21,261] {scheduler_job.py:182} INFO - Started process (PID=1680) to work on /home/airflow/.local/lib/python3.6/site-packages/airflow/example_dags/example_branch_operator.py
[2024-06-26 00:29:21,287] {scheduler_job.py:629} INFO - Processing file /home/airflow/.local/lib/python3.6/site-packages/airflow/example_dags/example_branch_operator.py for tasks to queue
[2024-06-26 00:29:21,297] {logging_mixin.py:104} INFO - [2024-06-26 00:29:21,296] {dagbag.py:451} INFO - Filling up the DagBag from /home/airflow/.local/lib/python3.6/site-packages/airflow/example_dags/example_branch_operator.py
[2024-06-26 00:29:21,638] {scheduler_job.py:639} INFO - DAG(s) dict_keys(['example_branch_operator']) retrieved from /home/airflow/.local/lib/python3.6/site-packages/airflow/example_dags/example_branch_operator.py
[2024-06-26 00:29:22,324] {logging_mixin.py:104} INFO - [2024-06-26 00:29:22,323] {dag.py:1824} INFO - Sync 1 DAGs
[2024-06-26 00:29:22,586] {logging_mixin.py:104} INFO - [2024-06-26 00:29:22,585] {dag.py:2280} INFO - Setting next_dagrun for example_branch_operator to 2024-06-24 00:00:00+00:00
[2024-06-26 00:29:23,168] {scheduler_job.py:190} INFO - Processing /home/airflow/.local/lib/python3.6/site-packages/airflow/example_dags/example_branch_operator.py took 1.942 seconds
[2024-06-26 00:30:13,054] {scheduler_job.py:182} INFO - Started process (PID=1707) to work on /home/airflow/.local/lib/python3.6/site-packages/airflow/example_dags/example_branch_operator.py
[2024-06-26 00:30:13,111] {scheduler_job.py:629} INFO - Processing file /home/airflow/.local/lib/python3.6/site-packages/airflow/example_dags/example_branch_operator.py for tasks to queue
[2024-06-26 00:30:13,126] {logging_mixin.py:104} INFO - [2024-06-26 00:30:13,121] {dagbag.py:451} INFO - Filling up the DagBag from /home/airflow/.local/lib/python3.6/site-packages/airflow/example_dags/example_branch_operator.py
[2024-06-26 00:30:13,385] {scheduler_job.py:639} INFO - DAG(s) dict_keys(['example_branch_operator']) retrieved from /home/airflow/.local/lib/python3.6/site-packages/airflow/example_dags/example_branch_operator.py
[2024-06-26 00:30:15,027] {logging_mixin.py:104} INFO - [2024-06-26 00:30:15,027] {dag.py:1824} INFO - Sync 1 DAGs
[2024-06-26 00:30:15,646] {logging_mixin.py:104} INFO - [2024-06-26 00:30:15,646] {dag.py:2280} INFO - Setting next_dagrun for example_branch_operator to 2024-06-24 00:00:00+00:00
[2024-06-26 00:30:15,804] {scheduler_job.py:190} INFO - Processing /home/airflow/.local/lib/python3.6/site-packages/airflow/example_dags/example_branch_operator.py took 2.776 seconds
[2024-06-26 00:31:14,090] {scheduler_job.py:182} INFO - Started process (PID=1740) to work on /home/airflow/.local/lib/python3.6/site-packages/airflow/example_dags/example_branch_operator.py
[2024-06-26 00:31:14,099] {scheduler_job.py:629} INFO - Processing file /home/airflow/.local/lib/python3.6/site-packages/airflow/example_dags/example_branch_operator.py for tasks to queue
[2024-06-26 00:31:14,109] {logging_mixin.py:104} INFO - [2024-06-26 00:31:14,109] {dagbag.py:451} INFO - Filling up the DagBag from /home/airflow/.local/lib/python3.6/site-packages/airflow/example_dags/example_branch_operator.py
[2024-06-26 00:31:14,184] {scheduler_job.py:639} INFO - DAG(s) dict_keys(['example_branch_operator']) retrieved from /home/airflow/.local/lib/python3.6/site-packages/airflow/example_dags/example_branch_operator.py
[2024-06-26 00:31:14,358] {logging_mixin.py:104} INFO - [2024-06-26 00:31:14,358] {dag.py:1824} INFO - Sync 1 DAGs
[2024-06-26 00:31:14,472] {logging_mixin.py:104} INFO - [2024-06-26 00:31:14,471] {dag.py:2280} INFO - Setting next_dagrun for example_branch_operator to 2024-06-24 00:00:00+00:00
[2024-06-26 00:31:14,557] {scheduler_job.py:190} INFO - Processing /home/airflow/.local/lib/python3.6/site-packages/airflow/example_dags/example_branch_operator.py took 0.474 seconds
[2024-06-26 00:32:06,002] {scheduler_job.py:182} INFO - Started process (PID=1768) to work on /home/airflow/.local/lib/python3.6/site-packages/airflow/example_dags/example_branch_operator.py
[2024-06-26 00:32:06,013] {scheduler_job.py:629} INFO - Processing file /home/airflow/.local/lib/python3.6/site-packages/airflow/example_dags/example_branch_operator.py for tasks to queue
[2024-06-26 00:32:06,020] {logging_mixin.py:104} INFO - [2024-06-26 00:32:06,019] {dagbag.py:451} INFO - Filling up the DagBag from /home/airflow/.local/lib/python3.6/site-packages/airflow/example_dags/example_branch_operator.py
[2024-06-26 00:32:06,073] {scheduler_job.py:639} INFO - DAG(s) dict_keys(['example_branch_operator']) retrieved from /home/airflow/.local/lib/python3.6/site-packages/airflow/example_dags/example_branch_operator.py
[2024-06-26 00:32:06,243] {logging_mixin.py:104} INFO - [2024-06-26 00:32:06,243] {dag.py:1824} INFO - Sync 1 DAGs
[2024-06-26 00:32:06,334] {logging_mixin.py:104} INFO - [2024-06-26 00:32:06,334] {dag.py:2280} INFO - Setting next_dagrun for example_branch_operator to 2024-06-24 00:00:00+00:00
[2024-06-26 00:32:06,377] {scheduler_job.py:190} INFO - Processing /home/airflow/.local/lib/python3.6/site-packages/airflow/example_dags/example_branch_operator.py took 0.390 seconds
[2024-06-26 00:34:03,855] {scheduler_job.py:182} INFO - Started process (PID=1787) to work on /home/airflow/.local/lib/python3.6/site-packages/airflow/example_dags/example_branch_operator.py
[2024-06-26 00:34:03,858] {scheduler_job.py:629} INFO - Processing file /home/airflow/.local/lib/python3.6/site-packages/airflow/example_dags/example_branch_operator.py for tasks to queue
[2024-06-26 00:34:03,862] {logging_mixin.py:104} INFO - [2024-06-26 00:34:03,862] {dagbag.py:451} INFO - Filling up the DagBag from /home/airflow/.local/lib/python3.6/site-packages/airflow/example_dags/example_branch_operator.py
[2024-06-26 00:34:03,929] {scheduler_job.py:639} INFO - DAG(s) dict_keys(['example_branch_operator']) retrieved from /home/airflow/.local/lib/python3.6/site-packages/airflow/example_dags/example_branch_operator.py
[2024-06-26 00:34:04,058] {logging_mixin.py:104} INFO - [2024-06-26 00:34:04,058] {dag.py:1824} INFO - Sync 1 DAGs
[2024-06-26 00:34:04,268] {logging_mixin.py:104} INFO - [2024-06-26 00:34:04,267] {dag.py:2280} INFO - Setting next_dagrun for example_branch_operator to 2024-06-24 00:00:00+00:00
[2024-06-26 00:34:04,347] {scheduler_job.py:190} INFO - Processing /home/airflow/.local/lib/python3.6/site-packages/airflow/example_dags/example_branch_operator.py took 0.502 seconds
[2024-06-26 00:35:06,145] {scheduler_job.py:182} INFO - Started process (PID=1822) to work on /home/airflow/.local/lib/python3.6/site-packages/airflow/example_dags/example_branch_operator.py
[2024-06-26 00:35:06,182] {scheduler_job.py:629} INFO - Processing file /home/airflow/.local/lib/python3.6/site-packages/airflow/example_dags/example_branch_operator.py for tasks to queue
[2024-06-26 00:35:06,210] {logging_mixin.py:104} INFO - [2024-06-26 00:35:06,210] {dagbag.py:451} INFO - Filling up the DagBag from /home/airflow/.local/lib/python3.6/site-packages/airflow/example_dags/example_branch_operator.py
[2024-06-26 00:35:06,504] {scheduler_job.py:639} INFO - DAG(s) dict_keys(['example_branch_operator']) retrieved from /home/airflow/.local/lib/python3.6/site-packages/airflow/example_dags/example_branch_operator.py
[2024-06-26 00:35:06,890] {logging_mixin.py:104} INFO - [2024-06-26 00:35:06,890] {dag.py:1824} INFO - Sync 1 DAGs
[2024-06-26 00:35:07,097] {logging_mixin.py:104} INFO - [2024-06-26 00:35:07,096] {dag.py:2280} INFO - Setting next_dagrun for example_branch_operator to 2024-06-24 00:00:00+00:00
[2024-06-26 00:35:07,455] {scheduler_job.py:190} INFO - Processing /home/airflow/.local/lib/python3.6/site-packages/airflow/example_dags/example_branch_operator.py took 1.330 seconds
[2024-06-26 00:35:43,369] {scheduler_job.py:182} INFO - Started process (PID=1855) to work on /home/airflow/.local/lib/python3.6/site-packages/airflow/example_dags/example_branch_operator.py
[2024-06-26 00:35:43,373] {scheduler_job.py:629} INFO - Processing file /home/airflow/.local/lib/python3.6/site-packages/airflow/example_dags/example_branch_operator.py for tasks to queue
[2024-06-26 00:35:43,375] {logging_mixin.py:104} INFO - [2024-06-26 00:35:43,375] {dagbag.py:451} INFO - Filling up the DagBag from /home/airflow/.local/lib/python3.6/site-packages/airflow/example_dags/example_branch_operator.py
[2024-06-26 00:35:43,430] {scheduler_job.py:639} INFO - DAG(s) dict_keys(['example_branch_operator']) retrieved from /home/airflow/.local/lib/python3.6/site-packages/airflow/example_dags/example_branch_operator.py
[2024-06-26 00:35:43,567] {logging_mixin.py:104} INFO - [2024-06-26 00:35:43,566] {dag.py:1824} INFO - Sync 1 DAGs
[2024-06-26 00:35:43,798] {logging_mixin.py:104} INFO - [2024-06-26 00:35:43,797] {dag.py:2280} INFO - Setting next_dagrun for example_branch_operator to 2024-06-24 00:00:00+00:00
[2024-06-26 00:35:45,902] {scheduler_job.py:190} INFO - Processing /home/airflow/.local/lib/python3.6/site-packages/airflow/example_dags/example_branch_operator.py took 2.553 seconds
[2024-06-26 00:36:30,957] {scheduler_job.py:182} INFO - Started process (PID=1878) to work on /home/airflow/.local/lib/python3.6/site-packages/airflow/example_dags/example_branch_operator.py
[2024-06-26 00:36:30,966] {scheduler_job.py:629} INFO - Processing file /home/airflow/.local/lib/python3.6/site-packages/airflow/example_dags/example_branch_operator.py for tasks to queue
[2024-06-26 00:36:30,973] {logging_mixin.py:104} INFO - [2024-06-26 00:36:30,973] {dagbag.py:451} INFO - Filling up the DagBag from /home/airflow/.local/lib/python3.6/site-packages/airflow/example_dags/example_branch_operator.py
[2024-06-26 00:36:31,165] {scheduler_job.py:639} INFO - DAG(s) dict_keys(['example_branch_operator']) retrieved from /home/airflow/.local/lib/python3.6/site-packages/airflow/example_dags/example_branch_operator.py
[2024-06-26 00:36:31,645] {logging_mixin.py:104} INFO - [2024-06-26 00:36:31,643] {dag.py:1824} INFO - Sync 1 DAGs
[2024-06-26 00:36:31,936] {logging_mixin.py:104} INFO - [2024-06-26 00:36:31,933] {dag.py:2280} INFO - Setting next_dagrun for example_branch_operator to 2024-06-24 00:00:00+00:00
[2024-06-26 00:36:33,917] {scheduler_job.py:190} INFO - Processing /home/airflow/.local/lib/python3.6/site-packages/airflow/example_dags/example_branch_operator.py took 2.985 seconds
[2024-06-26 00:37:04,180] {scheduler_job.py:182} INFO - Started process (PID=1906) to work on /home/airflow/.local/lib/python3.6/site-packages/airflow/example_dags/example_branch_operator.py
[2024-06-26 00:37:04,183] {scheduler_job.py:629} INFO - Processing file /home/airflow/.local/lib/python3.6/site-packages/airflow/example_dags/example_branch_operator.py for tasks to queue
[2024-06-26 00:37:04,185] {logging_mixin.py:104} INFO - [2024-06-26 00:37:04,185] {dagbag.py:451} INFO - Filling up the DagBag from /home/airflow/.local/lib/python3.6/site-packages/airflow/example_dags/example_branch_operator.py
[2024-06-26 00:37:04,225] {scheduler_job.py:639} INFO - DAG(s) dict_keys(['example_branch_operator']) retrieved from /home/airflow/.local/lib/python3.6/site-packages/airflow/example_dags/example_branch_operator.py
[2024-06-26 00:37:04,349] {logging_mixin.py:104} INFO - [2024-06-26 00:37:04,348] {dag.py:1824} INFO - Sync 1 DAGs
[2024-06-26 00:37:04,427] {logging_mixin.py:104} INFO - [2024-06-26 00:37:04,427] {dag.py:2280} INFO - Setting next_dagrun for example_branch_operator to 2024-06-24 00:00:00+00:00
[2024-06-26 00:37:04,479] {scheduler_job.py:190} INFO - Processing /home/airflow/.local/lib/python3.6/site-packages/airflow/example_dags/example_branch_operator.py took 0.310 seconds
[2024-06-26 00:37:58,405] {scheduler_job.py:182} INFO - Started process (PID=1928) to work on /home/airflow/.local/lib/python3.6/site-packages/airflow/example_dags/example_branch_operator.py
[2024-06-26 00:37:58,419] {scheduler_job.py:629} INFO - Processing file /home/airflow/.local/lib/python3.6/site-packages/airflow/example_dags/example_branch_operator.py for tasks to queue
[2024-06-26 00:37:58,423] {logging_mixin.py:104} INFO - [2024-06-26 00:37:58,423] {dagbag.py:451} INFO - Filling up the DagBag from /home/airflow/.local/lib/python3.6/site-packages/airflow/example_dags/example_branch_operator.py
[2024-06-26 00:37:58,508] {scheduler_job.py:639} INFO - DAG(s) dict_keys(['example_branch_operator']) retrieved from /home/airflow/.local/lib/python3.6/site-packages/airflow/example_dags/example_branch_operator.py
[2024-06-26 00:37:58,579] {logging_mixin.py:104} INFO - [2024-06-26 00:37:58,579] {dag.py:1824} INFO - Sync 1 DAGs
[2024-06-26 00:37:58,638] {logging_mixin.py:104} INFO - [2024-06-26 00:37:58,637] {dag.py:2280} INFO - Setting next_dagrun for example_branch_operator to 2024-06-24 00:00:00+00:00
[2024-06-26 00:37:58,695] {scheduler_job.py:190} INFO - Processing /home/airflow/.local/lib/python3.6/site-packages/airflow/example_dags/example_branch_operator.py took 0.325 seconds
[2024-06-26 00:38:59,034] {scheduler_job.py:182} INFO - Started process (PID=1962) to work on /home/airflow/.local/lib/python3.6/site-packages/airflow/example_dags/example_branch_operator.py
[2024-06-26 00:38:59,037] {scheduler_job.py:629} INFO - Processing file /home/airflow/.local/lib/python3.6/site-packages/airflow/example_dags/example_branch_operator.py for tasks to queue
[2024-06-26 00:38:59,043] {logging_mixin.py:104} INFO - [2024-06-26 00:38:59,042] {dagbag.py:451} INFO - Filling up the DagBag from /home/airflow/.local/lib/python3.6/site-packages/airflow/example_dags/example_branch_operator.py
[2024-06-26 00:38:59,081] {scheduler_job.py:639} INFO - DAG(s) dict_keys(['example_branch_operator']) retrieved from /home/airflow/.local/lib/python3.6/site-packages/airflow/example_dags/example_branch_operator.py
[2024-06-26 00:38:59,212] {logging_mixin.py:104} INFO - [2024-06-26 00:38:59,211] {dag.py:1824} INFO - Sync 1 DAGs
[2024-06-26 00:38:59,462] {logging_mixin.py:104} INFO - [2024-06-26 00:38:59,462] {dag.py:2280} INFO - Setting next_dagrun for example_branch_operator to 2024-06-24 00:00:00+00:00
[2024-06-26 00:38:59,488] {scheduler_job.py:190} INFO - Processing /home/airflow/.local/lib/python3.6/site-packages/airflow/example_dags/example_branch_operator.py took 0.465 seconds
[2024-06-26 00:41:02,128] {scheduler_job.py:182} INFO - Started process (PID=1995) to work on /home/airflow/.local/lib/python3.6/site-packages/airflow/example_dags/example_branch_operator.py
[2024-06-26 00:41:02,144] {scheduler_job.py:629} INFO - Processing file /home/airflow/.local/lib/python3.6/site-packages/airflow/example_dags/example_branch_operator.py for tasks to queue
[2024-06-26 00:41:02,147] {logging_mixin.py:104} INFO - [2024-06-26 00:41:02,146] {dagbag.py:451} INFO - Filling up the DagBag from /home/airflow/.local/lib/python3.6/site-packages/airflow/example_dags/example_branch_operator.py
[2024-06-26 00:41:02,225] {scheduler_job.py:639} INFO - DAG(s) dict_keys(['example_branch_operator']) retrieved from /home/airflow/.local/lib/python3.6/site-packages/airflow/example_dags/example_branch_operator.py
[2024-06-26 00:41:02,293] {logging_mixin.py:104} INFO - [2024-06-26 00:41:02,292] {dag.py:1824} INFO - Sync 1 DAGs
[2024-06-26 00:41:02,420] {logging_mixin.py:104} INFO - [2024-06-26 00:41:02,420] {dag.py:2280} INFO - Setting next_dagrun for example_branch_operator to 2024-06-24 00:00:00+00:00
[2024-06-26 00:41:02,526] {scheduler_job.py:190} INFO - Processing /home/airflow/.local/lib/python3.6/site-packages/airflow/example_dags/example_branch_operator.py took 0.413 seconds
[2024-06-26 00:43:06,801] {scheduler_job.py:182} INFO - Started process (PID=2026) to work on /home/airflow/.local/lib/python3.6/site-packages/airflow/example_dags/example_branch_operator.py
[2024-06-26 00:43:06,902] {scheduler_job.py:629} INFO - Processing file /home/airflow/.local/lib/python3.6/site-packages/airflow/example_dags/example_branch_operator.py for tasks to queue
[2024-06-26 00:43:06,962] {logging_mixin.py:104} INFO - [2024-06-26 00:43:06,962] {dagbag.py:451} INFO - Filling up the DagBag from /home/airflow/.local/lib/python3.6/site-packages/airflow/example_dags/example_branch_operator.py
[2024-06-26 00:43:07,193] {scheduler_job.py:639} INFO - DAG(s) dict_keys(['example_branch_operator']) retrieved from /home/airflow/.local/lib/python3.6/site-packages/airflow/example_dags/example_branch_operator.py
[2024-06-26 00:43:07,510] {logging_mixin.py:104} INFO - [2024-06-26 00:43:07,510] {dag.py:1824} INFO - Sync 1 DAGs
[2024-06-26 00:43:07,771] {logging_mixin.py:104} INFO - [2024-06-26 00:43:07,770] {dag.py:2280} INFO - Setting next_dagrun for example_branch_operator to 2024-06-24 00:00:00+00:00
[2024-06-26 00:43:07,828] {scheduler_job.py:190} INFO - Processing /home/airflow/.local/lib/python3.6/site-packages/airflow/example_dags/example_branch_operator.py took 1.488 seconds
[2024-06-26 00:45:23,223] {scheduler_job.py:182} INFO - Started process (PID=2064) to work on /home/airflow/.local/lib/python3.6/site-packages/airflow/example_dags/example_branch_operator.py
[2024-06-26 00:45:23,228] {scheduler_job.py:629} INFO - Processing file /home/airflow/.local/lib/python3.6/site-packages/airflow/example_dags/example_branch_operator.py for tasks to queue
[2024-06-26 00:45:23,232] {logging_mixin.py:104} INFO - [2024-06-26 00:45:23,231] {dagbag.py:451} INFO - Filling up the DagBag from /home/airflow/.local/lib/python3.6/site-packages/airflow/example_dags/example_branch_operator.py
[2024-06-26 00:45:23,302] {scheduler_job.py:639} INFO - DAG(s) dict_keys(['example_branch_operator']) retrieved from /home/airflow/.local/lib/python3.6/site-packages/airflow/example_dags/example_branch_operator.py
[2024-06-26 00:45:23,433] {logging_mixin.py:104} INFO - [2024-06-26 00:45:23,433] {dag.py:1824} INFO - Sync 1 DAGs
[2024-06-26 00:45:23,615] {logging_mixin.py:104} INFO - [2024-06-26 00:45:23,615] {dag.py:2280} INFO - Setting next_dagrun for example_branch_operator to 2024-06-24 00:00:00+00:00
[2024-06-26 00:45:23,755] {scheduler_job.py:190} INFO - Processing /home/airflow/.local/lib/python3.6/site-packages/airflow/example_dags/example_branch_operator.py took 0.551 seconds
[2024-06-26 00:47:25,354] {scheduler_job.py:182} INFO - Started process (PID=2098) to work on /home/airflow/.local/lib/python3.6/site-packages/airflow/example_dags/example_branch_operator.py
[2024-06-26 00:47:25,359] {scheduler_job.py:629} INFO - Processing file /home/airflow/.local/lib/python3.6/site-packages/airflow/example_dags/example_branch_operator.py for tasks to queue
[2024-06-26 00:47:25,364] {logging_mixin.py:104} INFO - [2024-06-26 00:47:25,363] {dagbag.py:451} INFO - Filling up the DagBag from /home/airflow/.local/lib/python3.6/site-packages/airflow/example_dags/example_branch_operator.py
[2024-06-26 00:47:25,419] {scheduler_job.py:639} INFO - DAG(s) dict_keys(['example_branch_operator']) retrieved from /home/airflow/.local/lib/python3.6/site-packages/airflow/example_dags/example_branch_operator.py
[2024-06-26 00:47:25,620] {logging_mixin.py:104} INFO - [2024-06-26 00:47:25,619] {dag.py:1824} INFO - Sync 1 DAGs
[2024-06-26 00:47:25,779] {logging_mixin.py:104} INFO - [2024-06-26 00:47:25,779] {dag.py:2280} INFO - Setting next_dagrun for example_branch_operator to 2024-06-24 00:00:00+00:00
[2024-06-26 00:47:26,116] {scheduler_job.py:190} INFO - Processing /home/airflow/.local/lib/python3.6/site-packages/airflow/example_dags/example_branch_operator.py took 0.769 seconds
[2024-06-26 00:48:05,415] {scheduler_job.py:182} INFO - Started process (PID=2123) to work on /home/airflow/.local/lib/python3.6/site-packages/airflow/example_dags/example_branch_operator.py
[2024-06-26 00:48:05,442] {scheduler_job.py:629} INFO - Processing file /home/airflow/.local/lib/python3.6/site-packages/airflow/example_dags/example_branch_operator.py for tasks to queue
[2024-06-26 00:48:05,474] {logging_mixin.py:104} INFO - [2024-06-26 00:48:05,462] {dagbag.py:451} INFO - Filling up the DagBag from /home/airflow/.local/lib/python3.6/site-packages/airflow/example_dags/example_branch_operator.py
[2024-06-26 00:48:08,061] {scheduler_job.py:639} INFO - DAG(s) dict_keys(['example_branch_operator']) retrieved from /home/airflow/.local/lib/python3.6/site-packages/airflow/example_dags/example_branch_operator.py
[2024-06-26 00:48:10,573] {logging_mixin.py:104} INFO - [2024-06-26 00:48:10,573] {dag.py:1824} INFO - Sync 1 DAGs
[2024-06-26 00:48:11,458] {logging_mixin.py:104} INFO - [2024-06-26 00:48:11,403] {dag.py:2280} INFO - Setting next_dagrun for example_branch_operator to 2024-06-24 00:00:00+00:00
[2024-06-26 00:48:14,324] {scheduler_job.py:190} INFO - Processing /home/airflow/.local/lib/python3.6/site-packages/airflow/example_dags/example_branch_operator.py took 9.467 seconds
[2024-06-26 00:49:24,045] {scheduler_job.py:182} INFO - Started process (PID=2158) to work on /home/airflow/.local/lib/python3.6/site-packages/airflow/example_dags/example_branch_operator.py
[2024-06-26 00:49:24,049] {scheduler_job.py:629} INFO - Processing file /home/airflow/.local/lib/python3.6/site-packages/airflow/example_dags/example_branch_operator.py for tasks to queue
[2024-06-26 00:49:24,052] {logging_mixin.py:104} INFO - [2024-06-26 00:49:24,051] {dagbag.py:451} INFO - Filling up the DagBag from /home/airflow/.local/lib/python3.6/site-packages/airflow/example_dags/example_branch_operator.py
[2024-06-26 00:49:24,179] {scheduler_job.py:639} INFO - DAG(s) dict_keys(['example_branch_operator']) retrieved from /home/airflow/.local/lib/python3.6/site-packages/airflow/example_dags/example_branch_operator.py
[2024-06-26 00:49:24,604] {logging_mixin.py:104} INFO - [2024-06-26 00:49:24,603] {dag.py:1824} INFO - Sync 1 DAGs
[2024-06-26 00:49:24,827] {logging_mixin.py:104} INFO - [2024-06-26 00:49:24,827] {dag.py:2280} INFO - Setting next_dagrun for example_branch_operator to 2024-06-24 00:00:00+00:00
[2024-06-26 00:49:24,969] {scheduler_job.py:190} INFO - Processing /home/airflow/.local/lib/python3.6/site-packages/airflow/example_dags/example_branch_operator.py took 0.939 seconds
[2024-06-26 00:51:30,984] {scheduler_job.py:182} INFO - Started process (PID=2191) to work on /home/airflow/.local/lib/python3.6/site-packages/airflow/example_dags/example_branch_operator.py
[2024-06-26 00:51:30,988] {scheduler_job.py:629} INFO - Processing file /home/airflow/.local/lib/python3.6/site-packages/airflow/example_dags/example_branch_operator.py for tasks to queue
[2024-06-26 00:51:30,998] {logging_mixin.py:104} INFO - [2024-06-26 00:51:30,997] {dagbag.py:451} INFO - Filling up the DagBag from /home/airflow/.local/lib/python3.6/site-packages/airflow/example_dags/example_branch_operator.py
[2024-06-26 00:51:31,080] {scheduler_job.py:639} INFO - DAG(s) dict_keys(['example_branch_operator']) retrieved from /home/airflow/.local/lib/python3.6/site-packages/airflow/example_dags/example_branch_operator.py
[2024-06-26 00:51:31,268] {logging_mixin.py:104} INFO - [2024-06-26 00:51:31,268] {dag.py:1824} INFO - Sync 1 DAGs
[2024-06-26 00:51:31,403] {logging_mixin.py:104} INFO - [2024-06-26 00:51:31,403] {dag.py:2280} INFO - Setting next_dagrun for example_branch_operator to 2024-06-24 00:00:00+00:00
[2024-06-26 00:51:31,445] {scheduler_job.py:190} INFO - Processing /home/airflow/.local/lib/python3.6/site-packages/airflow/example_dags/example_branch_operator.py took 0.471 seconds
[2024-06-26 00:54:04,368] {scheduler_job.py:182} INFO - Started process (PID=2232) to work on /home/airflow/.local/lib/python3.6/site-packages/airflow/example_dags/example_branch_operator.py
[2024-06-26 00:54:04,393] {scheduler_job.py:629} INFO - Processing file /home/airflow/.local/lib/python3.6/site-packages/airflow/example_dags/example_branch_operator.py for tasks to queue
[2024-06-26 00:54:04,395] {logging_mixin.py:104} INFO - [2024-06-26 00:54:04,395] {dagbag.py:451} INFO - Filling up the DagBag from /home/airflow/.local/lib/python3.6/site-packages/airflow/example_dags/example_branch_operator.py
[2024-06-26 00:54:04,578] {scheduler_job.py:639} INFO - DAG(s) dict_keys(['example_branch_operator']) retrieved from /home/airflow/.local/lib/python3.6/site-packages/airflow/example_dags/example_branch_operator.py
[2024-06-26 00:54:04,701] {logging_mixin.py:104} INFO - [2024-06-26 00:54:04,701] {dag.py:1824} INFO - Sync 1 DAGs
[2024-06-26 00:54:04,888] {logging_mixin.py:104} INFO - [2024-06-26 00:54:04,888] {dag.py:2280} INFO - Setting next_dagrun for example_branch_operator to 2024-06-24 00:00:00+00:00
[2024-06-26 00:54:05,029] {scheduler_job.py:190} INFO - Processing /home/airflow/.local/lib/python3.6/site-packages/airflow/example_dags/example_branch_operator.py took 0.689 seconds
[2024-06-26 00:57:07,978] {scheduler_job.py:182} INFO - Started process (PID=2268) to work on /home/airflow/.local/lib/python3.6/site-packages/airflow/example_dags/example_branch_operator.py
[2024-06-26 00:57:07,987] {scheduler_job.py:629} INFO - Processing file /home/airflow/.local/lib/python3.6/site-packages/airflow/example_dags/example_branch_operator.py for tasks to queue
[2024-06-26 00:57:07,995] {logging_mixin.py:104} INFO - [2024-06-26 00:57:07,994] {dagbag.py:451} INFO - Filling up the DagBag from /home/airflow/.local/lib/python3.6/site-packages/airflow/example_dags/example_branch_operator.py
[2024-06-26 00:57:08,055] {scheduler_job.py:639} INFO - DAG(s) dict_keys(['example_branch_operator']) retrieved from /home/airflow/.local/lib/python3.6/site-packages/airflow/example_dags/example_branch_operator.py
[2024-06-26 00:57:08,209] {logging_mixin.py:104} INFO - [2024-06-26 00:57:08,209] {dag.py:1824} INFO - Sync 1 DAGs
[2024-06-26 00:57:08,452] {logging_mixin.py:104} INFO - [2024-06-26 00:57:08,452] {dag.py:2280} INFO - Setting next_dagrun for example_branch_operator to 2024-06-24 00:00:00+00:00
[2024-06-26 00:57:08,674] {scheduler_job.py:190} INFO - Processing /home/airflow/.local/lib/python3.6/site-packages/airflow/example_dags/example_branch_operator.py took 0.710 seconds
[2024-06-26 00:59:16,314] {scheduler_job.py:182} INFO - Started process (PID=2308) to work on /home/airflow/.local/lib/python3.6/site-packages/airflow/example_dags/example_branch_operator.py
[2024-06-26 00:59:16,334] {scheduler_job.py:629} INFO - Processing file /home/airflow/.local/lib/python3.6/site-packages/airflow/example_dags/example_branch_operator.py for tasks to queue
[2024-06-26 00:59:16,339] {logging_mixin.py:104} INFO - [2024-06-26 00:59:16,339] {dagbag.py:451} INFO - Filling up the DagBag from /home/airflow/.local/lib/python3.6/site-packages/airflow/example_dags/example_branch_operator.py
[2024-06-26 00:59:16,707] {scheduler_job.py:639} INFO - DAG(s) dict_keys(['example_branch_operator']) retrieved from /home/airflow/.local/lib/python3.6/site-packages/airflow/example_dags/example_branch_operator.py
[2024-06-26 00:59:17,804] {logging_mixin.py:104} INFO - [2024-06-26 00:59:17,803] {dag.py:1824} INFO - Sync 1 DAGs
[2024-06-26 00:59:18,506] {logging_mixin.py:104} INFO - [2024-06-26 00:59:18,506] {dag.py:2280} INFO - Setting next_dagrun for example_branch_operator to 2024-06-24 00:00:00+00:00
[2024-06-26 00:59:18,768] {scheduler_job.py:190} INFO - Processing /home/airflow/.local/lib/python3.6/site-packages/airflow/example_dags/example_branch_operator.py took 2.507 seconds
[2024-06-26 01:01:14,195] {scheduler_job.py:182} INFO - Started process (PID=2349) to work on /home/airflow/.local/lib/python3.6/site-packages/airflow/example_dags/example_branch_operator.py
[2024-06-26 01:01:14,216] {scheduler_job.py:629} INFO - Processing file /home/airflow/.local/lib/python3.6/site-packages/airflow/example_dags/example_branch_operator.py for tasks to queue
[2024-06-26 01:01:14,218] {logging_mixin.py:104} INFO - [2024-06-26 01:01:14,218] {dagbag.py:451} INFO - Filling up the DagBag from /home/airflow/.local/lib/python3.6/site-packages/airflow/example_dags/example_branch_operator.py
[2024-06-26 01:01:14,379] {scheduler_job.py:639} INFO - DAG(s) dict_keys(['example_branch_operator']) retrieved from /home/airflow/.local/lib/python3.6/site-packages/airflow/example_dags/example_branch_operator.py
[2024-06-26 01:01:14,499] {logging_mixin.py:104} INFO - [2024-06-26 01:01:14,499] {dag.py:1824} INFO - Sync 1 DAGs
[2024-06-26 01:01:14,602] {logging_mixin.py:104} INFO - [2024-06-26 01:01:14,602] {dag.py:2280} INFO - Setting next_dagrun for example_branch_operator to 2024-06-24 00:00:00+00:00
[2024-06-26 01:01:14,660] {scheduler_job.py:190} INFO - Processing /home/airflow/.local/lib/python3.6/site-packages/airflow/example_dags/example_branch_operator.py took 0.567 seconds
[2024-06-26 01:02:24,657] {scheduler_job.py:182} INFO - Started process (PID=2377) to work on /home/airflow/.local/lib/python3.6/site-packages/airflow/example_dags/example_branch_operator.py
[2024-06-26 01:02:24,676] {scheduler_job.py:629} INFO - Processing file /home/airflow/.local/lib/python3.6/site-packages/airflow/example_dags/example_branch_operator.py for tasks to queue
[2024-06-26 01:02:24,695] {logging_mixin.py:104} INFO - [2024-06-26 01:02:24,694] {dagbag.py:451} INFO - Filling up the DagBag from /home/airflow/.local/lib/python3.6/site-packages/airflow/example_dags/example_branch_operator.py
[2024-06-26 01:02:25,316] {scheduler_job.py:639} INFO - DAG(s) dict_keys(['example_branch_operator']) retrieved from /home/airflow/.local/lib/python3.6/site-packages/airflow/example_dags/example_branch_operator.py
[2024-06-26 01:02:28,073] {logging_mixin.py:104} INFO - [2024-06-26 01:02:28,046] {dag.py:1824} INFO - Sync 1 DAGs
[2024-06-26 01:04:10,561] {scheduler_job.py:182} INFO - Started process (PID=2395) to work on /home/airflow/.local/lib/python3.6/site-packages/airflow/example_dags/example_branch_operator.py
[2024-06-26 01:04:10,647] {scheduler_job.py:629} INFO - Processing file /home/airflow/.local/lib/python3.6/site-packages/airflow/example_dags/example_branch_operator.py for tasks to queue
[2024-06-26 01:04:10,691] {logging_mixin.py:104} INFO - [2024-06-26 01:04:10,686] {dagbag.py:451} INFO - Filling up the DagBag from /home/airflow/.local/lib/python3.6/site-packages/airflow/example_dags/example_branch_operator.py
[2024-06-26 01:04:10,912] {scheduler_job.py:639} INFO - DAG(s) dict_keys(['example_branch_operator']) retrieved from /home/airflow/.local/lib/python3.6/site-packages/airflow/example_dags/example_branch_operator.py
[2024-06-26 01:04:11,301] {logging_mixin.py:104} INFO - [2024-06-26 01:04:11,301] {dag.py:1824} INFO - Sync 1 DAGs
[2024-06-26 01:04:11,610] {logging_mixin.py:104} INFO - [2024-06-26 01:04:11,610] {dag.py:2280} INFO - Setting next_dagrun for example_branch_operator to 2024-06-24 00:00:00+00:00
[2024-06-26 01:04:11,705] {scheduler_job.py:190} INFO - Processing /home/airflow/.local/lib/python3.6/site-packages/airflow/example_dags/example_branch_operator.py took 1.300 seconds
[2024-06-26 01:04:41,861] {scheduler_job.py:182} INFO - Started process (PID=2422) to work on /home/airflow/.local/lib/python3.6/site-packages/airflow/example_dags/example_branch_operator.py
[2024-06-26 01:04:41,894] {scheduler_job.py:629} INFO - Processing file /home/airflow/.local/lib/python3.6/site-packages/airflow/example_dags/example_branch_operator.py for tasks to queue
[2024-06-26 01:04:41,912] {logging_mixin.py:104} INFO - [2024-06-26 01:04:41,911] {dagbag.py:451} INFO - Filling up the DagBag from /home/airflow/.local/lib/python3.6/site-packages/airflow/example_dags/example_branch_operator.py
[2024-06-26 01:04:42,196] {scheduler_job.py:639} INFO - DAG(s) dict_keys(['example_branch_operator']) retrieved from /home/airflow/.local/lib/python3.6/site-packages/airflow/example_dags/example_branch_operator.py
[2024-06-26 01:04:42,571] {logging_mixin.py:104} INFO - [2024-06-26 01:04:42,551] {dag.py:1824} INFO - Sync 1 DAGs
[2024-06-26 01:04:42,709] {logging_mixin.py:104} INFO - [2024-06-26 01:04:42,705] {dag.py:2280} INFO - Setting next_dagrun for example_branch_operator to 2024-06-24 00:00:00+00:00
[2024-06-26 01:04:42,811] {scheduler_job.py:190} INFO - Processing /home/airflow/.local/lib/python3.6/site-packages/airflow/example_dags/example_branch_operator.py took 1.016 seconds
[2024-06-26 01:06:15,181] {scheduler_job.py:182} INFO - Started process (PID=2451) to work on /home/airflow/.local/lib/python3.6/site-packages/airflow/example_dags/example_branch_operator.py
[2024-06-26 01:06:15,188] {scheduler_job.py:629} INFO - Processing file /home/airflow/.local/lib/python3.6/site-packages/airflow/example_dags/example_branch_operator.py for tasks to queue
[2024-06-26 01:06:15,198] {logging_mixin.py:104} INFO - [2024-06-26 01:06:15,198] {dagbag.py:451} INFO - Filling up the DagBag from /home/airflow/.local/lib/python3.6/site-packages/airflow/example_dags/example_branch_operator.py
[2024-06-26 01:06:15,272] {scheduler_job.py:639} INFO - DAG(s) dict_keys(['example_branch_operator']) retrieved from /home/airflow/.local/lib/python3.6/site-packages/airflow/example_dags/example_branch_operator.py
[2024-06-26 01:06:15,366] {logging_mixin.py:104} INFO - [2024-06-26 01:06:15,366] {dag.py:1824} INFO - Sync 1 DAGs
[2024-06-26 01:06:15,416] {logging_mixin.py:104} INFO - [2024-06-26 01:06:15,416] {dag.py:2280} INFO - Setting next_dagrun for example_branch_operator to 2024-06-24 00:00:00+00:00
[2024-06-26 01:06:15,468] {scheduler_job.py:190} INFO - Processing /home/airflow/.local/lib/python3.6/site-packages/airflow/example_dags/example_branch_operator.py took 0.307 seconds
[2024-06-26 01:14:12,615] {scheduler_job.py:182} INFO - Started process (PID=48) to work on /home/airflow/.local/lib/python3.6/site-packages/airflow/example_dags/example_branch_operator.py
[2024-06-26 01:14:12,623] {scheduler_job.py:629} INFO - Processing file /home/airflow/.local/lib/python3.6/site-packages/airflow/example_dags/example_branch_operator.py for tasks to queue
[2024-06-26 01:14:12,651] {logging_mixin.py:104} INFO - [2024-06-26 01:14:12,639] {dagbag.py:451} INFO - Filling up the DagBag from /home/airflow/.local/lib/python3.6/site-packages/airflow/example_dags/example_branch_operator.py
[2024-06-26 01:14:12,756] {scheduler_job.py:639} INFO - DAG(s) dict_keys(['example_branch_operator']) retrieved from /home/airflow/.local/lib/python3.6/site-packages/airflow/example_dags/example_branch_operator.py
[2024-06-26 01:14:13,127] {logging_mixin.py:104} INFO - [2024-06-26 01:14:13,127] {dag.py:1824} INFO - Sync 1 DAGs
[2024-06-26 01:14:13,257] {logging_mixin.py:104} INFO - [2024-06-26 01:14:13,257] {dag.py:2280} INFO - Setting next_dagrun for example_branch_operator to 2024-06-24 00:00:00+00:00
[2024-06-26 01:14:13,396] {scheduler_job.py:190} INFO - Processing /home/airflow/.local/lib/python3.6/site-packages/airflow/example_dags/example_branch_operator.py took 0.822 seconds
[2024-06-26 01:14:43,661] {scheduler_job.py:182} INFO - Started process (PID=76) to work on /home/airflow/.local/lib/python3.6/site-packages/airflow/example_dags/example_branch_operator.py
[2024-06-26 01:14:43,679] {scheduler_job.py:629} INFO - Processing file /home/airflow/.local/lib/python3.6/site-packages/airflow/example_dags/example_branch_operator.py for tasks to queue
[2024-06-26 01:14:43,684] {logging_mixin.py:104} INFO - [2024-06-26 01:14:43,683] {dagbag.py:451} INFO - Filling up the DagBag from /home/airflow/.local/lib/python3.6/site-packages/airflow/example_dags/example_branch_operator.py
[2024-06-26 01:14:44,214] {scheduler_job.py:639} INFO - DAG(s) dict_keys(['example_branch_operator']) retrieved from /home/airflow/.local/lib/python3.6/site-packages/airflow/example_dags/example_branch_operator.py
[2024-06-26 01:14:44,502] {logging_mixin.py:104} INFO - [2024-06-26 01:14:44,501] {dag.py:1824} INFO - Sync 1 DAGs
[2024-06-26 01:14:45,002] {logging_mixin.py:104} INFO - [2024-06-26 01:14:45,002] {dag.py:2280} INFO - Setting next_dagrun for example_branch_operator to 2024-06-24 00:00:00+00:00
[2024-06-26 01:14:45,058] {scheduler_job.py:190} INFO - Processing /home/airflow/.local/lib/python3.6/site-packages/airflow/example_dags/example_branch_operator.py took 1.412 seconds
[2024-06-26 01:15:20,055] {scheduler_job.py:182} INFO - Started process (PID=105) to work on /home/airflow/.local/lib/python3.6/site-packages/airflow/example_dags/example_branch_operator.py
[2024-06-26 01:15:20,068] {scheduler_job.py:629} INFO - Processing file /home/airflow/.local/lib/python3.6/site-packages/airflow/example_dags/example_branch_operator.py for tasks to queue
[2024-06-26 01:15:20,082] {logging_mixin.py:104} INFO - [2024-06-26 01:15:20,082] {dagbag.py:451} INFO - Filling up the DagBag from /home/airflow/.local/lib/python3.6/site-packages/airflow/example_dags/example_branch_operator.py
[2024-06-26 01:15:20,193] {scheduler_job.py:639} INFO - DAG(s) dict_keys(['example_branch_operator']) retrieved from /home/airflow/.local/lib/python3.6/site-packages/airflow/example_dags/example_branch_operator.py
[2024-06-26 01:15:20,294] {logging_mixin.py:104} INFO - [2024-06-26 01:15:20,294] {dag.py:1824} INFO - Sync 1 DAGs
[2024-06-26 01:15:20,382] {logging_mixin.py:104} INFO - [2024-06-26 01:15:20,382] {dag.py:2280} INFO - Setting next_dagrun for example_branch_operator to 2024-06-24 00:00:00+00:00
[2024-06-26 01:15:20,412] {scheduler_job.py:190} INFO - Processing /home/airflow/.local/lib/python3.6/site-packages/airflow/example_dags/example_branch_operator.py took 0.391 seconds
[2024-06-26 01:17:19,626] {scheduler_job.py:182} INFO - Started process (PID=132) to work on /home/airflow/.local/lib/python3.6/site-packages/airflow/example_dags/example_branch_operator.py
[2024-06-26 01:17:19,637] {scheduler_job.py:629} INFO - Processing file /home/airflow/.local/lib/python3.6/site-packages/airflow/example_dags/example_branch_operator.py for tasks to queue
[2024-06-26 01:17:19,649] {logging_mixin.py:104} INFO - [2024-06-26 01:17:19,649] {dagbag.py:451} INFO - Filling up the DagBag from /home/airflow/.local/lib/python3.6/site-packages/airflow/example_dags/example_branch_operator.py
[2024-06-26 01:17:19,759] {scheduler_job.py:639} INFO - DAG(s) dict_keys(['example_branch_operator']) retrieved from /home/airflow/.local/lib/python3.6/site-packages/airflow/example_dags/example_branch_operator.py
[2024-06-26 01:17:19,902] {logging_mixin.py:104} INFO - [2024-06-26 01:17:19,902] {dag.py:1824} INFO - Sync 1 DAGs
[2024-06-26 01:17:19,979] {logging_mixin.py:104} INFO - [2024-06-26 01:17:19,979] {dag.py:2280} INFO - Setting next_dagrun for example_branch_operator to 2024-06-24 00:00:00+00:00
[2024-06-26 01:17:20,355] {scheduler_job.py:190} INFO - Processing /home/airflow/.local/lib/python3.6/site-packages/airflow/example_dags/example_branch_operator.py took 0.759 seconds
[2024-06-26 01:18:01,947] {scheduler_job.py:182} INFO - Started process (PID=157) to work on /home/airflow/.local/lib/python3.6/site-packages/airflow/example_dags/example_branch_operator.py
[2024-06-26 01:18:01,967] {scheduler_job.py:629} INFO - Processing file /home/airflow/.local/lib/python3.6/site-packages/airflow/example_dags/example_branch_operator.py for tasks to queue
[2024-06-26 01:18:01,978] {logging_mixin.py:104} INFO - [2024-06-26 01:18:01,978] {dagbag.py:451} INFO - Filling up the DagBag from /home/airflow/.local/lib/python3.6/site-packages/airflow/example_dags/example_branch_operator.py
[2024-06-26 01:18:02,145] {scheduler_job.py:639} INFO - DAG(s) dict_keys(['example_branch_operator']) retrieved from /home/airflow/.local/lib/python3.6/site-packages/airflow/example_dags/example_branch_operator.py
[2024-06-26 01:18:02,509] {logging_mixin.py:104} INFO - [2024-06-26 01:18:02,509] {dag.py:1824} INFO - Sync 1 DAGs
[2024-06-26 01:18:02,650] {logging_mixin.py:104} INFO - [2024-06-26 01:18:02,650] {dag.py:2280} INFO - Setting next_dagrun for example_branch_operator to 2024-06-24 00:00:00+00:00
[2024-06-26 01:18:03,874] {scheduler_job.py:190} INFO - Processing /home/airflow/.local/lib/python3.6/site-packages/airflow/example_dags/example_branch_operator.py took 1.960 seconds
[2024-06-26 01:19:03,250] {scheduler_job.py:182} INFO - Started process (PID=186) to work on /home/airflow/.local/lib/python3.6/site-packages/airflow/example_dags/example_branch_operator.py
[2024-06-26 01:19:03,282] {scheduler_job.py:629} INFO - Processing file /home/airflow/.local/lib/python3.6/site-packages/airflow/example_dags/example_branch_operator.py for tasks to queue
[2024-06-26 01:19:03,326] {logging_mixin.py:104} INFO - [2024-06-26 01:19:03,325] {dagbag.py:451} INFO - Filling up the DagBag from /home/airflow/.local/lib/python3.6/site-packages/airflow/example_dags/example_branch_operator.py
[2024-06-26 01:19:03,844] {scheduler_job.py:639} INFO - DAG(s) dict_keys(['example_branch_operator']) retrieved from /home/airflow/.local/lib/python3.6/site-packages/airflow/example_dags/example_branch_operator.py
[2024-06-26 01:19:05,453] {logging_mixin.py:104} INFO - [2024-06-26 01:19:05,452] {dag.py:1824} INFO - Sync 1 DAGs
[2024-06-26 01:19:06,079] {logging_mixin.py:104} INFO - [2024-06-26 01:19:06,079] {dag.py:2280} INFO - Setting next_dagrun for example_branch_operator to 2024-06-24 00:00:00+00:00
[2024-06-26 01:19:08,080] {scheduler_job.py:190} INFO - Processing /home/airflow/.local/lib/python3.6/site-packages/airflow/example_dags/example_branch_operator.py took 4.872 seconds
[2024-06-26 01:19:42,979] {scheduler_job.py:182} INFO - Started process (PID=212) to work on /home/airflow/.local/lib/python3.6/site-packages/airflow/example_dags/example_branch_operator.py
[2024-06-26 01:19:42,985] {scheduler_job.py:629} INFO - Processing file /home/airflow/.local/lib/python3.6/site-packages/airflow/example_dags/example_branch_operator.py for tasks to queue
[2024-06-26 01:19:42,994] {logging_mixin.py:104} INFO - [2024-06-26 01:19:42,994] {dagbag.py:451} INFO - Filling up the DagBag from /home/airflow/.local/lib/python3.6/site-packages/airflow/example_dags/example_branch_operator.py
[2024-06-26 01:19:43,064] {scheduler_job.py:639} INFO - DAG(s) dict_keys(['example_branch_operator']) retrieved from /home/airflow/.local/lib/python3.6/site-packages/airflow/example_dags/example_branch_operator.py
[2024-06-26 01:19:43,118] {logging_mixin.py:104} INFO - [2024-06-26 01:19:43,118] {dag.py:1824} INFO - Sync 1 DAGs
[2024-06-26 01:19:43,359] {logging_mixin.py:104} INFO - [2024-06-26 01:19:43,359] {dag.py:2280} INFO - Setting next_dagrun for example_branch_operator to 2024-06-24 00:00:00+00:00
[2024-06-26 01:19:43,383] {scheduler_job.py:190} INFO - Processing /home/airflow/.local/lib/python3.6/site-packages/airflow/example_dags/example_branch_operator.py took 0.428 seconds
