[2024-06-26 00:00:39,883] {scheduler_job.py:182} INFO - Started process (PID=973) to work on /home/airflow/.local/lib/python3.6/site-packages/airflow/example_dags/tutorial_taskflow_api_etl.py
[2024-06-26 00:00:39,898] {scheduler_job.py:629} INFO - Processing file /home/airflow/.local/lib/python3.6/site-packages/airflow/example_dags/tutorial_taskflow_api_etl.py for tasks to queue
[2024-06-26 00:00:39,940] {logging_mixin.py:104} INFO - [2024-06-26 00:00:39,922] {dagbag.py:451} INFO - Filling up the DagBag from /home/airflow/.local/lib/python3.6/site-packages/airflow/example_dags/tutorial_taskflow_api_etl.py
[2024-06-26 00:00:40,292] {scheduler_job.py:639} INFO - DAG(s) dict_keys(['tutorial_taskflow_api_etl']) retrieved from /home/airflow/.local/lib/python3.6/site-packages/airflow/example_dags/tutorial_taskflow_api_etl.py
[2024-06-26 00:00:40,531] {logging_mixin.py:104} INFO - [2024-06-26 00:00:40,530] {dag.py:1824} INFO - Sync 1 DAGs
[2024-06-26 00:00:40,595] {logging_mixin.py:104} INFO - [2024-06-26 00:00:40,595] {dag.py:2280} INFO - Setting next_dagrun for tutorial_taskflow_api_etl to None
[2024-06-26 00:00:40,628] {scheduler_job.py:190} INFO - Processing /home/airflow/.local/lib/python3.6/site-packages/airflow/example_dags/tutorial_taskflow_api_etl.py took 0.935 seconds
[2024-06-26 00:01:12,225] {scheduler_job.py:182} INFO - Started process (PID=1026) to work on /home/airflow/.local/lib/python3.6/site-packages/airflow/example_dags/tutorial_taskflow_api_etl.py
[2024-06-26 00:01:12,228] {scheduler_job.py:629} INFO - Processing file /home/airflow/.local/lib/python3.6/site-packages/airflow/example_dags/tutorial_taskflow_api_etl.py for tasks to queue
[2024-06-26 00:01:12,230] {logging_mixin.py:104} INFO - [2024-06-26 00:01:12,230] {dagbag.py:451} INFO - Filling up the DagBag from /home/airflow/.local/lib/python3.6/site-packages/airflow/example_dags/tutorial_taskflow_api_etl.py
[2024-06-26 00:01:12,455] {scheduler_job.py:639} INFO - DAG(s) dict_keys(['tutorial_taskflow_api_etl']) retrieved from /home/airflow/.local/lib/python3.6/site-packages/airflow/example_dags/tutorial_taskflow_api_etl.py
[2024-06-26 00:01:12,685] {logging_mixin.py:104} INFO - [2024-06-26 00:01:12,684] {dag.py:1824} INFO - Sync 1 DAGs
[2024-06-26 00:01:12,828] {logging_mixin.py:104} INFO - [2024-06-26 00:01:12,828] {dag.py:2280} INFO - Setting next_dagrun for tutorial_taskflow_api_etl to None
[2024-06-26 00:01:12,881] {scheduler_job.py:190} INFO - Processing /home/airflow/.local/lib/python3.6/site-packages/airflow/example_dags/tutorial_taskflow_api_etl.py took 0.698 seconds
[2024-06-26 00:01:51,844] {scheduler_job.py:182} INFO - Started process (PID=1060) to work on /home/airflow/.local/lib/python3.6/site-packages/airflow/example_dags/tutorial_taskflow_api_etl.py
[2024-06-26 00:01:51,862] {scheduler_job.py:629} INFO - Processing file /home/airflow/.local/lib/python3.6/site-packages/airflow/example_dags/tutorial_taskflow_api_etl.py for tasks to queue
[2024-06-26 00:01:51,870] {logging_mixin.py:104} INFO - [2024-06-26 00:01:51,867] {dagbag.py:451} INFO - Filling up the DagBag from /home/airflow/.local/lib/python3.6/site-packages/airflow/example_dags/tutorial_taskflow_api_etl.py
[2024-06-26 00:01:52,166] {scheduler_job.py:639} INFO - DAG(s) dict_keys(['tutorial_taskflow_api_etl']) retrieved from /home/airflow/.local/lib/python3.6/site-packages/airflow/example_dags/tutorial_taskflow_api_etl.py
[2024-06-26 00:01:52,746] {logging_mixin.py:104} INFO - [2024-06-26 00:01:52,746] {dag.py:1824} INFO - Sync 1 DAGs
[2024-06-26 00:01:52,848] {logging_mixin.py:104} INFO - [2024-06-26 00:01:52,848] {dag.py:2280} INFO - Setting next_dagrun for tutorial_taskflow_api_etl to None
[2024-06-26 00:01:53,031] {scheduler_job.py:190} INFO - Processing /home/airflow/.local/lib/python3.6/site-packages/airflow/example_dags/tutorial_taskflow_api_etl.py took 1.254 seconds
[2024-06-26 00:02:48,461] {scheduler_job.py:182} INFO - Started process (PID=1086) to work on /home/airflow/.local/lib/python3.6/site-packages/airflow/example_dags/tutorial_taskflow_api_etl.py
[2024-06-26 00:02:48,467] {scheduler_job.py:629} INFO - Processing file /home/airflow/.local/lib/python3.6/site-packages/airflow/example_dags/tutorial_taskflow_api_etl.py for tasks to queue
[2024-06-26 00:02:48,558] {logging_mixin.py:104} INFO - [2024-06-26 00:02:48,558] {dagbag.py:451} INFO - Filling up the DagBag from /home/airflow/.local/lib/python3.6/site-packages/airflow/example_dags/tutorial_taskflow_api_etl.py
[2024-06-26 00:02:49,157] {scheduler_job.py:639} INFO - DAG(s) dict_keys(['tutorial_taskflow_api_etl']) retrieved from /home/airflow/.local/lib/python3.6/site-packages/airflow/example_dags/tutorial_taskflow_api_etl.py
[2024-06-26 00:02:49,466] {logging_mixin.py:104} INFO - [2024-06-26 00:02:49,466] {dag.py:1824} INFO - Sync 1 DAGs
[2024-06-26 00:02:49,592] {logging_mixin.py:104} INFO - [2024-06-26 00:02:49,591] {dag.py:2280} INFO - Setting next_dagrun for tutorial_taskflow_api_etl to None
[2024-06-26 00:02:49,932] {scheduler_job.py:190} INFO - Processing /home/airflow/.local/lib/python3.6/site-packages/airflow/example_dags/tutorial_taskflow_api_etl.py took 1.486 seconds
[2024-06-26 00:03:25,735] {scheduler_job.py:182} INFO - Started process (PID=1113) to work on /home/airflow/.local/lib/python3.6/site-packages/airflow/example_dags/tutorial_taskflow_api_etl.py
[2024-06-26 00:03:25,750] {scheduler_job.py:629} INFO - Processing file /home/airflow/.local/lib/python3.6/site-packages/airflow/example_dags/tutorial_taskflow_api_etl.py for tasks to queue
[2024-06-26 00:03:25,764] {logging_mixin.py:104} INFO - [2024-06-26 00:03:25,760] {dagbag.py:451} INFO - Filling up the DagBag from /home/airflow/.local/lib/python3.6/site-packages/airflow/example_dags/tutorial_taskflow_api_etl.py
[2024-06-26 00:03:25,947] {scheduler_job.py:639} INFO - DAG(s) dict_keys(['tutorial_taskflow_api_etl']) retrieved from /home/airflow/.local/lib/python3.6/site-packages/airflow/example_dags/tutorial_taskflow_api_etl.py
[2024-06-26 00:03:26,209] {logging_mixin.py:104} INFO - [2024-06-26 00:03:26,209] {dag.py:1824} INFO - Sync 1 DAGs
[2024-06-26 00:03:26,248] {logging_mixin.py:104} INFO - [2024-06-26 00:03:26,248] {dag.py:2280} INFO - Setting next_dagrun for tutorial_taskflow_api_etl to None
[2024-06-26 00:03:26,274] {scheduler_job.py:190} INFO - Processing /home/airflow/.local/lib/python3.6/site-packages/airflow/example_dags/tutorial_taskflow_api_etl.py took 0.549 seconds
[2024-06-26 00:04:18,434] {scheduler_job.py:182} INFO - Started process (PID=1137) to work on /home/airflow/.local/lib/python3.6/site-packages/airflow/example_dags/tutorial_taskflow_api_etl.py
[2024-06-26 00:04:18,437] {scheduler_job.py:629} INFO - Processing file /home/airflow/.local/lib/python3.6/site-packages/airflow/example_dags/tutorial_taskflow_api_etl.py for tasks to queue
[2024-06-26 00:04:18,439] {logging_mixin.py:104} INFO - [2024-06-26 00:04:18,439] {dagbag.py:451} INFO - Filling up the DagBag from /home/airflow/.local/lib/python3.6/site-packages/airflow/example_dags/tutorial_taskflow_api_etl.py
[2024-06-26 00:04:18,487] {scheduler_job.py:639} INFO - DAG(s) dict_keys(['tutorial_taskflow_api_etl']) retrieved from /home/airflow/.local/lib/python3.6/site-packages/airflow/example_dags/tutorial_taskflow_api_etl.py
[2024-06-26 00:04:18,636] {logging_mixin.py:104} INFO - [2024-06-26 00:04:18,636] {dag.py:1824} INFO - Sync 1 DAGs
[2024-06-26 00:04:18,666] {logging_mixin.py:104} INFO - [2024-06-26 00:04:18,666] {dag.py:2280} INFO - Setting next_dagrun for tutorial_taskflow_api_etl to None
[2024-06-26 00:04:18,703] {scheduler_job.py:190} INFO - Processing /home/airflow/.local/lib/python3.6/site-packages/airflow/example_dags/tutorial_taskflow_api_etl.py took 0.289 seconds
[2024-06-26 00:04:49,161] {scheduler_job.py:182} INFO - Started process (PID=1163) to work on /home/airflow/.local/lib/python3.6/site-packages/airflow/example_dags/tutorial_taskflow_api_etl.py
[2024-06-26 00:04:49,174] {scheduler_job.py:629} INFO - Processing file /home/airflow/.local/lib/python3.6/site-packages/airflow/example_dags/tutorial_taskflow_api_etl.py for tasks to queue
[2024-06-26 00:04:49,176] {logging_mixin.py:104} INFO - [2024-06-26 00:04:49,175] {dagbag.py:451} INFO - Filling up the DagBag from /home/airflow/.local/lib/python3.6/site-packages/airflow/example_dags/tutorial_taskflow_api_etl.py
[2024-06-26 00:04:49,209] {scheduler_job.py:639} INFO - DAG(s) dict_keys(['tutorial_taskflow_api_etl']) retrieved from /home/airflow/.local/lib/python3.6/site-packages/airflow/example_dags/tutorial_taskflow_api_etl.py
[2024-06-26 00:04:49,281] {logging_mixin.py:104} INFO - [2024-06-26 00:04:49,280] {dag.py:1824} INFO - Sync 1 DAGs
[2024-06-26 00:04:49,313] {logging_mixin.py:104} INFO - [2024-06-26 00:04:49,313] {dag.py:2280} INFO - Setting next_dagrun for tutorial_taskflow_api_etl to None
[2024-06-26 00:04:49,336] {scheduler_job.py:190} INFO - Processing /home/airflow/.local/lib/python3.6/site-packages/airflow/example_dags/tutorial_taskflow_api_etl.py took 0.182 seconds
[2024-06-26 00:05:19,733] {scheduler_job.py:182} INFO - Started process (PID=1188) to work on /home/airflow/.local/lib/python3.6/site-packages/airflow/example_dags/tutorial_taskflow_api_etl.py
[2024-06-26 00:05:19,741] {scheduler_job.py:629} INFO - Processing file /home/airflow/.local/lib/python3.6/site-packages/airflow/example_dags/tutorial_taskflow_api_etl.py for tasks to queue
[2024-06-26 00:05:19,745] {logging_mixin.py:104} INFO - [2024-06-26 00:05:19,745] {dagbag.py:451} INFO - Filling up the DagBag from /home/airflow/.local/lib/python3.6/site-packages/airflow/example_dags/tutorial_taskflow_api_etl.py
[2024-06-26 00:05:19,903] {scheduler_job.py:639} INFO - DAG(s) dict_keys(['tutorial_taskflow_api_etl']) retrieved from /home/airflow/.local/lib/python3.6/site-packages/airflow/example_dags/tutorial_taskflow_api_etl.py
[2024-06-26 00:05:20,034] {logging_mixin.py:104} INFO - [2024-06-26 00:05:20,033] {dag.py:1824} INFO - Sync 1 DAGs
[2024-06-26 00:05:20,065] {logging_mixin.py:104} INFO - [2024-06-26 00:05:20,065] {dag.py:2280} INFO - Setting next_dagrun for tutorial_taskflow_api_etl to None
[2024-06-26 00:05:20,150] {scheduler_job.py:190} INFO - Processing /home/airflow/.local/lib/python3.6/site-packages/airflow/example_dags/tutorial_taskflow_api_etl.py took 0.438 seconds
[2024-06-26 00:07:52,921] {scheduler_job.py:182} INFO - Started process (PID=1227) to work on /home/airflow/.local/lib/python3.6/site-packages/airflow/example_dags/tutorial_taskflow_api_etl.py
[2024-06-26 00:07:52,927] {scheduler_job.py:629} INFO - Processing file /home/airflow/.local/lib/python3.6/site-packages/airflow/example_dags/tutorial_taskflow_api_etl.py for tasks to queue
[2024-06-26 00:07:52,931] {logging_mixin.py:104} INFO - [2024-06-26 00:07:52,929] {dagbag.py:451} INFO - Filling up the DagBag from /home/airflow/.local/lib/python3.6/site-packages/airflow/example_dags/tutorial_taskflow_api_etl.py
[2024-06-26 00:07:52,970] {scheduler_job.py:639} INFO - DAG(s) dict_keys(['tutorial_taskflow_api_etl']) retrieved from /home/airflow/.local/lib/python3.6/site-packages/airflow/example_dags/tutorial_taskflow_api_etl.py
[2024-06-26 00:07:53,169] {logging_mixin.py:104} INFO - [2024-06-26 00:07:53,168] {dag.py:1824} INFO - Sync 1 DAGs
[2024-06-26 00:07:53,211] {logging_mixin.py:104} INFO - [2024-06-26 00:07:53,210] {dag.py:2280} INFO - Setting next_dagrun for tutorial_taskflow_api_etl to None
[2024-06-26 00:07:53,257] {scheduler_job.py:190} INFO - Processing /home/airflow/.local/lib/python3.6/site-packages/airflow/example_dags/tutorial_taskflow_api_etl.py took 0.361 seconds
[2024-06-26 00:09:27,557] {scheduler_job.py:182} INFO - Started process (PID=1257) to work on /home/airflow/.local/lib/python3.6/site-packages/airflow/example_dags/tutorial_taskflow_api_etl.py
[2024-06-26 00:09:27,561] {scheduler_job.py:629} INFO - Processing file /home/airflow/.local/lib/python3.6/site-packages/airflow/example_dags/tutorial_taskflow_api_etl.py for tasks to queue
[2024-06-26 00:09:27,573] {logging_mixin.py:104} INFO - [2024-06-26 00:09:27,566] {dagbag.py:451} INFO - Filling up the DagBag from /home/airflow/.local/lib/python3.6/site-packages/airflow/example_dags/tutorial_taskflow_api_etl.py
[2024-06-26 00:09:27,691] {scheduler_job.py:639} INFO - DAG(s) dict_keys(['tutorial_taskflow_api_etl']) retrieved from /home/airflow/.local/lib/python3.6/site-packages/airflow/example_dags/tutorial_taskflow_api_etl.py
[2024-06-26 00:09:28,308] {logging_mixin.py:104} INFO - [2024-06-26 00:09:28,307] {dag.py:1824} INFO - Sync 1 DAGs
[2024-06-26 00:09:28,477] {logging_mixin.py:104} INFO - [2024-06-26 00:09:28,469] {dag.py:2280} INFO - Setting next_dagrun for tutorial_taskflow_api_etl to None
[2024-06-26 00:09:48,826] {scheduler_job.py:190} INFO - Processing /home/airflow/.local/lib/python3.6/site-packages/airflow/example_dags/tutorial_taskflow_api_etl.py took 21.282 seconds
[2024-06-26 00:10:20,164] {scheduler_job.py:182} INFO - Started process (PID=1284) to work on /home/airflow/.local/lib/python3.6/site-packages/airflow/example_dags/tutorial_taskflow_api_etl.py
[2024-06-26 00:10:20,174] {scheduler_job.py:629} INFO - Processing file /home/airflow/.local/lib/python3.6/site-packages/airflow/example_dags/tutorial_taskflow_api_etl.py for tasks to queue
[2024-06-26 00:10:20,252] {logging_mixin.py:104} INFO - [2024-06-26 00:10:20,252] {dagbag.py:451} INFO - Filling up the DagBag from /home/airflow/.local/lib/python3.6/site-packages/airflow/example_dags/tutorial_taskflow_api_etl.py
[2024-06-26 00:10:20,388] {scheduler_job.py:639} INFO - DAG(s) dict_keys(['tutorial_taskflow_api_etl']) retrieved from /home/airflow/.local/lib/python3.6/site-packages/airflow/example_dags/tutorial_taskflow_api_etl.py
[2024-06-26 00:10:20,552] {logging_mixin.py:104} INFO - [2024-06-26 00:10:20,549] {dag.py:1824} INFO - Sync 1 DAGs
[2024-06-26 00:10:20,685] {logging_mixin.py:104} INFO - [2024-06-26 00:10:20,683] {dag.py:2280} INFO - Setting next_dagrun for tutorial_taskflow_api_etl to None
[2024-06-26 00:10:20,781] {scheduler_job.py:190} INFO - Processing /home/airflow/.local/lib/python3.6/site-packages/airflow/example_dags/tutorial_taskflow_api_etl.py took 0.846 seconds
[2024-06-26 00:10:52,323] {scheduler_job.py:182} INFO - Started process (PID=1312) to work on /home/airflow/.local/lib/python3.6/site-packages/airflow/example_dags/tutorial_taskflow_api_etl.py
[2024-06-26 00:10:52,364] {scheduler_job.py:629} INFO - Processing file /home/airflow/.local/lib/python3.6/site-packages/airflow/example_dags/tutorial_taskflow_api_etl.py for tasks to queue
[2024-06-26 00:10:52,373] {logging_mixin.py:104} INFO - [2024-06-26 00:10:52,373] {dagbag.py:451} INFO - Filling up the DagBag from /home/airflow/.local/lib/python3.6/site-packages/airflow/example_dags/tutorial_taskflow_api_etl.py
[2024-06-26 00:10:52,694] {scheduler_job.py:639} INFO - DAG(s) dict_keys(['tutorial_taskflow_api_etl']) retrieved from /home/airflow/.local/lib/python3.6/site-packages/airflow/example_dags/tutorial_taskflow_api_etl.py
[2024-06-26 00:10:53,777] {logging_mixin.py:104} INFO - [2024-06-26 00:10:53,758] {dag.py:1824} INFO - Sync 1 DAGs
[2024-06-26 00:10:54,935] {logging_mixin.py:104} INFO - [2024-06-26 00:10:54,804] {dag.py:2280} INFO - Setting next_dagrun for tutorial_taskflow_api_etl to None
[2024-06-26 00:10:57,639] {scheduler_job.py:190} INFO - Processing /home/airflow/.local/lib/python3.6/site-packages/airflow/example_dags/tutorial_taskflow_api_etl.py took 5.497 seconds
[2024-06-26 00:13:19,438] {scheduler_job.py:182} INFO - Started process (PID=1337) to work on /home/airflow/.local/lib/python3.6/site-packages/airflow/example_dags/tutorial_taskflow_api_etl.py
[2024-06-26 00:13:19,441] {scheduler_job.py:629} INFO - Processing file /home/airflow/.local/lib/python3.6/site-packages/airflow/example_dags/tutorial_taskflow_api_etl.py for tasks to queue
[2024-06-26 00:13:19,444] {logging_mixin.py:104} INFO - [2024-06-26 00:13:19,443] {dagbag.py:451} INFO - Filling up the DagBag from /home/airflow/.local/lib/python3.6/site-packages/airflow/example_dags/tutorial_taskflow_api_etl.py
[2024-06-26 00:13:19,488] {scheduler_job.py:639} INFO - DAG(s) dict_keys(['tutorial_taskflow_api_etl']) retrieved from /home/airflow/.local/lib/python3.6/site-packages/airflow/example_dags/tutorial_taskflow_api_etl.py
[2024-06-26 00:13:19,633] {logging_mixin.py:104} INFO - [2024-06-26 00:13:19,632] {dag.py:1824} INFO - Sync 1 DAGs
[2024-06-26 00:13:19,674] {logging_mixin.py:104} INFO - [2024-06-26 00:13:19,673] {dag.py:2280} INFO - Setting next_dagrun for tutorial_taskflow_api_etl to None
[2024-06-26 00:13:19,715] {scheduler_job.py:190} INFO - Processing /home/airflow/.local/lib/python3.6/site-packages/airflow/example_dags/tutorial_taskflow_api_etl.py took 0.285 seconds
[2024-06-26 00:15:38,484] {scheduler_job.py:182} INFO - Started process (PID=1376) to work on /home/airflow/.local/lib/python3.6/site-packages/airflow/example_dags/tutorial_taskflow_api_etl.py
[2024-06-26 00:15:38,488] {scheduler_job.py:629} INFO - Processing file /home/airflow/.local/lib/python3.6/site-packages/airflow/example_dags/tutorial_taskflow_api_etl.py for tasks to queue
[2024-06-26 00:15:38,515] {logging_mixin.py:104} INFO - [2024-06-26 00:15:38,515] {dagbag.py:451} INFO - Filling up the DagBag from /home/airflow/.local/lib/python3.6/site-packages/airflow/example_dags/tutorial_taskflow_api_etl.py
[2024-06-26 00:15:38,595] {scheduler_job.py:639} INFO - DAG(s) dict_keys(['tutorial_taskflow_api_etl']) retrieved from /home/airflow/.local/lib/python3.6/site-packages/airflow/example_dags/tutorial_taskflow_api_etl.py
[2024-06-26 00:15:38,742] {logging_mixin.py:104} INFO - [2024-06-26 00:15:38,742] {dag.py:1824} INFO - Sync 1 DAGs
[2024-06-26 00:15:38,845] {logging_mixin.py:104} INFO - [2024-06-26 00:15:38,844] {dag.py:2280} INFO - Setting next_dagrun for tutorial_taskflow_api_etl to None
[2024-06-26 00:15:38,890] {scheduler_job.py:190} INFO - Processing /home/airflow/.local/lib/python3.6/site-packages/airflow/example_dags/tutorial_taskflow_api_etl.py took 0.421 seconds
[2024-06-26 00:17:53,411] {scheduler_job.py:182} INFO - Started process (PID=1403) to work on /home/airflow/.local/lib/python3.6/site-packages/airflow/example_dags/tutorial_taskflow_api_etl.py
[2024-06-26 00:17:53,420] {scheduler_job.py:629} INFO - Processing file /home/airflow/.local/lib/python3.6/site-packages/airflow/example_dags/tutorial_taskflow_api_etl.py for tasks to queue
[2024-06-26 00:17:53,426] {logging_mixin.py:104} INFO - [2024-06-26 00:17:53,426] {dagbag.py:451} INFO - Filling up the DagBag from /home/airflow/.local/lib/python3.6/site-packages/airflow/example_dags/tutorial_taskflow_api_etl.py
[2024-06-26 00:17:53,517] {scheduler_job.py:639} INFO - DAG(s) dict_keys(['tutorial_taskflow_api_etl']) retrieved from /home/airflow/.local/lib/python3.6/site-packages/airflow/example_dags/tutorial_taskflow_api_etl.py
[2024-06-26 00:17:53,678] {logging_mixin.py:104} INFO - [2024-06-26 00:17:53,678] {dag.py:1824} INFO - Sync 1 DAGs
[2024-06-26 00:17:53,743] {logging_mixin.py:104} INFO - [2024-06-26 00:17:53,743] {dag.py:2280} INFO - Setting next_dagrun for tutorial_taskflow_api_etl to None
[2024-06-26 00:17:54,314] {scheduler_job.py:190} INFO - Processing /home/airflow/.local/lib/python3.6/site-packages/airflow/example_dags/tutorial_taskflow_api_etl.py took 0.918 seconds
[2024-06-26 00:20:07,843] {scheduler_job.py:182} INFO - Started process (PID=1433) to work on /home/airflow/.local/lib/python3.6/site-packages/airflow/example_dags/tutorial_taskflow_api_etl.py
[2024-06-26 00:20:07,848] {scheduler_job.py:629} INFO - Processing file /home/airflow/.local/lib/python3.6/site-packages/airflow/example_dags/tutorial_taskflow_api_etl.py for tasks to queue
[2024-06-26 00:20:07,851] {logging_mixin.py:104} INFO - [2024-06-26 00:20:07,850] {dagbag.py:451} INFO - Filling up the DagBag from /home/airflow/.local/lib/python3.6/site-packages/airflow/example_dags/tutorial_taskflow_api_etl.py
[2024-06-26 00:20:08,016] {scheduler_job.py:639} INFO - DAG(s) dict_keys(['tutorial_taskflow_api_etl']) retrieved from /home/airflow/.local/lib/python3.6/site-packages/airflow/example_dags/tutorial_taskflow_api_etl.py
[2024-06-26 00:20:08,165] {logging_mixin.py:104} INFO - [2024-06-26 00:20:08,163] {dag.py:1824} INFO - Sync 1 DAGs
[2024-06-26 00:20:08,213] {logging_mixin.py:104} INFO - [2024-06-26 00:20:08,212] {dag.py:2280} INFO - Setting next_dagrun for tutorial_taskflow_api_etl to None
[2024-06-26 00:20:08,330] {scheduler_job.py:190} INFO - Processing /home/airflow/.local/lib/python3.6/site-packages/airflow/example_dags/tutorial_taskflow_api_etl.py took 0.530 seconds
[2024-06-26 00:22:12,806] {scheduler_job.py:182} INFO - Started process (PID=1459) to work on /home/airflow/.local/lib/python3.6/site-packages/airflow/example_dags/tutorial_taskflow_api_etl.py
[2024-06-26 00:22:12,812] {scheduler_job.py:629} INFO - Processing file /home/airflow/.local/lib/python3.6/site-packages/airflow/example_dags/tutorial_taskflow_api_etl.py for tasks to queue
[2024-06-26 00:22:12,825] {logging_mixin.py:104} INFO - [2024-06-26 00:22:12,825] {dagbag.py:451} INFO - Filling up the DagBag from /home/airflow/.local/lib/python3.6/site-packages/airflow/example_dags/tutorial_taskflow_api_etl.py
[2024-06-26 00:22:12,871] {scheduler_job.py:639} INFO - DAG(s) dict_keys(['tutorial_taskflow_api_etl']) retrieved from /home/airflow/.local/lib/python3.6/site-packages/airflow/example_dags/tutorial_taskflow_api_etl.py
[2024-06-26 00:22:12,973] {logging_mixin.py:104} INFO - [2024-06-26 00:22:12,973] {dag.py:1824} INFO - Sync 1 DAGs
[2024-06-26 00:22:13,012] {logging_mixin.py:104} INFO - [2024-06-26 00:22:13,012] {dag.py:2280} INFO - Setting next_dagrun for tutorial_taskflow_api_etl to None
[2024-06-26 00:22:13,081] {scheduler_job.py:190} INFO - Processing /home/airflow/.local/lib/python3.6/site-packages/airflow/example_dags/tutorial_taskflow_api_etl.py took 0.289 seconds
[2024-06-26 00:22:55,845] {scheduler_job.py:182} INFO - Started process (PID=1486) to work on /home/airflow/.local/lib/python3.6/site-packages/airflow/example_dags/tutorial_taskflow_api_etl.py
[2024-06-26 00:22:55,849] {scheduler_job.py:629} INFO - Processing file /home/airflow/.local/lib/python3.6/site-packages/airflow/example_dags/tutorial_taskflow_api_etl.py for tasks to queue
[2024-06-26 00:22:55,850] {logging_mixin.py:104} INFO - [2024-06-26 00:22:55,850] {dagbag.py:451} INFO - Filling up the DagBag from /home/airflow/.local/lib/python3.6/site-packages/airflow/example_dags/tutorial_taskflow_api_etl.py
[2024-06-26 00:22:55,895] {scheduler_job.py:639} INFO - DAG(s) dict_keys(['tutorial_taskflow_api_etl']) retrieved from /home/airflow/.local/lib/python3.6/site-packages/airflow/example_dags/tutorial_taskflow_api_etl.py
[2024-06-26 00:22:55,963] {logging_mixin.py:104} INFO - [2024-06-26 00:22:55,963] {dag.py:1824} INFO - Sync 1 DAGs
[2024-06-26 00:22:56,002] {logging_mixin.py:104} INFO - [2024-06-26 00:22:56,002] {dag.py:2280} INFO - Setting next_dagrun for tutorial_taskflow_api_etl to None
[2024-06-26 00:22:56,099] {scheduler_job.py:190} INFO - Processing /home/airflow/.local/lib/python3.6/site-packages/airflow/example_dags/tutorial_taskflow_api_etl.py took 0.251 seconds
[2024-06-26 00:23:27,256] {scheduler_job.py:182} INFO - Started process (PID=1511) to work on /home/airflow/.local/lib/python3.6/site-packages/airflow/example_dags/tutorial_taskflow_api_etl.py
[2024-06-26 00:23:27,261] {scheduler_job.py:629} INFO - Processing file /home/airflow/.local/lib/python3.6/site-packages/airflow/example_dags/tutorial_taskflow_api_etl.py for tasks to queue
[2024-06-26 00:23:27,266] {logging_mixin.py:104} INFO - [2024-06-26 00:23:27,264] {dagbag.py:451} INFO - Filling up the DagBag from /home/airflow/.local/lib/python3.6/site-packages/airflow/example_dags/tutorial_taskflow_api_etl.py
[2024-06-26 00:23:27,297] {scheduler_job.py:639} INFO - DAG(s) dict_keys(['tutorial_taskflow_api_etl']) retrieved from /home/airflow/.local/lib/python3.6/site-packages/airflow/example_dags/tutorial_taskflow_api_etl.py
[2024-06-26 00:23:27,871] {logging_mixin.py:104} INFO - [2024-06-26 00:23:27,870] {dag.py:1824} INFO - Sync 1 DAGs
[2024-06-26 00:23:27,976] {logging_mixin.py:104} INFO - [2024-06-26 00:23:27,976] {dag.py:2280} INFO - Setting next_dagrun for tutorial_taskflow_api_etl to None
[2024-06-26 00:23:28,227] {scheduler_job.py:190} INFO - Processing /home/airflow/.local/lib/python3.6/site-packages/airflow/example_dags/tutorial_taskflow_api_etl.py took 0.980 seconds
[2024-06-26 00:25:07,491] {scheduler_job.py:182} INFO - Started process (PID=1557) to work on /home/airflow/.local/lib/python3.6/site-packages/airflow/example_dags/tutorial_taskflow_api_etl.py
[2024-06-26 00:25:07,495] {scheduler_job.py:629} INFO - Processing file /home/airflow/.local/lib/python3.6/site-packages/airflow/example_dags/tutorial_taskflow_api_etl.py for tasks to queue
[2024-06-26 00:25:07,497] {logging_mixin.py:104} INFO - [2024-06-26 00:25:07,497] {dagbag.py:451} INFO - Filling up the DagBag from /home/airflow/.local/lib/python3.6/site-packages/airflow/example_dags/tutorial_taskflow_api_etl.py
[2024-06-26 00:25:07,549] {scheduler_job.py:639} INFO - DAG(s) dict_keys(['tutorial_taskflow_api_etl']) retrieved from /home/airflow/.local/lib/python3.6/site-packages/airflow/example_dags/tutorial_taskflow_api_etl.py
[2024-06-26 00:25:07,722] {logging_mixin.py:104} INFO - [2024-06-26 00:25:07,720] {dag.py:1824} INFO - Sync 1 DAGs
[2024-06-26 00:25:07,800] {logging_mixin.py:104} INFO - [2024-06-26 00:25:07,799] {dag.py:2280} INFO - Setting next_dagrun for tutorial_taskflow_api_etl to None
[2024-06-26 00:25:07,855] {scheduler_job.py:190} INFO - Processing /home/airflow/.local/lib/python3.6/site-packages/airflow/example_dags/tutorial_taskflow_api_etl.py took 0.374 seconds
[2024-06-26 00:25:38,435] {scheduler_job.py:182} INFO - Started process (PID=1584) to work on /home/airflow/.local/lib/python3.6/site-packages/airflow/example_dags/tutorial_taskflow_api_etl.py
[2024-06-26 00:25:38,441] {scheduler_job.py:629} INFO - Processing file /home/airflow/.local/lib/python3.6/site-packages/airflow/example_dags/tutorial_taskflow_api_etl.py for tasks to queue
[2024-06-26 00:25:38,443] {logging_mixin.py:104} INFO - [2024-06-26 00:25:38,443] {dagbag.py:451} INFO - Filling up the DagBag from /home/airflow/.local/lib/python3.6/site-packages/airflow/example_dags/tutorial_taskflow_api_etl.py
[2024-06-26 00:25:38,463] {scheduler_job.py:639} INFO - DAG(s) dict_keys(['tutorial_taskflow_api_etl']) retrieved from /home/airflow/.local/lib/python3.6/site-packages/airflow/example_dags/tutorial_taskflow_api_etl.py
[2024-06-26 00:25:38,534] {logging_mixin.py:104} INFO - [2024-06-26 00:25:38,533] {dag.py:1824} INFO - Sync 1 DAGs
[2024-06-26 00:25:38,574] {logging_mixin.py:104} INFO - [2024-06-26 00:25:38,573] {dag.py:2280} INFO - Setting next_dagrun for tutorial_taskflow_api_etl to None
[2024-06-26 00:25:38,617] {scheduler_job.py:190} INFO - Processing /home/airflow/.local/lib/python3.6/site-packages/airflow/example_dags/tutorial_taskflow_api_etl.py took 0.194 seconds
[2024-06-26 00:26:52,743] {scheduler_job.py:182} INFO - Started process (PID=1620) to work on /home/airflow/.local/lib/python3.6/site-packages/airflow/example_dags/tutorial_taskflow_api_etl.py
[2024-06-26 00:26:52,746] {scheduler_job.py:629} INFO - Processing file /home/airflow/.local/lib/python3.6/site-packages/airflow/example_dags/tutorial_taskflow_api_etl.py for tasks to queue
[2024-06-26 00:26:52,750] {logging_mixin.py:104} INFO - [2024-06-26 00:26:52,750] {dagbag.py:451} INFO - Filling up the DagBag from /home/airflow/.local/lib/python3.6/site-packages/airflow/example_dags/tutorial_taskflow_api_etl.py
[2024-06-26 00:26:52,782] {scheduler_job.py:639} INFO - DAG(s) dict_keys(['tutorial_taskflow_api_etl']) retrieved from /home/airflow/.local/lib/python3.6/site-packages/airflow/example_dags/tutorial_taskflow_api_etl.py
[2024-06-26 00:26:52,860] {logging_mixin.py:104} INFO - [2024-06-26 00:26:52,860] {dag.py:1824} INFO - Sync 1 DAGs
[2024-06-26 00:26:52,898] {logging_mixin.py:104} INFO - [2024-06-26 00:26:52,897] {dag.py:2280} INFO - Setting next_dagrun for tutorial_taskflow_api_etl to None
[2024-06-26 00:26:52,928] {scheduler_job.py:190} INFO - Processing /home/airflow/.local/lib/python3.6/site-packages/airflow/example_dags/tutorial_taskflow_api_etl.py took 0.193 seconds
[2024-06-26 00:27:49,341] {scheduler_job.py:182} INFO - Started process (PID=1648) to work on /home/airflow/.local/lib/python3.6/site-packages/airflow/example_dags/tutorial_taskflow_api_etl.py
[2024-06-26 00:27:49,352] {scheduler_job.py:629} INFO - Processing file /home/airflow/.local/lib/python3.6/site-packages/airflow/example_dags/tutorial_taskflow_api_etl.py for tasks to queue
[2024-06-26 00:27:49,356] {logging_mixin.py:104} INFO - [2024-06-26 00:27:49,356] {dagbag.py:451} INFO - Filling up the DagBag from /home/airflow/.local/lib/python3.6/site-packages/airflow/example_dags/tutorial_taskflow_api_etl.py
[2024-06-26 00:27:49,456] {scheduler_job.py:639} INFO - DAG(s) dict_keys(['tutorial_taskflow_api_etl']) retrieved from /home/airflow/.local/lib/python3.6/site-packages/airflow/example_dags/tutorial_taskflow_api_etl.py
[2024-06-26 00:27:50,158] {logging_mixin.py:104} INFO - [2024-06-26 00:27:50,151] {dag.py:1824} INFO - Sync 1 DAGs
[2024-06-26 00:27:50,486] {logging_mixin.py:104} INFO - [2024-06-26 00:27:50,482] {dag.py:2280} INFO - Setting next_dagrun for tutorial_taskflow_api_etl to None
[2024-06-26 00:27:50,718] {scheduler_job.py:190} INFO - Processing /home/airflow/.local/lib/python3.6/site-packages/airflow/example_dags/tutorial_taskflow_api_etl.py took 1.387 seconds
[2024-06-26 00:29:20,529] {scheduler_job.py:182} INFO - Started process (PID=1679) to work on /home/airflow/.local/lib/python3.6/site-packages/airflow/example_dags/tutorial_taskflow_api_etl.py
[2024-06-26 00:29:20,538] {scheduler_job.py:629} INFO - Processing file /home/airflow/.local/lib/python3.6/site-packages/airflow/example_dags/tutorial_taskflow_api_etl.py for tasks to queue
[2024-06-26 00:29:20,542] {logging_mixin.py:104} INFO - [2024-06-26 00:29:20,541] {dagbag.py:451} INFO - Filling up the DagBag from /home/airflow/.local/lib/python3.6/site-packages/airflow/example_dags/tutorial_taskflow_api_etl.py
[2024-06-26 00:29:20,854] {scheduler_job.py:639} INFO - DAG(s) dict_keys(['tutorial_taskflow_api_etl']) retrieved from /home/airflow/.local/lib/python3.6/site-packages/airflow/example_dags/tutorial_taskflow_api_etl.py
[2024-06-26 00:29:21,669] {logging_mixin.py:104} INFO - [2024-06-26 00:29:21,669] {dag.py:1824} INFO - Sync 1 DAGs
[2024-06-26 00:29:21,862] {logging_mixin.py:104} INFO - [2024-06-26 00:29:21,862] {dag.py:2280} INFO - Setting next_dagrun for tutorial_taskflow_api_etl to None
[2024-06-26 00:29:22,126] {scheduler_job.py:190} INFO - Processing /home/airflow/.local/lib/python3.6/site-packages/airflow/example_dags/tutorial_taskflow_api_etl.py took 1.613 seconds
[2024-06-26 00:30:13,905] {scheduler_job.py:182} INFO - Started process (PID=1708) to work on /home/airflow/.local/lib/python3.6/site-packages/airflow/example_dags/tutorial_taskflow_api_etl.py
[2024-06-26 00:30:14,105] {scheduler_job.py:629} INFO - Processing file /home/airflow/.local/lib/python3.6/site-packages/airflow/example_dags/tutorial_taskflow_api_etl.py for tasks to queue
[2024-06-26 00:30:14,184] {logging_mixin.py:104} INFO - [2024-06-26 00:30:14,183] {dagbag.py:451} INFO - Filling up the DagBag from /home/airflow/.local/lib/python3.6/site-packages/airflow/example_dags/tutorial_taskflow_api_etl.py
[2024-06-26 00:30:15,427] {scheduler_job.py:639} INFO - DAG(s) dict_keys(['tutorial_taskflow_api_etl']) retrieved from /home/airflow/.local/lib/python3.6/site-packages/airflow/example_dags/tutorial_taskflow_api_etl.py
[2024-06-26 00:30:15,918] {logging_mixin.py:104} INFO - [2024-06-26 00:30:15,918] {dag.py:1824} INFO - Sync 1 DAGs
[2024-06-26 00:30:16,134] {logging_mixin.py:104} INFO - [2024-06-26 00:30:16,134] {dag.py:2280} INFO - Setting next_dagrun for tutorial_taskflow_api_etl to None
[2024-06-26 00:30:16,246] {scheduler_job.py:190} INFO - Processing /home/airflow/.local/lib/python3.6/site-packages/airflow/example_dags/tutorial_taskflow_api_etl.py took 2.369 seconds
[2024-06-26 00:31:14,127] {scheduler_job.py:182} INFO - Started process (PID=1739) to work on /home/airflow/.local/lib/python3.6/site-packages/airflow/example_dags/tutorial_taskflow_api_etl.py
[2024-06-26 00:31:14,132] {scheduler_job.py:629} INFO - Processing file /home/airflow/.local/lib/python3.6/site-packages/airflow/example_dags/tutorial_taskflow_api_etl.py for tasks to queue
[2024-06-26 00:31:14,137] {logging_mixin.py:104} INFO - [2024-06-26 00:31:14,137] {dagbag.py:451} INFO - Filling up the DagBag from /home/airflow/.local/lib/python3.6/site-packages/airflow/example_dags/tutorial_taskflow_api_etl.py
[2024-06-26 00:31:14,190] {scheduler_job.py:639} INFO - DAG(s) dict_keys(['tutorial_taskflow_api_etl']) retrieved from /home/airflow/.local/lib/python3.6/site-packages/airflow/example_dags/tutorial_taskflow_api_etl.py
[2024-06-26 00:31:14,364] {logging_mixin.py:104} INFO - [2024-06-26 00:31:14,363] {dag.py:1824} INFO - Sync 1 DAGs
[2024-06-26 00:31:14,439] {logging_mixin.py:104} INFO - [2024-06-26 00:31:14,439] {dag.py:2280} INFO - Setting next_dagrun for tutorial_taskflow_api_etl to None
[2024-06-26 00:31:14,553] {scheduler_job.py:190} INFO - Processing /home/airflow/.local/lib/python3.6/site-packages/airflow/example_dags/tutorial_taskflow_api_etl.py took 0.475 seconds
[2024-06-26 00:32:05,905] {scheduler_job.py:182} INFO - Started process (PID=1767) to work on /home/airflow/.local/lib/python3.6/site-packages/airflow/example_dags/tutorial_taskflow_api_etl.py
[2024-06-26 00:32:05,916] {scheduler_job.py:629} INFO - Processing file /home/airflow/.local/lib/python3.6/site-packages/airflow/example_dags/tutorial_taskflow_api_etl.py for tasks to queue
[2024-06-26 00:32:05,924] {logging_mixin.py:104} INFO - [2024-06-26 00:32:05,924] {dagbag.py:451} INFO - Filling up the DagBag from /home/airflow/.local/lib/python3.6/site-packages/airflow/example_dags/tutorial_taskflow_api_etl.py
[2024-06-26 00:32:05,965] {scheduler_job.py:639} INFO - DAG(s) dict_keys(['tutorial_taskflow_api_etl']) retrieved from /home/airflow/.local/lib/python3.6/site-packages/airflow/example_dags/tutorial_taskflow_api_etl.py
[2024-06-26 00:32:06,043] {logging_mixin.py:104} INFO - [2024-06-26 00:32:06,043] {dag.py:1824} INFO - Sync 1 DAGs
[2024-06-26 00:32:06,068] {logging_mixin.py:104} INFO - [2024-06-26 00:32:06,068] {dag.py:2280} INFO - Setting next_dagrun for tutorial_taskflow_api_etl to None
[2024-06-26 00:32:06,102] {scheduler_job.py:190} INFO - Processing /home/airflow/.local/lib/python3.6/site-packages/airflow/example_dags/tutorial_taskflow_api_etl.py took 0.213 seconds
[2024-06-26 00:34:03,801] {scheduler_job.py:182} INFO - Started process (PID=1786) to work on /home/airflow/.local/lib/python3.6/site-packages/airflow/example_dags/tutorial_taskflow_api_etl.py
[2024-06-26 00:34:03,809] {scheduler_job.py:629} INFO - Processing file /home/airflow/.local/lib/python3.6/site-packages/airflow/example_dags/tutorial_taskflow_api_etl.py for tasks to queue
[2024-06-26 00:34:03,814] {logging_mixin.py:104} INFO - [2024-06-26 00:34:03,814] {dagbag.py:451} INFO - Filling up the DagBag from /home/airflow/.local/lib/python3.6/site-packages/airflow/example_dags/tutorial_taskflow_api_etl.py
[2024-06-26 00:34:03,869] {scheduler_job.py:639} INFO - DAG(s) dict_keys(['tutorial_taskflow_api_etl']) retrieved from /home/airflow/.local/lib/python3.6/site-packages/airflow/example_dags/tutorial_taskflow_api_etl.py
[2024-06-26 00:34:03,962] {logging_mixin.py:104} INFO - [2024-06-26 00:34:03,961] {dag.py:1824} INFO - Sync 1 DAGs
[2024-06-26 00:34:03,994] {logging_mixin.py:104} INFO - [2024-06-26 00:34:03,994] {dag.py:2280} INFO - Setting next_dagrun for tutorial_taskflow_api_etl to None
[2024-06-26 00:34:04,055] {scheduler_job.py:190} INFO - Processing /home/airflow/.local/lib/python3.6/site-packages/airflow/example_dags/tutorial_taskflow_api_etl.py took 0.295 seconds
[2024-06-26 00:35:06,015] {scheduler_job.py:182} INFO - Started process (PID=1821) to work on /home/airflow/.local/lib/python3.6/site-packages/airflow/example_dags/tutorial_taskflow_api_etl.py
[2024-06-26 00:35:06,033] {scheduler_job.py:629} INFO - Processing file /home/airflow/.local/lib/python3.6/site-packages/airflow/example_dags/tutorial_taskflow_api_etl.py for tasks to queue
[2024-06-26 00:35:06,075] {logging_mixin.py:104} INFO - [2024-06-26 00:35:06,075] {dagbag.py:451} INFO - Filling up the DagBag from /home/airflow/.local/lib/python3.6/site-packages/airflow/example_dags/tutorial_taskflow_api_etl.py
[2024-06-26 00:35:06,365] {scheduler_job.py:639} INFO - DAG(s) dict_keys(['tutorial_taskflow_api_etl']) retrieved from /home/airflow/.local/lib/python3.6/site-packages/airflow/example_dags/tutorial_taskflow_api_etl.py
[2024-06-26 00:35:06,577] {logging_mixin.py:104} INFO - [2024-06-26 00:35:06,576] {dag.py:1824} INFO - Sync 1 DAGs
[2024-06-26 00:35:06,927] {logging_mixin.py:104} INFO - [2024-06-26 00:35:06,927] {dag.py:2280} INFO - Setting next_dagrun for tutorial_taskflow_api_etl to None
[2024-06-26 00:35:07,204] {scheduler_job.py:190} INFO - Processing /home/airflow/.local/lib/python3.6/site-packages/airflow/example_dags/tutorial_taskflow_api_etl.py took 1.272 seconds
[2024-06-26 00:35:37,963] {scheduler_job.py:182} INFO - Started process (PID=1847) to work on /home/airflow/.local/lib/python3.6/site-packages/airflow/example_dags/tutorial_taskflow_api_etl.py
[2024-06-26 00:35:37,971] {scheduler_job.py:629} INFO - Processing file /home/airflow/.local/lib/python3.6/site-packages/airflow/example_dags/tutorial_taskflow_api_etl.py for tasks to queue
[2024-06-26 00:35:37,975] {logging_mixin.py:104} INFO - [2024-06-26 00:35:37,974] {dagbag.py:451} INFO - Filling up the DagBag from /home/airflow/.local/lib/python3.6/site-packages/airflow/example_dags/tutorial_taskflow_api_etl.py
[2024-06-26 00:35:38,603] {scheduler_job.py:639} INFO - DAG(s) dict_keys(['tutorial_taskflow_api_etl']) retrieved from /home/airflow/.local/lib/python3.6/site-packages/airflow/example_dags/tutorial_taskflow_api_etl.py
[2024-06-26 00:35:40,101] {logging_mixin.py:104} INFO - [2024-06-26 00:35:40,096] {dag.py:1824} INFO - Sync 1 DAGs
[2024-06-26 00:35:40,464] {logging_mixin.py:104} INFO - [2024-06-26 00:35:40,464] {dag.py:2280} INFO - Setting next_dagrun for tutorial_taskflow_api_etl to None
[2024-06-26 00:35:40,668] {scheduler_job.py:190} INFO - Processing /home/airflow/.local/lib/python3.6/site-packages/airflow/example_dags/tutorial_taskflow_api_etl.py took 2.746 seconds
[2024-06-26 00:36:30,289] {scheduler_job.py:182} INFO - Started process (PID=1877) to work on /home/airflow/.local/lib/python3.6/site-packages/airflow/example_dags/tutorial_taskflow_api_etl.py
[2024-06-26 00:36:30,296] {scheduler_job.py:629} INFO - Processing file /home/airflow/.local/lib/python3.6/site-packages/airflow/example_dags/tutorial_taskflow_api_etl.py for tasks to queue
[2024-06-26 00:36:30,329] {logging_mixin.py:104} INFO - [2024-06-26 00:36:30,317] {dagbag.py:451} INFO - Filling up the DagBag from /home/airflow/.local/lib/python3.6/site-packages/airflow/example_dags/tutorial_taskflow_api_etl.py
[2024-06-26 00:36:30,465] {scheduler_job.py:639} INFO - DAG(s) dict_keys(['tutorial_taskflow_api_etl']) retrieved from /home/airflow/.local/lib/python3.6/site-packages/airflow/example_dags/tutorial_taskflow_api_etl.py
[2024-06-26 00:36:30,749] {logging_mixin.py:104} INFO - [2024-06-26 00:36:30,745] {dag.py:1824} INFO - Sync 1 DAGs
[2024-06-26 00:36:30,828] {logging_mixin.py:104} INFO - [2024-06-26 00:36:30,828] {dag.py:2280} INFO - Setting next_dagrun for tutorial_taskflow_api_etl to None
[2024-06-26 00:36:30,909] {scheduler_job.py:190} INFO - Processing /home/airflow/.local/lib/python3.6/site-packages/airflow/example_dags/tutorial_taskflow_api_etl.py took 0.637 seconds
[2024-06-26 00:37:01,849] {scheduler_job.py:182} INFO - Started process (PID=1905) to work on /home/airflow/.local/lib/python3.6/site-packages/airflow/example_dags/tutorial_taskflow_api_etl.py
[2024-06-26 00:37:01,862] {scheduler_job.py:629} INFO - Processing file /home/airflow/.local/lib/python3.6/site-packages/airflow/example_dags/tutorial_taskflow_api_etl.py for tasks to queue
[2024-06-26 00:37:01,872] {logging_mixin.py:104} INFO - [2024-06-26 00:37:01,871] {dagbag.py:451} INFO - Filling up the DagBag from /home/airflow/.local/lib/python3.6/site-packages/airflow/example_dags/tutorial_taskflow_api_etl.py
[2024-06-26 00:37:01,951] {scheduler_job.py:639} INFO - DAG(s) dict_keys(['tutorial_taskflow_api_etl']) retrieved from /home/airflow/.local/lib/python3.6/site-packages/airflow/example_dags/tutorial_taskflow_api_etl.py
[2024-06-26 00:37:02,033] {logging_mixin.py:104} INFO - [2024-06-26 00:37:02,033] {dag.py:1824} INFO - Sync 1 DAGs
[2024-06-26 00:37:02,065] {logging_mixin.py:104} INFO - [2024-06-26 00:37:02,065] {dag.py:2280} INFO - Setting next_dagrun for tutorial_taskflow_api_etl to None
[2024-06-26 00:37:02,095] {scheduler_job.py:190} INFO - Processing /home/airflow/.local/lib/python3.6/site-packages/airflow/example_dags/tutorial_taskflow_api_etl.py took 0.265 seconds
[2024-06-26 00:37:58,286] {scheduler_job.py:182} INFO - Started process (PID=1927) to work on /home/airflow/.local/lib/python3.6/site-packages/airflow/example_dags/tutorial_taskflow_api_etl.py
[2024-06-26 00:37:58,290] {scheduler_job.py:629} INFO - Processing file /home/airflow/.local/lib/python3.6/site-packages/airflow/example_dags/tutorial_taskflow_api_etl.py for tasks to queue
[2024-06-26 00:37:58,293] {logging_mixin.py:104} INFO - [2024-06-26 00:37:58,292] {dagbag.py:451} INFO - Filling up the DagBag from /home/airflow/.local/lib/python3.6/site-packages/airflow/example_dags/tutorial_taskflow_api_etl.py
[2024-06-26 00:37:58,356] {scheduler_job.py:639} INFO - DAG(s) dict_keys(['tutorial_taskflow_api_etl']) retrieved from /home/airflow/.local/lib/python3.6/site-packages/airflow/example_dags/tutorial_taskflow_api_etl.py
[2024-06-26 00:37:58,576] {logging_mixin.py:104} INFO - [2024-06-26 00:37:58,576] {dag.py:1824} INFO - Sync 1 DAGs
[2024-06-26 00:37:58,618] {logging_mixin.py:104} INFO - [2024-06-26 00:37:58,617] {dag.py:2280} INFO - Setting next_dagrun for tutorial_taskflow_api_etl to None
[2024-06-26 00:37:58,697] {scheduler_job.py:190} INFO - Processing /home/airflow/.local/lib/python3.6/site-packages/airflow/example_dags/tutorial_taskflow_api_etl.py took 0.422 seconds
[2024-06-26 00:38:58,873] {scheduler_job.py:182} INFO - Started process (PID=1961) to work on /home/airflow/.local/lib/python3.6/site-packages/airflow/example_dags/tutorial_taskflow_api_etl.py
[2024-06-26 00:38:58,882] {scheduler_job.py:629} INFO - Processing file /home/airflow/.local/lib/python3.6/site-packages/airflow/example_dags/tutorial_taskflow_api_etl.py for tasks to queue
[2024-06-26 00:38:58,885] {logging_mixin.py:104} INFO - [2024-06-26 00:38:58,884] {dagbag.py:451} INFO - Filling up the DagBag from /home/airflow/.local/lib/python3.6/site-packages/airflow/example_dags/tutorial_taskflow_api_etl.py
[2024-06-26 00:38:58,987] {scheduler_job.py:639} INFO - DAG(s) dict_keys(['tutorial_taskflow_api_etl']) retrieved from /home/airflow/.local/lib/python3.6/site-packages/airflow/example_dags/tutorial_taskflow_api_etl.py
[2024-06-26 00:38:59,251] {logging_mixin.py:104} INFO - [2024-06-26 00:38:59,251] {dag.py:1824} INFO - Sync 1 DAGs
[2024-06-26 00:38:59,405] {logging_mixin.py:104} INFO - [2024-06-26 00:38:59,404] {dag.py:2280} INFO - Setting next_dagrun for tutorial_taskflow_api_etl to None
[2024-06-26 00:38:59,529] {scheduler_job.py:190} INFO - Processing /home/airflow/.local/lib/python3.6/site-packages/airflow/example_dags/tutorial_taskflow_api_etl.py took 0.682 seconds
[2024-06-26 00:41:01,910] {scheduler_job.py:182} INFO - Started process (PID=1994) to work on /home/airflow/.local/lib/python3.6/site-packages/airflow/example_dags/tutorial_taskflow_api_etl.py
[2024-06-26 00:41:01,934] {scheduler_job.py:629} INFO - Processing file /home/airflow/.local/lib/python3.6/site-packages/airflow/example_dags/tutorial_taskflow_api_etl.py for tasks to queue
[2024-06-26 00:41:01,936] {logging_mixin.py:104} INFO - [2024-06-26 00:41:01,936] {dagbag.py:451} INFO - Filling up the DagBag from /home/airflow/.local/lib/python3.6/site-packages/airflow/example_dags/tutorial_taskflow_api_etl.py
[2024-06-26 00:41:02,011] {scheduler_job.py:639} INFO - DAG(s) dict_keys(['tutorial_taskflow_api_etl']) retrieved from /home/airflow/.local/lib/python3.6/site-packages/airflow/example_dags/tutorial_taskflow_api_etl.py
[2024-06-26 00:41:02,199] {logging_mixin.py:104} INFO - [2024-06-26 00:41:02,199] {dag.py:1824} INFO - Sync 1 DAGs
[2024-06-26 00:41:02,241] {logging_mixin.py:104} INFO - [2024-06-26 00:41:02,240] {dag.py:2280} INFO - Setting next_dagrun for tutorial_taskflow_api_etl to None
[2024-06-26 00:41:02,301] {scheduler_job.py:190} INFO - Processing /home/airflow/.local/lib/python3.6/site-packages/airflow/example_dags/tutorial_taskflow_api_etl.py took 0.444 seconds
[2024-06-26 00:43:06,291] {scheduler_job.py:182} INFO - Started process (PID=2025) to work on /home/airflow/.local/lib/python3.6/site-packages/airflow/example_dags/tutorial_taskflow_api_etl.py
[2024-06-26 00:43:06,338] {scheduler_job.py:629} INFO - Processing file /home/airflow/.local/lib/python3.6/site-packages/airflow/example_dags/tutorial_taskflow_api_etl.py for tasks to queue
[2024-06-26 00:43:06,887] {logging_mixin.py:104} INFO - [2024-06-26 00:43:06,886] {dagbag.py:451} INFO - Filling up the DagBag from /home/airflow/.local/lib/python3.6/site-packages/airflow/example_dags/tutorial_taskflow_api_etl.py
[2024-06-26 00:43:06,946] {scheduler_job.py:639} INFO - DAG(s) dict_keys(['tutorial_taskflow_api_etl']) retrieved from /home/airflow/.local/lib/python3.6/site-packages/airflow/example_dags/tutorial_taskflow_api_etl.py
[2024-06-26 00:43:07,407] {logging_mixin.py:104} INFO - [2024-06-26 00:43:07,401] {dag.py:1824} INFO - Sync 1 DAGs
[2024-06-26 00:43:07,505] {logging_mixin.py:104} INFO - [2024-06-26 00:43:07,505] {dag.py:2280} INFO - Setting next_dagrun for tutorial_taskflow_api_etl to None
[2024-06-26 00:43:07,715] {scheduler_job.py:190} INFO - Processing /home/airflow/.local/lib/python3.6/site-packages/airflow/example_dags/tutorial_taskflow_api_etl.py took 1.552 seconds
[2024-06-26 00:45:22,879] {scheduler_job.py:182} INFO - Started process (PID=2063) to work on /home/airflow/.local/lib/python3.6/site-packages/airflow/example_dags/tutorial_taskflow_api_etl.py
[2024-06-26 00:45:22,902] {scheduler_job.py:629} INFO - Processing file /home/airflow/.local/lib/python3.6/site-packages/airflow/example_dags/tutorial_taskflow_api_etl.py for tasks to queue
[2024-06-26 00:45:22,924] {logging_mixin.py:104} INFO - [2024-06-26 00:45:22,924] {dagbag.py:451} INFO - Filling up the DagBag from /home/airflow/.local/lib/python3.6/site-packages/airflow/example_dags/tutorial_taskflow_api_etl.py
[2024-06-26 00:45:23,044] {scheduler_job.py:639} INFO - DAG(s) dict_keys(['tutorial_taskflow_api_etl']) retrieved from /home/airflow/.local/lib/python3.6/site-packages/airflow/example_dags/tutorial_taskflow_api_etl.py
[2024-06-26 00:45:23,166] {logging_mixin.py:104} INFO - [2024-06-26 00:45:23,166] {dag.py:1824} INFO - Sync 1 DAGs
[2024-06-26 00:45:23,242] {logging_mixin.py:104} INFO - [2024-06-26 00:45:23,242] {dag.py:2280} INFO - Setting next_dagrun for tutorial_taskflow_api_etl to None
[2024-06-26 00:45:23,336] {scheduler_job.py:190} INFO - Processing /home/airflow/.local/lib/python3.6/site-packages/airflow/example_dags/tutorial_taskflow_api_etl.py took 0.470 seconds
[2024-06-26 00:47:25,180] {scheduler_job.py:182} INFO - Started process (PID=2097) to work on /home/airflow/.local/lib/python3.6/site-packages/airflow/example_dags/tutorial_taskflow_api_etl.py
[2024-06-26 00:47:25,187] {scheduler_job.py:629} INFO - Processing file /home/airflow/.local/lib/python3.6/site-packages/airflow/example_dags/tutorial_taskflow_api_etl.py for tasks to queue
[2024-06-26 00:47:25,192] {logging_mixin.py:104} INFO - [2024-06-26 00:47:25,192] {dagbag.py:451} INFO - Filling up the DagBag from /home/airflow/.local/lib/python3.6/site-packages/airflow/example_dags/tutorial_taskflow_api_etl.py
[2024-06-26 00:47:25,261] {scheduler_job.py:639} INFO - DAG(s) dict_keys(['tutorial_taskflow_api_etl']) retrieved from /home/airflow/.local/lib/python3.6/site-packages/airflow/example_dags/tutorial_taskflow_api_etl.py
[2024-06-26 00:47:25,386] {logging_mixin.py:104} INFO - [2024-06-26 00:47:25,386] {dag.py:1824} INFO - Sync 1 DAGs
[2024-06-26 00:47:25,453] {logging_mixin.py:104} INFO - [2024-06-26 00:47:25,453] {dag.py:2280} INFO - Setting next_dagrun for tutorial_taskflow_api_etl to None
[2024-06-26 00:47:25,565] {scheduler_job.py:190} INFO - Processing /home/airflow/.local/lib/python3.6/site-packages/airflow/example_dags/tutorial_taskflow_api_etl.py took 0.416 seconds
[2024-06-26 00:48:01,845] {scheduler_job.py:182} INFO - Started process (PID=2122) to work on /home/airflow/.local/lib/python3.6/site-packages/airflow/example_dags/tutorial_taskflow_api_etl.py
[2024-06-26 00:48:01,947] {scheduler_job.py:629} INFO - Processing file /home/airflow/.local/lib/python3.6/site-packages/airflow/example_dags/tutorial_taskflow_api_etl.py for tasks to queue
[2024-06-26 00:48:01,958] {logging_mixin.py:104} INFO - [2024-06-26 00:48:01,958] {dagbag.py:451} INFO - Filling up the DagBag from /home/airflow/.local/lib/python3.6/site-packages/airflow/example_dags/tutorial_taskflow_api_etl.py
[2024-06-26 00:48:02,473] {scheduler_job.py:639} INFO - DAG(s) dict_keys(['tutorial_taskflow_api_etl']) retrieved from /home/airflow/.local/lib/python3.6/site-packages/airflow/example_dags/tutorial_taskflow_api_etl.py
[2024-06-26 00:48:03,907] {logging_mixin.py:104} INFO - [2024-06-26 00:48:03,907] {dag.py:1824} INFO - Sync 1 DAGs
[2024-06-26 00:48:04,093] {logging_mixin.py:104} INFO - [2024-06-26 00:48:04,093] {dag.py:2280} INFO - Setting next_dagrun for tutorial_taskflow_api_etl to None
[2024-06-26 00:48:04,656] {scheduler_job.py:190} INFO - Processing /home/airflow/.local/lib/python3.6/site-packages/airflow/example_dags/tutorial_taskflow_api_etl.py took 2.994 seconds
[2024-06-26 00:49:23,198] {scheduler_job.py:182} INFO - Started process (PID=2157) to work on /home/airflow/.local/lib/python3.6/site-packages/airflow/example_dags/tutorial_taskflow_api_etl.py
[2024-06-26 00:49:23,234] {scheduler_job.py:629} INFO - Processing file /home/airflow/.local/lib/python3.6/site-packages/airflow/example_dags/tutorial_taskflow_api_etl.py for tasks to queue
[2024-06-26 00:49:23,251] {logging_mixin.py:104} INFO - [2024-06-26 00:49:23,251] {dagbag.py:451} INFO - Filling up the DagBag from /home/airflow/.local/lib/python3.6/site-packages/airflow/example_dags/tutorial_taskflow_api_etl.py
[2024-06-26 00:49:23,368] {scheduler_job.py:639} INFO - DAG(s) dict_keys(['tutorial_taskflow_api_etl']) retrieved from /home/airflow/.local/lib/python3.6/site-packages/airflow/example_dags/tutorial_taskflow_api_etl.py
[2024-06-26 00:49:23,891] {logging_mixin.py:104} INFO - [2024-06-26 00:49:23,890] {dag.py:1824} INFO - Sync 1 DAGs
[2024-06-26 00:49:24,238] {logging_mixin.py:104} INFO - [2024-06-26 00:49:24,238] {dag.py:2280} INFO - Setting next_dagrun for tutorial_taskflow_api_etl to None
[2024-06-26 00:49:24,334] {scheduler_job.py:190} INFO - Processing /home/airflow/.local/lib/python3.6/site-packages/airflow/example_dags/tutorial_taskflow_api_etl.py took 1.179 seconds
[2024-06-26 00:51:30,920] {scheduler_job.py:182} INFO - Started process (PID=2190) to work on /home/airflow/.local/lib/python3.6/site-packages/airflow/example_dags/tutorial_taskflow_api_etl.py
[2024-06-26 00:51:30,940] {scheduler_job.py:629} INFO - Processing file /home/airflow/.local/lib/python3.6/site-packages/airflow/example_dags/tutorial_taskflow_api_etl.py for tasks to queue
[2024-06-26 00:51:30,952] {logging_mixin.py:104} INFO - [2024-06-26 00:51:30,947] {dagbag.py:451} INFO - Filling up the DagBag from /home/airflow/.local/lib/python3.6/site-packages/airflow/example_dags/tutorial_taskflow_api_etl.py
[2024-06-26 00:51:31,051] {scheduler_job.py:639} INFO - DAG(s) dict_keys(['tutorial_taskflow_api_etl']) retrieved from /home/airflow/.local/lib/python3.6/site-packages/airflow/example_dags/tutorial_taskflow_api_etl.py
[2024-06-26 00:51:31,178] {logging_mixin.py:104} INFO - [2024-06-26 00:51:31,178] {dag.py:1824} INFO - Sync 1 DAGs
[2024-06-26 00:51:31,306] {logging_mixin.py:104} INFO - [2024-06-26 00:51:31,306] {dag.py:2280} INFO - Setting next_dagrun for tutorial_taskflow_api_etl to None
[2024-06-26 00:51:31,466] {scheduler_job.py:190} INFO - Processing /home/airflow/.local/lib/python3.6/site-packages/airflow/example_dags/tutorial_taskflow_api_etl.py took 0.575 seconds
[2024-06-26 00:52:29,542] {scheduler_job.py:182} INFO - Started process (PID=2215) to work on /home/airflow/.local/lib/python3.6/site-packages/airflow/example_dags/tutorial_taskflow_api_etl.py
[2024-06-26 00:52:29,560] {scheduler_job.py:629} INFO - Processing file /home/airflow/.local/lib/python3.6/site-packages/airflow/example_dags/tutorial_taskflow_api_etl.py for tasks to queue
[2024-06-26 00:52:29,576] {logging_mixin.py:104} INFO - [2024-06-26 00:52:29,576] {dagbag.py:451} INFO - Filling up the DagBag from /home/airflow/.local/lib/python3.6/site-packages/airflow/example_dags/tutorial_taskflow_api_etl.py
[2024-06-26 00:52:30,328] {scheduler_job.py:639} INFO - DAG(s) dict_keys(['tutorial_taskflow_api_etl']) retrieved from /home/airflow/.local/lib/python3.6/site-packages/airflow/example_dags/tutorial_taskflow_api_etl.py
[2024-06-26 00:54:03,464] {scheduler_job.py:182} INFO - Started process (PID=2231) to work on /home/airflow/.local/lib/python3.6/site-packages/airflow/example_dags/tutorial_taskflow_api_etl.py
[2024-06-26 00:54:03,473] {scheduler_job.py:629} INFO - Processing file /home/airflow/.local/lib/python3.6/site-packages/airflow/example_dags/tutorial_taskflow_api_etl.py for tasks to queue
[2024-06-26 00:54:03,475] {logging_mixin.py:104} INFO - [2024-06-26 00:54:03,475] {dagbag.py:451} INFO - Filling up the DagBag from /home/airflow/.local/lib/python3.6/site-packages/airflow/example_dags/tutorial_taskflow_api_etl.py
[2024-06-26 00:54:03,641] {scheduler_job.py:639} INFO - DAG(s) dict_keys(['tutorial_taskflow_api_etl']) retrieved from /home/airflow/.local/lib/python3.6/site-packages/airflow/example_dags/tutorial_taskflow_api_etl.py
[2024-06-26 00:54:04,142] {logging_mixin.py:104} INFO - [2024-06-26 00:54:04,142] {dag.py:1824} INFO - Sync 1 DAGs
[2024-06-26 00:54:04,371] {logging_mixin.py:104} INFO - [2024-06-26 00:54:04,371] {dag.py:2280} INFO - Setting next_dagrun for tutorial_taskflow_api_etl to None
[2024-06-26 00:54:04,538] {scheduler_job.py:190} INFO - Processing /home/airflow/.local/lib/python3.6/site-packages/airflow/example_dags/tutorial_taskflow_api_etl.py took 1.088 seconds
[2024-06-26 00:57:07,897] {scheduler_job.py:182} INFO - Started process (PID=2267) to work on /home/airflow/.local/lib/python3.6/site-packages/airflow/example_dags/tutorial_taskflow_api_etl.py
[2024-06-26 00:57:07,906] {scheduler_job.py:629} INFO - Processing file /home/airflow/.local/lib/python3.6/site-packages/airflow/example_dags/tutorial_taskflow_api_etl.py for tasks to queue
[2024-06-26 00:57:07,912] {logging_mixin.py:104} INFO - [2024-06-26 00:57:07,911] {dagbag.py:451} INFO - Filling up the DagBag from /home/airflow/.local/lib/python3.6/site-packages/airflow/example_dags/tutorial_taskflow_api_etl.py
[2024-06-26 00:57:07,993] {scheduler_job.py:639} INFO - DAG(s) dict_keys(['tutorial_taskflow_api_etl']) retrieved from /home/airflow/.local/lib/python3.6/site-packages/airflow/example_dags/tutorial_taskflow_api_etl.py
[2024-06-26 00:57:08,159] {logging_mixin.py:104} INFO - [2024-06-26 00:57:08,157] {dag.py:1824} INFO - Sync 1 DAGs
[2024-06-26 00:57:08,241] {logging_mixin.py:104} INFO - [2024-06-26 00:57:08,241] {dag.py:2280} INFO - Setting next_dagrun for tutorial_taskflow_api_etl to None
[2024-06-26 00:57:08,336] {scheduler_job.py:190} INFO - Processing /home/airflow/.local/lib/python3.6/site-packages/airflow/example_dags/tutorial_taskflow_api_etl.py took 0.487 seconds
[2024-06-26 00:59:15,368] {scheduler_job.py:182} INFO - Started process (PID=2307) to work on /home/airflow/.local/lib/python3.6/site-packages/airflow/example_dags/tutorial_taskflow_api_etl.py
[2024-06-26 00:59:15,373] {scheduler_job.py:629} INFO - Processing file /home/airflow/.local/lib/python3.6/site-packages/airflow/example_dags/tutorial_taskflow_api_etl.py for tasks to queue
[2024-06-26 00:59:15,375] {logging_mixin.py:104} INFO - [2024-06-26 00:59:15,375] {dagbag.py:451} INFO - Filling up the DagBag from /home/airflow/.local/lib/python3.6/site-packages/airflow/example_dags/tutorial_taskflow_api_etl.py
[2024-06-26 00:59:15,443] {scheduler_job.py:639} INFO - DAG(s) dict_keys(['tutorial_taskflow_api_etl']) retrieved from /home/airflow/.local/lib/python3.6/site-packages/airflow/example_dags/tutorial_taskflow_api_etl.py
[2024-06-26 00:59:16,052] {logging_mixin.py:104} INFO - [2024-06-26 00:59:16,052] {dag.py:1824} INFO - Sync 1 DAGs
[2024-06-26 00:59:16,471] {logging_mixin.py:104} INFO - [2024-06-26 00:59:16,471] {dag.py:2280} INFO - Setting next_dagrun for tutorial_taskflow_api_etl to None
[2024-06-26 00:59:17,270] {scheduler_job.py:190} INFO - Processing /home/airflow/.local/lib/python3.6/site-packages/airflow/example_dags/tutorial_taskflow_api_etl.py took 1.949 seconds
[2024-06-26 01:01:13,711] {scheduler_job.py:182} INFO - Started process (PID=2348) to work on /home/airflow/.local/lib/python3.6/site-packages/airflow/example_dags/tutorial_taskflow_api_etl.py
[2024-06-26 01:01:13,719] {scheduler_job.py:629} INFO - Processing file /home/airflow/.local/lib/python3.6/site-packages/airflow/example_dags/tutorial_taskflow_api_etl.py for tasks to queue
[2024-06-26 01:01:13,725] {logging_mixin.py:104} INFO - [2024-06-26 01:01:13,725] {dagbag.py:451} INFO - Filling up the DagBag from /home/airflow/.local/lib/python3.6/site-packages/airflow/example_dags/tutorial_taskflow_api_etl.py
[2024-06-26 01:01:13,813] {scheduler_job.py:639} INFO - DAG(s) dict_keys(['tutorial_taskflow_api_etl']) retrieved from /home/airflow/.local/lib/python3.6/site-packages/airflow/example_dags/tutorial_taskflow_api_etl.py
[2024-06-26 01:01:14,027] {logging_mixin.py:104} INFO - [2024-06-26 01:01:14,027] {dag.py:1824} INFO - Sync 1 DAGs
[2024-06-26 01:01:14,191] {logging_mixin.py:104} INFO - [2024-06-26 01:01:14,191] {dag.py:2280} INFO - Setting next_dagrun for tutorial_taskflow_api_etl to None
[2024-06-26 01:01:14,316] {scheduler_job.py:190} INFO - Processing /home/airflow/.local/lib/python3.6/site-packages/airflow/example_dags/tutorial_taskflow_api_etl.py took 0.624 seconds
[2024-06-26 01:02:20,798] {scheduler_job.py:182} INFO - Started process (PID=2376) to work on /home/airflow/.local/lib/python3.6/site-packages/airflow/example_dags/tutorial_taskflow_api_etl.py
[2024-06-26 01:02:20,811] {scheduler_job.py:629} INFO - Processing file /home/airflow/.local/lib/python3.6/site-packages/airflow/example_dags/tutorial_taskflow_api_etl.py for tasks to queue
[2024-06-26 01:02:20,819] {logging_mixin.py:104} INFO - [2024-06-26 01:02:20,815] {dagbag.py:451} INFO - Filling up the DagBag from /home/airflow/.local/lib/python3.6/site-packages/airflow/example_dags/tutorial_taskflow_api_etl.py
[2024-06-26 01:02:21,191] {scheduler_job.py:639} INFO - DAG(s) dict_keys(['tutorial_taskflow_api_etl']) retrieved from /home/airflow/.local/lib/python3.6/site-packages/airflow/example_dags/tutorial_taskflow_api_etl.py
[2024-06-26 01:02:23,896] {logging_mixin.py:104} INFO - [2024-06-26 01:02:23,893] {dag.py:1824} INFO - Sync 1 DAGs
[2024-06-26 01:02:24,380] {logging_mixin.py:104} INFO - [2024-06-26 01:02:24,376] {dag.py:2280} INFO - Setting next_dagrun for tutorial_taskflow_api_etl to None
[2024-06-26 01:02:25,819] {scheduler_job.py:190} INFO - Processing /home/airflow/.local/lib/python3.6/site-packages/airflow/example_dags/tutorial_taskflow_api_etl.py took 5.052 seconds
[2024-06-26 01:04:09,834] {scheduler_job.py:182} INFO - Started process (PID=2394) to work on /home/airflow/.local/lib/python3.6/site-packages/airflow/example_dags/tutorial_taskflow_api_etl.py
[2024-06-26 01:04:09,848] {scheduler_job.py:629} INFO - Processing file /home/airflow/.local/lib/python3.6/site-packages/airflow/example_dags/tutorial_taskflow_api_etl.py for tasks to queue
[2024-06-26 01:04:09,877] {logging_mixin.py:104} INFO - [2024-06-26 01:04:09,876] {dagbag.py:451} INFO - Filling up the DagBag from /home/airflow/.local/lib/python3.6/site-packages/airflow/example_dags/tutorial_taskflow_api_etl.py
[2024-06-26 01:04:09,971] {scheduler_job.py:639} INFO - DAG(s) dict_keys(['tutorial_taskflow_api_etl']) retrieved from /home/airflow/.local/lib/python3.6/site-packages/airflow/example_dags/tutorial_taskflow_api_etl.py
[2024-06-26 01:04:10,267] {logging_mixin.py:104} INFO - [2024-06-26 01:04:10,267] {dag.py:1824} INFO - Sync 1 DAGs
[2024-06-26 01:04:10,685] {logging_mixin.py:104} INFO - [2024-06-26 01:04:10,685] {dag.py:2280} INFO - Setting next_dagrun for tutorial_taskflow_api_etl to None
[2024-06-26 01:04:11,048] {scheduler_job.py:190} INFO - Processing /home/airflow/.local/lib/python3.6/site-packages/airflow/example_dags/tutorial_taskflow_api_etl.py took 1.326 seconds
[2024-06-26 01:04:41,847] {scheduler_job.py:182} INFO - Started process (PID=2423) to work on /home/airflow/.local/lib/python3.6/site-packages/airflow/example_dags/tutorial_taskflow_api_etl.py
[2024-06-26 01:04:41,874] {scheduler_job.py:629} INFO - Processing file /home/airflow/.local/lib/python3.6/site-packages/airflow/example_dags/tutorial_taskflow_api_etl.py for tasks to queue
[2024-06-26 01:04:41,900] {logging_mixin.py:104} INFO - [2024-06-26 01:04:41,900] {dagbag.py:451} INFO - Filling up the DagBag from /home/airflow/.local/lib/python3.6/site-packages/airflow/example_dags/tutorial_taskflow_api_etl.py
[2024-06-26 01:04:42,203] {scheduler_job.py:639} INFO - DAG(s) dict_keys(['tutorial_taskflow_api_etl']) retrieved from /home/airflow/.local/lib/python3.6/site-packages/airflow/example_dags/tutorial_taskflow_api_etl.py
[2024-06-26 01:04:42,544] {logging_mixin.py:104} INFO - [2024-06-26 01:04:42,544] {dag.py:1824} INFO - Sync 1 DAGs
[2024-06-26 01:04:42,657] {logging_mixin.py:104} INFO - [2024-06-26 01:04:42,657] {dag.py:2280} INFO - Setting next_dagrun for tutorial_taskflow_api_etl to None
[2024-06-26 01:04:42,788] {scheduler_job.py:190} INFO - Processing /home/airflow/.local/lib/python3.6/site-packages/airflow/example_dags/tutorial_taskflow_api_etl.py took 0.976 seconds
[2024-06-26 01:06:15,046] {scheduler_job.py:182} INFO - Started process (PID=2450) to work on /home/airflow/.local/lib/python3.6/site-packages/airflow/example_dags/tutorial_taskflow_api_etl.py
[2024-06-26 01:06:15,049] {scheduler_job.py:629} INFO - Processing file /home/airflow/.local/lib/python3.6/site-packages/airflow/example_dags/tutorial_taskflow_api_etl.py for tasks to queue
[2024-06-26 01:06:15,056] {logging_mixin.py:104} INFO - [2024-06-26 01:06:15,056] {dagbag.py:451} INFO - Filling up the DagBag from /home/airflow/.local/lib/python3.6/site-packages/airflow/example_dags/tutorial_taskflow_api_etl.py
[2024-06-26 01:06:15,096] {scheduler_job.py:639} INFO - DAG(s) dict_keys(['tutorial_taskflow_api_etl']) retrieved from /home/airflow/.local/lib/python3.6/site-packages/airflow/example_dags/tutorial_taskflow_api_etl.py
[2024-06-26 01:06:15,188] {logging_mixin.py:104} INFO - [2024-06-26 01:06:15,188] {dag.py:1824} INFO - Sync 1 DAGs
[2024-06-26 01:06:15,231] {logging_mixin.py:104} INFO - [2024-06-26 01:06:15,230] {dag.py:2280} INFO - Setting next_dagrun for tutorial_taskflow_api_etl to None
[2024-06-26 01:06:15,281] {scheduler_job.py:190} INFO - Processing /home/airflow/.local/lib/python3.6/site-packages/airflow/example_dags/tutorial_taskflow_api_etl.py took 0.249 seconds
[2024-06-26 01:13:45,058] {scheduler_job.py:182} INFO - Started process (PID=31) to work on /home/airflow/.local/lib/python3.6/site-packages/airflow/example_dags/tutorial_taskflow_api_etl.py
[2024-06-26 01:13:45,074] {scheduler_job.py:629} INFO - Processing file /home/airflow/.local/lib/python3.6/site-packages/airflow/example_dags/tutorial_taskflow_api_etl.py for tasks to queue
[2024-06-26 01:13:45,102] {logging_mixin.py:104} INFO - [2024-06-26 01:13:45,102] {dagbag.py:451} INFO - Filling up the DagBag from /home/airflow/.local/lib/python3.6/site-packages/airflow/example_dags/tutorial_taskflow_api_etl.py
[2024-06-26 01:13:45,396] {scheduler_job.py:639} INFO - DAG(s) dict_keys(['tutorial_taskflow_api_etl']) retrieved from /home/airflow/.local/lib/python3.6/site-packages/airflow/example_dags/tutorial_taskflow_api_etl.py
[2024-06-26 01:13:45,620] {logging_mixin.py:104} INFO - [2024-06-26 01:13:45,619] {dag.py:1824} INFO - Sync 1 DAGs
[2024-06-26 01:13:45,680] {logging_mixin.py:104} INFO - [2024-06-26 01:13:45,680] {dag.py:2280} INFO - Setting next_dagrun for tutorial_taskflow_api_etl to None
[2024-06-26 01:13:45,745] {scheduler_job.py:190} INFO - Processing /home/airflow/.local/lib/python3.6/site-packages/airflow/example_dags/tutorial_taskflow_api_etl.py took 0.729 seconds
[2024-06-26 01:14:16,552] {scheduler_job.py:182} INFO - Started process (PID=59) to work on /home/airflow/.local/lib/python3.6/site-packages/airflow/example_dags/tutorial_taskflow_api_etl.py
[2024-06-26 01:14:16,556] {scheduler_job.py:629} INFO - Processing file /home/airflow/.local/lib/python3.6/site-packages/airflow/example_dags/tutorial_taskflow_api_etl.py for tasks to queue
[2024-06-26 01:14:16,558] {logging_mixin.py:104} INFO - [2024-06-26 01:14:16,558] {dagbag.py:451} INFO - Filling up the DagBag from /home/airflow/.local/lib/python3.6/site-packages/airflow/example_dags/tutorial_taskflow_api_etl.py
[2024-06-26 01:14:16,607] {scheduler_job.py:639} INFO - DAG(s) dict_keys(['tutorial_taskflow_api_etl']) retrieved from /home/airflow/.local/lib/python3.6/site-packages/airflow/example_dags/tutorial_taskflow_api_etl.py
[2024-06-26 01:14:16,688] {logging_mixin.py:104} INFO - [2024-06-26 01:14:16,687] {dag.py:1824} INFO - Sync 1 DAGs
[2024-06-26 01:14:16,735] {logging_mixin.py:104} INFO - [2024-06-26 01:14:16,735] {dag.py:2280} INFO - Setting next_dagrun for tutorial_taskflow_api_etl to None
[2024-06-26 01:14:16,801] {scheduler_job.py:190} INFO - Processing /home/airflow/.local/lib/python3.6/site-packages/airflow/example_dags/tutorial_taskflow_api_etl.py took 0.259 seconds
[2024-06-26 01:14:48,847] {scheduler_job.py:182} INFO - Started process (PID=87) to work on /home/airflow/.local/lib/python3.6/site-packages/airflow/example_dags/tutorial_taskflow_api_etl.py
[2024-06-26 01:14:48,860] {scheduler_job.py:629} INFO - Processing file /home/airflow/.local/lib/python3.6/site-packages/airflow/example_dags/tutorial_taskflow_api_etl.py for tasks to queue
[2024-06-26 01:14:48,864] {logging_mixin.py:104} INFO - [2024-06-26 01:14:48,864] {dagbag.py:451} INFO - Filling up the DagBag from /home/airflow/.local/lib/python3.6/site-packages/airflow/example_dags/tutorial_taskflow_api_etl.py
[2024-06-26 01:14:49,019] {scheduler_job.py:639} INFO - DAG(s) dict_keys(['tutorial_taskflow_api_etl']) retrieved from /home/airflow/.local/lib/python3.6/site-packages/airflow/example_dags/tutorial_taskflow_api_etl.py
[2024-06-26 01:14:49,258] {logging_mixin.py:104} INFO - [2024-06-26 01:14:49,258] {dag.py:1824} INFO - Sync 1 DAGs
[2024-06-26 01:14:49,396] {logging_mixin.py:104} INFO - [2024-06-26 01:14:49,396] {dag.py:2280} INFO - Setting next_dagrun for tutorial_taskflow_api_etl to None
[2024-06-26 01:14:49,480] {scheduler_job.py:190} INFO - Processing /home/airflow/.local/lib/python3.6/site-packages/airflow/example_dags/tutorial_taskflow_api_etl.py took 0.645 seconds
[2024-06-26 01:17:08,805] {scheduler_job.py:182} INFO - Started process (PID=116) to work on /home/airflow/.local/lib/python3.6/site-packages/airflow/example_dags/tutorial_taskflow_api_etl.py
[2024-06-26 01:17:08,819] {scheduler_job.py:629} INFO - Processing file /home/airflow/.local/lib/python3.6/site-packages/airflow/example_dags/tutorial_taskflow_api_etl.py for tasks to queue
[2024-06-26 01:17:08,829] {logging_mixin.py:104} INFO - [2024-06-26 01:17:08,828] {dagbag.py:451} INFO - Filling up the DagBag from /home/airflow/.local/lib/python3.6/site-packages/airflow/example_dags/tutorial_taskflow_api_etl.py
[2024-06-26 01:17:08,991] {scheduler_job.py:639} INFO - DAG(s) dict_keys(['tutorial_taskflow_api_etl']) retrieved from /home/airflow/.local/lib/python3.6/site-packages/airflow/example_dags/tutorial_taskflow_api_etl.py
[2024-06-26 01:17:09,446] {logging_mixin.py:104} INFO - [2024-06-26 01:17:09,446] {dag.py:1824} INFO - Sync 1 DAGs
[2024-06-26 01:17:09,722] {logging_mixin.py:104} INFO - [2024-06-26 01:17:09,722] {dag.py:2280} INFO - Setting next_dagrun for tutorial_taskflow_api_etl to None
[2024-06-26 01:17:09,815] {scheduler_job.py:190} INFO - Processing /home/airflow/.local/lib/python3.6/site-packages/airflow/example_dags/tutorial_taskflow_api_etl.py took 1.059 seconds
[2024-06-26 01:17:40,423] {scheduler_job.py:182} INFO - Started process (PID=144) to work on /home/airflow/.local/lib/python3.6/site-packages/airflow/example_dags/tutorial_taskflow_api_etl.py
[2024-06-26 01:17:40,425] {scheduler_job.py:629} INFO - Processing file /home/airflow/.local/lib/python3.6/site-packages/airflow/example_dags/tutorial_taskflow_api_etl.py for tasks to queue
[2024-06-26 01:17:40,433] {logging_mixin.py:104} INFO - [2024-06-26 01:17:40,430] {dagbag.py:451} INFO - Filling up the DagBag from /home/airflow/.local/lib/python3.6/site-packages/airflow/example_dags/tutorial_taskflow_api_etl.py
[2024-06-26 01:17:40,504] {scheduler_job.py:639} INFO - DAG(s) dict_keys(['tutorial_taskflow_api_etl']) retrieved from /home/airflow/.local/lib/python3.6/site-packages/airflow/example_dags/tutorial_taskflow_api_etl.py
[2024-06-26 01:17:40,582] {logging_mixin.py:104} INFO - [2024-06-26 01:17:40,581] {dag.py:1824} INFO - Sync 1 DAGs
[2024-06-26 01:17:40,626] {logging_mixin.py:104} INFO - [2024-06-26 01:17:40,626] {dag.py:2280} INFO - Setting next_dagrun for tutorial_taskflow_api_etl to None
[2024-06-26 01:17:41,008] {scheduler_job.py:190} INFO - Processing /home/airflow/.local/lib/python3.6/site-packages/airflow/example_dags/tutorial_taskflow_api_etl.py took 0.596 seconds
[2024-06-26 01:18:21,171] {scheduler_job.py:182} INFO - Started process (PID=172) to work on /home/airflow/.local/lib/python3.6/site-packages/airflow/example_dags/tutorial_taskflow_api_etl.py
[2024-06-26 01:18:21,199] {scheduler_job.py:629} INFO - Processing file /home/airflow/.local/lib/python3.6/site-packages/airflow/example_dags/tutorial_taskflow_api_etl.py for tasks to queue
[2024-06-26 01:18:21,212] {logging_mixin.py:104} INFO - [2024-06-26 01:18:21,212] {dagbag.py:451} INFO - Filling up the DagBag from /home/airflow/.local/lib/python3.6/site-packages/airflow/example_dags/tutorial_taskflow_api_etl.py
[2024-06-26 01:18:21,393] {scheduler_job.py:639} INFO - DAG(s) dict_keys(['tutorial_taskflow_api_etl']) retrieved from /home/airflow/.local/lib/python3.6/site-packages/airflow/example_dags/tutorial_taskflow_api_etl.py
[2024-06-26 01:18:21,538] {logging_mixin.py:104} INFO - [2024-06-26 01:18:21,535] {dag.py:1824} INFO - Sync 1 DAGs
[2024-06-26 01:18:21,757] {logging_mixin.py:104} INFO - [2024-06-26 01:18:21,757] {dag.py:2280} INFO - Setting next_dagrun for tutorial_taskflow_api_etl to None
[2024-06-26 01:18:22,285] {scheduler_job.py:190} INFO - Processing /home/airflow/.local/lib/python3.6/site-packages/airflow/example_dags/tutorial_taskflow_api_etl.py took 1.197 seconds
[2024-06-26 01:19:12,724] {scheduler_job.py:182} INFO - Started process (PID=191) to work on /home/airflow/.local/lib/python3.6/site-packages/airflow/example_dags/tutorial_taskflow_api_etl.py
[2024-06-26 01:19:12,735] {scheduler_job.py:629} INFO - Processing file /home/airflow/.local/lib/python3.6/site-packages/airflow/example_dags/tutorial_taskflow_api_etl.py for tasks to queue
[2024-06-26 01:19:12,778] {logging_mixin.py:104} INFO - [2024-06-26 01:19:12,778] {dagbag.py:451} INFO - Filling up the DagBag from /home/airflow/.local/lib/python3.6/site-packages/airflow/example_dags/tutorial_taskflow_api_etl.py
[2024-06-26 01:19:12,967] {scheduler_job.py:639} INFO - DAG(s) dict_keys(['tutorial_taskflow_api_etl']) retrieved from /home/airflow/.local/lib/python3.6/site-packages/airflow/example_dags/tutorial_taskflow_api_etl.py
[2024-06-26 01:19:13,512] {logging_mixin.py:104} INFO - [2024-06-26 01:19:13,512] {dag.py:1824} INFO - Sync 1 DAGs
[2024-06-26 01:19:13,734] {logging_mixin.py:104} INFO - [2024-06-26 01:19:13,734] {dag.py:2280} INFO - Setting next_dagrun for tutorial_taskflow_api_etl to None
[2024-06-26 01:19:14,865] {scheduler_job.py:190} INFO - Processing /home/airflow/.local/lib/python3.6/site-packages/airflow/example_dags/tutorial_taskflow_api_etl.py took 2.151 seconds
[2024-06-26 01:19:51,188] {scheduler_job.py:182} INFO - Started process (PID=222) to work on /home/airflow/.local/lib/python3.6/site-packages/airflow/example_dags/tutorial_taskflow_api_etl.py
[2024-06-26 01:19:51,271] {scheduler_job.py:629} INFO - Processing file /home/airflow/.local/lib/python3.6/site-packages/airflow/example_dags/tutorial_taskflow_api_etl.py for tasks to queue
[2024-06-26 01:19:51,274] {logging_mixin.py:104} INFO - [2024-06-26 01:19:51,273] {dagbag.py:451} INFO - Filling up the DagBag from /home/airflow/.local/lib/python3.6/site-packages/airflow/example_dags/tutorial_taskflow_api_etl.py
[2024-06-26 01:19:51,718] {scheduler_job.py:639} INFO - DAG(s) dict_keys(['tutorial_taskflow_api_etl']) retrieved from /home/airflow/.local/lib/python3.6/site-packages/airflow/example_dags/tutorial_taskflow_api_etl.py
[2024-06-26 01:19:52,061] {logging_mixin.py:104} INFO - [2024-06-26 01:19:52,055] {dag.py:1824} INFO - Sync 1 DAGs
[2024-06-26 01:19:53,873] {logging_mixin.py:104} INFO - [2024-06-26 01:19:53,873] {dag.py:2280} INFO - Setting next_dagrun for tutorial_taskflow_api_etl to None
[2024-06-26 01:19:53,939] {scheduler_job.py:190} INFO - Processing /home/airflow/.local/lib/python3.6/site-packages/airflow/example_dags/tutorial_taskflow_api_etl.py took 2.809 seconds
